[3.567s] Invoking command in '/home/f1tenth_ws/src/follow_gap': CONDA_PROMPT_MODIFIER=(base) PYTHONPATH=/home/f1tenth_ws/build/follow_gap/prefix_override:/usr/lib/python3/dist-packages/colcon_core/task/python/colcon_distutils_commands:/home/f1tenth_ws/install/follow_gap/lib/python3.8/site-packages:${PYTHONPATH} _=/usr/bin/env /usr/bin/python3 -W ignore:setup.py install is deprecated setup.py egg_info --egg-base ../../build/follow_gap build --build-base /home/f1tenth_ws/build/follow_gap/build install --record /home/f1tenth_ws/build/follow_gap/install.log --install-scripts $base/lib/follow_gap --single-version-externally-managed install_data
[3.875s] /usr/local/lib/python3.8/dist-packages/setuptools/dist.py:447: SetuptoolsDeprecationWarning: Invalid dash-separated options
[3.876s] !!
[3.876s] 
[3.877s]         ********************************************************************************
[3.880s]         Usage of dash-separated 'script-dir' will not be supported in future
[3.881s]         versions. Please use the underscore name 'script_dir' instead.
[3.881s] 
[3.882s]         This deprecation is overdue, please update your project and remove deprecated
[3.883s]         calls to avoid build errors in the future.
[3.883s] 
[3.886s]         See https://setuptools.pypa.io/en/latest/userguide/declarative_config.html for details.
[3.887s]         ********************************************************************************
[3.887s] 
[3.888s] !!
[3.888s]   opt = self.warn_dash_deprecation(opt, section)
[3.906s] /usr/local/lib/python3.8/dist-packages/setuptools/_distutils/dist.py:268: UserWarning: Unknown distribution option: 'tests_require'
[3.907s]   warnings.warn(msg)
[4.087s] running egg_info
[4.113s] writing ../../build/follow_gap/follow_gap.egg-info/PKG-INFO
[4.114s] writing dependency_links to ../../build/follow_gap/follow_gap.egg-info/dependency_links.txt
[4.114s] writing entry points to ../../build/follow_gap/follow_gap.egg-info/entry_points.txt
[4.115s] writing requirements to ../../build/follow_gap/follow_gap.egg-info/requires.txt
[4.115s] writing top-level names to ../../build/follow_gap/follow_gap.egg-info/top_level.txt
[4.426s] reading manifest file '../../build/follow_gap/follow_gap.egg-info/SOURCES.txt'
[4.428s] writing manifest file '../../build/follow_gap/follow_gap.egg-info/SOURCES.txt'
[4.429s] running build
[4.429s] running build_py
[4.430s] copying follow_gap/__init__.py -> /home/f1tenth_ws/build/follow_gap/build/lib/follow_gap
[4.431s] copying follow_gap/follow_gap.py -> /home/f1tenth_ws/build/follow_gap/build/lib/follow_gap
[4.432s] running install
[4.461s] running install_lib
[4.518s] running install_data
[4.519s] copying resource/follow_gap -> /home/f1tenth_ws/install/follow_gap/share/ament_index/resource_index/packages
[4.519s] copying package.xml -> /home/f1tenth_ws/install/follow_gap/share/follow_gap
[4.519s] running install_egg_info
[4.541s] removing '/home/f1tenth_ws/install/follow_gap/lib/python3.8/site-packages/follow_gap-0.0.0-py3.8.egg-info' (and everything under it)
[4.542s] Copying ../../build/follow_gap/follow_gap.egg-info to /home/f1tenth_ws/install/follow_gap/lib/python3.8/site-packages/follow_gap-0.0.0-py3.8.egg-info
[4.546s] running install_scripts
[4.669s] Installing follow_gap script to /home/f1tenth_ws/install/follow_gap/lib/follow_gap
[4.679s] writing list of installed files to '/home/f1tenth_ws/build/follow_gap/install.log'
[4.764s] Invoked command in '/home/f1tenth_ws/src/follow_gap' returned '0': CONDA_PROMPT_MODIFIER=(base) PYTHONPATH=/home/f1tenth_ws/build/follow_gap/prefix_override:/usr/lib/python3/dist-packages/colcon_core/task/python/colcon_distutils_commands:/home/f1tenth_ws/install/follow_gap/lib/python3.8/site-packages:${PYTHONPATH} _=/usr/bin/env /usr/bin/python3 -W ignore:setup.py install is deprecated setup.py egg_info --egg-base ../../build/follow_gap build --build-base /home/f1tenth_ws/build/follow_gap/build install --record /home/f1tenth_ws/build/follow_gap/install.log --install-scripts $base/lib/follow_gap --single-version-externally-managed install_data
