/usr/local/lib/python3.8/dist-packages/setuptools/dist.py:447: SetuptoolsDeprecationWarning: Invalid dash-separated options
!!

        ********************************************************************************
        Usage of dash-separated 'script-dir' will not be supported in future
        versions. Please use the underscore name 'script_dir' instead.

        By 2024-Sep-26, you need to update your project and remove deprecated calls
        or your builds will no longer be supported.

        See https://setuptools.pypa.io/en/latest/userguide/declarative_config.html for details.
        ********************************************************************************

!!
  opt = self.warn_dash_deprecation(opt, section)
/usr/local/lib/python3.8/dist-packages/setuptools/_distutils/dist.py:268: UserWarning: Unknown distribution option: 'test_suite'
  warnings.warn(msg)
running egg_info
writing ../../build/joystick_ros2/joystick_ros2.egg-info/PKG-INFO
writing dependency_links to ../../build/joystick_ros2/joystick_ros2.egg-info/dependency_links.txt
writing entry points to ../../build/joystick_ros2/joystick_ros2.egg-info/entry_points.txt
writing requirements to ../../build/joystick_ros2/joystick_ros2.egg-info/requires.txt
writing top-level names to ../../build/joystick_ros2/joystick_ros2.egg-info/top_level.txt
reading manifest file '../../build/joystick_ros2/joystick_ros2.egg-info/SOURCES.txt'
adding license file 'LICENSE'
writing manifest file '../../build/joystick_ros2/joystick_ros2.egg-info/SOURCES.txt'
running build
running build_py
copying joystick_ros2.py -> /home/f1tenth_ws/build/joystick_ros2/build/lib
copying inputs.py -> /home/f1tenth_ws/build/joystick_ros2/build/lib
running install
running install_lib
running install_data
copying package.xml -> /home/f1tenth_ws/install/joystick_ros2/shared/joystick_ros2
running install_egg_info
removing '/home/f1tenth_ws/install/joystick_ros2/lib/python3.8/site-packages/joystick_ros2-0.0.1-py3.8.egg-info' (and everything under it)
Copying ../../build/joystick_ros2/joystick_ros2.egg-info to /home/f1tenth_ws/install/joystick_ros2/lib/python3.8/site-packages/joystick_ros2-0.0.1-py3.8.egg-info
running install_scripts
Installing joystick_ros2 script to /home/f1tenth_ws/install/joystick_ros2/lib/joystick_ros2
writing list of installed files to '/home/f1tenth_ws/build/joystick_ros2/install.log'
