[3.659s] Invoking command in '/home/f1tenth_ws/src/f1tenth_system/teleop_tools/key_teleop': PYTHONPATH=/home/f1tenth_ws/build/key_teleop/prefix_override:/usr/lib/python3/dist-packages/colcon_core/task/python/colcon_distutils_commands:/home/f1tenth_ws/install/key_teleop/lib/python3.8/site-packages: _=/usr/bin/env /usr/bin/python3 -W ignore:setup.py install is deprecated setup.py egg_info --egg-base ../../../../build/key_teleop build --build-base /home/f1tenth_ws/build/key_teleop/build install --record /home/f1tenth_ws/build/key_teleop/install.log --install-scripts $base/lib/key_teleop --single-version-externally-managed install_data
[3.825s] /usr/local/lib/python3.8/dist-packages/setuptools/dist.py:447: SetuptoolsDeprecationWarning: Invalid dash-separated options
[3.826s] !!
[3.827s] 
[3.827s]         ********************************************************************************
[3.828s]         Usage of dash-separated 'script-dir' will not be supported in future
[3.830s]         versions. Please use the underscore name 'script_dir' instead.
[3.831s] 
[3.831s]         By 2024-Sep-26, you need to update your project and remove deprecated calls
[3.832s]         or your builds will no longer be supported.
[3.833s] 
[3.833s]         See https://setuptools.pypa.io/en/latest/userguide/declarative_config.html for details.
[3.834s]         ********************************************************************************
[3.834s] 
[3.835s] !!
[3.835s]   opt = self.warn_dash_deprecation(opt, section)
[3.836s] /usr/local/lib/python3.8/dist-packages/setuptools/_distutils/dist.py:268: UserWarning: Unknown distribution option: 'tests_require'
[3.836s]   warnings.warn(msg)
[3.911s] running egg_info
[3.924s] writing ../../../../build/key_teleop/key_teleop.egg-info/PKG-INFO
[3.927s] writing dependency_links to ../../../../build/key_teleop/key_teleop.egg-info/dependency_links.txt
[3.928s] writing entry points to ../../../../build/key_teleop/key_teleop.egg-info/entry_points.txt
[3.930s] writing requirements to ../../../../build/key_teleop/key_teleop.egg-info/requires.txt
[3.932s] writing top-level names to ../../../../build/key_teleop/key_teleop.egg-info/top_level.txt
[4.041s] reading manifest file '../../../../build/key_teleop/key_teleop.egg-info/SOURCES.txt'
[4.043s] adding license file 'LICENSE'
[4.044s] writing manifest file '../../../../build/key_teleop/key_teleop.egg-info/SOURCES.txt'
[4.045s] running build
[4.047s] running build_py
[4.047s] copying key_teleop/__init__.py -> /home/f1tenth_ws/build/key_teleop/build/lib/key_teleop
[4.049s] copying key_teleop/key_teleop.py -> /home/f1tenth_ws/build/key_teleop/build/lib/key_teleop
[4.049s] running install
[4.052s] running install_lib
[4.064s] running install_data
[4.065s] copying config/key_teleop.yaml -> /home/f1tenth_ws/install/key_teleop/share/key_teleop/config
[4.065s] running install_egg_info
[4.081s] removing '/home/f1tenth_ws/install/key_teleop/lib/python3.8/site-packages/key_teleop-0.3.0-py3.8.egg-info' (and everything under it)
[4.081s] Copying ../../../../build/key_teleop/key_teleop.egg-info to /home/f1tenth_ws/install/key_teleop/lib/python3.8/site-packages/key_teleop-0.3.0-py3.8.egg-info
[4.082s] running install_scripts
[4.114s] Installing key_teleop script to /home/f1tenth_ws/install/key_teleop/lib/key_teleop
[4.115s] writing list of installed files to '/home/f1tenth_ws/build/key_teleop/install.log'
[4.179s] Invoked command in '/home/f1tenth_ws/src/f1tenth_system/teleop_tools/key_teleop' returned '0': PYTHONPATH=/home/f1tenth_ws/build/key_teleop/prefix_override:/usr/lib/python3/dist-packages/colcon_core/task/python/colcon_distutils_commands:/home/f1tenth_ws/install/key_teleop/lib/python3.8/site-packages: _=/usr/bin/env /usr/bin/python3 -W ignore:setup.py install is deprecated setup.py egg_info --egg-base ../../../../build/key_teleop build --build-base /home/f1tenth_ws/build/key_teleop/build install --record /home/f1tenth_ws/build/key_teleop/install.log --install-scripts $base/lib/key_teleop --single-version-externally-managed install_data
