[0.229s] Invoking command in '/home/f1tenth_ws/build/teleop_tools_msgs': CMAKE_PREFIX_PATH=${CMAKE_PREFIX_PATH}:/home/f1tenth_ws/install/wall_following:/home/f1tenth_ws/install/voice_control:/home/f1tenth_ws/install/f1tenth_stack:/home/f1tenth_ws/install/joy_teleop:/home/f1tenth_ws/install/person_follow:/home/f1tenth_ws/install/mouse_teleop:/home/f1tenth_ws/install/key_teleop:/home/f1tenth_ws/install/joystick_ros2:/home/f1tenth_ws/install/follow_gap:/home/f1tenth_ws/install/automatic_braking:/home/f1tenth_ws/install/ament_uncrustify:/home/f1tenth_ws/install/ament_pycodestyle:/home/f1tenth_ws/install/ament_package:/home/f1tenth_ws/install/ament_lint:/home/f1tenth_ws/install/ament_cppcheck:/opt/ros/foxy CONDA_PROMPT_MODIFIER=(base) _=/usr/bin/env /usr/bin/cmake --build /home/f1tenth_ws/build/teleop_tools_msgs -- -j8 -l8
[1.727s] [  9%] Built target teleop_tools_msgs__rosidl_generator_c
[1.728s] [ 12%] Built target teleop_tools_msgs__cpp
[1.728s] [ 22%] Built target teleop_tools_msgs__rosidl_typesupport_introspection_c
[1.729s] [ 32%] Built target teleop_tools_msgs__rosidl_typesupport_c
[1.729s] [ 51%] Built target teleop_tools_msgs__rosidl_typesupport_cpp
[1.730s] [ 51%] Built target teleop_tools_msgs__rosidl_typesupport_introspection_cpp
[1.731s] [ 61%] Built target teleop_tools_msgs__rosidl_typesupport_fastrtps_cpp
[1.731s] [ 70%] Built target teleop_tools_msgs__rosidl_typesupport_fastrtps_c
[1.731s] [ 70%] Built target teleop_tools_msgs
[1.732s] [ 74%] Built target teleop_tools_msgs__py
[1.732s] [ 80%] Built target teleop_tools_msgs__python
[1.732s] [ 87%] Built target teleop_tools_msgs__rosidl_typesupport_fastrtps_c__pyext
[1.734s] [ 93%] Built target teleop_tools_msgs__rosidl_typesupport_introspection_c__pyext
[1.736s] [100%] Built target teleop_tools_msgs__rosidl_typesupport_c__pyext
[1.747s] Invoked command in '/home/f1tenth_ws/build/teleop_tools_msgs' returned '0': CMAKE_PREFIX_PATH=${CMAKE_PREFIX_PATH}:/home/f1tenth_ws/install/wall_following:/home/f1tenth_ws/install/voice_control:/home/f1tenth_ws/install/f1tenth_stack:/home/f1tenth_ws/install/joy_teleop:/home/f1tenth_ws/install/person_follow:/home/f1tenth_ws/install/mouse_teleop:/home/f1tenth_ws/install/key_teleop:/home/f1tenth_ws/install/joystick_ros2:/home/f1tenth_ws/install/follow_gap:/home/f1tenth_ws/install/automatic_braking:/home/f1tenth_ws/install/ament_uncrustify:/home/f1tenth_ws/install/ament_pycodestyle:/home/f1tenth_ws/install/ament_package:/home/f1tenth_ws/install/ament_lint:/home/f1tenth_ws/install/ament_cppcheck:/opt/ros/foxy CONDA_PROMPT_MODIFIER=(base) _=/usr/bin/env /usr/bin/cmake --build /home/f1tenth_ws/build/teleop_tools_msgs -- -j8 -l8
[2.240s] Invoking command in '/home/f1tenth_ws/build/teleop_tools_msgs': CMAKE_PREFIX_PATH=${CMAKE_PREFIX_PATH}:/home/f1tenth_ws/install/wall_following:/home/f1tenth_ws/install/voice_control:/home/f1tenth_ws/install/f1tenth_stack:/home/f1tenth_ws/install/joy_teleop:/home/f1tenth_ws/install/person_follow:/home/f1tenth_ws/install/mouse_teleop:/home/f1tenth_ws/install/key_teleop:/home/f1tenth_ws/install/joystick_ros2:/home/f1tenth_ws/install/follow_gap:/home/f1tenth_ws/install/automatic_braking:/home/f1tenth_ws/install/ament_uncrustify:/home/f1tenth_ws/install/ament_pycodestyle:/home/f1tenth_ws/install/ament_package:/home/f1tenth_ws/install/ament_lint:/home/f1tenth_ws/install/ament_cppcheck:/opt/ros/foxy CONDA_PROMPT_MODIFIER=(base) _=/usr/bin/env /usr/bin/cmake --install /home/f1tenth_ws/build/teleop_tools_msgs
[2.276s] -- Install configuration: ""
[2.277s] -- Execute custom install script
[2.278s] -- Up-to-date symlink: /home/f1tenth_ws/install/teleop_tools_msgs/share/ament_index/resource_index/rosidl_interfaces/teleop_tools_msgs
[2.278s] -- Up-to-date symlink: /home/f1tenth_ws/install/teleop_tools_msgs/include/teleop_tools_msgs/action/detail/increment__functions.h
[2.279s] -- Up-to-date symlink: /home/f1tenth_ws/install/teleop_tools_msgs/include/teleop_tools_msgs/action/detail/increment__struct.h
[2.280s] -- Up-to-date symlink: /home/f1tenth_ws/install/teleop_tools_msgs/include/teleop_tools_msgs/action/detail/increment__type_support.h
[2.281s] -- Up-to-date symlink: /home/f1tenth_ws/install/teleop_tools_msgs/include/teleop_tools_msgs/action/increment.h
[2.282s] -- Up-to-date symlink: /home/f1tenth_ws/install/teleop_tools_msgs/include/teleop_tools_msgs/msg/rosidl_generator_c__visibility_control.h
[2.283s] -- Up-to-date symlink: /home/f1tenth_ws/install/teleop_tools_msgs/share/teleop_tools_msgs/environment/library_path.sh
[2.286s] -- Up-to-date symlink: /home/f1tenth_ws/install/teleop_tools_msgs/share/teleop_tools_msgs/environment/library_path.dsv
[2.287s] -- Up-to-date symlink: /home/f1tenth_ws/install/teleop_tools_msgs/include/teleop_tools_msgs/action/detail/increment__rosidl_typesupport_fastrtps_c.h
[2.287s] -- Up-to-date symlink: /home/f1tenth_ws/install/teleop_tools_msgs/include/teleop_tools_msgs/msg/rosidl_typesupport_fastrtps_c__visibility_control.h
[2.288s] -- Up-to-date symlink: /home/f1tenth_ws/install/teleop_tools_msgs/lib/libteleop_tools_msgs__rosidl_typesupport_fastrtps_c.so
[2.288s] -- Up-to-date symlink: /home/f1tenth_ws/install/teleop_tools_msgs/include/teleop_tools_msgs/action/detail/increment__rosidl_typesupport_fastrtps_cpp.hpp
[2.290s] -- Up-to-date symlink: /home/f1tenth_ws/install/teleop_tools_msgs/include/teleop_tools_msgs/msg/rosidl_typesupport_fastrtps_cpp__visibility_control.h
[2.296s] -- Up-to-date symlink: /home/f1tenth_ws/install/teleop_tools_msgs/lib/libteleop_tools_msgs__rosidl_typesupport_fastrtps_cpp.so
[2.298s] -- Up-to-date symlink: /home/f1tenth_ws/install/teleop_tools_msgs/include/teleop_tools_msgs/action/detail/increment__rosidl_typesupport_introspection_c.h
[2.300s] -- Up-to-date symlink: /home/f1tenth_ws/install/teleop_tools_msgs/include/teleop_tools_msgs/msg/rosidl_typesupport_introspection_c__visibility_control.h
[2.303s] -- Up-to-date symlink: /home/f1tenth_ws/install/teleop_tools_msgs/include/teleop_tools_msgs/action/detail/increment__builder.hpp
[2.304s] -- Up-to-date symlink: /home/f1tenth_ws/install/teleop_tools_msgs/include/teleop_tools_msgs/action/detail/increment__struct.hpp
[2.305s] -- Up-to-date symlink: /home/f1tenth_ws/install/teleop_tools_msgs/include/teleop_tools_msgs/action/detail/increment__traits.hpp
[2.306s] -- Up-to-date symlink: /home/f1tenth_ws/install/teleop_tools_msgs/include/teleop_tools_msgs/action/detail/increment__type_support.hpp
[2.306s] -- Up-to-date symlink: /home/f1tenth_ws/install/teleop_tools_msgs/include/teleop_tools_msgs/action/increment.hpp
[2.307s] -- Up-to-date symlink: /home/f1tenth_ws/install/teleop_tools_msgs/include/teleop_tools_msgs/msg/rosidl_generator_cpp__visibility_control.hpp
[2.308s] -- Up-to-date symlink: /home/f1tenth_ws/install/teleop_tools_msgs/include/teleop_tools_msgs/action/detail/increment__rosidl_typesupport_introspection_cpp.hpp
[2.309s] -- Up-to-date symlink: /home/f1tenth_ws/install/teleop_tools_msgs/share/teleop_tools_msgs/environment/pythonpath.sh
[2.310s] -- Up-to-date symlink: /home/f1tenth_ws/install/teleop_tools_msgs/share/teleop_tools_msgs/environment/pythonpath.dsv
[2.311s] -- Up-to-date symlink: /home/f1tenth_ws/install/teleop_tools_msgs/lib/python3.8/site-packages/teleop_tools_msgs/__init__.py
[2.311s] -- Up-to-date symlink: /home/f1tenth_ws/install/teleop_tools_msgs/lib/python3.8/site-packages/teleop_tools_msgs/action/__init__.py
[2.312s] -- Up-to-date symlink: /home/f1tenth_ws/install/teleop_tools_msgs/lib/python3.8/site-packages/teleop_tools_msgs/action/_increment.py
[2.312s] -- Up-to-date symlink: /home/f1tenth_ws/install/teleop_tools_msgs/lib/python3.8/site-packages/teleop_tools_msgs/teleop_tools_msgs_s__rosidl_typesupport_fastrtps_c.cpython-38-aarch64-linux-gnu.so
[2.313s] -- Up-to-date symlink: /home/f1tenth_ws/install/teleop_tools_msgs/lib/python3.8/site-packages/teleop_tools_msgs/teleop_tools_msgs_s__rosidl_typesupport_introspection_c.cpython-38-aarch64-linux-gnu.so
[2.314s] -- Up-to-date symlink: /home/f1tenth_ws/install/teleop_tools_msgs/lib/python3.8/site-packages/teleop_tools_msgs/teleop_tools_msgs_s__rosidl_typesupport_c.cpython-38-aarch64-linux-gnu.so
[2.315s] -- Up-to-date symlink: /home/f1tenth_ws/install/teleop_tools_msgs/lib/libteleop_tools_msgs__python.so
[2.316s] -- Up-to-date symlink: /home/f1tenth_ws/install/teleop_tools_msgs/share/teleop_tools_msgs/action/Increment.idl
[2.317s] -- Up-to-date symlink: /home/f1tenth_ws/install/teleop_tools_msgs/share/teleop_tools_msgs/action/Increment.action
[2.319s] -- Up-to-date symlink: /home/f1tenth_ws/install/teleop_tools_msgs/share/ament_index/resource_index/package_run_dependencies/teleop_tools_msgs
[2.320s] -- Up-to-date symlink: /home/f1tenth_ws/install/teleop_tools_msgs/share/ament_index/resource_index/parent_prefix_path/teleop_tools_msgs
[2.321s] -- Up-to-date symlink: /home/f1tenth_ws/install/teleop_tools_msgs/share/teleop_tools_msgs/environment/ament_prefix_path.sh
[2.322s] -- Up-to-date symlink: /home/f1tenth_ws/install/teleop_tools_msgs/share/teleop_tools_msgs/environment/ament_prefix_path.dsv
[2.324s] -- Up-to-date symlink: /home/f1tenth_ws/install/teleop_tools_msgs/share/teleop_tools_msgs/environment/path.sh
[2.325s] -- Up-to-date symlink: /home/f1tenth_ws/install/teleop_tools_msgs/share/teleop_tools_msgs/environment/path.dsv
[2.326s] -- Up-to-date symlink: /home/f1tenth_ws/install/teleop_tools_msgs/share/teleop_tools_msgs/local_setup.bash
[2.326s] -- Up-to-date symlink: /home/f1tenth_ws/install/teleop_tools_msgs/share/teleop_tools_msgs/local_setup.sh
[2.326s] -- Up-to-date symlink: /home/f1tenth_ws/install/teleop_tools_msgs/share/teleop_tools_msgs/local_setup.zsh
[2.327s] -- Up-to-date symlink: /home/f1tenth_ws/install/teleop_tools_msgs/share/teleop_tools_msgs/local_setup.dsv
[2.327s] -- Symlinking: /home/f1tenth_ws/install/teleop_tools_msgs/share/teleop_tools_msgs/package.dsv
[2.335s] -- Up-to-date symlink: /home/f1tenth_ws/install/teleop_tools_msgs/share/ament_index/resource_index/packages/teleop_tools_msgs
[2.337s] -- Up-to-date symlink: /home/f1tenth_ws/install/teleop_tools_msgs/share/teleop_tools_msgs/cmake/rosidl_cmake-extras.cmake
[2.338s] -- Up-to-date symlink: /home/f1tenth_ws/install/teleop_tools_msgs/share/teleop_tools_msgs/cmake/ament_cmake_export_dependencies-extras.cmake
[2.339s] -- Up-to-date symlink: /home/f1tenth_ws/install/teleop_tools_msgs/share/teleop_tools_msgs/cmake/ament_cmake_export_libraries-extras.cmake
[2.341s] -- Up-to-date symlink: /home/f1tenth_ws/install/teleop_tools_msgs/share/teleop_tools_msgs/cmake/ament_cmake_export_targets-extras.cmake
[2.342s] -- Up-to-date symlink: /home/f1tenth_ws/install/teleop_tools_msgs/share/teleop_tools_msgs/cmake/ament_cmake_export_include_directories-extras.cmake
[2.343s] -- Up-to-date symlink: /home/f1tenth_ws/install/teleop_tools_msgs/share/teleop_tools_msgs/cmake/rosidl_cmake_export_typesupport_libraries-extras.cmake
[2.344s] -- Up-to-date symlink: /home/f1tenth_ws/install/teleop_tools_msgs/share/teleop_tools_msgs/cmake/rosidl_cmake_export_typesupport_targets-extras.cmake
[2.346s] -- Up-to-date symlink: /home/f1tenth_ws/install/teleop_tools_msgs/share/teleop_tools_msgs/cmake/teleop_tools_msgsConfig.cmake
[2.346s] -- Up-to-date symlink: /home/f1tenth_ws/install/teleop_tools_msgs/share/teleop_tools_msgs/cmake/teleop_tools_msgsConfig-version.cmake
[2.347s] -- Up-to-date symlink: /home/f1tenth_ws/install/teleop_tools_msgs/share/teleop_tools_msgs/package.xml
[2.348s] -- Up-to-date: /home/f1tenth_ws/install/teleop_tools_msgs/lib/libteleop_tools_msgs__rosidl_generator_c.so
[2.348s] -- Up-to-date: /home/f1tenth_ws/install/teleop_tools_msgs/lib/libteleop_tools_msgs__rosidl_typesupport_introspection_c.so
[2.348s] -- Up-to-date: /home/f1tenth_ws/install/teleop_tools_msgs/lib/libteleop_tools_msgs__rosidl_typesupport_c.so
[2.350s] -- Up-to-date: /home/f1tenth_ws/install/teleop_tools_msgs/lib/libteleop_tools_msgs__rosidl_typesupport_introspection_cpp.so
[2.350s] -- Up-to-date: /home/f1tenth_ws/install/teleop_tools_msgs/lib/libteleop_tools_msgs__rosidl_typesupport_cpp.so
[2.596s] -- Up-to-date: /home/f1tenth_ws/install/teleop_tools_msgs/share/teleop_tools_msgs/cmake/teleop_tools_msgs__rosidl_generator_cExport.cmake
[2.597s] -- Up-to-date: /home/f1tenth_ws/install/teleop_tools_msgs/share/teleop_tools_msgs/cmake/teleop_tools_msgs__rosidl_generator_cExport-noconfig.cmake
[2.597s] -- Up-to-date: /home/f1tenth_ws/install/teleop_tools_msgs/share/teleop_tools_msgs/cmake/teleop_tools_msgs__rosidl_typesupport_introspection_cExport.cmake
[2.598s] -- Up-to-date: /home/f1tenth_ws/install/teleop_tools_msgs/share/teleop_tools_msgs/cmake/teleop_tools_msgs__rosidl_typesupport_introspection_cExport-noconfig.cmake
[2.599s] -- Up-to-date: /home/f1tenth_ws/install/teleop_tools_msgs/share/teleop_tools_msgs/cmake/teleop_tools_msgs__rosidl_typesupport_cExport.cmake
[2.599s] -- Up-to-date: /home/f1tenth_ws/install/teleop_tools_msgs/share/teleop_tools_msgs/cmake/teleop_tools_msgs__rosidl_typesupport_cExport-noconfig.cmake
[2.599s] -- Up-to-date: /home/f1tenth_ws/install/teleop_tools_msgs/share/teleop_tools_msgs/cmake/teleop_tools_msgs__rosidl_generator_cppExport.cmake
[2.600s] -- Up-to-date: /home/f1tenth_ws/install/teleop_tools_msgs/share/teleop_tools_msgs/cmake/teleop_tools_msgs__rosidl_typesupport_introspection_cppExport.cmake
[2.601s] -- Up-to-date: /home/f1tenth_ws/install/teleop_tools_msgs/share/teleop_tools_msgs/cmake/teleop_tools_msgs__rosidl_typesupport_introspection_cppExport-noconfig.cmake
[2.602s] -- Up-to-date: /home/f1tenth_ws/install/teleop_tools_msgs/share/teleop_tools_msgs/cmake/teleop_tools_msgs__rosidl_typesupport_cppExport.cmake
[2.602s] -- Up-to-date: /home/f1tenth_ws/install/teleop_tools_msgs/share/teleop_tools_msgs/cmake/teleop_tools_msgs__rosidl_typesupport_cppExport-noconfig.cmake
[2.619s] Invoked command in '/home/f1tenth_ws/build/teleop_tools_msgs' returned '0': CMAKE_PREFIX_PATH=${CMAKE_PREFIX_PATH}:/home/f1tenth_ws/install/wall_following:/home/f1tenth_ws/install/voice_control:/home/f1tenth_ws/install/f1tenth_stack:/home/f1tenth_ws/install/joy_teleop:/home/f1tenth_ws/install/person_follow:/home/f1tenth_ws/install/mouse_teleop:/home/f1tenth_ws/install/key_teleop:/home/f1tenth_ws/install/joystick_ros2:/home/f1tenth_ws/install/follow_gap:/home/f1tenth_ws/install/automatic_braking:/home/f1tenth_ws/install/ament_uncrustify:/home/f1tenth_ws/install/ament_pycodestyle:/home/f1tenth_ws/install/ament_package:/home/f1tenth_ws/install/ament_lint:/home/f1tenth_ws/install/ament_cppcheck:/opt/ros/foxy CONDA_PROMPT_MODIFIER=(base) _=/usr/bin/env /usr/bin/cmake --install /home/f1tenth_ws/build/teleop_tools_msgs
