[2.482s] Invoking command in '/home/f1tenth_ws/src/wall_following': PYTHONPATH=/home/f1tenth_ws/build/wall_following/prefix_override:/usr/lib/python3/dist-packages/colcon_core/task/python/colcon_distutils_commands:/home/f1tenth_ws/install/wall_following/lib/python3.8/site-packages:${PYTHONPATH} _=/usr/bin/env /usr/bin/python3 -W ignore:setup.py install is deprecated setup.py egg_info --egg-base ../../build/wall_following build --build-base /home/f1tenth_ws/build/wall_following/build install --record /home/f1tenth_ws/build/wall_following/install.log --install-scripts $base/lib/wall_following --single-version-externally-managed install_data
[2.723s] /usr/local/lib/python3.8/dist-packages/setuptools/dist.py:447: SetuptoolsDeprecationWarning: Invalid dash-separated options
[2.724s] !!
[2.725s] 
[2.725s]         ********************************************************************************
[2.726s]         Usage of dash-separated 'script-dir' will not be supported in future
[2.726s]         versions. Please use the underscore name 'script_dir' instead.
[2.726s] 
[2.727s]         This deprecation is overdue, please update your project and remove deprecated
[2.727s]         calls to avoid build errors in the future.
[2.727s] 
[2.728s]         See https://setuptools.pypa.io/en/latest/userguide/declarative_config.html for details.
[2.728s]         ********************************************************************************
[2.729s] 
[2.730s] !!
[2.730s]   opt = self.warn_dash_deprecation(opt, section)
[2.749s] /usr/local/lib/python3.8/dist-packages/setuptools/_distutils/dist.py:268: UserWarning: Unknown distribution option: 'tests_require'
[2.749s]   warnings.warn(msg)
[2.897s] running egg_info
[2.920s] writing ../../build/wall_following/wall_following.egg-info/PKG-INFO
[2.922s] writing dependency_links to ../../build/wall_following/wall_following.egg-info/dependency_links.txt
[2.923s] writing entry points to ../../build/wall_following/wall_following.egg-info/entry_points.txt
[2.924s] writing requirements to ../../build/wall_following/wall_following.egg-info/requires.txt
[2.924s] writing top-level names to ../../build/wall_following/wall_following.egg-info/top_level.txt
[3.095s] reading manifest file '../../build/wall_following/wall_following.egg-info/SOURCES.txt'
[3.103s] writing manifest file '../../build/wall_following/wall_following.egg-info/SOURCES.txt'
[3.104s] running build
[3.105s] running build_py
[3.106s] copying wall_following/__init__.py -> /home/f1tenth_ws/build/wall_following/build/lib/wall_following
[3.106s] copying wall_following/wall_following.py -> /home/f1tenth_ws/build/wall_following/build/lib/wall_following
[3.107s] running install
[3.111s] running install_lib
[3.137s] running install_data
[3.138s] copying resource/wall_following -> /home/f1tenth_ws/install/wall_following/share/ament_index/resource_index/packages
[3.138s] copying package.xml -> /home/f1tenth_ws/install/wall_following/share/wall_following
[3.138s] running install_egg_info
[3.147s] removing '/home/f1tenth_ws/install/wall_following/lib/python3.8/site-packages/wall_following-0.0.0-py3.8.egg-info' (and everything under it)
[3.148s] Copying ../../build/wall_following/wall_following.egg-info to /home/f1tenth_ws/install/wall_following/lib/python3.8/site-packages/wall_following-0.0.0-py3.8.egg-info
[3.148s] running install_scripts
[3.191s] Installing wall_following script to /home/f1tenth_ws/install/wall_following/lib/wall_following
[3.192s] writing list of installed files to '/home/f1tenth_ws/build/wall_following/install.log'
[3.243s] Invoked command in '/home/f1tenth_ws/src/wall_following' returned '0': PYTHONPATH=/home/f1tenth_ws/build/wall_following/prefix_override:/usr/lib/python3/dist-packages/colcon_core/task/python/colcon_distutils_commands:/home/f1tenth_ws/install/wall_following/lib/python3.8/site-packages:${PYTHONPATH} _=/usr/bin/env /usr/bin/python3 -W ignore:setup.py install is deprecated setup.py egg_info --egg-base ../../build/wall_following build --build-base /home/f1tenth_ws/build/wall_following/build install --record /home/f1tenth_ws/build/wall_following/install.log --install-scripts $base/lib/wall_following --single-version-externally-managed install_data
