[3.491s] Invoking command in '/home/f1tenth_ws/src/voice_control': PYTHONPATH=/home/f1tenth_ws/src/build/voice_control/prefix_override:/usr/lib/python3/dist-packages/colcon_core/task/python/colcon_distutils_commands:/home/f1tenth_ws/src/install/voice_control/lib/python3.8/site-packages:${PYTHONPATH} _=/usr/bin/env /usr/bin/python3 -W ignore:setup.py install is deprecated setup.py egg_info --egg-base ../build/voice_control build --build-base /home/f1tenth_ws/src/build/voice_control/build install --record /home/f1tenth_ws/src/build/voice_control/install.log --install-scripts $base/lib/voice_control --single-version-externally-managed install_data
[3.916s] /usr/local/lib/python3.8/dist-packages/setuptools/dist.py:447: SetuptoolsDeprecationWarning: Invalid dash-separated options
[3.920s] !!
[3.921s] 
[3.922s]         ********************************************************************************
[3.923s]         Usage of dash-separated 'script-dir' will not be supported in future
[3.924s]         versions. Please use the underscore name 'script_dir' instead.
[3.924s] 
[3.924s]         By 2024-Sep-26, you need to update your project and remove deprecated calls
[3.925s]         or your builds will no longer be supported.
[3.931s] 
[3.932s]         See https://setuptools.pypa.io/en/latest/userguide/declarative_config.html for details.
[3.932s]         ********************************************************************************
[3.932s] 
[3.933s] !!
[3.933s]   opt = self.warn_dash_deprecation(opt, section)
[3.946s] /usr/local/lib/python3.8/dist-packages/setuptools/_distutils/dist.py:268: UserWarning: Unknown distribution option: 'tests_require'
[3.946s]   warnings.warn(msg)
[4.130s] running egg_info
[4.159s] writing ../build/voice_control/voice_control.egg-info/PKG-INFO
[4.161s] writing dependency_links to ../build/voice_control/voice_control.egg-info/dependency_links.txt
[4.161s] writing entry points to ../build/voice_control/voice_control.egg-info/entry_points.txt
[4.161s] writing requirements to ../build/voice_control/voice_control.egg-info/requires.txt
[4.161s] writing top-level names to ../build/voice_control/voice_control.egg-info/top_level.txt
[4.408s] reading manifest file '../build/voice_control/voice_control.egg-info/SOURCES.txt'
[4.413s] writing manifest file '../build/voice_control/voice_control.egg-info/SOURCES.txt'
[4.413s] running build
[4.414s] running build_py
[4.414s] copying voice_control/__init__.py -> /home/f1tenth_ws/src/build/voice_control/build/lib/voice_control
[4.415s] copying voice_control/voice_command_node.py -> /home/f1tenth_ws/src/build/voice_control/build/lib/voice_control
[4.423s] copying voice_control/to_text.py -> /home/f1tenth_ws/src/build/voice_control/build/lib/voice_control
[4.425s] running install
[4.427s] running install_lib
[4.448s] copying /home/f1tenth_ws/src/build/voice_control/build/lib/voice_control/voice_command_node.py -> /home/f1tenth_ws/src/install/voice_control/lib/python3.8/site-packages/voice_control
[4.455s] copying /home/f1tenth_ws/src/build/voice_control/build/lib/voice_control/to_text.py -> /home/f1tenth_ws/src/install/voice_control/lib/python3.8/site-packages/voice_control
[4.473s] byte-compiling /home/f1tenth_ws/src/install/voice_control/lib/python3.8/site-packages/voice_control/voice_command_node.py to voice_command_node.cpython-38.pyc
[4.474s] byte-compiling /home/f1tenth_ws/src/install/voice_control/lib/python3.8/site-packages/voice_control/to_text.py to to_text.cpython-38.pyc
[4.474s] running install_data
[4.474s] copying resource/voice_control -> /home/f1tenth_ws/src/install/voice_control/share/ament_index/resource_index/packages
[4.474s] copying package.xml -> /home/f1tenth_ws/src/install/voice_control/share/voice_control
[4.474s] running install_egg_info
[4.497s] removing '/home/f1tenth_ws/src/install/voice_control/lib/python3.8/site-packages/voice_control-0.0.0-py3.8.egg-info' (and everything under it)
[4.498s] Copying ../build/voice_control/voice_control.egg-info to /home/f1tenth_ws/src/install/voice_control/lib/python3.8/site-packages/voice_control-0.0.0-py3.8.egg-info
[4.501s] running install_scripts
[4.604s] Installing voice_command_node script to /home/f1tenth_ws/src/install/voice_control/lib/voice_control
[4.605s] writing list of installed files to '/home/f1tenth_ws/src/build/voice_control/install.log'
[4.664s] Invoked command in '/home/f1tenth_ws/src/voice_control' returned '0': PYTHONPATH=/home/f1tenth_ws/src/build/voice_control/prefix_override:/usr/lib/python3/dist-packages/colcon_core/task/python/colcon_distutils_commands:/home/f1tenth_ws/src/install/voice_control/lib/python3.8/site-packages:${PYTHONPATH} _=/usr/bin/env /usr/bin/python3 -W ignore:setup.py install is deprecated setup.py egg_info --egg-base ../build/voice_control build --build-base /home/f1tenth_ws/src/build/voice_control/build install --record /home/f1tenth_ws/src/build/voice_control/install.log --install-scripts $base/lib/voice_control --single-version-externally-managed install_data
