[3.170s] Invoking command in '/home/f1tenth_ws/src/f1tenth_system/teleop_tools/key_teleop': PYTHONPATH=/home/f1tenth_ws/build/key_teleop/prefix_override:/usr/lib/python3/dist-packages/colcon_core/task/python/colcon_distutils_commands:/home/f1tenth_ws/install/key_teleop/lib/python3.8/site-packages:${PYTHONPATH} _=/usr/bin/env /usr/bin/python3 -W ignore:setup.py install is deprecated setup.py egg_info --egg-base ../../../../build/key_teleop build --build-base /home/f1tenth_ws/build/key_teleop/build install --record /home/f1tenth_ws/build/key_teleop/install.log --install-scripts $base/lib/key_teleop --single-version-externally-managed install_data
[3.433s] /usr/local/lib/python3.8/dist-packages/setuptools/dist.py:447: SetuptoolsDeprecationWarning: Invalid dash-separated options
[3.434s] !!
[3.434s] 
[3.435s]         ********************************************************************************
[3.436s]         Usage of dash-separated 'script-dir' will not be supported in future
[3.436s]         versions. Please use the underscore name 'script_dir' instead.
[3.438s] 
[3.439s]         By 2024-Sep-26, you need to update your project and remove deprecated calls
[3.440s]         or your builds will no longer be supported.
[3.440s] 
[3.441s]         See https://setuptools.pypa.io/en/latest/userguide/declarative_config.html for details.
[3.441s]         ********************************************************************************
[3.442s] 
[3.443s] !!
[3.444s]   opt = self.warn_dash_deprecation(opt, section)
[3.450s] /usr/local/lib/python3.8/dist-packages/setuptools/_distutils/dist.py:268: UserWarning: Unknown distribution option: 'tests_require'
[3.450s]   warnings.warn(msg)
[3.629s] running egg_info
[3.662s] writing ../../../../build/key_teleop/key_teleop.egg-info/PKG-INFO
[3.663s] writing dependency_links to ../../../../build/key_teleop/key_teleop.egg-info/dependency_links.txt
[3.664s] writing entry points to ../../../../build/key_teleop/key_teleop.egg-info/entry_points.txt
[3.664s] writing requirements to ../../../../build/key_teleop/key_teleop.egg-info/requires.txt
[3.664s] writing top-level names to ../../../../build/key_teleop/key_teleop.egg-info/top_level.txt
[3.889s] reading manifest file '../../../../build/key_teleop/key_teleop.egg-info/SOURCES.txt'
[3.889s] adding license file 'LICENSE'
[3.890s] writing manifest file '../../../../build/key_teleop/key_teleop.egg-info/SOURCES.txt'
[3.891s] running build
[3.892s] running build_py
[3.893s] copying key_teleop/__init__.py -> /home/f1tenth_ws/build/key_teleop/build/lib/key_teleop
[3.893s] copying key_teleop/key_teleop.py -> /home/f1tenth_ws/build/key_teleop/build/lib/key_teleop
[3.894s] running install
[3.905s] running install_lib
[3.921s] running install_data
[3.921s] copying config/key_teleop.yaml -> /home/f1tenth_ws/install/key_teleop/share/key_teleop/config
[3.926s] running install_egg_info
[3.954s] removing '/home/f1tenth_ws/install/key_teleop/lib/python3.8/site-packages/key_teleop-0.3.0-py3.8.egg-info' (and everything under it)
[3.955s] Copying ../../../../build/key_teleop/key_teleop.egg-info to /home/f1tenth_ws/install/key_teleop/lib/python3.8/site-packages/key_teleop-0.3.0-py3.8.egg-info
[3.957s] running install_scripts
[4.036s] Installing key_teleop script to /home/f1tenth_ws/install/key_teleop/lib/key_teleop
[4.041s] writing list of installed files to '/home/f1tenth_ws/build/key_teleop/install.log'
[4.127s] Invoked command in '/home/f1tenth_ws/src/f1tenth_system/teleop_tools/key_teleop' returned '0': PYTHONPATH=/home/f1tenth_ws/build/key_teleop/prefix_override:/usr/lib/python3/dist-packages/colcon_core/task/python/colcon_distutils_commands:/home/f1tenth_ws/install/key_teleop/lib/python3.8/site-packages:${PYTHONPATH} _=/usr/bin/env /usr/bin/python3 -W ignore:setup.py install is deprecated setup.py egg_info --egg-base ../../../../build/key_teleop build --build-base /home/f1tenth_ws/build/key_teleop/build install --record /home/f1tenth_ws/build/key_teleop/install.log --install-scripts $base/lib/key_teleop --single-version-externally-managed install_data
