[4.400s] Invoking command in '/home/f1tenth_ws/src/f1tenth_system/teleop_tools/key_teleop': PYTHONPATH=/home/f1tenth_ws/build/key_teleop/prefix_override:/usr/lib/python3/dist-packages/colcon_core/task/python/colcon_distutils_commands:/home/f1tenth_ws/install/key_teleop/lib/python3.8/site-packages:${PYTHONPATH} _=/usr/bin/env /usr/bin/python3 -W ignore:setup.py install is deprecated setup.py egg_info --egg-base ../../../../build/key_teleop build --build-base /home/f1tenth_ws/build/key_teleop/build install --record /home/f1tenth_ws/build/key_teleop/install.log --install-scripts $base/lib/key_teleop --single-version-externally-managed install_data
[4.860s] /usr/local/lib/python3.8/dist-packages/setuptools/dist.py:447: SetuptoolsDeprecationWarning: Invalid dash-separated options
[4.860s] !!
[4.861s] 
[4.861s]         ********************************************************************************
[4.861s]         Usage of dash-separated 'script-dir' will not be supported in future
[4.861s]         versions. Please use the underscore name 'script_dir' instead.
[4.861s] 
[4.861s]         This deprecation is overdue, please update your project and remove deprecated
[4.861s]         calls to avoid build errors in the future.
[4.861s] 
[4.862s]         See https://setuptools.pypa.io/en/latest/userguide/declarative_config.html for details.
[4.862s]         ********************************************************************************
[4.862s] 
[4.862s] !!
[4.862s]   opt = self.warn_dash_deprecation(opt, section)
[4.932s] /usr/local/lib/python3.8/dist-packages/setuptools/_distutils/dist.py:268: UserWarning: Unknown distribution option: 'tests_require'
[4.932s]   warnings.warn(msg)
[5.474s] running egg_info
[5.519s] writing ../../../../build/key_teleop/key_teleop.egg-info/PKG-INFO
[5.523s] writing dependency_links to ../../../../build/key_teleop/key_teleop.egg-info/dependency_links.txt
[5.524s] writing entry points to ../../../../build/key_teleop/key_teleop.egg-info/entry_points.txt
[5.525s] writing requirements to ../../../../build/key_teleop/key_teleop.egg-info/requires.txt
[5.526s] writing top-level names to ../../../../build/key_teleop/key_teleop.egg-info/top_level.txt
[5.916s] reading manifest file '../../../../build/key_teleop/key_teleop.egg-info/SOURCES.txt'
[5.917s] adding license file 'LICENSE'
[5.917s] writing manifest file '../../../../build/key_teleop/key_teleop.egg-info/SOURCES.txt'
[5.917s] running build
[5.917s] running build_py
[5.917s] copying key_teleop/__init__.py -> /home/f1tenth_ws/build/key_teleop/build/lib/key_teleop
[5.917s] copying key_teleop/key_teleop.py -> /home/f1tenth_ws/build/key_teleop/build/lib/key_teleop
[5.918s] running install
[5.918s] running install_lib
[5.958s] running install_data
[5.958s] copying package.xml -> /home/f1tenth_ws/install/key_teleop/share/key_teleop
[5.960s] copying config/key_teleop.yaml -> /home/f1tenth_ws/install/key_teleop/share/key_teleop/config
[5.961s] copying resource/key_teleop -> /home/f1tenth_ws/install/key_teleop/share/ament_index/resource_index/packages
[5.961s] running install_egg_info
[5.990s] removing '/home/f1tenth_ws/install/key_teleop/lib/python3.8/site-packages/key_teleop-0.3.0-py3.8.egg-info' (and everything under it)
[5.990s] Copying ../../../../build/key_teleop/key_teleop.egg-info to /home/f1tenth_ws/install/key_teleop/lib/python3.8/site-packages/key_teleop-0.3.0-py3.8.egg-info
[5.992s] running install_scripts
[6.068s] Installing key_teleop script to /home/f1tenth_ws/install/key_teleop/lib/key_teleop
[6.073s] writing list of installed files to '/home/f1tenth_ws/build/key_teleop/install.log'
[7.177s] Invoked command in '/home/f1tenth_ws/src/f1tenth_system/teleop_tools/key_teleop' returned '0': PYTHONPATH=/home/f1tenth_ws/build/key_teleop/prefix_override:/usr/lib/python3/dist-packages/colcon_core/task/python/colcon_distutils_commands:/home/f1tenth_ws/install/key_teleop/lib/python3.8/site-packages:${PYTHONPATH} _=/usr/bin/env /usr/bin/python3 -W ignore:setup.py install is deprecated setup.py egg_info --egg-base ../../../../build/key_teleop build --build-base /home/f1tenth_ws/build/key_teleop/build install --record /home/f1tenth_ws/build/key_teleop/install.log --install-scripts $base/lib/key_teleop --single-version-externally-managed install_data
