[0.070s] Invoking command in '/home/f1tenth_ws/build/vesc_driver': AMENT_PREFIX_PATH=/home/f1tenth_ws/install/vesc_msgs CMAKE_PREFIX_PATH=/home/f1tenth_ws/install/vesc_msgs LD_LIBRARY_PATH=/home/f1tenth_ws/install/vesc_msgs/lib PYTHONPATH=/home/f1tenth_ws/install/vesc_msgs/lib/python3.8/site-packages _=/usr/bin/env /usr/bin/cmake --build /home/f1tenth_ws/build/vesc_driver -- -j8 -l8
[0.293s] [ 20%] Built target vesc_driver_node
[0.307s] [ 70%] Built target vesc_driver
[0.406s] [100%] Built target vesc_device_namer
[0.469s] Invoked command in '/home/f1tenth_ws/build/vesc_driver' returned '0': AMENT_PREFIX_PATH=/home/f1tenth_ws/install/vesc_msgs CMAKE_PREFIX_PATH=/home/f1tenth_ws/install/vesc_msgs LD_LIBRARY_PATH=/home/f1tenth_ws/install/vesc_msgs/lib PYTHONPATH=/home/f1tenth_ws/install/vesc_msgs/lib/python3.8/site-packages _=/usr/bin/env /usr/bin/cmake --build /home/f1tenth_ws/build/vesc_driver -- -j8 -l8
[0.709s] Invoking command in '/home/f1tenth_ws/build/vesc_driver': AMENT_PREFIX_PATH=/home/f1tenth_ws/install/vesc_msgs CMAKE_PREFIX_PATH=/home/f1tenth_ws/install/vesc_msgs LD_LIBRARY_PATH=/home/f1tenth_ws/install/vesc_msgs/lib PYTHONPATH=/home/f1tenth_ws/install/vesc_msgs/lib/python3.8/site-packages _=/usr/bin/env /usr/bin/cmake --install /home/f1tenth_ws/build/vesc_driver
[0.744s] -- Install configuration: ""
[0.744s] -- Up-to-date: /home/f1tenth_ws/install/vesc_driver/lib/vesc_driver/vesc_driver_node
[0.745s] -- Up-to-date: /home/f1tenth_ws/install/vesc_driver/include
[0.745s] -- Up-to-date: /home/f1tenth_ws/install/vesc_driver/include/vesc_driver
[0.746s] -- Up-to-date: /home/f1tenth_ws/install/vesc_driver/include/vesc_driver/crc.hpp
[0.747s] -- Up-to-date: /home/f1tenth_ws/install/vesc_driver/include/vesc_driver/datatypes.hpp
[0.748s] -- Up-to-date: /home/f1tenth_ws/install/vesc_driver/include/vesc_driver/vesc_device_uuid_lookup.hpp
[0.749s] -- Up-to-date: /home/f1tenth_ws/install/vesc_driver/include/vesc_driver/vesc_driver.hpp
[0.752s] -- Up-to-date: /home/f1tenth_ws/install/vesc_driver/include/vesc_driver/vesc_interface.hpp
[0.757s] -- Up-to-date: /home/f1tenth_ws/install/vesc_driver/include/vesc_driver/vesc_packet.hpp
[0.757s] -- Up-to-date: /home/f1tenth_ws/install/vesc_driver/include/vesc_driver/vesc_packet_factory.hpp
[0.758s] -- Up-to-date: /home/f1tenth_ws/install/vesc_driver/share/vesc_driver/environment/library_path.sh
[0.759s] -- Up-to-date: /home/f1tenth_ws/install/vesc_driver/share/vesc_driver/environment/library_path.dsv
[0.760s] -- Up-to-date: /home/f1tenth_ws/install/vesc_driver/lib/libvesc_driver.so
[0.760s] -- Up-to-date: /home/f1tenth_ws/install/vesc_driver/lib/vesc_driver/vesc_device_namer
[0.761s] -- Up-to-date: /home/f1tenth_ws/install/vesc_driver/share/vesc_driver/launch
[0.762s] -- Up-to-date: /home/f1tenth_ws/install/vesc_driver/share/vesc_driver/launch/vesc_driver_node.launch.py
[0.763s] -- Up-to-date: /home/f1tenth_ws/install/vesc_driver/share/vesc_driver/params
[0.764s] -- Up-to-date: /home/f1tenth_ws/install/vesc_driver/share/vesc_driver/params/vesc_config.yaml
[0.765s] -- Up-to-date: /home/f1tenth_ws/install/vesc_driver/share/ament_index/resource_index/package_run_dependencies/vesc_driver
[0.766s] -- Up-to-date: /home/f1tenth_ws/install/vesc_driver/share/ament_index/resource_index/parent_prefix_path/vesc_driver
[0.767s] -- Up-to-date: /home/f1tenth_ws/install/vesc_driver/share/vesc_driver/environment/ament_prefix_path.sh
[0.768s] -- Up-to-date: /home/f1tenth_ws/install/vesc_driver/share/vesc_driver/environment/ament_prefix_path.dsv
[0.768s] -- Up-to-date: /home/f1tenth_ws/install/vesc_driver/share/vesc_driver/environment/path.sh
[0.769s] -- Up-to-date: /home/f1tenth_ws/install/vesc_driver/share/vesc_driver/environment/path.dsv
[0.770s] -- Up-to-date: /home/f1tenth_ws/install/vesc_driver/share/vesc_driver/local_setup.bash
[0.770s] -- Up-to-date: /home/f1tenth_ws/install/vesc_driver/share/vesc_driver/local_setup.sh
[0.771s] -- Up-to-date: /home/f1tenth_ws/install/vesc_driver/share/vesc_driver/local_setup.zsh
[0.772s] -- Up-to-date: /home/f1tenth_ws/install/vesc_driver/share/vesc_driver/local_setup.dsv
[0.773s] -- Installing: /home/f1tenth_ws/install/vesc_driver/share/vesc_driver/package.dsv
[0.773s] -- Up-to-date: /home/f1tenth_ws/install/vesc_driver/share/ament_index/resource_index/packages/vesc_driver
[0.774s] -- Up-to-date: /home/f1tenth_ws/install/vesc_driver/share/ament_index/resource_index/rclcpp_components/vesc_driver
[0.775s] -- Up-to-date: /home/f1tenth_ws/install/vesc_driver/share/vesc_driver/cmake/ament_cmake_export_dependencies-extras.cmake
[0.775s] -- Up-to-date: /home/f1tenth_ws/install/vesc_driver/share/vesc_driver/cmake/ament_cmake_export_include_directories-extras.cmake
[0.776s] -- Up-to-date: /home/f1tenth_ws/install/vesc_driver/share/vesc_driver/cmake/ament_cmake_export_libraries-extras.cmake
[0.779s] -- Up-to-date: /home/f1tenth_ws/install/vesc_driver/share/vesc_driver/cmake/vesc_driverConfig.cmake
[0.781s] -- Up-to-date: /home/f1tenth_ws/install/vesc_driver/share/vesc_driver/cmake/vesc_driverConfig-version.cmake
[0.782s] -- Up-to-date: /home/f1tenth_ws/install/vesc_driver/share/vesc_driver/package.xml
[0.788s] Invoked command in '/home/f1tenth_ws/build/vesc_driver' returned '0': AMENT_PREFIX_PATH=/home/f1tenth_ws/install/vesc_msgs CMAKE_PREFIX_PATH=/home/f1tenth_ws/install/vesc_msgs LD_LIBRARY_PATH=/home/f1tenth_ws/install/vesc_msgs/lib PYTHONPATH=/home/f1tenth_ws/install/vesc_msgs/lib/python3.8/site-packages _=/usr/bin/env /usr/bin/cmake --install /home/f1tenth_ws/build/vesc_driver
