[1.865s] Invoking command in '/home/f1tenth_ws/src/wall_following': CONDA_PROMPT_MODIFIER=(base) PYTHONPATH=/home/f1tenth_ws/build/wall_following/prefix_override:/usr/lib/python3/dist-packages/colcon_core/task/python/colcon_distutils_commands:/home/f1tenth_ws/install/wall_following/lib/python3.8/site-packages: _=/usr/bin/env /usr/bin/python3 -W ignore:setup.py install is deprecated setup.py egg_info --egg-base ../../build/wall_following build --build-base /home/f1tenth_ws/build/wall_following/build install --record /home/f1tenth_ws/build/wall_following/install.log --install-scripts $base/lib/wall_following --single-version-externally-managed install_data
[2.056s] /usr/local/lib/python3.8/dist-packages/setuptools/dist.py:447: SetuptoolsDeprecationWarning: Invalid dash-separated options
[2.057s] !!
[2.058s] 
[2.059s]         ********************************************************************************
[2.059s]         Usage of dash-separated 'script-dir' will not be supported in future
[2.060s]         versions. Please use the underscore name 'script_dir' instead.
[2.068s] 
[2.070s]         This deprecation is overdue, please update your project and remove deprecated
[2.070s]         calls to avoid build errors in the future.
[2.070s] 
[2.071s]         See https://setuptools.pypa.io/en/latest/userguide/declarative_config.html for details.
[2.071s]         ********************************************************************************
[2.072s] 
[2.072s] !!
[2.072s]   opt = self.warn_dash_deprecation(opt, section)
[2.073s] /usr/local/lib/python3.8/dist-packages/setuptools/_distutils/dist.py:268: UserWarning: Unknown distribution option: 'tests_require'
[2.074s]   warnings.warn(msg)
[2.175s] running egg_info
[2.187s] writing ../../build/wall_following/wall_following.egg-info/PKG-INFO
[2.188s] writing dependency_links to ../../build/wall_following/wall_following.egg-info/dependency_links.txt
[2.190s] writing entry points to ../../build/wall_following/wall_following.egg-info/entry_points.txt
[2.190s] writing requirements to ../../build/wall_following/wall_following.egg-info/requires.txt
[2.191s] writing top-level names to ../../build/wall_following/wall_following.egg-info/top_level.txt
[2.318s] reading manifest file '../../build/wall_following/wall_following.egg-info/SOURCES.txt'
[2.320s] writing manifest file '../../build/wall_following/wall_following.egg-info/SOURCES.txt'
[2.320s] running build
[2.321s] running build_py
[2.322s] copying wall_following/__init__.py -> /home/f1tenth_ws/build/wall_following/build/lib/wall_following
[2.322s] copying wall_following/wall_following.py -> /home/f1tenth_ws/build/wall_following/build/lib/wall_following
[2.323s] running install
[2.323s] running install_lib
[2.324s] running install_data
[2.325s] copying resource/wall_following -> /home/f1tenth_ws/install/wall_following/share/ament_index/resource_index/packages
[2.327s] copying package.xml -> /home/f1tenth_ws/install/wall_following/share/wall_following
[2.327s] running install_egg_info
[2.334s] removing '/home/f1tenth_ws/install/wall_following/lib/python3.8/site-packages/wall_following-0.0.0-py3.8.egg-info' (and everything under it)
[2.339s] Copying ../../build/wall_following/wall_following.egg-info to /home/f1tenth_ws/install/wall_following/lib/python3.8/site-packages/wall_following-0.0.0-py3.8.egg-info
[2.341s] running install_scripts
[2.366s] Installing wall_following script to /home/f1tenth_ws/install/wall_following/lib/wall_following
[2.367s] writing list of installed files to '/home/f1tenth_ws/build/wall_following/install.log'
[2.415s] Invoked command in '/home/f1tenth_ws/src/wall_following' returned '0': CONDA_PROMPT_MODIFIER=(base) PYTHONPATH=/home/f1tenth_ws/build/wall_following/prefix_override:/usr/lib/python3/dist-packages/colcon_core/task/python/colcon_distutils_commands:/home/f1tenth_ws/install/wall_following/lib/python3.8/site-packages: _=/usr/bin/env /usr/bin/python3 -W ignore:setup.py install is deprecated setup.py egg_info --egg-base ../../build/wall_following build --build-base /home/f1tenth_ws/build/wall_following/build install --record /home/f1tenth_ws/build/wall_following/install.log --install-scripts $base/lib/wall_following --single-version-externally-managed install_data
