[0.741s] Invoking command in '/home/f1tenth_ws/build/vesc_ackermann': AMENT_PREFIX_PATH=/home/f1tenth_ws/install/vesc_msgs CMAKE_PREFIX_PATH=/home/f1tenth_ws/install/vesc_msgs CONDA_PROMPT_MODIFIER=(base) LD_LIBRARY_PATH=/home/f1tenth_ws/install/vesc_msgs/lib PYTHONPATH=/home/f1tenth_ws/install/vesc_msgs/lib/python3.8/site-packages _=/usr/bin/env /usr/bin/cmake --build /home/f1tenth_ws/build/vesc_ackermann -- -j8 -l8
[0.895s] [ 28%] Built target vesc_to_odom_node
[0.905s] [ 71%] Built target vesc_ackermann
[0.951s] [100%] Built target ackermann_to_vesc_node
[1.013s] Invoked command in '/home/f1tenth_ws/build/vesc_ackermann' returned '0': AMENT_PREFIX_PATH=/home/f1tenth_ws/install/vesc_msgs CMAKE_PREFIX_PATH=/home/f1tenth_ws/install/vesc_msgs CONDA_PROMPT_MODIFIER=(base) LD_LIBRARY_PATH=/home/f1tenth_ws/install/vesc_msgs/lib PYTHONPATH=/home/f1tenth_ws/install/vesc_msgs/lib/python3.8/site-packages _=/usr/bin/env /usr/bin/cmake --build /home/f1tenth_ws/build/vesc_ackermann -- -j8 -l8
[1.191s] Invoking command in '/home/f1tenth_ws/build/vesc_ackermann': AMENT_PREFIX_PATH=/home/f1tenth_ws/install/vesc_msgs CMAKE_PREFIX_PATH=/home/f1tenth_ws/install/vesc_msgs CONDA_PROMPT_MODIFIER=(base) LD_LIBRARY_PATH=/home/f1tenth_ws/install/vesc_msgs/lib PYTHONPATH=/home/f1tenth_ws/install/vesc_msgs/lib/python3.8/site-packages _=/usr/bin/env /usr/bin/cmake --install /home/f1tenth_ws/build/vesc_ackermann
[1.230s] -- Install configuration: ""
[1.231s] -- Up-to-date: /home/f1tenth_ws/install/vesc_ackermann/lib/vesc_ackermann/ackermann_to_vesc_node
[1.234s] -- Up-to-date: /home/f1tenth_ws/install/vesc_ackermann/lib/vesc_ackermann/vesc_to_odom_node
[1.235s] -- Up-to-date: /home/f1tenth_ws/install/vesc_ackermann/include
[1.235s] -- Up-to-date: /home/f1tenth_ws/install/vesc_ackermann/include/vesc_ackermann
[1.235s] -- Up-to-date: /home/f1tenth_ws/install/vesc_ackermann/include/vesc_ackermann/ackermann_to_vesc.hpp
[1.236s] -- Up-to-date: /home/f1tenth_ws/install/vesc_ackermann/include/vesc_ackermann/vesc_to_odom.hpp
[1.236s] -- Up-to-date: /home/f1tenth_ws/install/vesc_ackermann/share/vesc_ackermann/environment/library_path.sh
[1.237s] -- Up-to-date: /home/f1tenth_ws/install/vesc_ackermann/share/vesc_ackermann/environment/library_path.dsv
[1.238s] -- Up-to-date: /home/f1tenth_ws/install/vesc_ackermann/lib/libvesc_ackermann.so
[1.239s] -- Up-to-date: /home/f1tenth_ws/install/vesc_ackermann/share/vesc_ackermann/launch
[1.244s] -- Up-to-date: /home/f1tenth_ws/install/vesc_ackermann/share/vesc_ackermann/launch/ackermann_to_vesc_node.launch.xml
[1.247s] -- Up-to-date: /home/f1tenth_ws/install/vesc_ackermann/share/vesc_ackermann/launch/vesc_to_odom_node.launch.xml
[1.247s] -- Up-to-date: /home/f1tenth_ws/install/vesc_ackermann/share/ament_index/resource_index/package_run_dependencies/vesc_ackermann
[1.248s] -- Up-to-date: /home/f1tenth_ws/install/vesc_ackermann/share/ament_index/resource_index/parent_prefix_path/vesc_ackermann
[1.249s] -- Up-to-date: /home/f1tenth_ws/install/vesc_ackermann/share/vesc_ackermann/environment/ament_prefix_path.sh
[1.250s] -- Up-to-date: /home/f1tenth_ws/install/vesc_ackermann/share/vesc_ackermann/environment/ament_prefix_path.dsv
[1.251s] -- Up-to-date: /home/f1tenth_ws/install/vesc_ackermann/share/vesc_ackermann/environment/path.sh
[1.252s] -- Up-to-date: /home/f1tenth_ws/install/vesc_ackermann/share/vesc_ackermann/environment/path.dsv
[1.253s] -- Up-to-date: /home/f1tenth_ws/install/vesc_ackermann/share/vesc_ackermann/local_setup.bash
[1.254s] -- Up-to-date: /home/f1tenth_ws/install/vesc_ackermann/share/vesc_ackermann/local_setup.sh
[1.255s] -- Up-to-date: /home/f1tenth_ws/install/vesc_ackermann/share/vesc_ackermann/local_setup.zsh
[1.256s] -- Up-to-date: /home/f1tenth_ws/install/vesc_ackermann/share/vesc_ackermann/local_setup.dsv
[1.257s] -- Installing: /home/f1tenth_ws/install/vesc_ackermann/share/vesc_ackermann/package.dsv
[1.258s] -- Up-to-date: /home/f1tenth_ws/install/vesc_ackermann/share/ament_index/resource_index/packages/vesc_ackermann
[1.259s] -- Up-to-date: /home/f1tenth_ws/install/vesc_ackermann/share/ament_index/resource_index/rclcpp_components/vesc_ackermann
[1.260s] -- Up-to-date: /home/f1tenth_ws/install/vesc_ackermann/share/vesc_ackermann/cmake/ament_cmake_export_dependencies-extras.cmake
[1.260s] -- Up-to-date: /home/f1tenth_ws/install/vesc_ackermann/share/vesc_ackermann/cmake/ament_cmake_export_include_directories-extras.cmake
[1.261s] -- Up-to-date: /home/f1tenth_ws/install/vesc_ackermann/share/vesc_ackermann/cmake/ament_cmake_export_libraries-extras.cmake
[1.262s] -- Up-to-date: /home/f1tenth_ws/install/vesc_ackermann/share/vesc_ackermann/cmake/vesc_ackermannConfig.cmake
[1.263s] -- Up-to-date: /home/f1tenth_ws/install/vesc_ackermann/share/vesc_ackermann/cmake/vesc_ackermannConfig-version.cmake
[1.263s] -- Up-to-date: /home/f1tenth_ws/install/vesc_ackermann/share/vesc_ackermann/package.xml
[1.264s] Invoked command in '/home/f1tenth_ws/build/vesc_ackermann' returned '0': AMENT_PREFIX_PATH=/home/f1tenth_ws/install/vesc_msgs CMAKE_PREFIX_PATH=/home/f1tenth_ws/install/vesc_msgs CONDA_PROMPT_MODIFIER=(base) LD_LIBRARY_PATH=/home/f1tenth_ws/install/vesc_msgs/lib PYTHONPATH=/home/f1tenth_ws/install/vesc_msgs/lib/python3.8/site-packages _=/usr/bin/env /usr/bin/cmake --install /home/f1tenth_ws/build/vesc_ackermann
