[0.085s] Invoking command in '/home/f1tenth_ws/build/vesc_ackermann': CMAKE_PREFIX_PATH=/home/f1tenth_ws/install/vesc_msgs:/home/f1tenth_ws/install/vesc:/home/f1tenth_ws/install/vesc_driver:/home/f1tenth_ws/install/vesc_ackermann:/home/f1tenth_ws/install/teleop_tools:/home/f1tenth_ws/install/teleop_tools_msgs:/home/f1tenth_ws/install/ackermann_mux:/home/f1tenth_ws/install/voice_control:/home/f1tenth_ws/install/f1tenth_stack:/home/f1tenth_ws/install/joy_teleop:/home/f1tenth_ws/install/mouse_teleop:/home/f1tenth_ws/install/key_teleop:/home/f1tenth_ws/install/joystick_ros2:/home/f1tenth_ws/install/automatic_braking:/home/f1tenth_ws/install/ament_uncrustify:/home/f1tenth_ws/install/ament_pycodestyle:/home/f1tenth_ws/install/ament_package:/home/f1tenth_ws/install/ament_lint:/home/f1tenth_ws/install/ament_cppcheck:/opt/ros/foxy LD_LIBRARY_PATH=/home/f1tenth_ws/install/vesc_msgs/lib:/home/f1tenth_ws/install/vesc_driver/lib:/home/f1tenth_ws/install/vesc_ackermann/lib:/home/f1tenth_ws/install/teleop_tools_msgs/lib:/opt/ros/foxy/opt/yaml_cpp_vendor/lib:/opt/ros/foxy/opt/rviz_ogre_vendor/lib:/opt/ros/foxy/lib/aarch64-linux-gnu:/opt/ros/foxy/lib PYTHONPATH=/home/f1tenth_ws/install/vesc_msgs/lib/python3.8/site-packages:/home/f1tenth_ws/install/voice_control/lib/python3.8/site-packages:/home/f1tenth_ws/install/f1tenth_stack/lib/python3.8/site-packages:/home/f1tenth_ws/install/joy_teleop/lib/python3.8/site-packages:/home/f1tenth_ws/install/teleop_tools_msgs/lib/python3.8/site-packages:/home/f1tenth_ws/install/mouse_teleop/lib/python3.8/site-packages:/home/f1tenth_ws/install/key_teleop/lib/python3.8/site-packages:/home/f1tenth_ws/install/joystick_ros2/lib/python3.8/site-packages:/home/f1tenth_ws/install/automatic_braking/lib/python3.8/site-packages:/home/f1tenth_ws/install/ament_uncrustify/lib/python3.8/site-packages:/home/f1tenth_ws/install/ament_pycodestyle/lib/python3.8/site-packages:/home/f1tenth_ws/install/ament_package/lib/python3.8/site-packages:/home/f1tenth_ws/install/ament_lint/lib/python3.8/site-packages:/home/f1tenth_ws/install/ament_cppcheck/lib/python3.8/site-packages:/opt/ros/foxy/lib/python3.8/site-packages _=/usr/bin/env /usr/bin/cmake --build /home/f1tenth_ws/build/vesc_ackermann -- -j8 -l8
[0.200s] -- Found ament_cmake_auto: 0.9.12 (/opt/ros/foxy/share/ament_cmake_auto/cmake)
[0.273s] -- Using PYTHON_EXECUTABLE: /usr/bin/python3
[0.630s] -- Using all available rosidl_typesupport_c: rosidl_typesupport_fastrtps_c;rosidl_typesupport_introspection_c
[0.634s] -- Found rosidl_adapter: 1.3.1 (/opt/ros/foxy/share/rosidl_adapter/cmake)
[0.804s] -- Using all available rosidl_typesupport_cpp: rosidl_typesupport_fastrtps_cpp;rosidl_typesupport_introspection_cpp
[1.063s] -- Found rmw_implementation_cmake: 1.0.4 (/opt/ros/foxy/share/rmw_implementation_cmake/cmake)
[1.065s] -- Using RMW implementation 'rmw_fastrtps_cpp' as default
[1.565s] -- Found ament_lint_auto: 0.9.8 (/opt/ros/foxy/share/ament_lint_auto/cmake)
[1.577s] -- Added test 'copyright' to check source files copyright and LICENSE
[1.579s] -- Added test 'cppcheck' to perform static code analysis on C / C++ code
[1.581s] -- Configured cppcheck include dirs: /home/f1tenth_ws/src/f1tenth_system/vesc/vesc_ackermann/include
[1.583s] -- Configured cppcheck exclude dirs and/or files: 
[1.584s] -- Added test 'cpplint' to check C / C++ code against the Google style
[1.585s] -- Configured cpplint exclude dirs and/or files: 
[1.586s] -- Added test 'lint_cmake' to check CMake code style
[1.588s] -- Added test 'uncrustify' to check C / C++ code style
[1.589s] -- Configured uncrustify additional arguments: 
[1.590s] -- Added test 'xmllint' to check XML markup files
[1.592s] -- Configuring done
[1.627s] -- Generating done
[1.630s] -- Build files have been written to: /home/f1tenth_ws/build/vesc_ackermann
[1.829s] [ 42%] Built target vesc_ackermann
[1.863s] [100%] Built target vesc_to_odom_node
[1.865s] [100%] Built target ackermann_to_vesc_node
[1.924s] Invoked command in '/home/f1tenth_ws/build/vesc_ackermann' returned '0': CMAKE_PREFIX_PATH=/home/f1tenth_ws/install/vesc_msgs:/home/f1tenth_ws/install/vesc:/home/f1tenth_ws/install/vesc_driver:/home/f1tenth_ws/install/vesc_ackermann:/home/f1tenth_ws/install/teleop_tools:/home/f1tenth_ws/install/teleop_tools_msgs:/home/f1tenth_ws/install/ackermann_mux:/home/f1tenth_ws/install/voice_control:/home/f1tenth_ws/install/f1tenth_stack:/home/f1tenth_ws/install/joy_teleop:/home/f1tenth_ws/install/mouse_teleop:/home/f1tenth_ws/install/key_teleop:/home/f1tenth_ws/install/joystick_ros2:/home/f1tenth_ws/install/automatic_braking:/home/f1tenth_ws/install/ament_uncrustify:/home/f1tenth_ws/install/ament_pycodestyle:/home/f1tenth_ws/install/ament_package:/home/f1tenth_ws/install/ament_lint:/home/f1tenth_ws/install/ament_cppcheck:/opt/ros/foxy LD_LIBRARY_PATH=/home/f1tenth_ws/install/vesc_msgs/lib:/home/f1tenth_ws/install/vesc_driver/lib:/home/f1tenth_ws/install/vesc_ackermann/lib:/home/f1tenth_ws/install/teleop_tools_msgs/lib:/opt/ros/foxy/opt/yaml_cpp_vendor/lib:/opt/ros/foxy/opt/rviz_ogre_vendor/lib:/opt/ros/foxy/lib/aarch64-linux-gnu:/opt/ros/foxy/lib PYTHONPATH=/home/f1tenth_ws/install/vesc_msgs/lib/python3.8/site-packages:/home/f1tenth_ws/install/voice_control/lib/python3.8/site-packages:/home/f1tenth_ws/install/f1tenth_stack/lib/python3.8/site-packages:/home/f1tenth_ws/install/joy_teleop/lib/python3.8/site-packages:/home/f1tenth_ws/install/teleop_tools_msgs/lib/python3.8/site-packages:/home/f1tenth_ws/install/mouse_teleop/lib/python3.8/site-packages:/home/f1tenth_ws/install/key_teleop/lib/python3.8/site-packages:/home/f1tenth_ws/install/joystick_ros2/lib/python3.8/site-packages:/home/f1tenth_ws/install/automatic_braking/lib/python3.8/site-packages:/home/f1tenth_ws/install/ament_uncrustify/lib/python3.8/site-packages:/home/f1tenth_ws/install/ament_pycodestyle/lib/python3.8/site-packages:/home/f1tenth_ws/install/ament_package/lib/python3.8/site-packages:/home/f1tenth_ws/install/ament_lint/lib/python3.8/site-packages:/home/f1tenth_ws/install/ament_cppcheck/lib/python3.8/site-packages:/opt/ros/foxy/lib/python3.8/site-packages _=/usr/bin/env /usr/bin/cmake --build /home/f1tenth_ws/build/vesc_ackermann -- -j8 -l8
[2.223s] Invoking command in '/home/f1tenth_ws/build/vesc_ackermann': CMAKE_PREFIX_PATH=/home/f1tenth_ws/install/vesc_msgs:/home/f1tenth_ws/install/vesc:/home/f1tenth_ws/install/vesc_driver:/home/f1tenth_ws/install/vesc_ackermann:/home/f1tenth_ws/install/teleop_tools:/home/f1tenth_ws/install/teleop_tools_msgs:/home/f1tenth_ws/install/ackermann_mux:/home/f1tenth_ws/install/voice_control:/home/f1tenth_ws/install/f1tenth_stack:/home/f1tenth_ws/install/joy_teleop:/home/f1tenth_ws/install/mouse_teleop:/home/f1tenth_ws/install/key_teleop:/home/f1tenth_ws/install/joystick_ros2:/home/f1tenth_ws/install/automatic_braking:/home/f1tenth_ws/install/ament_uncrustify:/home/f1tenth_ws/install/ament_pycodestyle:/home/f1tenth_ws/install/ament_package:/home/f1tenth_ws/install/ament_lint:/home/f1tenth_ws/install/ament_cppcheck:/opt/ros/foxy LD_LIBRARY_PATH=/home/f1tenth_ws/install/vesc_msgs/lib:/home/f1tenth_ws/install/vesc_driver/lib:/home/f1tenth_ws/install/vesc_ackermann/lib:/home/f1tenth_ws/install/teleop_tools_msgs/lib:/opt/ros/foxy/opt/yaml_cpp_vendor/lib:/opt/ros/foxy/opt/rviz_ogre_vendor/lib:/opt/ros/foxy/lib/aarch64-linux-gnu:/opt/ros/foxy/lib PYTHONPATH=/home/f1tenth_ws/install/vesc_msgs/lib/python3.8/site-packages:/home/f1tenth_ws/install/voice_control/lib/python3.8/site-packages:/home/f1tenth_ws/install/f1tenth_stack/lib/python3.8/site-packages:/home/f1tenth_ws/install/joy_teleop/lib/python3.8/site-packages:/home/f1tenth_ws/install/teleop_tools_msgs/lib/python3.8/site-packages:/home/f1tenth_ws/install/mouse_teleop/lib/python3.8/site-packages:/home/f1tenth_ws/install/key_teleop/lib/python3.8/site-packages:/home/f1tenth_ws/install/joystick_ros2/lib/python3.8/site-packages:/home/f1tenth_ws/install/automatic_braking/lib/python3.8/site-packages:/home/f1tenth_ws/install/ament_uncrustify/lib/python3.8/site-packages:/home/f1tenth_ws/install/ament_pycodestyle/lib/python3.8/site-packages:/home/f1tenth_ws/install/ament_package/lib/python3.8/site-packages:/home/f1tenth_ws/install/ament_lint/lib/python3.8/site-packages:/home/f1tenth_ws/install/ament_cppcheck/lib/python3.8/site-packages:/opt/ros/foxy/lib/python3.8/site-packages _=/usr/bin/env /usr/bin/cmake --install /home/f1tenth_ws/build/vesc_ackermann
[2.253s] -- Install configuration: ""
[2.254s] -- Up-to-date: /home/f1tenth_ws/install/vesc_ackermann/lib/vesc_ackermann/ackermann_to_vesc_node
[2.256s] -- Up-to-date: /home/f1tenth_ws/install/vesc_ackermann/lib/vesc_ackermann/vesc_to_odom_node
[2.257s] -- Up-to-date: /home/f1tenth_ws/install/vesc_ackermann/include
[2.258s] -- Up-to-date: /home/f1tenth_ws/install/vesc_ackermann/include/vesc_ackermann
[2.259s] -- Up-to-date: /home/f1tenth_ws/install/vesc_ackermann/include/vesc_ackermann/ackermann_to_vesc.hpp
[2.260s] -- Up-to-date: /home/f1tenth_ws/install/vesc_ackermann/include/vesc_ackermann/vesc_to_odom.hpp
[2.260s] -- Installing: /home/f1tenth_ws/install/vesc_ackermann/share/vesc_ackermann/environment/library_path.sh
[2.261s] -- Installing: /home/f1tenth_ws/install/vesc_ackermann/share/vesc_ackermann/environment/library_path.dsv
[2.262s] -- Up-to-date: /home/f1tenth_ws/install/vesc_ackermann/lib/libvesc_ackermann.so
[2.264s] -- Up-to-date: /home/f1tenth_ws/install/vesc_ackermann/share/vesc_ackermann/launch
[2.266s] -- Up-to-date: /home/f1tenth_ws/install/vesc_ackermann/share/vesc_ackermann/launch/ackermann_to_vesc_node.launch.xml
[2.268s] -- Up-to-date: /home/f1tenth_ws/install/vesc_ackermann/share/vesc_ackermann/launch/vesc_to_odom_node.launch.xml
[2.278s] -- Up-to-date: /home/f1tenth_ws/install/vesc_ackermann/share/ament_index/resource_index/package_run_dependencies/vesc_ackermann
[2.279s] -- Installing: /home/f1tenth_ws/install/vesc_ackermann/share/ament_index/resource_index/parent_prefix_path/vesc_ackermann
[2.280s] -- Up-to-date: /home/f1tenth_ws/install/vesc_ackermann/share/vesc_ackermann/environment/ament_prefix_path.sh
[2.281s] -- Installing: /home/f1tenth_ws/install/vesc_ackermann/share/vesc_ackermann/environment/ament_prefix_path.dsv
[2.282s] -- Up-to-date: /home/f1tenth_ws/install/vesc_ackermann/share/vesc_ackermann/environment/path.sh
[2.283s] -- Installing: /home/f1tenth_ws/install/vesc_ackermann/share/vesc_ackermann/environment/path.dsv
[2.285s] -- Up-to-date: /home/f1tenth_ws/install/vesc_ackermann/share/vesc_ackermann/local_setup.bash
[2.286s] -- Installing: /home/f1tenth_ws/install/vesc_ackermann/share/vesc_ackermann/local_setup.sh
[2.287s] -- Up-to-date: /home/f1tenth_ws/install/vesc_ackermann/share/vesc_ackermann/local_setup.zsh
[2.288s] -- Installing: /home/f1tenth_ws/install/vesc_ackermann/share/vesc_ackermann/local_setup.dsv
[2.289s] -- Installing: /home/f1tenth_ws/install/vesc_ackermann/share/vesc_ackermann/package.dsv
[2.290s] -- Up-to-date: /home/f1tenth_ws/install/vesc_ackermann/share/ament_index/resource_index/packages/vesc_ackermann
[2.292s] -- Up-to-date: /home/f1tenth_ws/install/vesc_ackermann/share/ament_index/resource_index/rclcpp_components/vesc_ackermann
[2.292s] -- Up-to-date: /home/f1tenth_ws/install/vesc_ackermann/share/vesc_ackermann/cmake/ament_cmake_export_dependencies-extras.cmake
[2.293s] -- Up-to-date: /home/f1tenth_ws/install/vesc_ackermann/share/vesc_ackermann/cmake/ament_cmake_export_include_directories-extras.cmake
[2.294s] -- Up-to-date: /home/f1tenth_ws/install/vesc_ackermann/share/vesc_ackermann/cmake/ament_cmake_export_libraries-extras.cmake
[2.294s] -- Up-to-date: /home/f1tenth_ws/install/vesc_ackermann/share/vesc_ackermann/cmake/vesc_ackermannConfig.cmake
[2.295s] -- Up-to-date: /home/f1tenth_ws/install/vesc_ackermann/share/vesc_ackermann/cmake/vesc_ackermannConfig-version.cmake
[2.296s] -- Up-to-date: /home/f1tenth_ws/install/vesc_ackermann/share/vesc_ackermann/package.xml
[2.297s] Invoked command in '/home/f1tenth_ws/build/vesc_ackermann' returned '0': CMAKE_PREFIX_PATH=/home/f1tenth_ws/install/vesc_msgs:/home/f1tenth_ws/install/vesc:/home/f1tenth_ws/install/vesc_driver:/home/f1tenth_ws/install/vesc_ackermann:/home/f1tenth_ws/install/teleop_tools:/home/f1tenth_ws/install/teleop_tools_msgs:/home/f1tenth_ws/install/ackermann_mux:/home/f1tenth_ws/install/voice_control:/home/f1tenth_ws/install/f1tenth_stack:/home/f1tenth_ws/install/joy_teleop:/home/f1tenth_ws/install/mouse_teleop:/home/f1tenth_ws/install/key_teleop:/home/f1tenth_ws/install/joystick_ros2:/home/f1tenth_ws/install/automatic_braking:/home/f1tenth_ws/install/ament_uncrustify:/home/f1tenth_ws/install/ament_pycodestyle:/home/f1tenth_ws/install/ament_package:/home/f1tenth_ws/install/ament_lint:/home/f1tenth_ws/install/ament_cppcheck:/opt/ros/foxy LD_LIBRARY_PATH=/home/f1tenth_ws/install/vesc_msgs/lib:/home/f1tenth_ws/install/vesc_driver/lib:/home/f1tenth_ws/install/vesc_ackermann/lib:/home/f1tenth_ws/install/teleop_tools_msgs/lib:/opt/ros/foxy/opt/yaml_cpp_vendor/lib:/opt/ros/foxy/opt/rviz_ogre_vendor/lib:/opt/ros/foxy/lib/aarch64-linux-gnu:/opt/ros/foxy/lib PYTHONPATH=/home/f1tenth_ws/install/vesc_msgs/lib/python3.8/site-packages:/home/f1tenth_ws/install/voice_control/lib/python3.8/site-packages:/home/f1tenth_ws/install/f1tenth_stack/lib/python3.8/site-packages:/home/f1tenth_ws/install/joy_teleop/lib/python3.8/site-packages:/home/f1tenth_ws/install/teleop_tools_msgs/lib/python3.8/site-packages:/home/f1tenth_ws/install/mouse_teleop/lib/python3.8/site-packages:/home/f1tenth_ws/install/key_teleop/lib/python3.8/site-packages:/home/f1tenth_ws/install/joystick_ros2/lib/python3.8/site-packages:/home/f1tenth_ws/install/automatic_braking/lib/python3.8/site-packages:/home/f1tenth_ws/install/ament_uncrustify/lib/python3.8/site-packages:/home/f1tenth_ws/install/ament_pycodestyle/lib/python3.8/site-packages:/home/f1tenth_ws/install/ament_package/lib/python3.8/site-packages:/home/f1tenth_ws/install/ament_lint/lib/python3.8/site-packages:/home/f1tenth_ws/install/ament_cppcheck/lib/python3.8/site-packages:/opt/ros/foxy/lib/python3.8/site-packages _=/usr/bin/env /usr/bin/cmake --install /home/f1tenth_ws/build/vesc_ackermann
