[2.794s] Invoking command in '/home/f1tenth_ws/src/f1tenth_system/teleop_tools/key_teleop': PYTHONPATH=/home/f1tenth_ws/build/key_teleop/prefix_override:/usr/lib/python3/dist-packages/colcon_core/task/python/colcon_distutils_commands:/home/f1tenth_ws/install/key_teleop/lib/python3.8/site-packages: _=/usr/bin/env /usr/bin/python3 -W ignore:setup.py install is deprecated setup.py egg_info --egg-base ../../../../build/key_teleop build --build-base /home/f1tenth_ws/build/key_teleop/build install --record /home/f1tenth_ws/build/key_teleop/install.log --install-scripts $base/lib/key_teleop --single-version-externally-managed install_data
[2.984s] /usr/local/lib/python3.8/dist-packages/setuptools/dist.py:447: SetuptoolsDeprecationWarning: Invalid dash-separated options
[2.985s] !!
[2.986s] 
[2.987s]         ********************************************************************************
[2.987s]         Usage of dash-separated 'script-dir' will not be supported in future
[2.987s]         versions. Please use the underscore name 'script_dir' instead.
[2.988s] 
[2.989s]         By 2024-Sep-26, you need to update your project and remove deprecated calls
[2.990s]         or your builds will no longer be supported.
[2.996s] 
[2.997s]         See https://setuptools.pypa.io/en/latest/userguide/declarative_config.html for details.
[2.999s]         ********************************************************************************
[3.000s] 
[3.000s] !!
[3.001s]   opt = self.warn_dash_deprecation(opt, section)
[3.006s] /usr/local/lib/python3.8/dist-packages/setuptools/_distutils/dist.py:268: UserWarning: Unknown distribution option: 'tests_require'
[3.007s]   warnings.warn(msg)
[3.083s] running egg_info
[3.097s] writing ../../../../build/key_teleop/key_teleop.egg-info/PKG-INFO
[3.097s] writing dependency_links to ../../../../build/key_teleop/key_teleop.egg-info/dependency_links.txt
[3.099s] writing entry points to ../../../../build/key_teleop/key_teleop.egg-info/entry_points.txt
[3.099s] writing requirements to ../../../../build/key_teleop/key_teleop.egg-info/requires.txt
[3.100s] writing top-level names to ../../../../build/key_teleop/key_teleop.egg-info/top_level.txt
[3.235s] reading manifest file '../../../../build/key_teleop/key_teleop.egg-info/SOURCES.txt'
[3.240s] adding license file 'LICENSE'
[3.241s] writing manifest file '../../../../build/key_teleop/key_teleop.egg-info/SOURCES.txt'
[3.241s] running build
[3.242s] running build_py
[3.242s] copying key_teleop/__init__.py -> /home/f1tenth_ws/build/key_teleop/build/lib/key_teleop
[3.243s] copying key_teleop/key_teleop.py -> /home/f1tenth_ws/build/key_teleop/build/lib/key_teleop
[3.243s] running install
[3.247s] running install_lib
[3.263s] running install_data
[3.264s] copying config/key_teleop.yaml -> /home/f1tenth_ws/install/key_teleop/share/key_teleop/config
[3.264s] running install_egg_info
[3.278s] removing '/home/f1tenth_ws/install/key_teleop/lib/python3.8/site-packages/key_teleop-0.3.0-py3.8.egg-info' (and everything under it)
[3.291s] Copying ../../../../build/key_teleop/key_teleop.egg-info to /home/f1tenth_ws/install/key_teleop/lib/python3.8/site-packages/key_teleop-0.3.0-py3.8.egg-info
[3.296s] running install_scripts
[3.335s] Installing key_teleop script to /home/f1tenth_ws/install/key_teleop/lib/key_teleop
[3.338s] writing list of installed files to '/home/f1tenth_ws/build/key_teleop/install.log'
[3.719s] Invoked command in '/home/f1tenth_ws/src/f1tenth_system/teleop_tools/key_teleop' returned '0': PYTHONPATH=/home/f1tenth_ws/build/key_teleop/prefix_override:/usr/lib/python3/dist-packages/colcon_core/task/python/colcon_distutils_commands:/home/f1tenth_ws/install/key_teleop/lib/python3.8/site-packages: _=/usr/bin/env /usr/bin/python3 -W ignore:setup.py install is deprecated setup.py egg_info --egg-base ../../../../build/key_teleop build --build-base /home/f1tenth_ws/build/key_teleop/build install --record /home/f1tenth_ws/build/key_teleop/install.log --install-scripts $base/lib/key_teleop --single-version-externally-managed install_data
