[2.263s] Invoking command in '/home/f1tenth_ws/build/voice_control': CONDA_PROMPT_MODIFIER=(base) PYTHONPATH=/home/f1tenth_ws/build/voice_control/prefix_override:/usr/lib/python3/dist-packages/colcon_core/task/python/colcon_distutils_commands:/home/f1tenth_ws/install/voice_control/lib/python3.8/site-packages:${PYTHONPATH} _=/usr/bin/env /usr/bin/python3 -W ignore:setup.py install is deprecated setup.py develop --uninstall --editable --build-directory /home/f1tenth_ws/build/voice_control/build
[2.509s] /usr/local/lib/python3.8/dist-packages/setuptools/dist.py:447: SetuptoolsDeprecationWarning: Invalid dash-separated options
[2.509s] !!
[2.511s] 
[2.514s]         ********************************************************************************
[2.515s]         Usage of dash-separated 'script-dir' will not be supported in future
[2.516s]         versions. Please use the underscore name 'script_dir' instead.
[2.517s] 
[2.517s]         This deprecation is overdue, please update your project and remove deprecated
[2.519s]         calls to avoid build errors in the future.
[2.520s] 
[2.520s]         See https://setuptools.pypa.io/en/latest/userguide/declarative_config.html for details.
[2.521s]         ********************************************************************************
[2.522s] 
[2.523s] !!
[2.532s]   opt = self.warn_dash_deprecation(opt, section)
[2.540s] /usr/local/lib/python3.8/dist-packages/setuptools/_distutils/dist.py:268: UserWarning: Unknown distribution option: 'tests_require'
[2.544s]   warnings.warn(msg)
[2.800s] running develop
[2.800s] /usr/local/lib/python3.8/dist-packages/setuptools/command/develop.py:42: EasyInstallDeprecationWarning: easy_install command is deprecated.
[2.801s] !!
[2.801s] 
[2.802s]         ********************************************************************************
[2.802s]         Please avoid running ``setup.py`` and ``easy_install``.
[2.803s]         Instead, use pypa/build, pypa/installer or other
[2.803s]         standards-based tools.
[2.804s] 
[2.804s]         See https://github.com/pypa/setuptools/issues/917 for details.
[2.804s]         ********************************************************************************
[2.805s] 
[2.806s] !!
[2.806s]   easy_install.initialize_options(self)
[3.167s] Removing /home/f1tenth_ws/install/voice_control/lib/python3.8/site-packages/voice-control.egg-link (link to .)
[3.247s] Invoked command in '/home/f1tenth_ws/build/voice_control' returned '0': CONDA_PROMPT_MODIFIER=(base) PYTHONPATH=/home/f1tenth_ws/build/voice_control/prefix_override:/usr/lib/python3/dist-packages/colcon_core/task/python/colcon_distutils_commands:/home/f1tenth_ws/install/voice_control/lib/python3.8/site-packages:${PYTHONPATH} _=/usr/bin/env /usr/bin/python3 -W ignore:setup.py install is deprecated setup.py develop --uninstall --editable --build-directory /home/f1tenth_ws/build/voice_control/build
[3.264s] Invoking command in '/home/f1tenth_ws/src/voice_control': CONDA_PROMPT_MODIFIER=(base) PYTHONPATH=/home/f1tenth_ws/build/voice_control/prefix_override:/usr/lib/python3/dist-packages/colcon_core/task/python/colcon_distutils_commands:/home/f1tenth_ws/install/voice_control/lib/python3.8/site-packages:${PYTHONPATH} _=/usr/bin/env /usr/bin/python3 -W ignore:setup.py install is deprecated setup.py egg_info --egg-base ../../build/voice_control build --build-base /home/f1tenth_ws/build/voice_control/build install --record /home/f1tenth_ws/build/voice_control/install.log --install-scripts $base/lib/voice_control --single-version-externally-managed install_data --force
[3.522s] /usr/local/lib/python3.8/dist-packages/setuptools/dist.py:447: SetuptoolsDeprecationWarning: Invalid dash-separated options
[3.523s] !!
[3.523s] 
[3.524s]         ********************************************************************************
[3.524s]         Usage of dash-separated 'script-dir' will not be supported in future
[3.525s]         versions. Please use the underscore name 'script_dir' instead.
[3.525s] 
[3.526s]         This deprecation is overdue, please update your project and remove deprecated
[3.526s]         calls to avoid build errors in the future.
[3.527s] 
[3.527s]         See https://setuptools.pypa.io/en/latest/userguide/declarative_config.html for details.
[3.528s]         ********************************************************************************
[3.528s] 
[3.530s] !!
[3.530s]   opt = self.warn_dash_deprecation(opt, section)
[3.555s] /usr/local/lib/python3.8/dist-packages/setuptools/_distutils/dist.py:268: UserWarning: Unknown distribution option: 'tests_require'
[3.556s]   warnings.warn(msg)
[3.715s] running egg_info
[3.739s] writing ../../build/voice_control/voice_control.egg-info/PKG-INFO
[3.740s] writing dependency_links to ../../build/voice_control/voice_control.egg-info/dependency_links.txt
[3.741s] writing entry points to ../../build/voice_control/voice_control.egg-info/entry_points.txt
[3.741s] writing requirements to ../../build/voice_control/voice_control.egg-info/requires.txt
[3.742s] writing top-level names to ../../build/voice_control/voice_control.egg-info/top_level.txt
[3.966s] reading manifest file '../../build/voice_control/voice_control.egg-info/SOURCES.txt'
[4.023s] writing manifest file '../../build/voice_control/voice_control.egg-info/SOURCES.txt'
[4.025s] running build
[4.026s] running build_py
[4.027s] copying voice_control/__init__.py -> /home/f1tenth_ws/build/voice_control/build/lib/voice_control
[4.028s] copying voice_control/voice_command_node.py -> /home/f1tenth_ws/build/voice_control/build/lib/voice_control
[4.029s] copying voice_control/to_text.py -> /home/f1tenth_ws/build/voice_control/build/lib/voice_control
[4.031s] running install
[4.032s] running install_lib
[4.037s] copying /home/f1tenth_ws/build/voice_control/build/lib/voice_control/__init__.py -> /home/f1tenth_ws/install/voice_control/lib/python3.8/site-packages/voice_control
[4.038s] copying /home/f1tenth_ws/build/voice_control/build/lib/voice_control/voice_command_node.py -> /home/f1tenth_ws/install/voice_control/lib/python3.8/site-packages/voice_control
[4.038s] copying /home/f1tenth_ws/build/voice_control/build/lib/voice_control/to_text.py -> /home/f1tenth_ws/install/voice_control/lib/python3.8/site-packages/voice_control
[4.038s] byte-compiling /home/f1tenth_ws/install/voice_control/lib/python3.8/site-packages/voice_control/__init__.py to __init__.cpython-38.pyc
[4.039s] byte-compiling /home/f1tenth_ws/install/voice_control/lib/python3.8/site-packages/voice_control/voice_command_node.py to voice_command_node.cpython-38.pyc
[4.039s] byte-compiling /home/f1tenth_ws/install/voice_control/lib/python3.8/site-packages/voice_control/to_text.py to to_text.cpython-38.pyc
[4.040s] running install_data
[4.040s] copying resource/voice_control -> /home/f1tenth_ws/install/voice_control/share/ament_index/resource_index/packages
[4.040s] copying package.xml -> /home/f1tenth_ws/install/voice_control/share/voice_control
[4.041s] running install_egg_info
[4.041s] Copying ../../build/voice_control/voice_control.egg-info to /home/f1tenth_ws/install/voice_control/lib/python3.8/site-packages/voice_control-0.0.0-py3.8.egg-info
[4.042s] running install_scripts
[4.094s] Installing voice_command_node script to /home/f1tenth_ws/install/voice_control/lib/voice_control
[4.095s] writing list of installed files to '/home/f1tenth_ws/build/voice_control/install.log'
[4.164s] Invoked command in '/home/f1tenth_ws/src/voice_control' returned '0': CONDA_PROMPT_MODIFIER=(base) PYTHONPATH=/home/f1tenth_ws/build/voice_control/prefix_override:/usr/lib/python3/dist-packages/colcon_core/task/python/colcon_distutils_commands:/home/f1tenth_ws/install/voice_control/lib/python3.8/site-packages:${PYTHONPATH} _=/usr/bin/env /usr/bin/python3 -W ignore:setup.py install is deprecated setup.py egg_info --egg-base ../../build/voice_control build --build-base /home/f1tenth_ws/build/voice_control/build install --record /home/f1tenth_ws/build/voice_control/install.log --install-scripts $base/lib/voice_control --single-version-externally-managed install_data --force
