[3.038s] Invoking command in '/home/f1tenth_ws/src/voice_control': CONDA_PROMPT_MODIFIER=(base) PYTHONPATH=/home/f1tenth_ws/build/voice_control/prefix_override:/usr/lib/python3/dist-packages/colcon_core/task/python/colcon_distutils_commands:/home/f1tenth_ws/install/voice_control/lib/python3.8/site-packages:${PYTHONPATH} _=/usr/bin/env /usr/bin/python3 -W ignore:setup.py install is deprecated setup.py egg_info --egg-base ../../build/voice_control build --build-base /home/f1tenth_ws/build/voice_control/build install --record /home/f1tenth_ws/build/voice_control/install.log --install-scripts $base/lib/voice_control --single-version-externally-managed install_data
[3.271s] /usr/local/lib/python3.8/dist-packages/setuptools/dist.py:447: SetuptoolsDeprecationWarning: Invalid dash-separated options
[3.272s] !!
[3.272s] 
[3.273s]         ********************************************************************************
[3.273s]         Usage of dash-separated 'script-dir' will not be supported in future
[3.274s]         versions. Please use the underscore name 'script_dir' instead.
[3.277s] 
[3.278s]         This deprecation is overdue, please update your project and remove deprecated
[3.278s]         calls to avoid build errors in the future.
[3.279s] 
[3.279s]         See https://setuptools.pypa.io/en/latest/userguide/declarative_config.html for details.
[3.280s]         ********************************************************************************
[3.281s] 
[3.281s] !!
[3.282s]   opt = self.warn_dash_deprecation(opt, section)
[3.296s] /usr/local/lib/python3.8/dist-packages/setuptools/_distutils/dist.py:268: UserWarning: Unknown distribution option: 'tests_require'
[3.296s]   warnings.warn(msg)
[3.442s] running egg_info
[3.464s] writing ../../build/voice_control/voice_control.egg-info/PKG-INFO
[3.465s] writing dependency_links to ../../build/voice_control/voice_control.egg-info/dependency_links.txt
[3.466s] writing entry points to ../../build/voice_control/voice_control.egg-info/entry_points.txt
[3.466s] writing requirements to ../../build/voice_control/voice_control.egg-info/requires.txt
[3.468s] writing top-level names to ../../build/voice_control/voice_control.egg-info/top_level.txt
[3.647s] reading manifest file '../../build/voice_control/voice_control.egg-info/SOURCES.txt'
[3.648s] writing manifest file '../../build/voice_control/voice_control.egg-info/SOURCES.txt'
[3.649s] running build
[3.650s] running build_py
[3.652s] copying voice_control/__init__.py -> /home/f1tenth_ws/build/voice_control/build/lib/voice_control
[3.655s] copying voice_control/voice_command_node.py -> /home/f1tenth_ws/build/voice_control/build/lib/voice_control
[3.657s] copying voice_control/to_text.py -> /home/f1tenth_ws/build/voice_control/build/lib/voice_control
[3.658s] running install
[3.659s] running install_lib
[3.676s] running install_data
[3.677s] copying resource/voice_control -> /home/f1tenth_ws/install/voice_control/share/ament_index/resource_index/packages
[3.677s] copying package.xml -> /home/f1tenth_ws/install/voice_control/share/voice_control
[3.678s] running install_egg_info
[3.688s] removing '/home/f1tenth_ws/install/voice_control/lib/python3.8/site-packages/voice_control-0.0.0-py3.8.egg-info' (and everything under it)
[3.689s] Copying ../../build/voice_control/voice_control.egg-info to /home/f1tenth_ws/install/voice_control/lib/python3.8/site-packages/voice_control-0.0.0-py3.8.egg-info
[3.690s] running install_scripts
[3.739s] Installing voice_command_node script to /home/f1tenth_ws/install/voice_control/lib/voice_control
[3.740s] writing list of installed files to '/home/f1tenth_ws/build/voice_control/install.log'
[3.780s] Invoked command in '/home/f1tenth_ws/src/voice_control' returned '0': CONDA_PROMPT_MODIFIER=(base) PYTHONPATH=/home/f1tenth_ws/build/voice_control/prefix_override:/usr/lib/python3/dist-packages/colcon_core/task/python/colcon_distutils_commands:/home/f1tenth_ws/install/voice_control/lib/python3.8/site-packages:${PYTHONPATH} _=/usr/bin/env /usr/bin/python3 -W ignore:setup.py install is deprecated setup.py egg_info --egg-base ../../build/voice_control build --build-base /home/f1tenth_ws/build/voice_control/build install --record /home/f1tenth_ws/build/voice_control/install.log --install-scripts $base/lib/voice_control --single-version-externally-managed install_data
