[3.263s] Invoking command in '/home/f1tenth_ws/src/automatic_braking': PYTHONPATH=/home/f1tenth_ws/build/automatic_braking/prefix_override:/usr/lib/python3/dist-packages/colcon_core/task/python/colcon_distutils_commands:/home/f1tenth_ws/install/automatic_braking/lib/python3.8/site-packages:${PYTHONPATH} _=/usr/bin/env /usr/bin/python3 -W ignore:setup.py install is deprecated setup.py egg_info --egg-base ../../build/automatic_braking build --build-base /home/f1tenth_ws/build/automatic_braking/build install --record /home/f1tenth_ws/build/automatic_braking/install.log --install-scripts $base/lib/automatic_braking --single-version-externally-managed install_data
[3.553s] /usr/local/lib/python3.8/dist-packages/setuptools/dist.py:447: SetuptoolsDeprecationWarning: Invalid dash-separated options
[3.554s] !!
[3.555s] 
[3.555s]         ********************************************************************************
[3.556s]         Usage of dash-separated 'script-dir' will not be supported in future
[3.556s]         versions. Please use the underscore name 'script_dir' instead.
[3.557s] 
[3.557s]         By 2024-Sep-26, you need to update your project and remove deprecated calls
[3.557s]         or your builds will no longer be supported.
[3.558s] 
[3.558s]         See https://setuptools.pypa.io/en/latest/userguide/declarative_config.html for details.
[3.559s]         ********************************************************************************
[3.559s] 
[3.559s] !!
[3.560s]   opt = self.warn_dash_deprecation(opt, section)
[3.560s] /usr/local/lib/python3.8/dist-packages/setuptools/_distutils/dist.py:268: UserWarning: Unknown distribution option: 'tests_require'
[3.561s]   warnings.warn(msg)
[3.740s] running egg_info
[3.782s] writing ../../build/automatic_braking/automatic_braking.egg-info/PKG-INFO
[3.783s] writing dependency_links to ../../build/automatic_braking/automatic_braking.egg-info/dependency_links.txt
[3.783s] writing entry points to ../../build/automatic_braking/automatic_braking.egg-info/entry_points.txt
[3.784s] writing requirements to ../../build/automatic_braking/automatic_braking.egg-info/requires.txt
[3.785s] writing top-level names to ../../build/automatic_braking/automatic_braking.egg-info/top_level.txt
[3.982s] reading manifest file '../../build/automatic_braking/automatic_braking.egg-info/SOURCES.txt'
[3.985s] writing manifest file '../../build/automatic_braking/automatic_braking.egg-info/SOURCES.txt'
[3.988s] running build
[3.990s] running build_py
[3.994s] copying automatic_braking/__init__.py -> /home/f1tenth_ws/build/automatic_braking/build/lib/automatic_braking
[3.995s] copying automatic_braking/automatic_braking.py -> /home/f1tenth_ws/build/automatic_braking/build/lib/automatic_braking
[3.996s] copying automatic_braking/__init__.py -> /home/f1tenth_ws/build/automatic_braking/build/lib/automatic_braking
[3.998s] copying automatic_braking/automatic_braking.py -> /home/f1tenth_ws/build/automatic_braking/build/lib/automatic_braking
[3.998s] running install
[3.999s] running install_lib
[4.025s] running install_data
[4.026s] running install_egg_info
[4.061s] removing '/home/f1tenth_ws/install/automatic_braking/lib/python3.8/site-packages/automatic_braking-0.0.0-py3.8.egg-info' (and everything under it)
[4.062s] Copying ../../build/automatic_braking/automatic_braking.egg-info to /home/f1tenth_ws/install/automatic_braking/lib/python3.8/site-packages/automatic_braking-0.0.0-py3.8.egg-info
[4.064s] running install_scripts
[4.120s] Installing automatic_braking script to /home/f1tenth_ws/install/automatic_braking/lib/automatic_braking
[4.121s] writing list of installed files to '/home/f1tenth_ws/build/automatic_braking/install.log'
[4.541s] Invoked command in '/home/f1tenth_ws/src/automatic_braking' returned '0': PYTHONPATH=/home/f1tenth_ws/build/automatic_braking/prefix_override:/usr/lib/python3/dist-packages/colcon_core/task/python/colcon_distutils_commands:/home/f1tenth_ws/install/automatic_braking/lib/python3.8/site-packages:${PYTHONPATH} _=/usr/bin/env /usr/bin/python3 -W ignore:setup.py install is deprecated setup.py egg_info --egg-base ../../build/automatic_braking build --build-base /home/f1tenth_ws/build/automatic_braking/build install --record /home/f1tenth_ws/build/automatic_braking/install.log --install-scripts $base/lib/automatic_braking --single-version-externally-managed install_data
