[4.030s] Invoking command in '/home/f1tenth_ws/build/follow_gap': CONDA_PROMPT_MODIFIER=(base) PYTHONPATH=/home/f1tenth_ws/build/follow_gap/prefix_override:/usr/lib/python3/dist-packages/colcon_core/task/python/colcon_distutils_commands:/home/f1tenth_ws/install/follow_gap/lib/python3.8/site-packages:${PYTHONPATH} _=/usr/bin/env /usr/bin/python3 -W ignore:setup.py install is deprecated setup.py develop --uninstall --editable --build-directory /home/f1tenth_ws/build/follow_gap/build
[4.923s] /usr/local/lib/python3.8/dist-packages/setuptools/dist.py:447: SetuptoolsDeprecationWarning: Invalid dash-separated options
[4.925s] !!
[4.925s] 
[4.926s]         ********************************************************************************
[4.926s]         Usage of dash-separated 'script-dir' will not be supported in future
[4.927s]         versions. Please use the underscore name 'script_dir' instead.
[4.928s] 
[4.928s]         This deprecation is overdue, please update your project and remove deprecated
[4.929s]         calls to avoid build errors in the future.
[4.929s] 
[4.930s]         See https://setuptools.pypa.io/en/latest/userguide/declarative_config.html for details.
[4.930s]         ********************************************************************************
[4.931s] 
[4.932s] !!
[4.932s]   opt = self.warn_dash_deprecation(opt, section)
[4.960s] /usr/local/lib/python3.8/dist-packages/setuptools/_distutils/dist.py:268: UserWarning: Unknown distribution option: 'tests_require'
[4.961s]   warnings.warn(msg)
[5.171s] running develop
[5.173s] /usr/local/lib/python3.8/dist-packages/setuptools/command/develop.py:42: EasyInstallDeprecationWarning: easy_install command is deprecated.
[5.174s] !!
[5.174s] 
[5.175s]         ********************************************************************************
[5.176s]         Please avoid running ``setup.py`` and ``easy_install``.
[5.176s]         Instead, use pypa/build, pypa/installer or other
[5.177s]         standards-based tools.
[5.177s] 
[5.178s]         See https://github.com/pypa/setuptools/issues/917 for details.
[5.178s]         ********************************************************************************
[5.179s] 
[5.180s] !!
[5.180s]   easy_install.initialize_options(self)
[5.440s] Removing /home/f1tenth_ws/install/follow_gap/lib/python3.8/site-packages/follow-gap.egg-link (link to .)
[6.037s] Invoked command in '/home/f1tenth_ws/build/follow_gap' returned '0': CONDA_PROMPT_MODIFIER=(base) PYTHONPATH=/home/f1tenth_ws/build/follow_gap/prefix_override:/usr/lib/python3/dist-packages/colcon_core/task/python/colcon_distutils_commands:/home/f1tenth_ws/install/follow_gap/lib/python3.8/site-packages:${PYTHONPATH} _=/usr/bin/env /usr/bin/python3 -W ignore:setup.py install is deprecated setup.py develop --uninstall --editable --build-directory /home/f1tenth_ws/build/follow_gap/build
[6.051s] Invoking command in '/home/f1tenth_ws/src/follow_gap': CONDA_PROMPT_MODIFIER=(base) PYTHONPATH=/home/f1tenth_ws/build/follow_gap/prefix_override:/usr/lib/python3/dist-packages/colcon_core/task/python/colcon_distutils_commands:/home/f1tenth_ws/install/follow_gap/lib/python3.8/site-packages:${PYTHONPATH} _=/usr/bin/env /usr/bin/python3 -W ignore:setup.py install is deprecated setup.py egg_info --egg-base ../../build/follow_gap build --build-base /home/f1tenth_ws/build/follow_gap/build install --record /home/f1tenth_ws/build/follow_gap/install.log --install-scripts $base/lib/follow_gap --single-version-externally-managed install_data --force
[6.290s] /usr/local/lib/python3.8/dist-packages/setuptools/dist.py:447: SetuptoolsDeprecationWarning: Invalid dash-separated options
[6.291s] !!
[6.291s] 
[6.292s]         ********************************************************************************
[6.292s]         Usage of dash-separated 'script-dir' will not be supported in future
[6.293s]         versions. Please use the underscore name 'script_dir' instead.
[6.293s] 
[6.293s]         This deprecation is overdue, please update your project and remove deprecated
[6.294s]         calls to avoid build errors in the future.
[6.294s] 
[6.295s]         See https://setuptools.pypa.io/en/latest/userguide/declarative_config.html for details.
[6.295s]         ********************************************************************************
[6.296s] 
[6.296s] !!
[6.296s]   opt = self.warn_dash_deprecation(opt, section)
[6.311s] /usr/local/lib/python3.8/dist-packages/setuptools/_distutils/dist.py:268: UserWarning: Unknown distribution option: 'tests_require'
[6.311s]   warnings.warn(msg)
[6.441s] running egg_info
[6.471s] writing ../../build/follow_gap/follow_gap.egg-info/PKG-INFO
[6.474s] writing dependency_links to ../../build/follow_gap/follow_gap.egg-info/dependency_links.txt
[6.474s] writing entry points to ../../build/follow_gap/follow_gap.egg-info/entry_points.txt
[6.475s] writing requirements to ../../build/follow_gap/follow_gap.egg-info/requires.txt
[6.475s] writing top-level names to ../../build/follow_gap/follow_gap.egg-info/top_level.txt
[6.621s] reading manifest file '../../build/follow_gap/follow_gap.egg-info/SOURCES.txt'
[6.625s] writing manifest file '../../build/follow_gap/follow_gap.egg-info/SOURCES.txt'
[6.627s] running build
[6.630s] running build_py
[6.632s] copying follow_gap/__init__.py -> /home/f1tenth_ws/build/follow_gap/build/lib/follow_gap
[6.634s] copying follow_gap/follow_gap.py -> /home/f1tenth_ws/build/follow_gap/build/lib/follow_gap
[6.638s] running install
[6.639s] running install_lib
[6.687s] creating /home/f1tenth_ws/install/follow_gap/lib/python3.8/site-packages/follow_gap
[6.690s] copying /home/f1tenth_ws/build/follow_gap/build/lib/follow_gap/__init__.py -> /home/f1tenth_ws/install/follow_gap/lib/python3.8/site-packages/follow_gap
[6.692s] copying /home/f1tenth_ws/build/follow_gap/build/lib/follow_gap/follow_gap.py -> /home/f1tenth_ws/install/follow_gap/lib/python3.8/site-packages/follow_gap
[6.693s] byte-compiling /home/f1tenth_ws/install/follow_gap/lib/python3.8/site-packages/follow_gap/__init__.py to __init__.cpython-38.pyc
[6.697s] byte-compiling /home/f1tenth_ws/install/follow_gap/lib/python3.8/site-packages/follow_gap/follow_gap.py to follow_gap.cpython-38.pyc
[6.699s] running install_data
[6.701s] copying resource/follow_gap -> /home/f1tenth_ws/install/follow_gap/share/ament_index/resource_index/packages
[6.703s] copying package.xml -> /home/f1tenth_ws/install/follow_gap/share/follow_gap
[6.705s] running install_egg_info
[6.706s] Copying ../../build/follow_gap/follow_gap.egg-info to /home/f1tenth_ws/install/follow_gap/lib/python3.8/site-packages/follow_gap-0.0.0-py3.8.egg-info
[6.708s] running install_scripts
[6.765s] Installing follow_gap script to /home/f1tenth_ws/install/follow_gap/lib/follow_gap
[6.766s] writing list of installed files to '/home/f1tenth_ws/build/follow_gap/install.log'
[7.297s] Invoked command in '/home/f1tenth_ws/src/follow_gap' returned '0': CONDA_PROMPT_MODIFIER=(base) PYTHONPATH=/home/f1tenth_ws/build/follow_gap/prefix_override:/usr/lib/python3/dist-packages/colcon_core/task/python/colcon_distutils_commands:/home/f1tenth_ws/install/follow_gap/lib/python3.8/site-packages:${PYTHONPATH} _=/usr/bin/env /usr/bin/python3 -W ignore:setup.py install is deprecated setup.py egg_info --egg-base ../../build/follow_gap build --build-base /home/f1tenth_ws/build/follow_gap/build install --record /home/f1tenth_ws/build/follow_gap/install.log --install-scripts $base/lib/follow_gap --single-version-externally-managed install_data --force
