[6.219s] Invoking command in '/home/f1tenth_ws/src/follow_gap': PYTHONPATH=/home/f1tenth_ws/src/build/follow_gap/prefix_override:/usr/lib/python3/dist-packages/colcon_core/task/python/colcon_distutils_commands:/home/f1tenth_ws/src/install/follow_gap/lib/python3.8/site-packages:${PYTHONPATH} _=/usr/bin/env /usr/bin/python3 -W ignore:setup.py install is deprecated setup.py egg_info --egg-base ../build/follow_gap build --build-base /home/f1tenth_ws/src/build/follow_gap/build install --record /home/f1tenth_ws/src/build/follow_gap/install.log --install-scripts $base/lib/follow_gap --single-version-externally-managed install_data
[6.692s] /usr/local/lib/python3.8/dist-packages/setuptools/dist.py:447: SetuptoolsDeprecationWarning: Invalid dash-separated options
[6.693s] !!
[6.693s] 
[6.693s]         ********************************************************************************
[6.693s]         Usage of dash-separated 'script-dir' will not be supported in future
[6.693s]         versions. Please use the underscore name 'script_dir' instead.
[6.693s] 
[6.693s]         By 2024-Sep-26, you need to update your project and remove deprecated calls
[6.693s]         or your builds will no longer be supported.
[6.694s] 
[6.694s]         See https://setuptools.pypa.io/en/latest/userguide/declarative_config.html for details.
[6.694s]         ********************************************************************************
[6.694s] 
[6.694s] !!
[6.694s]   opt = self.warn_dash_deprecation(opt, section)
[6.746s] /usr/local/lib/python3.8/dist-packages/setuptools/_distutils/dist.py:268: UserWarning: Unknown distribution option: 'tests_require'
[6.746s]   warnings.warn(msg)
[6.983s] running egg_info
[6.984s] creating ../build/follow_gap/follow_gap.egg-info
[7.027s] writing ../build/follow_gap/follow_gap.egg-info/PKG-INFO
[7.028s] writing dependency_links to ../build/follow_gap/follow_gap.egg-info/dependency_links.txt
[7.032s] writing entry points to ../build/follow_gap/follow_gap.egg-info/entry_points.txt
[7.033s] writing requirements to ../build/follow_gap/follow_gap.egg-info/requires.txt
[7.033s] writing top-level names to ../build/follow_gap/follow_gap.egg-info/top_level.txt
[7.296s] writing manifest file '../build/follow_gap/follow_gap.egg-info/SOURCES.txt'
[7.378s] reading manifest file '../build/follow_gap/follow_gap.egg-info/SOURCES.txt'
[7.379s] writing manifest file '../build/follow_gap/follow_gap.egg-info/SOURCES.txt'
[7.380s] running build
[7.380s] running build_py
[7.380s] creating /home/f1tenth_ws/src/build/follow_gap/build
[7.381s] creating /home/f1tenth_ws/src/build/follow_gap/build/lib
[7.381s] creating /home/f1tenth_ws/src/build/follow_gap/build/lib/follow_gap
[7.382s] copying follow_gap/__init__.py -> /home/f1tenth_ws/src/build/follow_gap/build/lib/follow_gap
[7.382s] copying follow_gap/follow_gap.py -> /home/f1tenth_ws/src/build/follow_gap/build/lib/follow_gap
[7.383s] running install
[7.383s] running install_lib
[7.403s] creating /home/f1tenth_ws/src/install/follow_gap/lib/python3.8/site-packages/follow_gap
[7.403s] copying /home/f1tenth_ws/src/build/follow_gap/build/lib/follow_gap/__init__.py -> /home/f1tenth_ws/src/install/follow_gap/lib/python3.8/site-packages/follow_gap
[7.404s] copying /home/f1tenth_ws/src/build/follow_gap/build/lib/follow_gap/follow_gap.py -> /home/f1tenth_ws/src/install/follow_gap/lib/python3.8/site-packages/follow_gap
[7.404s] byte-compiling /home/f1tenth_ws/src/install/follow_gap/lib/python3.8/site-packages/follow_gap/__init__.py to __init__.cpython-38.pyc
[7.405s] byte-compiling /home/f1tenth_ws/src/install/follow_gap/lib/python3.8/site-packages/follow_gap/follow_gap.py to follow_gap.cpython-38.pyc
[7.408s] running install_data
[7.408s] creating /home/f1tenth_ws/src/install/follow_gap/share/ament_index
[7.409s] creating /home/f1tenth_ws/src/install/follow_gap/share/ament_index/resource_index
[7.409s] creating /home/f1tenth_ws/src/install/follow_gap/share/ament_index/resource_index/packages
[7.414s] copying resource/follow_gap -> /home/f1tenth_ws/src/install/follow_gap/share/ament_index/resource_index/packages
[7.415s] copying package.xml -> /home/f1tenth_ws/src/install/follow_gap/share/follow_gap
[7.415s] running install_egg_info
[7.437s] Copying ../build/follow_gap/follow_gap.egg-info to /home/f1tenth_ws/src/install/follow_gap/lib/python3.8/site-packages/follow_gap-0.0.0-py3.8.egg-info
[7.438s] running install_scripts
[7.584s] Installing follow_gap script to /home/f1tenth_ws/src/install/follow_gap/lib/follow_gap
[7.584s] writing list of installed files to '/home/f1tenth_ws/src/build/follow_gap/install.log'
[7.936s] Invoked command in '/home/f1tenth_ws/src/follow_gap' returned '0': PYTHONPATH=/home/f1tenth_ws/src/build/follow_gap/prefix_override:/usr/lib/python3/dist-packages/colcon_core/task/python/colcon_distutils_commands:/home/f1tenth_ws/src/install/follow_gap/lib/python3.8/site-packages:${PYTHONPATH} _=/usr/bin/env /usr/bin/python3 -W ignore:setup.py install is deprecated setup.py egg_info --egg-base ../build/follow_gap build --build-base /home/f1tenth_ws/src/build/follow_gap/build install --record /home/f1tenth_ws/src/build/follow_gap/install.log --install-scripts $base/lib/follow_gap --single-version-externally-managed install_data
