[2.232s] Invoking command in '/home/f1tenth_ws/src/joystick_ros2': PYTHONPATH=/home/f1tenth_ws/build/joystick_ros2/prefix_override:/usr/lib/python3/dist-packages/colcon_core/task/python/colcon_distutils_commands:/home/f1tenth_ws/install/joystick_ros2/lib/python3.8/site-packages:${PYTHONPATH} _=/usr/bin/env /usr/bin/python3 -W ignore:setup.py install is deprecated setup.py egg_info --egg-base ../../build/joystick_ros2 build --build-base /home/f1tenth_ws/build/joystick_ros2/build install --record /home/f1tenth_ws/build/joystick_ros2/install.log --install-scripts $base/lib/joystick_ros2 --single-version-externally-managed install_data
[2.567s] running egg_info
[2.568s] creating ../../build/joystick_ros2/joystick_ros2.egg-info
[2.568s] writing ../../build/joystick_ros2/joystick_ros2.egg-info/PKG-INFO
[2.569s] writing dependency_links to ../../build/joystick_ros2/joystick_ros2.egg-info/dependency_links.txt
[2.569s] writing entry points to ../../build/joystick_ros2/joystick_ros2.egg-info/entry_points.txt
[2.570s] writing requirements to ../../build/joystick_ros2/joystick_ros2.egg-info/requires.txt
[2.570s] writing top-level names to ../../build/joystick_ros2/joystick_ros2.egg-info/top_level.txt
[2.571s] writing manifest file '../../build/joystick_ros2/joystick_ros2.egg-info/SOURCES.txt'
[2.608s] reading manifest file '../../build/joystick_ros2/joystick_ros2.egg-info/SOURCES.txt'
[2.609s] writing manifest file '../../build/joystick_ros2/joystick_ros2.egg-info/SOURCES.txt'
[2.610s] running build
[2.610s] running build_py
[2.611s] creating /home/f1tenth_ws/build/joystick_ros2/build
[2.612s] creating /home/f1tenth_ws/build/joystick_ros2/build/lib
[2.615s] copying joystick_ros2.py -> /home/f1tenth_ws/build/joystick_ros2/build/lib
[2.616s] copying inputs.py -> /home/f1tenth_ws/build/joystick_ros2/build/lib
[2.616s] running install
[2.617s] running install_lib
[2.617s] copying /home/f1tenth_ws/build/joystick_ros2/build/lib/joystick_ros2.py -> /home/f1tenth_ws/install/joystick_ros2/lib/python3.8/site-packages
[2.618s] copying /home/f1tenth_ws/build/joystick_ros2/build/lib/inputs.py -> /home/f1tenth_ws/install/joystick_ros2/lib/python3.8/site-packages
[2.618s] byte-compiling /home/f1tenth_ws/install/joystick_ros2/lib/python3.8/site-packages/joystick_ros2.py to joystick_ros2.cpython-38.pyc
[2.619s] byte-compiling /home/f1tenth_ws/install/joystick_ros2/lib/python3.8/site-packages/inputs.py to inputs.cpython-38.pyc
[2.636s] running install_data
[2.637s] creating /home/f1tenth_ws/install/joystick_ros2/share/ament_index
[2.637s] creating /home/f1tenth_ws/install/joystick_ros2/share/ament_index/resource_index
[2.638s] creating /home/f1tenth_ws/install/joystick_ros2/share/ament_index/resource_index/packages
[2.638s] copying resource/joystick_ros2 -> /home/f1tenth_ws/install/joystick_ros2/share/ament_index/resource_index/packages
[2.639s] creating /home/f1tenth_ws/install/joystick_ros2/shared
[2.639s] creating /home/f1tenth_ws/install/joystick_ros2/shared/joystick_ros2
[2.640s] copying package.xml -> /home/f1tenth_ws/install/joystick_ros2/shared/joystick_ros2
[2.640s] running install_egg_info
[2.640s] Copying ../../build/joystick_ros2/joystick_ros2.egg-info to /home/f1tenth_ws/install/joystick_ros2/lib/python3.8/site-packages/joystick_ros2-0.0.1-py3.8.egg-info
[2.641s] running install_scripts
[2.663s] Installing joystick_ros2 script to /home/f1tenth_ws/install/joystick_ros2/lib/joystick_ros2
[2.664s] writing list of installed files to '/home/f1tenth_ws/build/joystick_ros2/install.log'
[2.724s] Invoked command in '/home/f1tenth_ws/src/joystick_ros2' returned '0': PYTHONPATH=/home/f1tenth_ws/build/joystick_ros2/prefix_override:/usr/lib/python3/dist-packages/colcon_core/task/python/colcon_distutils_commands:/home/f1tenth_ws/install/joystick_ros2/lib/python3.8/site-packages:${PYTHONPATH} _=/usr/bin/env /usr/bin/python3 -W ignore:setup.py install is deprecated setup.py egg_info --egg-base ../../build/joystick_ros2 build --build-base /home/f1tenth_ws/build/joystick_ros2/build install --record /home/f1tenth_ws/build/joystick_ros2/install.log --install-scripts $base/lib/joystick_ros2 --single-version-externally-managed install_data
