/usr/local/lib/python3.8/dist-packages/setuptools/dist.py:447: SetuptoolsDeprecationWarning: Invalid dash-separated options
!!

        ********************************************************************************
        Usage of dash-separated 'script-dir' will not be supported in future
        versions. Please use the underscore name 'script_dir' instead.

        This deprecation is overdue, please update your project and remove deprecated
        calls to avoid build errors in the future.

        See https://setuptools.pypa.io/en/latest/userguide/declarative_config.html for details.
        ********************************************************************************

!!
  opt = self.warn_dash_deprecation(opt, section)
/usr/local/lib/python3.8/dist-packages/setuptools/_distutils/dist.py:268: UserWarning: Unknown distribution option: 'tests_require'
  warnings.warn(msg)
running develop
/usr/local/lib/python3.8/dist-packages/setuptools/command/develop.py:42: EasyInstallDeprecationWarning: easy_install command is deprecated.
!!

        ********************************************************************************
        Please avoid running ``setup.py`` and ``easy_install``.
        Instead, use pypa/build, pypa/installer or other
        standards-based tools.

        See https://github.com/pypa/setuptools/issues/917 for details.
        ********************************************************************************

!!
  easy_install.initialize_options(self)
Removing /home/f1tenth_ws/install/joy_teleop/lib/python3.8/site-packages/joy-teleop.egg-link (link to .)
/usr/local/lib/python3.8/dist-packages/setuptools/dist.py:447: SetuptoolsDeprecationWarning: Invalid dash-separated options
!!

        ********************************************************************************
        Usage of dash-separated 'script-dir' will not be supported in future
        versions. Please use the underscore name 'script_dir' instead.

        This deprecation is overdue, please update your project and remove deprecated
        calls to avoid build errors in the future.

        See https://setuptools.pypa.io/en/latest/userguide/declarative_config.html for details.
        ********************************************************************************

!!
  opt = self.warn_dash_deprecation(opt, section)
/usr/local/lib/python3.8/dist-packages/setuptools/_distutils/dist.py:268: UserWarning: Unknown distribution option: 'tests_require'
  warnings.warn(msg)
running egg_info
writing ../../../../build/joy_teleop/joy_teleop.egg-info/PKG-INFO
writing dependency_links to ../../../../build/joy_teleop/joy_teleop.egg-info/dependency_links.txt
writing entry points to ../../../../build/joy_teleop/joy_teleop.egg-info/entry_points.txt
writing requirements to ../../../../build/joy_teleop/joy_teleop.egg-info/requires.txt
writing top-level names to ../../../../build/joy_teleop/joy_teleop.egg-info/top_level.txt
reading manifest file '../../../../build/joy_teleop/joy_teleop.egg-info/SOURCES.txt'
writing manifest file '../../../../build/joy_teleop/joy_teleop.egg-info/SOURCES.txt'
running build
running build_py
copying joy_teleop/__init__.py -> /home/f1tenth_ws/build/joy_teleop/build/lib/joy_teleop
copying joy_teleop/incrementer_server.py -> /home/f1tenth_ws/build/joy_teleop/build/lib/joy_teleop
copying joy_teleop/joy_teleop.py -> /home/f1tenth_ws/build/joy_teleop/build/lib/joy_teleop
running install
running install_lib
creating /home/f1tenth_ws/install/joy_teleop/lib/python3.8/site-packages/joy_teleop
copying /home/f1tenth_ws/build/joy_teleop/build/lib/joy_teleop/__init__.py -> /home/f1tenth_ws/install/joy_teleop/lib/python3.8/site-packages/joy_teleop
copying /home/f1tenth_ws/build/joy_teleop/build/lib/joy_teleop/incrementer_server.py -> /home/f1tenth_ws/install/joy_teleop/lib/python3.8/site-packages/joy_teleop
copying /home/f1tenth_ws/build/joy_teleop/build/lib/joy_teleop/joy_teleop.py -> /home/f1tenth_ws/install/joy_teleop/lib/python3.8/site-packages/joy_teleop
byte-compiling /home/f1tenth_ws/install/joy_teleop/lib/python3.8/site-packages/joy_teleop/__init__.py to __init__.cpython-38.pyc
byte-compiling /home/f1tenth_ws/install/joy_teleop/lib/python3.8/site-packages/joy_teleop/incrementer_server.py to incrementer_server.cpython-38.pyc
byte-compiling /home/f1tenth_ws/install/joy_teleop/lib/python3.8/site-packages/joy_teleop/joy_teleop.py to joy_teleop.cpython-38.pyc
running install_data
copying package.xml -> /home/f1tenth_ws/install/joy_teleop/share/joy_teleop
copying config/joy_teleop_example.yaml -> /home/f1tenth_ws/install/joy_teleop/share/joy_teleop/config
copying launch/example.launch.py -> /home/f1tenth_ws/install/joy_teleop/share/joy_teleop/launch
copying resource/joy_teleop -> /home/f1tenth_ws/install/joy_teleop/share/ament_index/resource_index/packages
running install_egg_info
Copying ../../../../build/joy_teleop/joy_teleop.egg-info to /home/f1tenth_ws/install/joy_teleop/lib/python3.8/site-packages/joy_teleop-0.3.0-py3.8.egg-info
running install_scripts
Installing incrementer_server script to /home/f1tenth_ws/install/joy_teleop/lib/joy_teleop
Installing joy_teleop script to /home/f1tenth_ws/install/joy_teleop/lib/joy_teleop
writing list of installed files to '/home/f1tenth_ws/build/joy_teleop/install.log'
