[1.699s] Invoking command in '/home/f1tenth_ws/build/joy_teleop': CMAKE_PREFIX_PATH=/home/f1tenth_ws/install/teleop_tools_msgs:/home/f1tenth_ws/install/vesc:/home/f1tenth_ws/install/vesc_driver:/home/f1tenth_ws/install/vesc_ackermann:/home/f1tenth_ws/install/vesc_msgs:/home/f1tenth_ws/install/teleop_tools:/home/f1tenth_ws/install/ackermann_mux CONDA_PROMPT_MODIFIER=(base) LD_LIBRARY_PATH=/home/f1tenth_ws/install/teleop_tools_msgs/lib:/home/f1tenth_ws/install/vesc_driver/lib:/home/f1tenth_ws/install/vesc_ackermann/lib:/home/f1tenth_ws/install/vesc_msgs/lib:/opt/ros/foxy/opt/yaml_cpp_vendor/lib:/opt/ros/foxy/opt/rviz_ogre_vendor/lib:/opt/ros/foxy/lib/aarch64-linux-gnu:/opt/ros/foxy/lib PYTHONPATH=/home/f1tenth_ws/build/joy_teleop/prefix_override:/usr/lib/python3/dist-packages/colcon_core/task/python/colcon_distutils_commands:/home/f1tenth_ws/install/joy_teleop/lib/python3.8/site-packages:/home/f1tenth_ws/install/teleop_tools_msgs/lib/python3.8/site-packages:/home/f1tenth_ws/build/wall_following:/home/f1tenth_ws/install/wall_following/lib/python3.8/site-packages:/home/f1tenth_ws/build/voice_control:/home/f1tenth_ws/install/voice_control/lib/python3.8/site-packages:/home/f1tenth_ws/build/f1tenth_stack:/home/f1tenth_ws/install/f1tenth_stack/lib/python3.8/site-packages:/home/f1tenth_ws/install/vesc_msgs/lib/python3.8/site-packages:/home/f1tenth_ws/build/joy_teleop:/home/f1tenth_ws/install/joy_teleop/lib/python3.8/site-packages:/home/f1tenth_ws/build/person_follow:/home/f1tenth_ws/install/person_follow/lib/python3.8/site-packages:/home/f1tenth_ws/build/mouse_teleop:/home/f1tenth_ws/install/mouse_teleop/lib/python3.8/site-packages:/home/f1tenth_ws/build/key_teleop:/home/f1tenth_ws/install/key_teleop/lib/python3.8/site-packages:/home/f1tenth_ws/build/joystick_ros2:/home/f1tenth_ws/install/joystick_ros2/lib/python3.8/site-packages:/home/f1tenth_ws/build/follow_gap:/home/f1tenth_ws/install/follow_gap/lib/python3.8/site-packages:/home/f1tenth_ws/build/automatic_braking:/home/f1tenth_ws/install/automatic_braking/lib/python3.8/site-packages:/home/f1tenth_ws/install/ament_uncrustify/lib/python3.8/site-packages:/home/f1tenth_ws/install/ament_pycodestyle/lib/python3.8/site-packages:/home/f1tenth_ws/install/ament_package/lib/python3.8/site-packages:/home/f1tenth_ws/install/ament_lint/lib/python3.8/site-packages:/home/f1tenth_ws/install/ament_cppcheck/lib/python3.8/site-packages:/opt/ros/foxy/lib/python3.8/site-packages _=/usr/bin/env /usr/bin/python3 -W ignore:setup.py install is deprecated setup.py develop --uninstall --editable --build-directory /home/f1tenth_ws/build/joy_teleop/build
[2.094s] /usr/local/lib/python3.8/dist-packages/setuptools/dist.py:447: SetuptoolsDeprecationWarning: Invalid dash-separated options
[2.095s] !!
[2.096s] 
[2.096s]         ********************************************************************************
[2.096s]         Usage of dash-separated 'script-dir' will not be supported in future
[2.097s]         versions. Please use the underscore name 'script_dir' instead.
[2.097s] 
[2.098s]         This deprecation is overdue, please update your project and remove deprecated
[2.098s]         calls to avoid build errors in the future.
[2.098s] 
[2.099s]         See https://setuptools.pypa.io/en/latest/userguide/declarative_config.html for details.
[2.099s]         ********************************************************************************
[2.100s] 
[2.100s] !!
[2.100s]   opt = self.warn_dash_deprecation(opt, section)
[2.120s] /usr/local/lib/python3.8/dist-packages/setuptools/_distutils/dist.py:268: UserWarning: Unknown distribution option: 'tests_require'
[2.121s]   warnings.warn(msg)
[2.368s] running develop
[2.371s] /usr/local/lib/python3.8/dist-packages/setuptools/command/develop.py:42: EasyInstallDeprecationWarning: easy_install command is deprecated.
[2.371s] !!
[2.372s] 
[2.372s]         ********************************************************************************
[2.373s]         Please avoid running ``setup.py`` and ``easy_install``.
[2.373s]         Instead, use pypa/build, pypa/installer or other
[2.373s]         standards-based tools.
[2.374s] 
[2.374s]         See https://github.com/pypa/setuptools/issues/917 for details.
[2.375s]         ********************************************************************************
[2.375s] 
[2.375s] !!
[2.376s]   easy_install.initialize_options(self)
[2.681s] Removing /home/f1tenth_ws/install/joy_teleop/lib/python3.8/site-packages/joy-teleop.egg-link (link to .)
[2.800s] Invoked command in '/home/f1tenth_ws/build/joy_teleop' returned '0': CMAKE_PREFIX_PATH=/home/f1tenth_ws/install/teleop_tools_msgs:/home/f1tenth_ws/install/vesc:/home/f1tenth_ws/install/vesc_driver:/home/f1tenth_ws/install/vesc_ackermann:/home/f1tenth_ws/install/vesc_msgs:/home/f1tenth_ws/install/teleop_tools:/home/f1tenth_ws/install/ackermann_mux CONDA_PROMPT_MODIFIER=(base) LD_LIBRARY_PATH=/home/f1tenth_ws/install/teleop_tools_msgs/lib:/home/f1tenth_ws/install/vesc_driver/lib:/home/f1tenth_ws/install/vesc_ackermann/lib:/home/f1tenth_ws/install/vesc_msgs/lib:/opt/ros/foxy/opt/yaml_cpp_vendor/lib:/opt/ros/foxy/opt/rviz_ogre_vendor/lib:/opt/ros/foxy/lib/aarch64-linux-gnu:/opt/ros/foxy/lib PYTHONPATH=/home/f1tenth_ws/build/joy_teleop/prefix_override:/usr/lib/python3/dist-packages/colcon_core/task/python/colcon_distutils_commands:/home/f1tenth_ws/install/joy_teleop/lib/python3.8/site-packages:/home/f1tenth_ws/install/teleop_tools_msgs/lib/python3.8/site-packages:/home/f1tenth_ws/build/wall_following:/home/f1tenth_ws/install/wall_following/lib/python3.8/site-packages:/home/f1tenth_ws/build/voice_control:/home/f1tenth_ws/install/voice_control/lib/python3.8/site-packages:/home/f1tenth_ws/build/f1tenth_stack:/home/f1tenth_ws/install/f1tenth_stack/lib/python3.8/site-packages:/home/f1tenth_ws/install/vesc_msgs/lib/python3.8/site-packages:/home/f1tenth_ws/build/joy_teleop:/home/f1tenth_ws/install/joy_teleop/lib/python3.8/site-packages:/home/f1tenth_ws/build/person_follow:/home/f1tenth_ws/install/person_follow/lib/python3.8/site-packages:/home/f1tenth_ws/build/mouse_teleop:/home/f1tenth_ws/install/mouse_teleop/lib/python3.8/site-packages:/home/f1tenth_ws/build/key_teleop:/home/f1tenth_ws/install/key_teleop/lib/python3.8/site-packages:/home/f1tenth_ws/build/joystick_ros2:/home/f1tenth_ws/install/joystick_ros2/lib/python3.8/site-packages:/home/f1tenth_ws/build/follow_gap:/home/f1tenth_ws/install/follow_gap/lib/python3.8/site-packages:/home/f1tenth_ws/build/automatic_braking:/home/f1tenth_ws/install/automatic_braking/lib/python3.8/site-packages:/home/f1tenth_ws/install/ament_uncrustify/lib/python3.8/site-packages:/home/f1tenth_ws/install/ament_pycodestyle/lib/python3.8/site-packages:/home/f1tenth_ws/install/ament_package/lib/python3.8/site-packages:/home/f1tenth_ws/install/ament_lint/lib/python3.8/site-packages:/home/f1tenth_ws/install/ament_cppcheck/lib/python3.8/site-packages:/opt/ros/foxy/lib/python3.8/site-packages _=/usr/bin/env /usr/bin/python3 -W ignore:setup.py install is deprecated setup.py develop --uninstall --editable --build-directory /home/f1tenth_ws/build/joy_teleop/build
[2.803s] Invoking command in '/home/f1tenth_ws/src/f1tenth_system/teleop_tools/joy_teleop': CMAKE_PREFIX_PATH=/home/f1tenth_ws/install/teleop_tools_msgs:/home/f1tenth_ws/install/vesc:/home/f1tenth_ws/install/vesc_driver:/home/f1tenth_ws/install/vesc_ackermann:/home/f1tenth_ws/install/vesc_msgs:/home/f1tenth_ws/install/teleop_tools:/home/f1tenth_ws/install/ackermann_mux CONDA_PROMPT_MODIFIER=(base) LD_LIBRARY_PATH=/home/f1tenth_ws/install/teleop_tools_msgs/lib:/home/f1tenth_ws/install/vesc_driver/lib:/home/f1tenth_ws/install/vesc_ackermann/lib:/home/f1tenth_ws/install/vesc_msgs/lib:/opt/ros/foxy/opt/yaml_cpp_vendor/lib:/opt/ros/foxy/opt/rviz_ogre_vendor/lib:/opt/ros/foxy/lib/aarch64-linux-gnu:/opt/ros/foxy/lib PYTHONPATH=/home/f1tenth_ws/build/joy_teleop/prefix_override:/usr/lib/python3/dist-packages/colcon_core/task/python/colcon_distutils_commands:/home/f1tenth_ws/install/joy_teleop/lib/python3.8/site-packages:/home/f1tenth_ws/install/teleop_tools_msgs/lib/python3.8/site-packages:/home/f1tenth_ws/build/wall_following:/home/f1tenth_ws/install/wall_following/lib/python3.8/site-packages:/home/f1tenth_ws/build/voice_control:/home/f1tenth_ws/install/voice_control/lib/python3.8/site-packages:/home/f1tenth_ws/build/f1tenth_stack:/home/f1tenth_ws/install/f1tenth_stack/lib/python3.8/site-packages:/home/f1tenth_ws/install/vesc_msgs/lib/python3.8/site-packages:/home/f1tenth_ws/build/joy_teleop:/home/f1tenth_ws/install/joy_teleop/lib/python3.8/site-packages:/home/f1tenth_ws/build/person_follow:/home/f1tenth_ws/install/person_follow/lib/python3.8/site-packages:/home/f1tenth_ws/build/mouse_teleop:/home/f1tenth_ws/install/mouse_teleop/lib/python3.8/site-packages:/home/f1tenth_ws/build/key_teleop:/home/f1tenth_ws/install/key_teleop/lib/python3.8/site-packages:/home/f1tenth_ws/build/joystick_ros2:/home/f1tenth_ws/install/joystick_ros2/lib/python3.8/site-packages:/home/f1tenth_ws/build/follow_gap:/home/f1tenth_ws/install/follow_gap/lib/python3.8/site-packages:/home/f1tenth_ws/build/automatic_braking:/home/f1tenth_ws/install/automatic_braking/lib/python3.8/site-packages:/home/f1tenth_ws/install/ament_uncrustify/lib/python3.8/site-packages:/home/f1tenth_ws/install/ament_pycodestyle/lib/python3.8/site-packages:/home/f1tenth_ws/install/ament_package/lib/python3.8/site-packages:/home/f1tenth_ws/install/ament_lint/lib/python3.8/site-packages:/home/f1tenth_ws/install/ament_cppcheck/lib/python3.8/site-packages:/opt/ros/foxy/lib/python3.8/site-packages _=/usr/bin/env /usr/bin/python3 -W ignore:setup.py install is deprecated setup.py egg_info --egg-base ../../../../build/joy_teleop build --build-base /home/f1tenth_ws/build/joy_teleop/build install --record /home/f1tenth_ws/build/joy_teleop/install.log --install-scripts $base/lib/joy_teleop --single-version-externally-managed install_data --force
[3.109s] /usr/local/lib/python3.8/dist-packages/setuptools/dist.py:447: SetuptoolsDeprecationWarning: Invalid dash-separated options
[3.110s] !!
[3.111s] 
[3.112s]         ********************************************************************************
[3.113s]         Usage of dash-separated 'script-dir' will not be supported in future
[3.114s]         versions. Please use the underscore name 'script_dir' instead.
[3.115s] 
[3.116s]         This deprecation is overdue, please update your project and remove deprecated
[3.118s]         calls to avoid build errors in the future.
[3.119s] 
[3.120s]         See https://setuptools.pypa.io/en/latest/userguide/declarative_config.html for details.
[3.121s]         ********************************************************************************
[3.122s] 
[3.124s] !!
[3.125s]   opt = self.warn_dash_deprecation(opt, section)
[3.133s] /usr/local/lib/python3.8/dist-packages/setuptools/_distutils/dist.py:268: UserWarning: Unknown distribution option: 'tests_require'
[3.134s]   warnings.warn(msg)
[3.285s] running egg_info
[3.308s] writing ../../../../build/joy_teleop/joy_teleop.egg-info/PKG-INFO
[3.310s] writing dependency_links to ../../../../build/joy_teleop/joy_teleop.egg-info/dependency_links.txt
[3.311s] writing entry points to ../../../../build/joy_teleop/joy_teleop.egg-info/entry_points.txt
[3.313s] writing requirements to ../../../../build/joy_teleop/joy_teleop.egg-info/requires.txt
[3.314s] writing top-level names to ../../../../build/joy_teleop/joy_teleop.egg-info/top_level.txt
[3.468s] reading manifest file '../../../../build/joy_teleop/joy_teleop.egg-info/SOURCES.txt'
[3.469s] writing manifest file '../../../../build/joy_teleop/joy_teleop.egg-info/SOURCES.txt'
[3.469s] running build
[3.469s] running build_py
[3.470s] copying joy_teleop/__init__.py -> /home/f1tenth_ws/build/joy_teleop/build/lib/joy_teleop
[3.470s] copying joy_teleop/incrementer_server.py -> /home/f1tenth_ws/build/joy_teleop/build/lib/joy_teleop
[3.471s] copying joy_teleop/joy_teleop.py -> /home/f1tenth_ws/build/joy_teleop/build/lib/joy_teleop
[3.471s] running install
[3.476s] running install_lib
[3.494s] creating /home/f1tenth_ws/install/joy_teleop/lib/python3.8/site-packages/joy_teleop
[3.495s] copying /home/f1tenth_ws/build/joy_teleop/build/lib/joy_teleop/__init__.py -> /home/f1tenth_ws/install/joy_teleop/lib/python3.8/site-packages/joy_teleop
[3.499s] copying /home/f1tenth_ws/build/joy_teleop/build/lib/joy_teleop/incrementer_server.py -> /home/f1tenth_ws/install/joy_teleop/lib/python3.8/site-packages/joy_teleop
[3.500s] copying /home/f1tenth_ws/build/joy_teleop/build/lib/joy_teleop/joy_teleop.py -> /home/f1tenth_ws/install/joy_teleop/lib/python3.8/site-packages/joy_teleop
[3.501s] byte-compiling /home/f1tenth_ws/install/joy_teleop/lib/python3.8/site-packages/joy_teleop/__init__.py to __init__.cpython-38.pyc
[3.502s] byte-compiling /home/f1tenth_ws/install/joy_teleop/lib/python3.8/site-packages/joy_teleop/incrementer_server.py to incrementer_server.cpython-38.pyc
[3.503s] byte-compiling /home/f1tenth_ws/install/joy_teleop/lib/python3.8/site-packages/joy_teleop/joy_teleop.py to joy_teleop.cpython-38.pyc
[3.505s] running install_data
[3.506s] copying package.xml -> /home/f1tenth_ws/install/joy_teleop/share/joy_teleop
[3.507s] copying config/joy_teleop_example.yaml -> /home/f1tenth_ws/install/joy_teleop/share/joy_teleop/config
[3.508s] copying launch/example.launch.py -> /home/f1tenth_ws/install/joy_teleop/share/joy_teleop/launch
[3.510s] copying resource/joy_teleop -> /home/f1tenth_ws/install/joy_teleop/share/ament_index/resource_index/packages
[3.510s] running install_egg_info
[3.519s] Copying ../../../../build/joy_teleop/joy_teleop.egg-info to /home/f1tenth_ws/install/joy_teleop/lib/python3.8/site-packages/joy_teleop-0.3.0-py3.8.egg-info
[3.521s] running install_scripts
[3.570s] Installing incrementer_server script to /home/f1tenth_ws/install/joy_teleop/lib/joy_teleop
[3.572s] Installing joy_teleop script to /home/f1tenth_ws/install/joy_teleop/lib/joy_teleop
[3.573s] writing list of installed files to '/home/f1tenth_ws/build/joy_teleop/install.log'
[3.626s] Invoked command in '/home/f1tenth_ws/src/f1tenth_system/teleop_tools/joy_teleop' returned '0': CMAKE_PREFIX_PATH=/home/f1tenth_ws/install/teleop_tools_msgs:/home/f1tenth_ws/install/vesc:/home/f1tenth_ws/install/vesc_driver:/home/f1tenth_ws/install/vesc_ackermann:/home/f1tenth_ws/install/vesc_msgs:/home/f1tenth_ws/install/teleop_tools:/home/f1tenth_ws/install/ackermann_mux CONDA_PROMPT_MODIFIER=(base) LD_LIBRARY_PATH=/home/f1tenth_ws/install/teleop_tools_msgs/lib:/home/f1tenth_ws/install/vesc_driver/lib:/home/f1tenth_ws/install/vesc_ackermann/lib:/home/f1tenth_ws/install/vesc_msgs/lib:/opt/ros/foxy/opt/yaml_cpp_vendor/lib:/opt/ros/foxy/opt/rviz_ogre_vendor/lib:/opt/ros/foxy/lib/aarch64-linux-gnu:/opt/ros/foxy/lib PYTHONPATH=/home/f1tenth_ws/build/joy_teleop/prefix_override:/usr/lib/python3/dist-packages/colcon_core/task/python/colcon_distutils_commands:/home/f1tenth_ws/install/joy_teleop/lib/python3.8/site-packages:/home/f1tenth_ws/install/teleop_tools_msgs/lib/python3.8/site-packages:/home/f1tenth_ws/build/wall_following:/home/f1tenth_ws/install/wall_following/lib/python3.8/site-packages:/home/f1tenth_ws/build/voice_control:/home/f1tenth_ws/install/voice_control/lib/python3.8/site-packages:/home/f1tenth_ws/build/f1tenth_stack:/home/f1tenth_ws/install/f1tenth_stack/lib/python3.8/site-packages:/home/f1tenth_ws/install/vesc_msgs/lib/python3.8/site-packages:/home/f1tenth_ws/build/joy_teleop:/home/f1tenth_ws/install/joy_teleop/lib/python3.8/site-packages:/home/f1tenth_ws/build/person_follow:/home/f1tenth_ws/install/person_follow/lib/python3.8/site-packages:/home/f1tenth_ws/build/mouse_teleop:/home/f1tenth_ws/install/mouse_teleop/lib/python3.8/site-packages:/home/f1tenth_ws/build/key_teleop:/home/f1tenth_ws/install/key_teleop/lib/python3.8/site-packages:/home/f1tenth_ws/build/joystick_ros2:/home/f1tenth_ws/install/joystick_ros2/lib/python3.8/site-packages:/home/f1tenth_ws/build/follow_gap:/home/f1tenth_ws/install/follow_gap/lib/python3.8/site-packages:/home/f1tenth_ws/build/automatic_braking:/home/f1tenth_ws/install/automatic_braking/lib/python3.8/site-packages:/home/f1tenth_ws/install/ament_uncrustify/lib/python3.8/site-packages:/home/f1tenth_ws/install/ament_pycodestyle/lib/python3.8/site-packages:/home/f1tenth_ws/install/ament_package/lib/python3.8/site-packages:/home/f1tenth_ws/install/ament_lint/lib/python3.8/site-packages:/home/f1tenth_ws/install/ament_cppcheck/lib/python3.8/site-packages:/opt/ros/foxy/lib/python3.8/site-packages _=/usr/bin/env /usr/bin/python3 -W ignore:setup.py install is deprecated setup.py egg_info --egg-base ../../../../build/joy_teleop build --build-base /home/f1tenth_ws/build/joy_teleop/build install --record /home/f1tenth_ws/build/joy_teleop/install.log --install-scripts $base/lib/joy_teleop --single-version-externally-managed install_data --force
