[2.518s] Invoking command in '/home/f1tenth_ws/src/f1tenth_system/teleop_tools/joy_teleop': CMAKE_PREFIX_PATH=/home/f1tenth_ws/install/teleop_tools_msgs:/home/f1tenth_ws/install/vesc:/home/f1tenth_ws/install/vesc_driver:/home/f1tenth_ws/install/vesc_ackermann:/home/f1tenth_ws/install/vesc_msgs:/home/f1tenth_ws/install/teleop_tools:/home/f1tenth_ws/install/ackermann_mux LD_LIBRARY_PATH=/home/f1tenth_ws/install/teleop_tools_msgs/lib:/home/f1tenth_ws/install/vesc_driver/lib:/home/f1tenth_ws/install/vesc_ackermann/lib:/home/f1tenth_ws/install/vesc_msgs/lib:/opt/ros/foxy/opt/yaml_cpp_vendor/lib:/opt/ros/foxy/opt/rviz_ogre_vendor/lib:/opt/ros/foxy/lib/aarch64-linux-gnu:/opt/ros/foxy/lib PYTHONPATH=/home/f1tenth_ws/build/joy_teleop/prefix_override:/usr/lib/python3/dist-packages/colcon_core/task/python/colcon_distutils_commands:/home/f1tenth_ws/install/joy_teleop/lib/python3.8/site-packages:/home/f1tenth_ws/install/teleop_tools_msgs/lib/python3.8/site-packages:/home/f1tenth_ws/install/wall_following/lib/python3.8/site-packages:/home/f1tenth_ws/install/voice_control/lib/python3.8/site-packages:/home/f1tenth_ws/install/f1tenth_stack/lib/python3.8/site-packages:/home/f1tenth_ws/install/vesc_msgs/lib/python3.8/site-packages:/home/f1tenth_ws/install/joy_teleop/lib/python3.8/site-packages:/home/f1tenth_ws/install/person_follow/lib/python3.8/site-packages:/home/f1tenth_ws/install/mouse_teleop/lib/python3.8/site-packages:/home/f1tenth_ws/install/key_teleop/lib/python3.8/site-packages:/home/f1tenth_ws/install/joystick_ros2/lib/python3.8/site-packages:/home/f1tenth_ws/install/automatic_braking/lib/python3.8/site-packages:/home/f1tenth_ws/install/ament_uncrustify/lib/python3.8/site-packages:/home/f1tenth_ws/install/ament_pycodestyle/lib/python3.8/site-packages:/home/f1tenth_ws/install/ament_package/lib/python3.8/site-packages:/home/f1tenth_ws/install/ament_lint/lib/python3.8/site-packages:/home/f1tenth_ws/install/ament_cppcheck/lib/python3.8/site-packages:/opt/ros/foxy/lib/python3.8/site-packages _=/usr/bin/env /usr/bin/python3 -W ignore:setup.py install is deprecated setup.py egg_info --egg-base ../../../../build/joy_teleop build --build-base /home/f1tenth_ws/build/joy_teleop/build install --record /home/f1tenth_ws/build/joy_teleop/install.log --install-scripts $base/lib/joy_teleop --single-version-externally-managed install_data
[2.777s] /usr/local/lib/python3.8/dist-packages/setuptools/dist.py:447: SetuptoolsDeprecationWarning: Invalid dash-separated options
[2.780s] !!
[2.781s] 
[2.781s]         ********************************************************************************
[2.782s]         Usage of dash-separated 'script-dir' will not be supported in future
[2.782s]         versions. Please use the underscore name 'script_dir' instead.
[2.783s] 
[2.784s]         By 2024-Sep-26, you need to update your project and remove deprecated calls
[2.784s]         or your builds will no longer be supported.
[2.785s] 
[2.785s]         See https://setuptools.pypa.io/en/latest/userguide/declarative_config.html for details.
[2.786s]         ********************************************************************************
[2.787s] 
[2.787s] !!
[2.788s]   opt = self.warn_dash_deprecation(opt, section)
[2.789s] /usr/local/lib/python3.8/dist-packages/setuptools/_distutils/dist.py:268: UserWarning: Unknown distribution option: 'tests_require'
[2.789s]   warnings.warn(msg)
[2.904s] running egg_info
[2.921s] writing ../../../../build/joy_teleop/joy_teleop.egg-info/PKG-INFO
[2.922s] writing dependency_links to ../../../../build/joy_teleop/joy_teleop.egg-info/dependency_links.txt
[2.922s] writing entry points to ../../../../build/joy_teleop/joy_teleop.egg-info/entry_points.txt
[2.924s] writing requirements to ../../../../build/joy_teleop/joy_teleop.egg-info/requires.txt
[2.926s] writing top-level names to ../../../../build/joy_teleop/joy_teleop.egg-info/top_level.txt
[3.072s] reading manifest file '../../../../build/joy_teleop/joy_teleop.egg-info/SOURCES.txt'
[3.072s] writing manifest file '../../../../build/joy_teleop/joy_teleop.egg-info/SOURCES.txt'
[3.076s] running build
[3.077s] running build_py
[3.077s] copying joy_teleop/__init__.py -> /home/f1tenth_ws/build/joy_teleop/build/lib/joy_teleop
[3.078s] copying joy_teleop/incrementer_server.py -> /home/f1tenth_ws/build/joy_teleop/build/lib/joy_teleop
[3.079s] copying joy_teleop/joy_teleop.py -> /home/f1tenth_ws/build/joy_teleop/build/lib/joy_teleop
[3.079s] running install
[3.082s] running install_lib
[3.110s] running install_data
[3.111s] copying package.xml -> /home/f1tenth_ws/install/joy_teleop/share/joy_teleop
[3.111s] copying config/joy_teleop_example.yaml -> /home/f1tenth_ws/install/joy_teleop/share/joy_teleop/config
[3.114s] copying launch/example.launch.py -> /home/f1tenth_ws/install/joy_teleop/share/joy_teleop/launch
[3.114s] copying resource/joy_teleop -> /home/f1tenth_ws/install/joy_teleop/share/ament_index/resource_index/packages
[3.115s] running install_egg_info
[3.120s] removing '/home/f1tenth_ws/install/joy_teleop/lib/python3.8/site-packages/joy_teleop-0.3.0-py3.8.egg-info' (and everything under it)
[3.121s] Copying ../../../../build/joy_teleop/joy_teleop.egg-info to /home/f1tenth_ws/install/joy_teleop/lib/python3.8/site-packages/joy_teleop-0.3.0-py3.8.egg-info
[3.124s] running install_scripts
[3.172s] Installing incrementer_server script to /home/f1tenth_ws/install/joy_teleop/lib/joy_teleop
[3.173s] Installing joy_teleop script to /home/f1tenth_ws/install/joy_teleop/lib/joy_teleop
[3.175s] writing list of installed files to '/home/f1tenth_ws/build/joy_teleop/install.log'
[3.235s] Invoked command in '/home/f1tenth_ws/src/f1tenth_system/teleop_tools/joy_teleop' returned '0': CMAKE_PREFIX_PATH=/home/f1tenth_ws/install/teleop_tools_msgs:/home/f1tenth_ws/install/vesc:/home/f1tenth_ws/install/vesc_driver:/home/f1tenth_ws/install/vesc_ackermann:/home/f1tenth_ws/install/vesc_msgs:/home/f1tenth_ws/install/teleop_tools:/home/f1tenth_ws/install/ackermann_mux LD_LIBRARY_PATH=/home/f1tenth_ws/install/teleop_tools_msgs/lib:/home/f1tenth_ws/install/vesc_driver/lib:/home/f1tenth_ws/install/vesc_ackermann/lib:/home/f1tenth_ws/install/vesc_msgs/lib:/opt/ros/foxy/opt/yaml_cpp_vendor/lib:/opt/ros/foxy/opt/rviz_ogre_vendor/lib:/opt/ros/foxy/lib/aarch64-linux-gnu:/opt/ros/foxy/lib PYTHONPATH=/home/f1tenth_ws/build/joy_teleop/prefix_override:/usr/lib/python3/dist-packages/colcon_core/task/python/colcon_distutils_commands:/home/f1tenth_ws/install/joy_teleop/lib/python3.8/site-packages:/home/f1tenth_ws/install/teleop_tools_msgs/lib/python3.8/site-packages:/home/f1tenth_ws/install/wall_following/lib/python3.8/site-packages:/home/f1tenth_ws/install/voice_control/lib/python3.8/site-packages:/home/f1tenth_ws/install/f1tenth_stack/lib/python3.8/site-packages:/home/f1tenth_ws/install/vesc_msgs/lib/python3.8/site-packages:/home/f1tenth_ws/install/joy_teleop/lib/python3.8/site-packages:/home/f1tenth_ws/install/person_follow/lib/python3.8/site-packages:/home/f1tenth_ws/install/mouse_teleop/lib/python3.8/site-packages:/home/f1tenth_ws/install/key_teleop/lib/python3.8/site-packages:/home/f1tenth_ws/install/joystick_ros2/lib/python3.8/site-packages:/home/f1tenth_ws/install/automatic_braking/lib/python3.8/site-packages:/home/f1tenth_ws/install/ament_uncrustify/lib/python3.8/site-packages:/home/f1tenth_ws/install/ament_pycodestyle/lib/python3.8/site-packages:/home/f1tenth_ws/install/ament_package/lib/python3.8/site-packages:/home/f1tenth_ws/install/ament_lint/lib/python3.8/site-packages:/home/f1tenth_ws/install/ament_cppcheck/lib/python3.8/site-packages:/opt/ros/foxy/lib/python3.8/site-packages _=/usr/bin/env /usr/bin/python3 -W ignore:setup.py install is deprecated setup.py egg_info --egg-base ../../../../build/joy_teleop build --build-base /home/f1tenth_ws/build/joy_teleop/build install --record /home/f1tenth_ws/build/joy_teleop/install.log --install-scripts $base/lib/joy_teleop --single-version-externally-managed install_data
