[4.573s] Invoking command in '/home/f1tenth_ws/src/follow_gap': CONDA_PROMPT_MODIFIER=(base) PYTHONPATH=/home/f1tenth_ws/build/follow_gap/prefix_override:/usr/lib/python3/dist-packages/colcon_core/task/python/colcon_distutils_commands:/home/f1tenth_ws/install/follow_gap/lib/python3.8/site-packages:${PYTHONPATH} _=/usr/bin/env /usr/bin/python3 -W ignore:setup.py install is deprecated setup.py egg_info --egg-base ../../build/follow_gap build --build-base /home/f1tenth_ws/build/follow_gap/build install --record /home/f1tenth_ws/build/follow_gap/install.log --install-scripts $base/lib/follow_gap --single-version-externally-managed install_data
[4.978s] /usr/local/lib/python3.8/dist-packages/setuptools/dist.py:447: SetuptoolsDeprecationWarning: Invalid dash-separated options
[4.979s] !!
[4.979s] 
[4.979s]         ********************************************************************************
[4.979s]         Usage of dash-separated 'script-dir' will not be supported in future
[4.979s]         versions. Please use the underscore name 'script_dir' instead.
[4.979s] 
[4.979s]         This deprecation is overdue, please update your project and remove deprecated
[4.979s]         calls to avoid build errors in the future.
[4.979s] 
[4.980s]         See https://setuptools.pypa.io/en/latest/userguide/declarative_config.html for details.
[4.980s]         ********************************************************************************
[4.980s] 
[4.980s] !!
[4.980s]   opt = self.warn_dash_deprecation(opt, section)
[5.030s] /usr/local/lib/python3.8/dist-packages/setuptools/_distutils/dist.py:268: UserWarning: Unknown distribution option: 'tests_require'
[5.030s]   warnings.warn(msg)
[5.327s] running egg_info
[5.351s] writing ../../build/follow_gap/follow_gap.egg-info/PKG-INFO
[5.358s] writing dependency_links to ../../build/follow_gap/follow_gap.egg-info/dependency_links.txt
[5.359s] writing entry points to ../../build/follow_gap/follow_gap.egg-info/entry_points.txt
[5.359s] writing requirements to ../../build/follow_gap/follow_gap.egg-info/requires.txt
[5.360s] writing top-level names to ../../build/follow_gap/follow_gap.egg-info/top_level.txt
[5.708s] reading manifest file '../../build/follow_gap/follow_gap.egg-info/SOURCES.txt'
[5.709s] writing manifest file '../../build/follow_gap/follow_gap.egg-info/SOURCES.txt'
[5.709s] running build
[5.710s] running build_py
[5.727s] copying follow_gap/__init__.py -> /home/f1tenth_ws/build/follow_gap/build/lib/follow_gap
[5.728s] copying follow_gap/follow_gap.py -> /home/f1tenth_ws/build/follow_gap/build/lib/follow_gap
[5.734s] running install
[5.746s] running install_lib
[5.823s] running install_data
[5.823s] copying resource/follow_gap -> /home/f1tenth_ws/install/follow_gap/share/ament_index/resource_index/packages
[5.824s] copying package.xml -> /home/f1tenth_ws/install/follow_gap/share/follow_gap
[5.824s] running install_egg_info
[5.849s] removing '/home/f1tenth_ws/install/follow_gap/lib/python3.8/site-packages/follow_gap-0.0.0-py3.8.egg-info' (and everything under it)
[5.849s] Copying ../../build/follow_gap/follow_gap.egg-info to /home/f1tenth_ws/install/follow_gap/lib/python3.8/site-packages/follow_gap-0.0.0-py3.8.egg-info
[5.851s] running install_scripts
[5.910s] Installing follow_gap script to /home/f1tenth_ws/install/follow_gap/lib/follow_gap
[5.911s] writing list of installed files to '/home/f1tenth_ws/build/follow_gap/install.log'
[6.176s] Invoked command in '/home/f1tenth_ws/src/follow_gap' returned '0': CONDA_PROMPT_MODIFIER=(base) PYTHONPATH=/home/f1tenth_ws/build/follow_gap/prefix_override:/usr/lib/python3/dist-packages/colcon_core/task/python/colcon_distutils_commands:/home/f1tenth_ws/install/follow_gap/lib/python3.8/site-packages:${PYTHONPATH} _=/usr/bin/env /usr/bin/python3 -W ignore:setup.py install is deprecated setup.py egg_info --egg-base ../../build/follow_gap build --build-base /home/f1tenth_ws/build/follow_gap/build install --record /home/f1tenth_ws/build/follow_gap/install.log --install-scripts $base/lib/follow_gap --single-version-externally-managed install_data
