[3.721s] Invoking command in '/home/f1tenth_ws/src/follow_gap': CONDA_PROMPT_MODIFIER=(base) PYTHONPATH=/home/f1tenth_ws/build/follow_gap/prefix_override:/usr/lib/python3/dist-packages/colcon_core/task/python/colcon_distutils_commands:/home/f1tenth_ws/install/follow_gap/lib/python3.8/site-packages:${PYTHONPATH} _=/usr/bin/env /usr/bin/python3 -W ignore:setup.py install is deprecated setup.py egg_info --egg-base ../../build/follow_gap build --build-base /home/f1tenth_ws/build/follow_gap/build install --record /home/f1tenth_ws/build/follow_gap/install.log --install-scripts $base/lib/follow_gap --single-version-externally-managed install_data
[4.002s] /usr/local/lib/python3.8/dist-packages/setuptools/dist.py:447: SetuptoolsDeprecationWarning: Invalid dash-separated options
[4.003s] !!
[4.003s] 
[4.003s]         ********************************************************************************
[4.004s]         Usage of dash-separated 'script-dir' will not be supported in future
[4.004s]         versions. Please use the underscore name 'script_dir' instead.
[4.005s] 
[4.005s]         This deprecation is overdue, please update your project and remove deprecated
[4.005s]         calls to avoid build errors in the future.
[4.006s] 
[4.006s]         See https://setuptools.pypa.io/en/latest/userguide/declarative_config.html for details.
[4.006s]         ********************************************************************************
[4.007s] 
[4.007s] !!
[4.008s]   opt = self.warn_dash_deprecation(opt, section)
[4.047s] /usr/local/lib/python3.8/dist-packages/setuptools/_distutils/dist.py:268: UserWarning: Unknown distribution option: 'tests_require'
[4.048s]   warnings.warn(msg)
[4.194s] running egg_info
[4.252s] writing ../../build/follow_gap/follow_gap.egg-info/PKG-INFO
[4.255s] writing dependency_links to ../../build/follow_gap/follow_gap.egg-info/dependency_links.txt
[4.256s] writing entry points to ../../build/follow_gap/follow_gap.egg-info/entry_points.txt
[4.256s] writing requirements to ../../build/follow_gap/follow_gap.egg-info/requires.txt
[4.257s] writing top-level names to ../../build/follow_gap/follow_gap.egg-info/top_level.txt
[4.519s] reading manifest file '../../build/follow_gap/follow_gap.egg-info/SOURCES.txt'
[4.519s] writing manifest file '../../build/follow_gap/follow_gap.egg-info/SOURCES.txt'
[4.519s] running build
[4.519s] running build_py
[4.520s] copying follow_gap/__init__.py -> /home/f1tenth_ws/build/follow_gap/build/lib/follow_gap
[4.520s] copying follow_gap/follow_gap.py -> /home/f1tenth_ws/build/follow_gap/build/lib/follow_gap
[4.520s] running install
[4.520s] running install_lib
[4.562s] running install_data
[4.562s] copying resource/follow_gap -> /home/f1tenth_ws/install/follow_gap/share/ament_index/resource_index/packages
[4.562s] copying package.xml -> /home/f1tenth_ws/install/follow_gap/share/follow_gap
[4.563s] running install_egg_info
[4.615s] removing '/home/f1tenth_ws/install/follow_gap/lib/python3.8/site-packages/follow_gap-0.0.0-py3.8.egg-info' (and everything under it)
[4.616s] Copying ../../build/follow_gap/follow_gap.egg-info to /home/f1tenth_ws/install/follow_gap/lib/python3.8/site-packages/follow_gap-0.0.0-py3.8.egg-info
[4.617s] running install_scripts
[4.682s] Installing follow_gap script to /home/f1tenth_ws/install/follow_gap/lib/follow_gap
[4.690s] writing list of installed files to '/home/f1tenth_ws/build/follow_gap/install.log'
[4.868s] Invoked command in '/home/f1tenth_ws/src/follow_gap' returned '0': CONDA_PROMPT_MODIFIER=(base) PYTHONPATH=/home/f1tenth_ws/build/follow_gap/prefix_override:/usr/lib/python3/dist-packages/colcon_core/task/python/colcon_distutils_commands:/home/f1tenth_ws/install/follow_gap/lib/python3.8/site-packages:${PYTHONPATH} _=/usr/bin/env /usr/bin/python3 -W ignore:setup.py install is deprecated setup.py egg_info --egg-base ../../build/follow_gap build --build-base /home/f1tenth_ws/build/follow_gap/build install --record /home/f1tenth_ws/build/follow_gap/install.log --install-scripts $base/lib/follow_gap --single-version-externally-managed install_data
