[2.730s] Invoking command in '/home/f1tenth_ws/src/voice_control': PYTHONPATH=/home/f1tenth_ws/build/voice_control/prefix_override:/usr/lib/python3/dist-packages/colcon_core/task/python/colcon_distutils_commands:/home/f1tenth_ws/install/voice_control/lib/python3.8/site-packages:${PYTHONPATH} _=/usr/bin/env /usr/bin/python3 -W ignore:setup.py install is deprecated setup.py egg_info --egg-base ../../build/voice_control build --build-base /home/f1tenth_ws/build/voice_control/build install --record /home/f1tenth_ws/build/voice_control/install.log --install-scripts $base/lib/voice_control --single-version-externally-managed install_data
[3.109s] running egg_info
[3.111s] writing ../../build/voice_control/voice_control.egg-info/PKG-INFO
[3.116s] writing dependency_links to ../../build/voice_control/voice_control.egg-info/dependency_links.txt
[3.120s] writing entry points to ../../build/voice_control/voice_control.egg-info/entry_points.txt
[3.121s] writing requirements to ../../build/voice_control/voice_control.egg-info/requires.txt
[3.121s] writing top-level names to ../../build/voice_control/voice_control.egg-info/top_level.txt
[3.159s] reading manifest file '../../build/voice_control/voice_control.egg-info/SOURCES.txt'
[3.160s] writing manifest file '../../build/voice_control/voice_control.egg-info/SOURCES.txt'
[3.161s] running build
[3.161s] running build_py
[3.161s] running install
[3.162s] running install_lib
[3.162s] running install_data
[3.163s] copying package.xml -> /home/f1tenth_ws/install/voice_control/share/voice_control
[3.164s] running install_egg_info
[3.166s] removing '/home/f1tenth_ws/install/voice_control/lib/python3.8/site-packages/voice_control-0.0.0-py3.8.egg-info' (and everything under it)
[3.167s] Copying ../../build/voice_control/voice_control.egg-info to /home/f1tenth_ws/install/voice_control/lib/python3.8/site-packages/voice_control-0.0.0-py3.8.egg-info
[3.172s] running install_scripts
[3.190s] Installing command_mapper_node script to /home/f1tenth_ws/install/voice_control/lib/voice_control
[3.191s] Installing voice_command_node script to /home/f1tenth_ws/install/voice_control/lib/voice_control
[3.191s] writing list of installed files to '/home/f1tenth_ws/build/voice_control/install.log'
[3.591s] Invoked command in '/home/f1tenth_ws/src/voice_control' returned '0': PYTHONPATH=/home/f1tenth_ws/build/voice_control/prefix_override:/usr/lib/python3/dist-packages/colcon_core/task/python/colcon_distutils_commands:/home/f1tenth_ws/install/voice_control/lib/python3.8/site-packages:${PYTHONPATH} _=/usr/bin/env /usr/bin/python3 -W ignore:setup.py install is deprecated setup.py egg_info --egg-base ../../build/voice_control build --build-base /home/f1tenth_ws/build/voice_control/build install --record /home/f1tenth_ws/build/voice_control/install.log --install-scripts $base/lib/voice_control --single-version-externally-managed install_data
