[4.364s] Invoking command in '/home/f1tenth_ws/src/autonomous_driving_pkg': CONDA_PROMPT_MODIFIER=(base) PYTHONPATH=/home/f1tenth_ws/build/autonomous_driving_pkg/prefix_override:/usr/lib/python3/dist-packages/colcon_core/task/python/colcon_distutils_commands:/home/f1tenth_ws/install/autonomous_driving_pkg/lib/python3.8/site-packages:${PYTHONPATH} _=/usr/bin/env /usr/bin/python3 -W ignore:setup.py install is deprecated setup.py egg_info --egg-base ../../build/autonomous_driving_pkg build --build-base /home/f1tenth_ws/build/autonomous_driving_pkg/build install --record /home/f1tenth_ws/build/autonomous_driving_pkg/install.log --install-scripts $base/lib/autonomous_driving_pkg --single-version-externally-managed install_data
[4.920s] /usr/local/lib/python3.8/dist-packages/setuptools/dist.py:447: SetuptoolsDeprecationWarning: Invalid dash-separated options
[4.921s] !!
[4.923s] 
[4.925s]         ********************************************************************************
[4.926s]         Usage of dash-separated 'script-dir' will not be supported in future
[4.927s]         versions. Please use the underscore name 'script_dir' instead.
[4.930s] 
[4.931s]         This deprecation is overdue, please update your project and remove deprecated
[4.932s]         calls to avoid build errors in the future.
[4.933s] 
[4.935s]         See https://setuptools.pypa.io/en/latest/userguide/declarative_config.html for details.
[4.936s]         ********************************************************************************
[4.936s] 
[4.939s] !!
[4.940s]   opt = self.warn_dash_deprecation(opt, section)
[4.954s] /usr/local/lib/python3.8/dist-packages/setuptools/_distutils/dist.py:268: UserWarning: Unknown distribution option: 'tests_require'
[4.955s]   warnings.warn(msg)
[5.061s] running egg_info
[5.085s] writing ../../build/autonomous_driving_pkg/autonomous_driving_pkg.egg-info/PKG-INFO
[5.091s] writing dependency_links to ../../build/autonomous_driving_pkg/autonomous_driving_pkg.egg-info/dependency_links.txt
[5.092s] writing entry points to ../../build/autonomous_driving_pkg/autonomous_driving_pkg.egg-info/entry_points.txt
[5.093s] writing requirements to ../../build/autonomous_driving_pkg/autonomous_driving_pkg.egg-info/requires.txt
[5.093s] writing top-level names to ../../build/autonomous_driving_pkg/autonomous_driving_pkg.egg-info/top_level.txt
[5.237s] reading manifest file '../../build/autonomous_driving_pkg/autonomous_driving_pkg.egg-info/SOURCES.txt'
[5.241s] writing manifest file '../../build/autonomous_driving_pkg/autonomous_driving_pkg.egg-info/SOURCES.txt'
[5.243s] running build
[5.245s] running build_py
[5.247s] copying autonomous_driving_pkg/__init__.py -> /home/f1tenth_ws/build/autonomous_driving_pkg/build/lib/autonomous_driving_pkg
[5.248s] copying autonomous_driving_pkg/euler_transform.py -> /home/f1tenth_ws/build/autonomous_driving_pkg/build/lib/autonomous_driving_pkg
[5.250s] copying autonomous_driving_pkg/pure_pursuit_controller.py -> /home/f1tenth_ws/build/autonomous_driving_pkg/build/lib/autonomous_driving_pkg
[5.251s] copying autonomous_driving_pkg/controller_node.py -> /home/f1tenth_ws/build/autonomous_driving_pkg/build/lib/autonomous_driving_pkg
[5.253s] running install
[5.254s] running install_lib
[5.284s] copying /home/f1tenth_ws/build/autonomous_driving_pkg/build/lib/autonomous_driving_pkg/controller_node.py -> /home/f1tenth_ws/install/autonomous_driving_pkg/lib/python3.8/site-packages/autonomous_driving_pkg
[5.286s] byte-compiling /home/f1tenth_ws/install/autonomous_driving_pkg/lib/python3.8/site-packages/autonomous_driving_pkg/controller_node.py to controller_node.cpython-38.pyc
[5.290s] running install_data
[5.291s] copying resource/autonomous_driving_pkg -> /home/f1tenth_ws/install/autonomous_driving_pkg/share/ament_index/resource_index/packages
[5.293s] copying package.xml -> /home/f1tenth_ws/install/autonomous_driving_pkg/share/autonomous_driving_pkg
[5.295s] running install_egg_info
[5.315s] removing '/home/f1tenth_ws/install/autonomous_driving_pkg/lib/python3.8/site-packages/autonomous_driving_pkg-0.0.0-py3.8.egg-info' (and everything under it)
[5.316s] Copying ../../build/autonomous_driving_pkg/autonomous_driving_pkg.egg-info to /home/f1tenth_ws/install/autonomous_driving_pkg/lib/python3.8/site-packages/autonomous_driving_pkg-0.0.0-py3.8.egg-info
[5.319s] running install_scripts
[5.379s] Installing pp_node script to /home/f1tenth_ws/install/autonomous_driving_pkg/lib/autonomous_driving_pkg
[5.382s] writing list of installed files to '/home/f1tenth_ws/build/autonomous_driving_pkg/install.log'
[5.407s] /usr/local/lib/python3.8/dist-packages/setuptools/dist.py:447: SetuptoolsDeprecationWarning: Invalid dash-separated options
[5.409s] !!
[5.410s] 
[5.411s]         ********************************************************************************
[5.412s]         Usage of dash-separated 'script-dir' will not be supported in future
[5.413s]         versions. Please use the underscore name 'script_dir' instead.
[5.415s] 
[5.416s]         This deprecation is overdue, please update your project and remove deprecated
[5.417s]         calls to avoid build errors in the future.
[5.418s] 
[5.419s]         See https://setuptools.pypa.io/en/latest/userguide/declarative_config.html for details.
[5.420s]         ********************************************************************************
[5.422s] 
[5.423s] !!
[5.424s]   opt = self.warn_dash_deprecation(opt, section)
[5.429s] /usr/local/lib/python3.8/dist-packages/setuptools/_distutils/dist.py:268: UserWarning: Unknown distribution option: 'tests_require'
[5.431s]   warnings.warn(msg)
[5.578s] running egg_info
[5.597s] writing ../../build/autonomous_driving_pkg/autonomous_driving_pkg.egg-info/PKG-INFO
[5.598s] writing dependency_links to ../../build/autonomous_driving_pkg/autonomous_driving_pkg.egg-info/dependency_links.txt
[5.599s] writing entry points to ../../build/autonomous_driving_pkg/autonomous_driving_pkg.egg-info/entry_points.txt
[5.599s] writing requirements to ../../build/autonomous_driving_pkg/autonomous_driving_pkg.egg-info/requires.txt
[5.600s] writing top-level names to ../../build/autonomous_driving_pkg/autonomous_driving_pkg.egg-info/top_level.txt
[5.633s] reading manifest file '../../build/autonomous_driving_pkg/autonomous_driving_pkg.egg-info/SOURCES.txt'
[5.636s] writing manifest file '../../build/autonomous_driving_pkg/autonomous_driving_pkg.egg-info/SOURCES.txt'
[5.638s] running build
[5.638s] running build_py
[5.639s] copying autonomous_driving_pkg/__init__.py -> /home/f1tenth_ws/build/autonomous_driving_pkg/build/lib/autonomous_driving_pkg
[5.640s] copying autonomous_driving_pkg/euler_transform.py -> /home/f1tenth_ws/build/autonomous_driving_pkg/build/lib/autonomous_driving_pkg
[5.640s] copying autonomous_driving_pkg/pure_pursuit_controller.py -> /home/f1tenth_ws/build/autonomous_driving_pkg/build/lib/autonomous_driving_pkg
[5.641s] copying autonomous_driving_pkg/controller_node.py -> /home/f1tenth_ws/build/autonomous_driving_pkg/build/lib/autonomous_driving_pkg
[5.642s] running install
[5.642s] running install_lib
[5.655s] running install_data
[5.656s] copying resource/autonomous_driving_pkg -> /home/f1tenth_ws/install/autonomous_driving_pkg/share/ament_index/resource_index/packages
[5.657s] copying package.xml -> /home/f1tenth_ws/install/autonomous_driving_pkg/share/autonomous_driving_pkg
[5.657s] running install_egg_info
[5.680s] removing '/home/f1tenth_ws/install/autonomous_driving_pkg/lib/python3.8/site-packages/autonomous_driving_pkg-0.0.0-py3.8.egg-info' (and everything under it)
[5.680s] Copying ../../build/autonomous_driving_pkg/autonomous_driving_pkg.egg-info to /home/f1tenth_ws/install/autonomous_driving_pkg/lib/python3.8/site-packages/autonomous_driving_pkg-0.0.0-py3.8.egg-info
[5.681s] running install_scripts
[5.713s] Installing pp_node script to /home/f1tenth_ws/install/autonomous_driving_pkg/lib/autonomous_driving_pkg
[5.714s] writing list of installed files to '/home/f1tenth_ws/build/autonomous_driving_pkg/install.log'
[6.592s] Invoked command in '/home/f1tenth_ws/src/autonomous_driving_pkg' returned '0': CONDA_PROMPT_MODIFIER=(base) PYTHONPATH=/home/f1tenth_ws/build/autonomous_driving_pkg/prefix_override:/usr/lib/python3/dist-packages/colcon_core/task/python/colcon_distutils_commands:/home/f1tenth_ws/install/autonomous_driving_pkg/lib/python3.8/site-packages:${PYTHONPATH} _=/usr/bin/env /usr/bin/python3 -W ignore:setup.py install is deprecated setup.py egg_info --egg-base ../../build/autonomous_driving_pkg build --build-base /home/f1tenth_ws/build/autonomous_driving_pkg/build install --record /home/f1tenth_ws/build/autonomous_driving_pkg/install.log --install-scripts $base/lib/autonomous_driving_pkg --single-version-externally-managed install_data
