[0.257s] Invoking command in '/home/f1tenth_ws/build/vesc_msgs': CMAKE_PREFIX_PATH=${CMAKE_PREFIX_PATH}:/home/f1tenth_ws/install/voice_control:/home/f1tenth_ws/install/f1tenth_stack:/home/f1tenth_ws/install/joy_teleop:/home/f1tenth_ws/install/mouse_teleop:/home/f1tenth_ws/install/key_teleop:/home/f1tenth_ws/install/joystick_ros2:/home/f1tenth_ws/install/automatic_braking:/home/f1tenth_ws/install/ament_uncrustify:/home/f1tenth_ws/install/ament_pycodestyle:/home/f1tenth_ws/install/ament_package:/home/f1tenth_ws/install/ament_lint:/home/f1tenth_ws/install/ament_cppcheck:/opt/ros/foxy _=/usr/bin/env /usr/bin/cmake --build /home/f1tenth_ws/build/vesc_msgs -- -j8 -l8
[2.114s] [  1%] Built target vesc_msgs__cpp
[2.115s] [ 12%] Built target vesc_msgs__rosidl_generator_c
[2.116s] [ 23%] Built target vesc_msgs__rosidl_typesupport_cpp
[2.118s] [ 34%] Built target vesc_msgs__rosidl_typesupport_fastrtps_cpp
[2.119s] [ 45%] Built target vesc_msgs__rosidl_typesupport_introspection_cpp
[2.120s] [ 56%] Built target vesc_msgs__rosidl_typesupport_c
[2.121s] [ 67%] Built target vesc_msgs__rosidl_typesupport_introspection_c
[2.122s] [ 78%] Built target vesc_msgs__rosidl_typesupport_fastrtps_c
[2.124s] [ 78%] Built target vesc_msgs
[2.126s] [ 80%] Built target vesc_msgs__py
[2.133s] [ 89%] Built target vesc_msgs__python
[2.135s] [ 92%] Built target vesc_msgs__rosidl_typesupport_introspection_c__pyext
[2.135s] [100%] Built target vesc_msgs__rosidl_typesupport_fastrtps_c__pyext
[2.135s] [100%] Built target vesc_msgs__rosidl_typesupport_c__pyext
[2.157s] Invoked command in '/home/f1tenth_ws/build/vesc_msgs' returned '0': CMAKE_PREFIX_PATH=${CMAKE_PREFIX_PATH}:/home/f1tenth_ws/install/voice_control:/home/f1tenth_ws/install/f1tenth_stack:/home/f1tenth_ws/install/joy_teleop:/home/f1tenth_ws/install/mouse_teleop:/home/f1tenth_ws/install/key_teleop:/home/f1tenth_ws/install/joystick_ros2:/home/f1tenth_ws/install/automatic_braking:/home/f1tenth_ws/install/ament_uncrustify:/home/f1tenth_ws/install/ament_pycodestyle:/home/f1tenth_ws/install/ament_package:/home/f1tenth_ws/install/ament_lint:/home/f1tenth_ws/install/ament_cppcheck:/opt/ros/foxy _=/usr/bin/env /usr/bin/cmake --build /home/f1tenth_ws/build/vesc_msgs -- -j8 -l8
[3.591s] Invoking command in '/home/f1tenth_ws/build/vesc_msgs': CMAKE_PREFIX_PATH=${CMAKE_PREFIX_PATH}:/home/f1tenth_ws/install/voice_control:/home/f1tenth_ws/install/f1tenth_stack:/home/f1tenth_ws/install/joy_teleop:/home/f1tenth_ws/install/mouse_teleop:/home/f1tenth_ws/install/key_teleop:/home/f1tenth_ws/install/joystick_ros2:/home/f1tenth_ws/install/automatic_braking:/home/f1tenth_ws/install/ament_uncrustify:/home/f1tenth_ws/install/ament_pycodestyle:/home/f1tenth_ws/install/ament_package:/home/f1tenth_ws/install/ament_lint:/home/f1tenth_ws/install/ament_cppcheck:/opt/ros/foxy _=/usr/bin/env /usr/bin/cmake --install /home/f1tenth_ws/build/vesc_msgs
[3.658s] -- Install configuration: ""
[3.660s] -- Execute custom install script
[3.662s] -- Up-to-date symlink: /home/f1tenth_ws/install/vesc_msgs/share/ament_index/resource_index/rosidl_interfaces/vesc_msgs
[3.675s] -- Up-to-date symlink: /home/f1tenth_ws/install/vesc_msgs/include/vesc_msgs/msg/detail/vesc_imu__functions.h
[3.675s] -- Up-to-date symlink: /home/f1tenth_ws/install/vesc_msgs/include/vesc_msgs/msg/detail/vesc_imu__struct.h
[3.675s] -- Up-to-date symlink: /home/f1tenth_ws/install/vesc_msgs/include/vesc_msgs/msg/detail/vesc_imu__type_support.h
[3.678s] -- Up-to-date symlink: /home/f1tenth_ws/install/vesc_msgs/include/vesc_msgs/msg/detail/vesc_imu_stamped__functions.h
[3.678s] -- Up-to-date symlink: /home/f1tenth_ws/install/vesc_msgs/include/vesc_msgs/msg/detail/vesc_imu_stamped__struct.h
[3.679s] -- Up-to-date symlink: /home/f1tenth_ws/install/vesc_msgs/include/vesc_msgs/msg/detail/vesc_imu_stamped__type_support.h
[3.679s] -- Up-to-date symlink: /home/f1tenth_ws/install/vesc_msgs/include/vesc_msgs/msg/detail/vesc_state__functions.h
[3.680s] -- Up-to-date symlink: /home/f1tenth_ws/install/vesc_msgs/include/vesc_msgs/msg/detail/vesc_state__struct.h
[3.681s] -- Up-to-date symlink: /home/f1tenth_ws/install/vesc_msgs/include/vesc_msgs/msg/detail/vesc_state__type_support.h
[3.681s] -- Up-to-date symlink: /home/f1tenth_ws/install/vesc_msgs/include/vesc_msgs/msg/detail/vesc_state_stamped__functions.h
[3.682s] -- Up-to-date symlink: /home/f1tenth_ws/install/vesc_msgs/include/vesc_msgs/msg/detail/vesc_state_stamped__struct.h
[3.682s] -- Up-to-date symlink: /home/f1tenth_ws/install/vesc_msgs/include/vesc_msgs/msg/detail/vesc_state_stamped__type_support.h
[3.683s] -- Up-to-date symlink: /home/f1tenth_ws/install/vesc_msgs/include/vesc_msgs/msg/rosidl_generator_c__visibility_control.h
[3.683s] -- Up-to-date symlink: /home/f1tenth_ws/install/vesc_msgs/include/vesc_msgs/msg/vesc_imu.h
[3.684s] -- Up-to-date symlink: /home/f1tenth_ws/install/vesc_msgs/include/vesc_msgs/msg/vesc_imu_stamped.h
[3.684s] -- Up-to-date symlink: /home/f1tenth_ws/install/vesc_msgs/include/vesc_msgs/msg/vesc_state.h
[3.684s] -- Up-to-date symlink: /home/f1tenth_ws/install/vesc_msgs/include/vesc_msgs/msg/vesc_state_stamped.h
[3.687s] -- Up-to-date symlink: /home/f1tenth_ws/install/vesc_msgs/share/vesc_msgs/environment/library_path.sh
[3.690s] -- Up-to-date symlink: /home/f1tenth_ws/install/vesc_msgs/share/vesc_msgs/environment/library_path.dsv
[3.691s] -- Up-to-date symlink: /home/f1tenth_ws/install/vesc_msgs/include/vesc_msgs/msg/detail/vesc_imu__rosidl_typesupport_fastrtps_c.h
[3.692s] -- Up-to-date symlink: /home/f1tenth_ws/install/vesc_msgs/include/vesc_msgs/msg/detail/vesc_imu_stamped__rosidl_typesupport_fastrtps_c.h
[3.693s] -- Up-to-date symlink: /home/f1tenth_ws/install/vesc_msgs/include/vesc_msgs/msg/detail/vesc_state__rosidl_typesupport_fastrtps_c.h
[3.694s] -- Up-to-date symlink: /home/f1tenth_ws/install/vesc_msgs/include/vesc_msgs/msg/detail/vesc_state_stamped__rosidl_typesupport_fastrtps_c.h
[3.696s] -- Up-to-date symlink: /home/f1tenth_ws/install/vesc_msgs/include/vesc_msgs/msg/rosidl_typesupport_fastrtps_c__visibility_control.h
[3.698s] -- Up-to-date symlink: /home/f1tenth_ws/install/vesc_msgs/lib/libvesc_msgs__rosidl_typesupport_fastrtps_c.so
[3.703s] -- Up-to-date symlink: /home/f1tenth_ws/install/vesc_msgs/include/vesc_msgs/msg/detail/vesc_imu__rosidl_typesupport_fastrtps_cpp.hpp
[3.703s] -- Up-to-date symlink: /home/f1tenth_ws/install/vesc_msgs/include/vesc_msgs/msg/detail/vesc_imu_stamped__rosidl_typesupport_fastrtps_cpp.hpp
[3.705s] -- Up-to-date symlink: /home/f1tenth_ws/install/vesc_msgs/include/vesc_msgs/msg/detail/vesc_state__rosidl_typesupport_fastrtps_cpp.hpp
[3.706s] -- Up-to-date symlink: /home/f1tenth_ws/install/vesc_msgs/include/vesc_msgs/msg/detail/vesc_state_stamped__rosidl_typesupport_fastrtps_cpp.hpp
[3.708s] -- Up-to-date symlink: /home/f1tenth_ws/install/vesc_msgs/include/vesc_msgs/msg/rosidl_typesupport_fastrtps_cpp__visibility_control.h
[3.711s] -- Up-to-date symlink: /home/f1tenth_ws/install/vesc_msgs/lib/libvesc_msgs__rosidl_typesupport_fastrtps_cpp.so
[3.714s] -- Up-to-date symlink: /home/f1tenth_ws/install/vesc_msgs/include/vesc_msgs/msg/detail/vesc_imu__rosidl_typesupport_introspection_c.h
[3.714s] -- Up-to-date symlink: /home/f1tenth_ws/install/vesc_msgs/include/vesc_msgs/msg/detail/vesc_imu_stamped__rosidl_typesupport_introspection_c.h
[3.715s] -- Up-to-date symlink: /home/f1tenth_ws/install/vesc_msgs/include/vesc_msgs/msg/detail/vesc_state__rosidl_typesupport_introspection_c.h
[3.716s] -- Up-to-date symlink: /home/f1tenth_ws/install/vesc_msgs/include/vesc_msgs/msg/detail/vesc_state_stamped__rosidl_typesupport_introspection_c.h
[3.717s] -- Up-to-date symlink: /home/f1tenth_ws/install/vesc_msgs/include/vesc_msgs/msg/rosidl_typesupport_introspection_c__visibility_control.h
[3.722s] -- Up-to-date symlink: /home/f1tenth_ws/install/vesc_msgs/include/vesc_msgs/msg/detail/vesc_imu__builder.hpp
[3.723s] -- Up-to-date symlink: /home/f1tenth_ws/install/vesc_msgs/include/vesc_msgs/msg/detail/vesc_imu__struct.hpp
[3.724s] -- Up-to-date symlink: /home/f1tenth_ws/install/vesc_msgs/include/vesc_msgs/msg/detail/vesc_imu__traits.hpp
[3.725s] -- Up-to-date symlink: /home/f1tenth_ws/install/vesc_msgs/include/vesc_msgs/msg/detail/vesc_imu__type_support.hpp
[3.726s] -- Up-to-date symlink: /home/f1tenth_ws/install/vesc_msgs/include/vesc_msgs/msg/detail/vesc_imu_stamped__builder.hpp
[3.727s] -- Up-to-date symlink: /home/f1tenth_ws/install/vesc_msgs/include/vesc_msgs/msg/detail/vesc_imu_stamped__struct.hpp
[3.728s] -- Up-to-date symlink: /home/f1tenth_ws/install/vesc_msgs/include/vesc_msgs/msg/detail/vesc_imu_stamped__traits.hpp
[3.735s] -- Up-to-date symlink: /home/f1tenth_ws/install/vesc_msgs/include/vesc_msgs/msg/detail/vesc_imu_stamped__type_support.hpp
[3.735s] -- Up-to-date symlink: /home/f1tenth_ws/install/vesc_msgs/include/vesc_msgs/msg/detail/vesc_state__builder.hpp
[3.736s] -- Up-to-date symlink: /home/f1tenth_ws/install/vesc_msgs/include/vesc_msgs/msg/detail/vesc_state__struct.hpp
[3.736s] -- Up-to-date symlink: /home/f1tenth_ws/install/vesc_msgs/include/vesc_msgs/msg/detail/vesc_state__traits.hpp
[3.737s] -- Up-to-date symlink: /home/f1tenth_ws/install/vesc_msgs/include/vesc_msgs/msg/detail/vesc_state__type_support.hpp
[3.738s] -- Up-to-date symlink: /home/f1tenth_ws/install/vesc_msgs/include/vesc_msgs/msg/detail/vesc_state_stamped__builder.hpp
[3.738s] -- Up-to-date symlink: /home/f1tenth_ws/install/vesc_msgs/include/vesc_msgs/msg/detail/vesc_state_stamped__struct.hpp
[3.739s] -- Up-to-date symlink: /home/f1tenth_ws/install/vesc_msgs/include/vesc_msgs/msg/detail/vesc_state_stamped__traits.hpp
[3.739s] -- Up-to-date symlink: /home/f1tenth_ws/install/vesc_msgs/include/vesc_msgs/msg/detail/vesc_state_stamped__type_support.hpp
[3.740s] -- Up-to-date symlink: /home/f1tenth_ws/install/vesc_msgs/include/vesc_msgs/msg/rosidl_generator_cpp__visibility_control.hpp
[3.742s] -- Up-to-date symlink: /home/f1tenth_ws/install/vesc_msgs/include/vesc_msgs/msg/vesc_imu.hpp
[3.743s] -- Up-to-date symlink: /home/f1tenth_ws/install/vesc_msgs/include/vesc_msgs/msg/vesc_imu_stamped.hpp
[3.745s] -- Up-to-date symlink: /home/f1tenth_ws/install/vesc_msgs/include/vesc_msgs/msg/vesc_state.hpp
[3.745s] -- Up-to-date symlink: /home/f1tenth_ws/install/vesc_msgs/include/vesc_msgs/msg/vesc_state_stamped.hpp
[3.748s] -- Up-to-date symlink: /home/f1tenth_ws/install/vesc_msgs/include/vesc_msgs/msg/detail/vesc_imu__rosidl_typesupport_introspection_cpp.hpp
[3.749s] -- Up-to-date symlink: /home/f1tenth_ws/install/vesc_msgs/include/vesc_msgs/msg/detail/vesc_imu_stamped__rosidl_typesupport_introspection_cpp.hpp
[3.750s] -- Up-to-date symlink: /home/f1tenth_ws/install/vesc_msgs/include/vesc_msgs/msg/detail/vesc_state__rosidl_typesupport_introspection_cpp.hpp
[3.751s] -- Up-to-date symlink: /home/f1tenth_ws/install/vesc_msgs/include/vesc_msgs/msg/detail/vesc_state_stamped__rosidl_typesupport_introspection_cpp.hpp
[3.755s] -- Up-to-date symlink: /home/f1tenth_ws/install/vesc_msgs/share/vesc_msgs/environment/pythonpath.sh
[3.757s] -- Up-to-date symlink: /home/f1tenth_ws/install/vesc_msgs/share/vesc_msgs/environment/pythonpath.dsv
[3.757s] -- Up-to-date symlink: /home/f1tenth_ws/install/vesc_msgs/lib/python3.8/site-packages/vesc_msgs/__init__.py
[3.759s] -- Up-to-date symlink: /home/f1tenth_ws/install/vesc_msgs/lib/python3.8/site-packages/vesc_msgs/msg/__init__.py
[3.760s] -- Up-to-date symlink: /home/f1tenth_ws/install/vesc_msgs/lib/python3.8/site-packages/vesc_msgs/msg/_vesc_imu.py
[3.764s] -- Up-to-date symlink: /home/f1tenth_ws/install/vesc_msgs/lib/python3.8/site-packages/vesc_msgs/msg/_vesc_imu_stamped.py
[3.765s] -- Up-to-date symlink: /home/f1tenth_ws/install/vesc_msgs/lib/python3.8/site-packages/vesc_msgs/msg/_vesc_state.py
[3.766s] -- Up-to-date symlink: /home/f1tenth_ws/install/vesc_msgs/lib/python3.8/site-packages/vesc_msgs/msg/_vesc_state_stamped.py
[3.767s] -- Up-to-date symlink: /home/f1tenth_ws/install/vesc_msgs/lib/python3.8/site-packages/vesc_msgs/vesc_msgs_s__rosidl_typesupport_fastrtps_c.cpython-38-aarch64-linux-gnu.so
[3.769s] -- Up-to-date symlink: /home/f1tenth_ws/install/vesc_msgs/lib/python3.8/site-packages/vesc_msgs/vesc_msgs_s__rosidl_typesupport_introspection_c.cpython-38-aarch64-linux-gnu.so
[3.772s] -- Up-to-date symlink: /home/f1tenth_ws/install/vesc_msgs/lib/python3.8/site-packages/vesc_msgs/vesc_msgs_s__rosidl_typesupport_c.cpython-38-aarch64-linux-gnu.so
[3.778s] -- Up-to-date symlink: /home/f1tenth_ws/install/vesc_msgs/lib/libvesc_msgs__python.so
[3.778s] -- Up-to-date symlink: /home/f1tenth_ws/install/vesc_msgs/share/vesc_msgs/msg/VescState.idl
[3.779s] -- Up-to-date symlink: /home/f1tenth_ws/install/vesc_msgs/share/vesc_msgs/msg/VescStateStamped.idl
[3.779s] -- Up-to-date symlink: /home/f1tenth_ws/install/vesc_msgs/share/vesc_msgs/msg/VescImu.idl
[3.782s] -- Up-to-date symlink: /home/f1tenth_ws/install/vesc_msgs/share/vesc_msgs/msg/VescImuStamped.idl
[3.783s] -- Up-to-date symlink: /home/f1tenth_ws/install/vesc_msgs/share/vesc_msgs/msg/VescState.msg
[3.786s] -- Up-to-date symlink: /home/f1tenth_ws/install/vesc_msgs/share/vesc_msgs/msg/VescStateStamped.msg
[3.789s] -- Up-to-date symlink: /home/f1tenth_ws/install/vesc_msgs/share/vesc_msgs/msg/VescImu.msg
[3.790s] -- Up-to-date symlink: /home/f1tenth_ws/install/vesc_msgs/share/vesc_msgs/msg/VescImuStamped.msg
[3.792s] -- Up-to-date symlink: /home/f1tenth_ws/install/vesc_msgs/share/ament_index/resource_index/package_run_dependencies/vesc_msgs
[3.797s] -- Up-to-date symlink: /home/f1tenth_ws/install/vesc_msgs/share/ament_index/resource_index/parent_prefix_path/vesc_msgs
[3.798s] -- Up-to-date symlink: /home/f1tenth_ws/install/vesc_msgs/share/vesc_msgs/environment/ament_prefix_path.sh
[3.799s] -- Up-to-date symlink: /home/f1tenth_ws/install/vesc_msgs/share/vesc_msgs/environment/ament_prefix_path.dsv
[3.800s] -- Up-to-date symlink: /home/f1tenth_ws/install/vesc_msgs/share/vesc_msgs/environment/path.sh
[3.802s] -- Up-to-date symlink: /home/f1tenth_ws/install/vesc_msgs/share/vesc_msgs/environment/path.dsv
[3.803s] -- Up-to-date symlink: /home/f1tenth_ws/install/vesc_msgs/share/vesc_msgs/local_setup.bash
[3.805s] -- Up-to-date symlink: /home/f1tenth_ws/install/vesc_msgs/share/vesc_msgs/local_setup.sh
[3.807s] -- Up-to-date symlink: /home/f1tenth_ws/install/vesc_msgs/share/vesc_msgs/local_setup.zsh
[3.808s] -- Up-to-date symlink: /home/f1tenth_ws/install/vesc_msgs/share/vesc_msgs/local_setup.dsv
[3.812s] -- Symlinking: /home/f1tenth_ws/install/vesc_msgs/share/vesc_msgs/package.dsv
[3.874s] -- Up-to-date symlink: /home/f1tenth_ws/install/vesc_msgs/share/ament_index/resource_index/packages/vesc_msgs
[3.875s] -- Up-to-date symlink: /home/f1tenth_ws/install/vesc_msgs/share/vesc_msgs/cmake/rosidl_cmake-extras.cmake
[3.875s] -- Up-to-date symlink: /home/f1tenth_ws/install/vesc_msgs/share/vesc_msgs/cmake/ament_cmake_export_dependencies-extras.cmake
[3.876s] -- Up-to-date symlink: /home/f1tenth_ws/install/vesc_msgs/share/vesc_msgs/cmake/ament_cmake_export_libraries-extras.cmake
[3.876s] -- Up-to-date symlink: /home/f1tenth_ws/install/vesc_msgs/share/vesc_msgs/cmake/ament_cmake_export_targets-extras.cmake
[3.877s] -- Up-to-date symlink: /home/f1tenth_ws/install/vesc_msgs/share/vesc_msgs/cmake/ament_cmake_export_include_directories-extras.cmake
[3.878s] -- Up-to-date symlink: /home/f1tenth_ws/install/vesc_msgs/share/vesc_msgs/cmake/rosidl_cmake_export_typesupport_libraries-extras.cmake
[3.879s] -- Up-to-date symlink: /home/f1tenth_ws/install/vesc_msgs/share/vesc_msgs/cmake/rosidl_cmake_export_typesupport_targets-extras.cmake
[3.879s] -- Up-to-date symlink: /home/f1tenth_ws/install/vesc_msgs/share/vesc_msgs/cmake/vesc_msgsConfig.cmake
[3.880s] -- Up-to-date symlink: /home/f1tenth_ws/install/vesc_msgs/share/vesc_msgs/cmake/vesc_msgsConfig-version.cmake
[3.880s] -- Up-to-date symlink: /home/f1tenth_ws/install/vesc_msgs/share/vesc_msgs/package.xml
[3.880s] -- Up-to-date: /home/f1tenth_ws/install/vesc_msgs/lib/libvesc_msgs__rosidl_generator_c.so
[3.883s] -- Up-to-date: /home/f1tenth_ws/install/vesc_msgs/lib/libvesc_msgs__rosidl_typesupport_introspection_c.so
[3.883s] -- Up-to-date: /home/f1tenth_ws/install/vesc_msgs/lib/libvesc_msgs__rosidl_typesupport_c.so
[3.885s] -- Up-to-date: /home/f1tenth_ws/install/vesc_msgs/lib/libvesc_msgs__rosidl_typesupport_introspection_cpp.so
[3.888s] -- Up-to-date: /home/f1tenth_ws/install/vesc_msgs/lib/libvesc_msgs__rosidl_typesupport_cpp.so
[4.147s] -- Up-to-date: /home/f1tenth_ws/install/vesc_msgs/share/vesc_msgs/cmake/vesc_msgs__rosidl_generator_cExport.cmake
[4.148s] -- Up-to-date: /home/f1tenth_ws/install/vesc_msgs/share/vesc_msgs/cmake/vesc_msgs__rosidl_generator_cExport-noconfig.cmake
[4.149s] -- Up-to-date: /home/f1tenth_ws/install/vesc_msgs/share/vesc_msgs/cmake/vesc_msgs__rosidl_typesupport_introspection_cExport.cmake
[4.150s] -- Up-to-date: /home/f1tenth_ws/install/vesc_msgs/share/vesc_msgs/cmake/vesc_msgs__rosidl_typesupport_introspection_cExport-noconfig.cmake
[4.150s] -- Up-to-date: /home/f1tenth_ws/install/vesc_msgs/share/vesc_msgs/cmake/vesc_msgs__rosidl_typesupport_cExport.cmake
[4.162s] -- Up-to-date: /home/f1tenth_ws/install/vesc_msgs/share/vesc_msgs/cmake/vesc_msgs__rosidl_typesupport_cExport-noconfig.cmake
[4.163s] -- Up-to-date: /home/f1tenth_ws/install/vesc_msgs/share/vesc_msgs/cmake/vesc_msgs__rosidl_generator_cppExport.cmake
[4.163s] -- Up-to-date: /home/f1tenth_ws/install/vesc_msgs/share/vesc_msgs/cmake/vesc_msgs__rosidl_typesupport_introspection_cppExport.cmake
[4.164s] -- Up-to-date: /home/f1tenth_ws/install/vesc_msgs/share/vesc_msgs/cmake/vesc_msgs__rosidl_typesupport_introspection_cppExport-noconfig.cmake
[4.169s] -- Up-to-date: /home/f1tenth_ws/install/vesc_msgs/share/vesc_msgs/cmake/vesc_msgs__rosidl_typesupport_cppExport.cmake
[4.171s] -- Up-to-date: /home/f1tenth_ws/install/vesc_msgs/share/vesc_msgs/cmake/vesc_msgs__rosidl_typesupport_cppExport-noconfig.cmake
[4.218s] Invoked command in '/home/f1tenth_ws/build/vesc_msgs' returned '0': CMAKE_PREFIX_PATH=${CMAKE_PREFIX_PATH}:/home/f1tenth_ws/install/voice_control:/home/f1tenth_ws/install/f1tenth_stack:/home/f1tenth_ws/install/joy_teleop:/home/f1tenth_ws/install/mouse_teleop:/home/f1tenth_ws/install/key_teleop:/home/f1tenth_ws/install/joystick_ros2:/home/f1tenth_ws/install/automatic_braking:/home/f1tenth_ws/install/ament_uncrustify:/home/f1tenth_ws/install/ament_pycodestyle:/home/f1tenth_ws/install/ament_package:/home/f1tenth_ws/install/ament_lint:/home/f1tenth_ws/install/ament_cppcheck:/opt/ros/foxy _=/usr/bin/env /usr/bin/cmake --install /home/f1tenth_ws/build/vesc_msgs
