[3.067s] Invoking command in '/home/f1tenth_ws/src/person_follow': PYTHONPATH=/home/f1tenth_ws/build/person_follow/prefix_override:/usr/lib/python3/dist-packages/colcon_core/task/python/colcon_distutils_commands:/home/f1tenth_ws/install/person_follow/lib/python3.8/site-packages:${PYTHONPATH} _=/usr/bin/env /usr/bin/python3 -W ignore:setup.py install is deprecated setup.py egg_info --egg-base ../../build/person_follow build --build-base /home/f1tenth_ws/build/person_follow/build install --record /home/f1tenth_ws/build/person_follow/install.log --install-scripts $base/lib/person_follow --single-version-externally-managed install_data
[3.277s] /usr/local/lib/python3.8/dist-packages/setuptools/dist.py:447: SetuptoolsDeprecationWarning: Invalid dash-separated options
[3.278s] !!
[3.278s] 
[3.279s]         ********************************************************************************
[3.279s]         Usage of dash-separated 'script-dir' will not be supported in future
[3.280s]         versions. Please use the underscore name 'script_dir' instead.
[3.283s] 
[3.284s]         By 2024-Sep-26, you need to update your project and remove deprecated calls
[3.284s]         or your builds will no longer be supported.
[3.285s] 
[3.285s]         See https://setuptools.pypa.io/en/latest/userguide/declarative_config.html for details.
[3.286s]         ********************************************************************************
[3.286s] 
[3.287s] !!
[3.287s]   opt = self.warn_dash_deprecation(opt, section)
[3.302s] /usr/local/lib/python3.8/dist-packages/setuptools/_distutils/dist.py:268: UserWarning: Unknown distribution option: 'tests_require'
[3.303s]   warnings.warn(msg)
[3.455s] running egg_info
[3.479s] writing ../../build/person_follow/person_follow.egg-info/PKG-INFO
[3.481s] writing dependency_links to ../../build/person_follow/person_follow.egg-info/dependency_links.txt
[3.482s] writing entry points to ../../build/person_follow/person_follow.egg-info/entry_points.txt
[3.486s] writing requirements to ../../build/person_follow/person_follow.egg-info/requires.txt
[3.487s] writing top-level names to ../../build/person_follow/person_follow.egg-info/top_level.txt
[3.739s] reading manifest file '../../build/person_follow/person_follow.egg-info/SOURCES.txt'
[3.739s] writing manifest file '../../build/person_follow/person_follow.egg-info/SOURCES.txt'
[3.740s] running build
[3.740s] running build_py
[3.741s] copying person_follow/__init__.py -> /home/f1tenth_ws/build/person_follow/build/lib/person_follow
[3.741s] copying person_follow/person_follow.py -> /home/f1tenth_ws/build/person_follow/build/lib/person_follow
[3.742s] running install
[3.749s] running install_lib
[3.770s] copying /home/f1tenth_ws/build/person_follow/build/lib/person_follow/person_follow.py -> /home/f1tenth_ws/install/person_follow/lib/python3.8/site-packages/person_follow
[3.770s] byte-compiling /home/f1tenth_ws/install/person_follow/lib/python3.8/site-packages/person_follow/person_follow.py to person_follow.cpython-38.pyc
[3.773s] running install_data
[3.774s] copying resource/person_follow -> /home/f1tenth_ws/install/person_follow/share/ament_index/resource_index/packages
[3.774s] copying package.xml -> /home/f1tenth_ws/install/person_follow/share/person_follow
[3.775s] running install_egg_info
[3.800s] removing '/home/f1tenth_ws/install/person_follow/lib/python3.8/site-packages/person_follow-0.0.0-py3.8.egg-info' (and everything under it)
[3.801s] Copying ../../build/person_follow/person_follow.egg-info to /home/f1tenth_ws/install/person_follow/lib/python3.8/site-packages/person_follow-0.0.0-py3.8.egg-info
[3.801s] running install_scripts
[3.860s] Installing person_follow script to /home/f1tenth_ws/install/person_follow/lib/person_follow
[3.861s] writing list of installed files to '/home/f1tenth_ws/build/person_follow/install.log'
[3.939s] Invoked command in '/home/f1tenth_ws/src/person_follow' returned '0': PYTHONPATH=/home/f1tenth_ws/build/person_follow/prefix_override:/usr/lib/python3/dist-packages/colcon_core/task/python/colcon_distutils_commands:/home/f1tenth_ws/install/person_follow/lib/python3.8/site-packages:${PYTHONPATH} _=/usr/bin/env /usr/bin/python3 -W ignore:setup.py install is deprecated setup.py egg_info --egg-base ../../build/person_follow build --build-base /home/f1tenth_ws/build/person_follow/build install --record /home/f1tenth_ws/build/person_follow/install.log --install-scripts $base/lib/person_follow --single-version-externally-managed install_data
