[2.823s] Invoking command in '/home/f1tenth_ws/src/wall_following': CONDA_PROMPT_MODIFIER=(base) PYTHONPATH=/home/f1tenth_ws/build/wall_following/prefix_override:/usr/lib/python3/dist-packages/colcon_core/task/python/colcon_distutils_commands:/home/f1tenth_ws/install/wall_following/lib/python3.8/site-packages:${PYTHONPATH} _=/usr/bin/env /usr/bin/python3 -W ignore:setup.py install is deprecated setup.py egg_info --egg-base ../../build/wall_following build --build-base /home/f1tenth_ws/build/wall_following/build install --record /home/f1tenth_ws/build/wall_following/install.log --install-scripts $base/lib/wall_following --single-version-externally-managed install_data
[3.064s] /usr/local/lib/python3.8/dist-packages/setuptools/dist.py:447: SetuptoolsDeprecationWarning: Invalid dash-separated options
[3.064s] !!
[3.065s] 
[3.069s]         ********************************************************************************
[3.069s]         Usage of dash-separated 'script-dir' will not be supported in future
[3.070s]         versions. Please use the underscore name 'script_dir' instead.
[3.071s] 
[3.072s]         This deprecation is overdue, please update your project and remove deprecated
[3.072s]         calls to avoid build errors in the future.
[3.073s] 
[3.075s]         See https://setuptools.pypa.io/en/latest/userguide/declarative_config.html for details.
[3.075s]         ********************************************************************************
[3.076s] 
[3.076s] !!
[3.077s]   opt = self.warn_dash_deprecation(opt, section)
[3.089s] /usr/local/lib/python3.8/dist-packages/setuptools/_distutils/dist.py:268: UserWarning: Unknown distribution option: 'tests_require'
[3.090s]   warnings.warn(msg)
[3.253s] running egg_info
[3.294s] writing ../../build/wall_following/wall_following.egg-info/PKG-INFO
[3.295s] writing dependency_links to ../../build/wall_following/wall_following.egg-info/dependency_links.txt
[3.296s] writing entry points to ../../build/wall_following/wall_following.egg-info/entry_points.txt
[3.297s] writing requirements to ../../build/wall_following/wall_following.egg-info/requires.txt
[3.297s] writing top-level names to ../../build/wall_following/wall_following.egg-info/top_level.txt
[3.429s] reading manifest file '../../build/wall_following/wall_following.egg-info/SOURCES.txt'
[3.430s] writing manifest file '../../build/wall_following/wall_following.egg-info/SOURCES.txt'
[3.431s] running build
[3.433s] running build_py
[3.435s] copying wall_following/__init__.py -> /home/f1tenth_ws/build/wall_following/build/lib/wall_following
[3.436s] copying wall_following/wall_following.py -> /home/f1tenth_ws/build/wall_following/build/lib/wall_following
[3.437s] running install
[3.438s] running install_lib
[3.448s] running install_data
[3.448s] copying resource/wall_following -> /home/f1tenth_ws/install/wall_following/share/ament_index/resource_index/packages
[3.449s] copying package.xml -> /home/f1tenth_ws/install/wall_following/share/wall_following
[3.449s] running install_egg_info
[3.466s] removing '/home/f1tenth_ws/install/wall_following/lib/python3.8/site-packages/wall_following-0.0.0-py3.8.egg-info' (and everything under it)
[3.467s] Copying ../../build/wall_following/wall_following.egg-info to /home/f1tenth_ws/install/wall_following/lib/python3.8/site-packages/wall_following-0.0.0-py3.8.egg-info
[3.468s] running install_scripts
[3.509s] Installing wall_following script to /home/f1tenth_ws/install/wall_following/lib/wall_following
[3.510s] writing list of installed files to '/home/f1tenth_ws/build/wall_following/install.log'
[3.556s] Invoked command in '/home/f1tenth_ws/src/wall_following' returned '0': CONDA_PROMPT_MODIFIER=(base) PYTHONPATH=/home/f1tenth_ws/build/wall_following/prefix_override:/usr/lib/python3/dist-packages/colcon_core/task/python/colcon_distutils_commands:/home/f1tenth_ws/install/wall_following/lib/python3.8/site-packages:${PYTHONPATH} _=/usr/bin/env /usr/bin/python3 -W ignore:setup.py install is deprecated setup.py egg_info --egg-base ../../build/wall_following build --build-base /home/f1tenth_ws/build/wall_following/build install --record /home/f1tenth_ws/build/wall_following/install.log --install-scripts $base/lib/wall_following --single-version-externally-managed install_data
