[2.761s] Invoking command in '/home/f1tenth_ws/src/f1tenth_system/teleop_tools/joy_teleop': AMENT_PREFIX_PATH=/home/f1tenth_ws/src/install/teleop_tools_msgs:${AMENT_PREFIX_PATH} CMAKE_PREFIX_PATH=/home/f1tenth_ws/src/install/teleop_tools_msgs:${CMAKE_PREFIX_PATH} CONDA_PROMPT_MODIFIER=(base) LD_LIBRARY_PATH=/home/f1tenth_ws/src/install/teleop_tools_msgs/lib:${LD_LIBRARY_PATH} PYTHONPATH=/home/f1tenth_ws/src/build/joy_teleop/prefix_override:/usr/lib/python3/dist-packages/colcon_core/task/python/colcon_distutils_commands:/home/f1tenth_ws/src/install/joy_teleop/lib/python3.8/site-packages:/home/f1tenth_ws/src/install/teleop_tools_msgs/lib/python3.8/site-packages:${PYTHONPATH} _=/usr/bin/env /usr/bin/python3 -W ignore:setup.py install is deprecated setup.py egg_info --egg-base ../../../build/joy_teleop build --build-base /home/f1tenth_ws/src/build/joy_teleop/build install --record /home/f1tenth_ws/src/build/joy_teleop/install.log --install-scripts $base/lib/joy_teleop --single-version-externally-managed install_data
[3.039s] /usr/local/lib/python3.8/dist-packages/setuptools/dist.py:447: SetuptoolsDeprecationWarning: Invalid dash-separated options
[3.039s] !!
[3.040s] 
[3.041s]         ********************************************************************************
[3.042s]         Usage of dash-separated 'script-dir' will not be supported in future
[3.042s]         versions. Please use the underscore name 'script_dir' instead.
[3.043s] 
[3.043s]         This deprecation is overdue, please update your project and remove deprecated
[3.044s]         calls to avoid build errors in the future.
[3.044s] 
[3.044s]         See https://setuptools.pypa.io/en/latest/userguide/declarative_config.html for details.
[3.045s]         ********************************************************************************
[3.046s] 
[3.046s] !!
[3.046s]   opt = self.warn_dash_deprecation(opt, section)
[3.073s] /usr/local/lib/python3.8/dist-packages/setuptools/_distutils/dist.py:268: UserWarning: Unknown distribution option: 'tests_require'
[3.074s]   warnings.warn(msg)
[3.262s] running egg_info
[3.292s] writing ../../../build/joy_teleop/joy_teleop.egg-info/PKG-INFO
[3.294s] writing dependency_links to ../../../build/joy_teleop/joy_teleop.egg-info/dependency_links.txt
[3.295s] writing entry points to ../../../build/joy_teleop/joy_teleop.egg-info/entry_points.txt
[3.296s] writing requirements to ../../../build/joy_teleop/joy_teleop.egg-info/requires.txt
[3.296s] writing top-level names to ../../../build/joy_teleop/joy_teleop.egg-info/top_level.txt
[3.519s] reading manifest file '../../../build/joy_teleop/joy_teleop.egg-info/SOURCES.txt'
[3.523s] writing manifest file '../../../build/joy_teleop/joy_teleop.egg-info/SOURCES.txt'
[3.524s] running build
[3.525s] running build_py
[3.525s] copying joy_teleop/__init__.py -> /home/f1tenth_ws/src/build/joy_teleop/build/lib/joy_teleop
[3.526s] copying joy_teleop/incrementer_server.py -> /home/f1tenth_ws/src/build/joy_teleop/build/lib/joy_teleop
[3.526s] copying joy_teleop/joy_teleop.py -> /home/f1tenth_ws/src/build/joy_teleop/build/lib/joy_teleop
[3.527s] running install
[3.532s] running install_lib
[3.566s] running install_data
[3.567s] copying package.xml -> /home/f1tenth_ws/src/install/joy_teleop/share/joy_teleop
[3.567s] copying config/joy_teleop_example.yaml -> /home/f1tenth_ws/src/install/joy_teleop/share/joy_teleop/config
[3.568s] copying launch/example.launch.py -> /home/f1tenth_ws/src/install/joy_teleop/share/joy_teleop/launch
[3.568s] copying resource/joy_teleop -> /home/f1tenth_ws/src/install/joy_teleop/share/ament_index/resource_index/packages
[3.569s] running install_egg_info
[3.603s] removing '/home/f1tenth_ws/src/install/joy_teleop/lib/python3.8/site-packages/joy_teleop-0.3.0-py3.8.egg-info' (and everything under it)
[3.604s] Copying ../../../build/joy_teleop/joy_teleop.egg-info to /home/f1tenth_ws/src/install/joy_teleop/lib/python3.8/site-packages/joy_teleop-0.3.0-py3.8.egg-info
[3.606s] running install_scripts
[3.686s] Installing incrementer_server script to /home/f1tenth_ws/src/install/joy_teleop/lib/joy_teleop
[3.687s] Installing joy_teleop script to /home/f1tenth_ws/src/install/joy_teleop/lib/joy_teleop
[3.687s] writing list of installed files to '/home/f1tenth_ws/src/build/joy_teleop/install.log'
