[3.739s] Invoking command in '/home/f1tenth_ws/src/follow_gap': CONDA_PROMPT_MODIFIER=(base) PYTHONPATH=/home/f1tenth_ws/build/follow_gap/prefix_override:/usr/lib/python3/dist-packages/colcon_core/task/python/colcon_distutils_commands:/home/f1tenth_ws/install/follow_gap/lib/python3.8/site-packages:${PYTHONPATH} _=/usr/bin/env /usr/bin/python3 -W ignore:setup.py install is deprecated setup.py egg_info --egg-base ../../build/follow_gap build --build-base /home/f1tenth_ws/build/follow_gap/build install --record /home/f1tenth_ws/build/follow_gap/install.log --install-scripts $base/lib/follow_gap --single-version-externally-managed install_data
[3.991s] /usr/local/lib/python3.8/dist-packages/setuptools/dist.py:447: SetuptoolsDeprecationWarning: Invalid dash-separated options
[3.992s] !!
[3.993s] 
[3.993s]         ********************************************************************************
[3.994s]         Usage of dash-separated 'script-dir' will not be supported in future
[3.994s]         versions. Please use the underscore name 'script_dir' instead.
[3.995s] 
[3.995s]         This deprecation is overdue, please update your project and remove deprecated
[3.996s]         calls to avoid build errors in the future.
[3.996s] 
[3.997s]         See https://setuptools.pypa.io/en/latest/userguide/declarative_config.html for details.
[3.997s]         ********************************************************************************
[3.997s] 
[3.998s] !!
[4.000s]   opt = self.warn_dash_deprecation(opt, section)
[4.023s] /usr/local/lib/python3.8/dist-packages/setuptools/_distutils/dist.py:268: UserWarning: Unknown distribution option: 'tests_require'
[4.023s]   warnings.warn(msg)
[4.198s] running egg_info
[4.225s] writing ../../build/follow_gap/follow_gap.egg-info/PKG-INFO
[4.226s] writing dependency_links to ../../build/follow_gap/follow_gap.egg-info/dependency_links.txt
[4.227s] writing entry points to ../../build/follow_gap/follow_gap.egg-info/entry_points.txt
[4.227s] writing requirements to ../../build/follow_gap/follow_gap.egg-info/requires.txt
[4.230s] writing top-level names to ../../build/follow_gap/follow_gap.egg-info/top_level.txt
[4.436s] reading manifest file '../../build/follow_gap/follow_gap.egg-info/SOURCES.txt'
[4.437s] writing manifest file '../../build/follow_gap/follow_gap.egg-info/SOURCES.txt'
[4.437s] running build
[4.438s] running build_py
[4.438s] copying follow_gap/__init__.py -> /home/f1tenth_ws/build/follow_gap/build/lib/follow_gap
[4.439s] copying follow_gap/follow_gap.py -> /home/f1tenth_ws/build/follow_gap/build/lib/follow_gap
[4.439s] running install
[4.442s] running install_lib
[4.472s] running install_data
[4.472s] copying resource/follow_gap -> /home/f1tenth_ws/install/follow_gap/share/ament_index/resource_index/packages
[4.473s] copying package.xml -> /home/f1tenth_ws/install/follow_gap/share/follow_gap
[4.474s] running install_egg_info
[4.514s] removing '/home/f1tenth_ws/install/follow_gap/lib/python3.8/site-packages/follow_gap-0.0.0-py3.8.egg-info' (and everything under it)
[4.514s] Copying ../../build/follow_gap/follow_gap.egg-info to /home/f1tenth_ws/install/follow_gap/lib/python3.8/site-packages/follow_gap-0.0.0-py3.8.egg-info
[4.515s] running install_scripts
[4.568s] Installing follow_gap script to /home/f1tenth_ws/install/follow_gap/lib/follow_gap
[4.569s] writing list of installed files to '/home/f1tenth_ws/build/follow_gap/install.log'
[5.236s] Invoked command in '/home/f1tenth_ws/src/follow_gap' returned '0': CONDA_PROMPT_MODIFIER=(base) PYTHONPATH=/home/f1tenth_ws/build/follow_gap/prefix_override:/usr/lib/python3/dist-packages/colcon_core/task/python/colcon_distutils_commands:/home/f1tenth_ws/install/follow_gap/lib/python3.8/site-packages:${PYTHONPATH} _=/usr/bin/env /usr/bin/python3 -W ignore:setup.py install is deprecated setup.py egg_info --egg-base ../../build/follow_gap build --build-base /home/f1tenth_ws/build/follow_gap/build install --record /home/f1tenth_ws/build/follow_gap/install.log --install-scripts $base/lib/follow_gap --single-version-externally-managed install_data
