[1.758s] Invoking command in '/home/f1tenth_ws/src/wall_following': CONDA_PROMPT_MODIFIER=(base) PYTHONPATH=/home/f1tenth_ws/build/wall_following/prefix_override:/usr/lib/python3/dist-packages/colcon_core/task/python/colcon_distutils_commands:/home/f1tenth_ws/install/wall_following/lib/python3.8/site-packages: _=/usr/bin/env /usr/bin/python3 -W ignore:setup.py install is deprecated setup.py egg_info --egg-base ../../build/wall_following build --build-base /home/f1tenth_ws/build/wall_following/build install --record /home/f1tenth_ws/build/wall_following/install.log --install-scripts $base/lib/wall_following --single-version-externally-managed install_data
[1.940s] /usr/local/lib/python3.8/dist-packages/setuptools/dist.py:447: SetuptoolsDeprecationWarning: Invalid dash-separated options
[1.941s] !!
[1.941s] 
[1.942s]         ********************************************************************************
[1.942s]         Usage of dash-separated 'script-dir' will not be supported in future
[1.943s]         versions. Please use the underscore name 'script_dir' instead.
[1.943s] 
[1.943s]         This deprecation is overdue, please update your project and remove deprecated
[1.944s]         calls to avoid build errors in the future.
[1.944s] 
[1.945s]         See https://setuptools.pypa.io/en/latest/userguide/declarative_config.html for details.
[1.945s]         ********************************************************************************
[1.945s] 
[1.946s] !!
[1.947s]   opt = self.warn_dash_deprecation(opt, section)
[1.948s] /usr/local/lib/python3.8/dist-packages/setuptools/_distutils/dist.py:268: UserWarning: Unknown distribution option: 'tests_require'
[1.950s]   warnings.warn(msg)
[2.049s] running egg_info
[2.050s] writing ../../build/wall_following/wall_following.egg-info/PKG-INFO
[2.052s] writing dependency_links to ../../build/wall_following/wall_following.egg-info/dependency_links.txt
[2.053s] writing entry points to ../../build/wall_following/wall_following.egg-info/entry_points.txt
[2.054s] writing requirements to ../../build/wall_following/wall_following.egg-info/requires.txt
[2.055s] writing top-level names to ../../build/wall_following/wall_following.egg-info/top_level.txt
[2.156s] reading manifest file '../../build/wall_following/wall_following.egg-info/SOURCES.txt'
[2.156s] writing manifest file '../../build/wall_following/wall_following.egg-info/SOURCES.txt'
[2.157s] running build
[2.157s] running build_py
[2.157s] copying wall_following/__init__.py -> /home/f1tenth_ws/build/wall_following/build/lib/wall_following
[2.158s] copying wall_following/wall_following.py -> /home/f1tenth_ws/build/wall_following/build/lib/wall_following
[2.158s] running install
[2.159s] running install_lib
[2.164s] running install_data
[2.164s] copying resource/wall_following -> /home/f1tenth_ws/install/wall_following/share/ament_index/resource_index/packages
[2.165s] copying package.xml -> /home/f1tenth_ws/install/wall_following/share/wall_following
[2.165s] running install_egg_info
[2.177s] removing '/home/f1tenth_ws/install/wall_following/lib/python3.8/site-packages/wall_following-0.0.0-py3.8.egg-info' (and everything under it)
[2.178s] Copying ../../build/wall_following/wall_following.egg-info to /home/f1tenth_ws/install/wall_following/lib/python3.8/site-packages/wall_following-0.0.0-py3.8.egg-info
[2.179s] running install_scripts
[2.215s] Installing wall_following script to /home/f1tenth_ws/install/wall_following/lib/wall_following
[2.216s] writing list of installed files to '/home/f1tenth_ws/build/wall_following/install.log'
[2.266s] Invoked command in '/home/f1tenth_ws/src/wall_following' returned '0': CONDA_PROMPT_MODIFIER=(base) PYTHONPATH=/home/f1tenth_ws/build/wall_following/prefix_override:/usr/lib/python3/dist-packages/colcon_core/task/python/colcon_distutils_commands:/home/f1tenth_ws/install/wall_following/lib/python3.8/site-packages: _=/usr/bin/env /usr/bin/python3 -W ignore:setup.py install is deprecated setup.py egg_info --egg-base ../../build/wall_following build --build-base /home/f1tenth_ws/build/wall_following/build install --record /home/f1tenth_ws/build/wall_following/install.log --install-scripts $base/lib/wall_following --single-version-externally-managed install_data
