[3.321s] Invoking command in '/home/f1tenth_ws/src/autonomous_driving_pkg': CONDA_PROMPT_MODIFIER=(base) PYTHONPATH=/home/f1tenth_ws/build/autonomous_driving_pkg/prefix_override:/usr/lib/python3/dist-packages/colcon_core/task/python/colcon_distutils_commands:/home/f1tenth_ws/install/autonomous_driving_pkg/lib/python3.8/site-packages:${PYTHONPATH} _=/usr/bin/env /usr/bin/python3 -W ignore:setup.py install is deprecated setup.py egg_info --egg-base ../../build/autonomous_driving_pkg build --build-base /home/f1tenth_ws/build/autonomous_driving_pkg/build install --record /home/f1tenth_ws/build/autonomous_driving_pkg/install.log --install-scripts $base/lib/autonomous_driving_pkg --single-version-externally-managed install_data
[3.744s] /usr/local/lib/python3.8/dist-packages/setuptools/dist.py:447: SetuptoolsDeprecationWarning: Invalid dash-separated options
[3.744s] !!
[3.744s] 
[3.744s]         ********************************************************************************
[3.744s]         Usage of dash-separated 'script-dir' will not be supported in future
[3.745s]         versions. Please use the underscore name 'script_dir' instead.
[3.745s] 
[3.745s]         This deprecation is overdue, please update your project and remove deprecated
[3.745s]         calls to avoid build errors in the future.
[3.745s] 
[3.745s]         See https://setuptools.pypa.io/en/latest/userguide/declarative_config.html for details.
[3.745s]         ********************************************************************************
[3.745s] 
[3.745s] !!
[3.745s]   opt = self.warn_dash_deprecation(opt, section)
[3.770s] /usr/local/lib/python3.8/dist-packages/setuptools/_distutils/dist.py:268: UserWarning: Unknown distribution option: 'tests_require'
[3.771s]   warnings.warn(msg)
[4.062s] running egg_info
[4.106s] writing ../../build/autonomous_driving_pkg/autonomous_driving_pkg.egg-info/PKG-INFO
[4.107s] writing dependency_links to ../../build/autonomous_driving_pkg/autonomous_driving_pkg.egg-info/dependency_links.txt
[4.108s] writing entry points to ../../build/autonomous_driving_pkg/autonomous_driving_pkg.egg-info/entry_points.txt
[4.108s] writing requirements to ../../build/autonomous_driving_pkg/autonomous_driving_pkg.egg-info/requires.txt
[4.108s] writing top-level names to ../../build/autonomous_driving_pkg/autonomous_driving_pkg.egg-info/top_level.txt
[4.451s] reading manifest file '../../build/autonomous_driving_pkg/autonomous_driving_pkg.egg-info/SOURCES.txt'
[4.454s] writing manifest file '../../build/autonomous_driving_pkg/autonomous_driving_pkg.egg-info/SOURCES.txt'
[4.454s] running build
[4.455s] running build_py
[4.455s] copying autonomous_driving_pkg/__init__.py -> /home/f1tenth_ws/build/autonomous_driving_pkg/build/lib/autonomous_driving_pkg
[4.456s] copying autonomous_driving_pkg/euler_transform.py -> /home/f1tenth_ws/build/autonomous_driving_pkg/build/lib/autonomous_driving_pkg
[4.456s] copying autonomous_driving_pkg/pure_pursuit_controller.py -> /home/f1tenth_ws/build/autonomous_driving_pkg/build/lib/autonomous_driving_pkg
[4.457s] copying autonomous_driving_pkg/controller_node.py -> /home/f1tenth_ws/build/autonomous_driving_pkg/build/lib/autonomous_driving_pkg
[4.457s] copying autonomous_driving_pkg/person_follow.py -> /home/f1tenth_ws/build/autonomous_driving_pkg/build/lib/autonomous_driving_pkg
[4.464s] copying autonomous_driving_pkg/follow_the_gap.py -> /home/f1tenth_ws/build/autonomous_driving_pkg/build/lib/autonomous_driving_pkg
[4.467s] copying autonomous_driving_pkg/altrnate_waypoint_follower.py -> /home/f1tenth_ws/build/autonomous_driving_pkg/build/lib/autonomous_driving_pkg
[4.467s] copying autonomous_driving_pkg/waypoint_follower.py -> /home/f1tenth_ws/build/autonomous_driving_pkg/build/lib/autonomous_driving_pkg
[4.468s] copying autonomous_driving_pkg/return_to_origin.py -> /home/f1tenth_ws/build/autonomous_driving_pkg/build/lib/autonomous_driving_pkg
[4.468s] copying autonomous_driving_pkg/camera_publisher.py -> /home/f1tenth_ws/build/autonomous_driving_pkg/build/lib/autonomous_driving_pkg
[4.469s] running install
[4.469s] running install_lib
[4.492s] running install_data
[4.492s] copying resource/autonomous_driving_pkg -> /home/f1tenth_ws/install/autonomous_driving_pkg/share/ament_index/resource_index/packages
[4.493s] copying package.xml -> /home/f1tenth_ws/install/autonomous_driving_pkg/share/autonomous_driving_pkg
[4.493s] running install_egg_info
[4.523s] removing '/home/f1tenth_ws/install/autonomous_driving_pkg/lib/python3.8/site-packages/autonomous_driving_pkg-0.0.0-py3.8.egg-info' (and everything under it)
[4.524s] Copying ../../build/autonomous_driving_pkg/autonomous_driving_pkg.egg-info to /home/f1tenth_ws/install/autonomous_driving_pkg/lib/python3.8/site-packages/autonomous_driving_pkg-0.0.0-py3.8.egg-info
[4.525s] running install_scripts
[4.609s] Installing camera_publisher script to /home/f1tenth_ws/install/autonomous_driving_pkg/lib/autonomous_driving_pkg
[4.611s] Installing follow_the_gap script to /home/f1tenth_ws/install/autonomous_driving_pkg/lib/autonomous_driving_pkg
[4.611s] Installing person_follow script to /home/f1tenth_ws/install/autonomous_driving_pkg/lib/autonomous_driving_pkg
[4.612s] Installing pp_node script to /home/f1tenth_ws/install/autonomous_driving_pkg/lib/autonomous_driving_pkg
[4.612s] Installing return_to_origin script to /home/f1tenth_ws/install/autonomous_driving_pkg/lib/autonomous_driving_pkg
[4.613s] Installing waypoint_follower script to /home/f1tenth_ws/install/autonomous_driving_pkg/lib/autonomous_driving_pkg
[4.614s] writing list of installed files to '/home/f1tenth_ws/build/autonomous_driving_pkg/install.log'
[4.988s] Invoked command in '/home/f1tenth_ws/src/autonomous_driving_pkg' returned '0': CONDA_PROMPT_MODIFIER=(base) PYTHONPATH=/home/f1tenth_ws/build/autonomous_driving_pkg/prefix_override:/usr/lib/python3/dist-packages/colcon_core/task/python/colcon_distutils_commands:/home/f1tenth_ws/install/autonomous_driving_pkg/lib/python3.8/site-packages:${PYTHONPATH} _=/usr/bin/env /usr/bin/python3 -W ignore:setup.py install is deprecated setup.py egg_info --egg-base ../../build/autonomous_driving_pkg build --build-base /home/f1tenth_ws/build/autonomous_driving_pkg/build install --record /home/f1tenth_ws/build/autonomous_driving_pkg/install.log --install-scripts $base/lib/autonomous_driving_pkg --single-version-externally-managed install_data
