[3.913s] Invoking command in '/home/f1tenth_ws/src/f1tenth_system/teleop_tools/key_teleop': CONDA_PROMPT_MODIFIER=(base) PYTHONPATH=/home/f1tenth_ws/build/key_teleop/prefix_override:/usr/lib/python3/dist-packages/colcon_core/task/python/colcon_distutils_commands:/home/f1tenth_ws/install/key_teleop/lib/python3.8/site-packages:${PYTHONPATH} _=/usr/bin/env /usr/bin/python3 -W ignore:setup.py install is deprecated setup.py egg_info --egg-base ../../../../build/key_teleop build --build-base /home/f1tenth_ws/build/key_teleop/build install --record /home/f1tenth_ws/build/key_teleop/install.log --install-scripts $base/lib/key_teleop --single-version-externally-managed install_data
[4.647s] /usr/local/lib/python3.8/dist-packages/setuptools/dist.py:447: SetuptoolsDeprecationWarning: Invalid dash-separated options
[4.647s] !!
[4.648s] 
[4.648s]         ********************************************************************************
[4.649s]         Usage of dash-separated 'script-dir' will not be supported in future
[4.649s]         versions. Please use the underscore name 'script_dir' instead.
[4.650s] 
[4.650s]         This deprecation is overdue, please update your project and remove deprecated
[4.651s]         calls to avoid build errors in the future.
[4.651s] 
[4.652s]         See https://setuptools.pypa.io/en/latest/userguide/declarative_config.html for details.
[4.652s]         ********************************************************************************
[4.653s] 
[4.654s] !!
[4.654s]   opt = self.warn_dash_deprecation(opt, section)
[4.712s] /usr/local/lib/python3.8/dist-packages/setuptools/_distutils/dist.py:268: UserWarning: Unknown distribution option: 'tests_require'
[4.718s]   warnings.warn(msg)
[4.885s] running egg_info
[4.913s] writing ../../../../build/key_teleop/key_teleop.egg-info/PKG-INFO
[4.914s] writing dependency_links to ../../../../build/key_teleop/key_teleop.egg-info/dependency_links.txt
[4.914s] writing entry points to ../../../../build/key_teleop/key_teleop.egg-info/entry_points.txt
[4.914s] writing requirements to ../../../../build/key_teleop/key_teleop.egg-info/requires.txt
[4.915s] writing top-level names to ../../../../build/key_teleop/key_teleop.egg-info/top_level.txt
[5.109s] reading manifest file '../../../../build/key_teleop/key_teleop.egg-info/SOURCES.txt'
[5.110s] adding license file 'LICENSE'
[5.111s] writing manifest file '../../../../build/key_teleop/key_teleop.egg-info/SOURCES.txt'
[5.112s] running build
[5.112s] running build_py
[5.113s] copying key_teleop/__init__.py -> /home/f1tenth_ws/build/key_teleop/build/lib/key_teleop
[5.114s] copying key_teleop/key_teleop.py -> /home/f1tenth_ws/build/key_teleop/build/lib/key_teleop
[5.114s] running install
[5.116s] running install_lib
[5.135s] running install_data
[5.137s] copying package.xml -> /home/f1tenth_ws/install/key_teleop/share/key_teleop
[5.138s] copying config/key_teleop.yaml -> /home/f1tenth_ws/install/key_teleop/share/key_teleop/config
[5.139s] copying resource/key_teleop -> /home/f1tenth_ws/install/key_teleop/share/ament_index/resource_index/packages
[5.140s] running install_egg_info
[5.154s] removing '/home/f1tenth_ws/install/key_teleop/lib/python3.8/site-packages/key_teleop-0.3.0-py3.8.egg-info' (and everything under it)
[5.155s] Copying ../../../../build/key_teleop/key_teleop.egg-info to /home/f1tenth_ws/install/key_teleop/lib/python3.8/site-packages/key_teleop-0.3.0-py3.8.egg-info
[5.157s] running install_scripts
[5.204s] Installing key_teleop script to /home/f1tenth_ws/install/key_teleop/lib/key_teleop
[5.206s] writing list of installed files to '/home/f1tenth_ws/build/key_teleop/install.log'
[6.239s] Invoked command in '/home/f1tenth_ws/src/f1tenth_system/teleop_tools/key_teleop' returned '0': CONDA_PROMPT_MODIFIER=(base) PYTHONPATH=/home/f1tenth_ws/build/key_teleop/prefix_override:/usr/lib/python3/dist-packages/colcon_core/task/python/colcon_distutils_commands:/home/f1tenth_ws/install/key_teleop/lib/python3.8/site-packages:${PYTHONPATH} _=/usr/bin/env /usr/bin/python3 -W ignore:setup.py install is deprecated setup.py egg_info --egg-base ../../../../build/key_teleop build --build-base /home/f1tenth_ws/build/key_teleop/build install --record /home/f1tenth_ws/build/key_teleop/install.log --install-scripts $base/lib/key_teleop --single-version-externally-managed install_data
