[4.243s] Invoking command in '/home/f1tenth_ws/src/f1tenth_system/teleop_tools/key_teleop': PYTHONPATH=/home/f1tenth_ws/build/key_teleop/prefix_override:/usr/lib/python3/dist-packages/colcon_core/task/python/colcon_distutils_commands:/home/f1tenth_ws/install/key_teleop/lib/python3.8/site-packages:${PYTHONPATH} _=/usr/bin/env /usr/bin/python3 -W ignore:setup.py install is deprecated setup.py egg_info --egg-base ../../../../build/key_teleop build --build-base /home/f1tenth_ws/build/key_teleop/build install --record /home/f1tenth_ws/build/key_teleop/install.log --install-scripts $base/lib/key_teleop --single-version-externally-managed install_data
[4.598s] /usr/local/lib/python3.8/dist-packages/setuptools/dist.py:447: SetuptoolsDeprecationWarning: Invalid dash-separated options
[4.598s] !!
[4.600s] 
[4.600s]         ********************************************************************************
[4.601s]         Usage of dash-separated 'script-dir' will not be supported in future
[4.601s]         versions. Please use the underscore name 'script_dir' instead.
[4.602s] 
[4.603s]         By 2024-Sep-26, you need to update your project and remove deprecated calls
[4.603s]         or your builds will no longer be supported.
[4.604s] 
[4.604s]         See https://setuptools.pypa.io/en/latest/userguide/declarative_config.html for details.
[4.605s]         ********************************************************************************
[4.605s] 
[4.606s] !!
[4.606s]   opt = self.warn_dash_deprecation(opt, section)
[4.621s] /usr/local/lib/python3.8/dist-packages/setuptools/_distutils/dist.py:268: UserWarning: Unknown distribution option: 'tests_require'
[4.621s]   warnings.warn(msg)
[4.784s] running egg_info
[4.806s] writing ../../../../build/key_teleop/key_teleop.egg-info/PKG-INFO
[4.807s] writing dependency_links to ../../../../build/key_teleop/key_teleop.egg-info/dependency_links.txt
[4.807s] writing entry points to ../../../../build/key_teleop/key_teleop.egg-info/entry_points.txt
[4.816s] writing requirements to ../../../../build/key_teleop/key_teleop.egg-info/requires.txt
[4.817s] writing top-level names to ../../../../build/key_teleop/key_teleop.egg-info/top_level.txt
[5.098s] reading manifest file '../../../../build/key_teleop/key_teleop.egg-info/SOURCES.txt'
[5.099s] adding license file 'LICENSE'
[5.099s] writing manifest file '../../../../build/key_teleop/key_teleop.egg-info/SOURCES.txt'
[5.099s] running build
[5.099s] running build_py
[5.099s] copying key_teleop/__init__.py -> /home/f1tenth_ws/build/key_teleop/build/lib/key_teleop
[5.099s] copying key_teleop/key_teleop.py -> /home/f1tenth_ws/build/key_teleop/build/lib/key_teleop
[5.100s] running install
[5.111s] running install_lib
[5.145s] running install_data
[5.146s] copying config/key_teleop.yaml -> /home/f1tenth_ws/install/key_teleop/share/key_teleop/config
[5.146s] running install_egg_info
[5.202s] removing '/home/f1tenth_ws/install/key_teleop/lib/python3.8/site-packages/key_teleop-0.3.0-py3.8.egg-info' (and everything under it)
[5.209s] Copying ../../../../build/key_teleop/key_teleop.egg-info to /home/f1tenth_ws/install/key_teleop/lib/python3.8/site-packages/key_teleop-0.3.0-py3.8.egg-info
[5.209s] running install_scripts
[5.394s] Installing key_teleop script to /home/f1tenth_ws/install/key_teleop/lib/key_teleop
[5.409s] writing list of installed files to '/home/f1tenth_ws/build/key_teleop/install.log'
[5.835s] Invoked command in '/home/f1tenth_ws/src/f1tenth_system/teleop_tools/key_teleop' returned '0': PYTHONPATH=/home/f1tenth_ws/build/key_teleop/prefix_override:/usr/lib/python3/dist-packages/colcon_core/task/python/colcon_distutils_commands:/home/f1tenth_ws/install/key_teleop/lib/python3.8/site-packages:${PYTHONPATH} _=/usr/bin/env /usr/bin/python3 -W ignore:setup.py install is deprecated setup.py egg_info --egg-base ../../../../build/key_teleop build --build-base /home/f1tenth_ws/build/key_teleop/build install --record /home/f1tenth_ws/build/key_teleop/install.log --install-scripts $base/lib/key_teleop --single-version-externally-managed install_data
