[2.177s] Invoking command in '/home/f1tenth_ws/src/voice_control': CONDA_PROMPT_MODIFIER=(base) PYTHONPATH=/home/f1tenth_ws/build/voice_control/prefix_override:/usr/lib/python3/dist-packages/colcon_core/task/python/colcon_distutils_commands:/home/f1tenth_ws/install/voice_control/lib/python3.8/site-packages:${PYTHONPATH} _=/usr/bin/env /usr/bin/python3 -W ignore:setup.py install is deprecated setup.py egg_info --egg-base ../../build/voice_control build --build-base /home/f1tenth_ws/build/voice_control/build install --record /home/f1tenth_ws/build/voice_control/install.log --install-scripts $base/lib/voice_control --single-version-externally-managed install_data
[2.390s] /usr/local/lib/python3.8/dist-packages/setuptools/dist.py:447: SetuptoolsDeprecationWarning: Invalid dash-separated options
[2.390s] !!
[2.391s] 
[2.391s]         ********************************************************************************
[2.392s]         Usage of dash-separated 'script-dir' will not be supported in future
[2.392s]         versions. Please use the underscore name 'script_dir' instead.
[2.392s] 
[2.393s]         This deprecation is overdue, please update your project and remove deprecated
[2.393s]         calls to avoid build errors in the future.
[2.393s] 
[2.394s]         See https://setuptools.pypa.io/en/latest/userguide/declarative_config.html for details.
[2.394s]         ********************************************************************************
[2.395s] 
[2.395s] !!
[2.396s]   opt = self.warn_dash_deprecation(opt, section)
[2.407s] /usr/local/lib/python3.8/dist-packages/setuptools/_distutils/dist.py:268: UserWarning: Unknown distribution option: 'tests_require'
[2.408s]   warnings.warn(msg)
[2.513s] running egg_info
[2.531s] writing ../../build/voice_control/voice_control.egg-info/PKG-INFO
[2.532s] writing dependency_links to ../../build/voice_control/voice_control.egg-info/dependency_links.txt
[2.533s] writing entry points to ../../build/voice_control/voice_control.egg-info/entry_points.txt
[2.533s] writing requirements to ../../build/voice_control/voice_control.egg-info/requires.txt
[2.534s] writing top-level names to ../../build/voice_control/voice_control.egg-info/top_level.txt
[2.663s] reading manifest file '../../build/voice_control/voice_control.egg-info/SOURCES.txt'
[2.664s] writing manifest file '../../build/voice_control/voice_control.egg-info/SOURCES.txt'
[2.666s] running build
[2.667s] running build_py
[2.667s] copying voice_control/__init__.py -> /home/f1tenth_ws/build/voice_control/build/lib/voice_control
[2.667s] copying voice_control/voice_command_node.py -> /home/f1tenth_ws/build/voice_control/build/lib/voice_control
[2.668s] copying voice_control/to_text.py -> /home/f1tenth_ws/build/voice_control/build/lib/voice_control
[2.668s] running install
[2.670s] running install_lib
[2.689s] running install_data
[2.690s] copying resource/voice_control -> /home/f1tenth_ws/install/voice_control/share/ament_index/resource_index/packages
[2.690s] copying package.xml -> /home/f1tenth_ws/install/voice_control/share/voice_control
[2.690s] running install_egg_info
[2.706s] removing '/home/f1tenth_ws/install/voice_control/lib/python3.8/site-packages/voice_control-0.0.0-py3.8.egg-info' (and everything under it)
[2.708s] Copying ../../build/voice_control/voice_control.egg-info to /home/f1tenth_ws/install/voice_control/lib/python3.8/site-packages/voice_control-0.0.0-py3.8.egg-info
[2.709s] running install_scripts
[2.750s] Installing voice_command_node script to /home/f1tenth_ws/install/voice_control/lib/voice_control
[2.752s] writing list of installed files to '/home/f1tenth_ws/build/voice_control/install.log'
[2.818s] Invoked command in '/home/f1tenth_ws/src/voice_control' returned '0': CONDA_PROMPT_MODIFIER=(base) PYTHONPATH=/home/f1tenth_ws/build/voice_control/prefix_override:/usr/lib/python3/dist-packages/colcon_core/task/python/colcon_distutils_commands:/home/f1tenth_ws/install/voice_control/lib/python3.8/site-packages:${PYTHONPATH} _=/usr/bin/env /usr/bin/python3 -W ignore:setup.py install is deprecated setup.py egg_info --egg-base ../../build/voice_control build --build-base /home/f1tenth_ws/build/voice_control/build install --record /home/f1tenth_ws/build/voice_control/install.log --install-scripts $base/lib/voice_control --single-version-externally-managed install_data
