[3.271s] Invoking command in '/home/f1tenth_ws/src/f1tenth_system/teleop_tools/mouse_teleop': PYTHONPATH=/home/f1tenth_ws/build/mouse_teleop/prefix_override:/usr/lib/python3/dist-packages/colcon_core/task/python/colcon_distutils_commands:/home/f1tenth_ws/install/mouse_teleop/lib/python3.8/site-packages:${PYTHONPATH} _=/usr/bin/env /usr/bin/python3 -W ignore:setup.py install is deprecated setup.py egg_info --egg-base ../../../../build/mouse_teleop build --build-base /home/f1tenth_ws/build/mouse_teleop/build install --record /home/f1tenth_ws/build/mouse_teleop/install.log --install-scripts $base/lib/mouse_teleop --single-version-externally-managed install_data
[3.536s] /usr/local/lib/python3.8/dist-packages/setuptools/dist.py:447: SetuptoolsDeprecationWarning: Invalid dash-separated options
[3.536s] !!
[3.537s] 
[3.537s]         ********************************************************************************
[3.539s]         Usage of dash-separated 'script-dir' will not be supported in future
[3.540s]         versions. Please use the underscore name 'script_dir' instead.
[3.540s] 
[3.541s]         By 2024-Sep-26, you need to update your project and remove deprecated calls
[3.541s]         or your builds will no longer be supported.
[3.542s] 
[3.542s]         See https://setuptools.pypa.io/en/latest/userguide/declarative_config.html for details.
[3.543s]         ********************************************************************************
[3.544s] 
[3.544s] !!
[3.544s]   opt = self.warn_dash_deprecation(opt, section)
[3.566s] /usr/local/lib/python3.8/dist-packages/setuptools/_distutils/dist.py:268: UserWarning: Unknown distribution option: 'tests_require'
[3.567s]   warnings.warn(msg)
[3.781s] running egg_info
[3.794s] writing ../../../../build/mouse_teleop/mouse_teleop.egg-info/PKG-INFO
[3.794s] writing dependency_links to ../../../../build/mouse_teleop/mouse_teleop.egg-info/dependency_links.txt
[3.795s] writing entry points to ../../../../build/mouse_teleop/mouse_teleop.egg-info/entry_points.txt
[3.796s] writing requirements to ../../../../build/mouse_teleop/mouse_teleop.egg-info/requires.txt
[3.798s] writing top-level names to ../../../../build/mouse_teleop/mouse_teleop.egg-info/top_level.txt
[3.989s] reading manifest file '../../../../build/mouse_teleop/mouse_teleop.egg-info/SOURCES.txt'
[4.000s] adding license file 'LICENSE'
[4.002s] writing manifest file '../../../../build/mouse_teleop/mouse_teleop.egg-info/SOURCES.txt'
[4.003s] running build
[4.003s] running build_py
[4.004s] copying mouse_teleop/__init__.py -> /home/f1tenth_ws/build/mouse_teleop/build/lib/mouse_teleop
[4.004s] copying mouse_teleop/mouse_teleop.py -> /home/f1tenth_ws/build/mouse_teleop/build/lib/mouse_teleop
[4.008s] running install
[4.009s] running install_lib
[4.028s] running install_data
[4.029s] copying config/mouse_teleop.yaml -> /home/f1tenth_ws/install/mouse_teleop/share/mouse_teleop/config
[4.029s] copying launch/mouse_teleop.launch.py -> /home/f1tenth_ws/install/mouse_teleop/share/mouse_teleop/launch
[4.031s] running install_egg_info
[4.055s] removing '/home/f1tenth_ws/install/mouse_teleop/lib/python3.8/site-packages/mouse_teleop-0.3.0-py3.8.egg-info' (and everything under it)
[4.056s] Copying ../../../../build/mouse_teleop/mouse_teleop.egg-info to /home/f1tenth_ws/install/mouse_teleop/lib/python3.8/site-packages/mouse_teleop-0.3.0-py3.8.egg-info
[4.057s] running install_scripts
[4.131s] Installing mouse_teleop script to /home/f1tenth_ws/install/mouse_teleop/lib/mouse_teleop
[4.132s] writing list of installed files to '/home/f1tenth_ws/build/mouse_teleop/install.log'
[4.519s] Invoked command in '/home/f1tenth_ws/src/f1tenth_system/teleop_tools/mouse_teleop' returned '0': PYTHONPATH=/home/f1tenth_ws/build/mouse_teleop/prefix_override:/usr/lib/python3/dist-packages/colcon_core/task/python/colcon_distutils_commands:/home/f1tenth_ws/install/mouse_teleop/lib/python3.8/site-packages:${PYTHONPATH} _=/usr/bin/env /usr/bin/python3 -W ignore:setup.py install is deprecated setup.py egg_info --egg-base ../../../../build/mouse_teleop build --build-base /home/f1tenth_ws/build/mouse_teleop/build install --record /home/f1tenth_ws/build/mouse_teleop/install.log --install-scripts $base/lib/mouse_teleop --single-version-externally-managed install_data
