[2.340s] Invoking command in '/home/f1tenth_ws/src/wall_following': CONDA_PROMPT_MODIFIER=(base) PYTHONPATH=/home/f1tenth_ws/build/wall_following/prefix_override:/usr/lib/python3/dist-packages/colcon_core/task/python/colcon_distutils_commands:/home/f1tenth_ws/install/wall_following/lib/python3.8/site-packages:${PYTHONPATH} _=/usr/bin/env /usr/bin/python3 -W ignore:setup.py install is deprecated setup.py egg_info --egg-base ../../build/wall_following build --build-base /home/f1tenth_ws/build/wall_following/build install --record /home/f1tenth_ws/build/wall_following/install.log --install-scripts $base/lib/wall_following --single-version-externally-managed install_data
[2.561s] /usr/local/lib/python3.8/dist-packages/setuptools/dist.py:447: SetuptoolsDeprecationWarning: Invalid dash-separated options
[2.562s] !!
[2.563s] 
[2.563s]         ********************************************************************************
[2.564s]         Usage of dash-separated 'script-dir' will not be supported in future
[2.565s]         versions. Please use the underscore name 'script_dir' instead.
[2.565s] 
[2.566s]         This deprecation is overdue, please update your project and remove deprecated
[2.566s]         calls to avoid build errors in the future.
[2.567s] 
[2.567s]         See https://setuptools.pypa.io/en/latest/userguide/declarative_config.html for details.
[2.568s]         ********************************************************************************
[2.568s] 
[2.569s] !!
[2.569s]   opt = self.warn_dash_deprecation(opt, section)
[2.584s] /usr/local/lib/python3.8/dist-packages/setuptools/_distutils/dist.py:268: UserWarning: Unknown distribution option: 'tests_require'
[2.585s]   warnings.warn(msg)
[2.729s] running egg_info
[2.757s] writing ../../build/wall_following/wall_following.egg-info/PKG-INFO
[2.757s] writing dependency_links to ../../build/wall_following/wall_following.egg-info/dependency_links.txt
[2.763s] writing entry points to ../../build/wall_following/wall_following.egg-info/entry_points.txt
[2.765s] writing requirements to ../../build/wall_following/wall_following.egg-info/requires.txt
[2.765s] writing top-level names to ../../build/wall_following/wall_following.egg-info/top_level.txt
[2.901s] reading manifest file '../../build/wall_following/wall_following.egg-info/SOURCES.txt'
[2.909s] writing manifest file '../../build/wall_following/wall_following.egg-info/SOURCES.txt'
[2.910s] running build
[2.911s] running build_py
[2.913s] copying wall_following/__init__.py -> /home/f1tenth_ws/build/wall_following/build/lib/wall_following
[2.915s] copying wall_following/wall_following.py -> /home/f1tenth_ws/build/wall_following/build/lib/wall_following
[2.915s] running install
[2.916s] running install_lib
[2.927s] running install_data
[2.928s] copying resource/wall_following -> /home/f1tenth_ws/install/wall_following/share/ament_index/resource_index/packages
[2.928s] copying package.xml -> /home/f1tenth_ws/install/wall_following/share/wall_following
[2.929s] running install_egg_info
[2.944s] removing '/home/f1tenth_ws/install/wall_following/lib/python3.8/site-packages/wall_following-0.0.0-py3.8.egg-info' (and everything under it)
[2.945s] Copying ../../build/wall_following/wall_following.egg-info to /home/f1tenth_ws/install/wall_following/lib/python3.8/site-packages/wall_following-0.0.0-py3.8.egg-info
[2.946s] running install_scripts
[2.989s] Installing wall_following script to /home/f1tenth_ws/install/wall_following/lib/wall_following
[2.990s] writing list of installed files to '/home/f1tenth_ws/build/wall_following/install.log'
[3.065s] Invoked command in '/home/f1tenth_ws/src/wall_following' returned '0': CONDA_PROMPT_MODIFIER=(base) PYTHONPATH=/home/f1tenth_ws/build/wall_following/prefix_override:/usr/lib/python3/dist-packages/colcon_core/task/python/colcon_distutils_commands:/home/f1tenth_ws/install/wall_following/lib/python3.8/site-packages:${PYTHONPATH} _=/usr/bin/env /usr/bin/python3 -W ignore:setup.py install is deprecated setup.py egg_info --egg-base ../../build/wall_following build --build-base /home/f1tenth_ws/build/wall_following/build install --record /home/f1tenth_ws/build/wall_following/install.log --install-scripts $base/lib/wall_following --single-version-externally-managed install_data
