[0.062s] Invoking command in '/home/f1tenth_ws/build/slam_toolbox': CMAKE_PREFIX_PATH=${CMAKE_PREFIX_PATH}:/home/f1tenth_ws/install/wall_following:/home/f1tenth_ws/install/voice_control:/home/f1tenth_ws/install/f1tenth_stack:/home/f1tenth_ws/install/joy_teleop:/home/f1tenth_ws/install/person_follow:/home/f1tenth_ws/install/mouse_teleop:/home/f1tenth_ws/install/key_teleop:/home/f1tenth_ws/install/joystick_ros2:/home/f1tenth_ws/install/follow_gap:/home/f1tenth_ws/install/automatic_braking:/home/f1tenth_ws/install/ament_uncrustify:/home/f1tenth_ws/install/ament_pycodestyle:/home/f1tenth_ws/install/ament_package:/home/f1tenth_ws/install/ament_lint:/home/f1tenth_ws/install/ament_cppcheck:/opt/ros/foxy CONDA_PROMPT_MODIFIER=(base) _=/usr/bin/env /usr/bin/cmake /home/f1tenth_ws/src/slam_toolbox -DAMENT_CMAKE_SYMLINK_INSTALL=1 -DCMAKE_INSTALL_PREFIX=/home/f1tenth_ws/install/slam_toolbox
[0.520s] -- The C compiler identification is GNU 9.4.0
[0.886s] -- The CXX compiler identification is GNU 9.4.0
[0.930s] -- Check for working C compiler: /usr/bin/cc
[1.309s] -- Check for working C compiler: /usr/bin/cc -- works
[1.316s] -- Detecting C compiler ABI info
[1.741s] -- Detecting C compiler ABI info - done
[1.778s] -- Detecting C compile features
[1.780s] -- Detecting C compile features - done
[1.785s] -- Check for working CXX compiler: /usr/bin/c++
[2.172s] -- Check for working CXX compiler: /usr/bin/c++ -- works
[2.177s] -- Detecting CXX compiler ABI info
[2.623s] -- Detecting CXX compiler ABI info - done
[2.671s] -- Detecting CXX compile features
[2.672s] -- Detecting CXX compile features - done
[2.684s] -- Found ament_cmake: 0.9.12 (/opt/ros/foxy/share/ament_cmake/cmake)
[2.781s] -- Found PythonInterp: /root/miniconda3/bin/python3 (found suitable version "3.12.4", minimum required is "3") 
[2.783s] -- Using PYTHON_EXECUTABLE: /root/miniconda3/bin/python3
[2.963s] -- Override CMake install command with custom implementation using symlinks instead of copying resources
[3.152s] -- Found message_filters: 3.2.7 (/opt/ros/foxy/share/message_filters/cmake)
[3.163s] -- Found nav_msgs: 2.0.5 (/opt/ros/foxy/share/nav_msgs/cmake)
[3.230s] -- Using all available rosidl_typesupport_c: rosidl_typesupport_fastrtps_c;rosidl_typesupport_introspection_c
[3.246s] -- Found rosidl_adapter: 1.3.1 (/opt/ros/foxy/share/rosidl_adapter/cmake)
[3.954s] -- Found OpenSSL: /usr/lib/aarch64-linux-gnu/libcrypto.so (found version "1.1.1f")  
[4.048s] -- Found FastRTPS: /opt/ros/foxy/include  
[4.299s] -- Using all available rosidl_typesupport_cpp: rosidl_typesupport_fastrtps_cpp;rosidl_typesupport_introspection_cpp
[4.492s] -- Found rclcpp: 2.4.3 (/opt/ros/foxy/share/rclcpp/cmake)
[4.571s] -- Found rmw_implementation_cmake: 1.0.4 (/opt/ros/foxy/share/rmw_implementation_cmake/cmake)
[4.574s] -- Using RMW implementation 'rmw_fastrtps_cpp' as default
[4.576s] -- Looking for pthread.h
[4.985s] -- Looking for pthread.h - found
[4.986s] -- Performing Test CMAKE_HAVE_LIBC_PTHREAD
[5.433s] -- Performing Test CMAKE_HAVE_LIBC_PTHREAD - Failed
[5.434s] -- Looking for pthread_create in pthreads
[5.781s] -- Looking for pthread_create in pthreads - not found
[5.782s] -- Looking for pthread_create in pthread
[6.200s] -- Looking for pthread_create in pthread - found
[6.206s] -- Found Threads: TRUE  
[6.414s] -- Found sensor_msgs: 2.0.5 (/opt/ros/foxy/share/sensor_msgs/cmake)
[6.489s] -- Found tf2: 0.13.14 (/opt/ros/foxy/share/tf2/cmake)
[6.508s] -- Found tf2_ros: 0.13.14 (/opt/ros/foxy/share/tf2_ros/cmake)
[6.883s] -- Found visualization_msgs: 2.0.5 (/opt/ros/foxy/share/visualization_msgs/cmake)
[6.960s] -- Found pluginlib: 2.5.4 (/opt/ros/foxy/share/pluginlib/cmake)
[6.991s] -- Found tf2_geometry_msgs: 0.13.14 (/opt/ros/foxy/share/tf2_geometry_msgs/cmake)
[7.005s] -- Found eigen3_cmake_module: 0.1.1 (/opt/ros/foxy/share/eigen3_cmake_module/cmake)
[7.013s] -- Found Eigen3: TRUE (found version "3.3.7") 
[7.042s] -- Found tf2_sensor_msgs: 0.13.14 (/opt/ros/foxy/share/tf2_sensor_msgs/cmake)
[7.062s] -- Found std_srvs: 2.0.5 (/opt/ros/foxy/share/std_srvs/cmake)
[7.079s] -- Found rosidl_default_generators: 1.0.1 (/opt/ros/foxy/share/rosidl_default_generators/cmake)
[7.101s] -- Found lifecycle_msgs: 1.0.0 (/opt/ros/foxy/share/lifecycle_msgs/cmake)
[7.125s] CMake Error at CMakeLists.txt:29 (find_package):
[7.127s]   By not providing "Findbondcpp.cmake" in CMAKE_MODULE_PATH this project has
[7.128s]   asked CMake to find a package configuration file provided by "bondcpp", but
[7.129s]   CMake did not find one.
[7.131s] 
[7.132s]   Could not find a package configuration file provided by "bondcpp" with any
[7.133s]   of the following names:
[7.135s] 
[7.136s]     bondcppConfig.cmake
[7.137s]     bondcpp-config.cmake
[7.138s] 
[7.140s]   Add the installation prefix of "bondcpp" to CMAKE_PREFIX_PATH or set
[7.141s]   "bondcpp_DIR" to a directory containing one of the above files.  If
[7.143s]   "bondcpp" provides a separate development package or SDK, be sure it has
[7.144s]   been installed.
[7.146s] 
[7.148s] 
[7.153s] -- Configuring incomplete, errors occurred!
[7.160s] See also "/home/f1tenth_ws/build/slam_toolbox/CMakeFiles/CMakeOutput.log".
[7.162s] See also "/home/f1tenth_ws/build/slam_toolbox/CMakeFiles/CMakeError.log".
[7.169s] Invoked command in '/home/f1tenth_ws/build/slam_toolbox' returned '1': CMAKE_PREFIX_PATH=${CMAKE_PREFIX_PATH}:/home/f1tenth_ws/install/wall_following:/home/f1tenth_ws/install/voice_control:/home/f1tenth_ws/install/f1tenth_stack:/home/f1tenth_ws/install/joy_teleop:/home/f1tenth_ws/install/person_follow:/home/f1tenth_ws/install/mouse_teleop:/home/f1tenth_ws/install/key_teleop:/home/f1tenth_ws/install/joystick_ros2:/home/f1tenth_ws/install/follow_gap:/home/f1tenth_ws/install/automatic_braking:/home/f1tenth_ws/install/ament_uncrustify:/home/f1tenth_ws/install/ament_pycodestyle:/home/f1tenth_ws/install/ament_package:/home/f1tenth_ws/install/ament_lint:/home/f1tenth_ws/install/ament_cppcheck:/opt/ros/foxy CONDA_PROMPT_MODIFIER=(base) _=/usr/bin/env /usr/bin/cmake /home/f1tenth_ws/src/slam_toolbox -DAMENT_CMAKE_SYMLINK_INSTALL=1 -DCMAKE_INSTALL_PREFIX=/home/f1tenth_ws/install/slam_toolbox
