[0.188s] Invoking command in '/home/f1tenth_ws/src/build/vesc_msgs': CMAKE_PREFIX_PATH=${CMAKE_PREFIX_PATH}:/home/f1tenth_ws/install/wall_following:/home/f1tenth_ws/install/voice_control:/home/f1tenth_ws/install/f1tenth_stack:/home/f1tenth_ws/install/joy_teleop:/home/f1tenth_ws/install/person_follow:/home/f1tenth_ws/install/mouse_teleop:/home/f1tenth_ws/install/key_teleop:/home/f1tenth_ws/install/joystick_ros2:/home/f1tenth_ws/install/automatic_braking:/home/f1tenth_ws/install/ament_uncrustify:/home/f1tenth_ws/install/ament_pycodestyle:/home/f1tenth_ws/install/ament_package:/home/f1tenth_ws/install/ament_lint:/home/f1tenth_ws/install/ament_cppcheck:/opt/ros/foxy _=/usr/bin/env /usr/bin/cmake --build /home/f1tenth_ws/src/build/vesc_msgs -- -j8 -l8
[2.350s] [  1%] Built target vesc_msgs__cpp
[2.351s] [ 12%] Built target vesc_msgs__rosidl_generator_c
[2.351s] [ 23%] Built target vesc_msgs__rosidl_typesupport_cpp
[2.352s] [ 34%] Built target vesc_msgs__rosidl_typesupport_fastrtps_cpp
[2.352s] [ 45%] Built target vesc_msgs__rosidl_typesupport_introspection_cpp
[2.353s] [ 56%] Built target vesc_msgs__rosidl_typesupport_c
[2.362s] [ 67%] Built target vesc_msgs__rosidl_typesupport_introspection_c
[2.363s] [ 69%] [32m[1mLinking CXX shared library libvesc_msgs__rosidl_typesupport_fastrtps_c.so[0m
[2.364s] [ 78%] Built target vesc_msgs__rosidl_typesupport_fastrtps_c
[2.372s] [35m[1mScanning dependencies of target vesc_msgs[0m
[2.373s] [ 78%] Built target vesc_msgs
[2.381s] [35m[1mScanning dependencies of target vesc_msgs__py[0m
[2.383s] [ 80%] [34m[1mGenerating Python code for ROS interfaces[0m
[3.296s] [ 80%] Built target vesc_msgs__py
[3.384s] [35m[1mScanning dependencies of target vesc_msgs__python[0m
[3.550s] [ 81%] [32mBuilding C object CMakeFiles/vesc_msgs__python.dir/rosidl_generator_py/vesc_msgs/msg/_vesc_state_s.c.o[0m
[3.604s] [ 83%] [32mBuilding C object CMakeFiles/vesc_msgs__python.dir/rosidl_generator_py/vesc_msgs/msg/_vesc_state_stamped_s.c.o[0m
[3.634s] [ 85%] [32mBuilding C object CMakeFiles/vesc_msgs__python.dir/rosidl_generator_py/vesc_msgs/msg/_vesc_imu_s.c.o[0m
[3.703s] [ 87%] [32mBuilding C object CMakeFiles/vesc_msgs__python.dir/rosidl_generator_py/vesc_msgs/msg/_vesc_imu_stamped_s.c.o[0m
[4.380s] [ 89%] [32m[1mLinking C shared library rosidl_generator_py/vesc_msgs/libvesc_msgs__python.so[0m
[4.780s] [ 89%] Built target vesc_msgs__python
[4.864s] [35m[1mScanning dependencies of target vesc_msgs__rosidl_typesupport_c__pyext[0m
[4.882s] [35m[1mScanning dependencies of target vesc_msgs__rosidl_typesupport_introspection_c__pyext[0m
[4.905s] [35m[1mScanning dependencies of target vesc_msgs__rosidl_typesupport_fastrtps_c__pyext[0m
[5.000s] [ 92%] [32mBuilding C object CMakeFiles/vesc_msgs__rosidl_typesupport_c__pyext.dir/rosidl_generator_py/vesc_msgs/_vesc_msgs_s.ep.rosidl_typesupport_c.c.o[0m
[5.000s] [ 92%] [32mBuilding C object CMakeFiles/vesc_msgs__rosidl_typesupport_introspection_c__pyext.dir/rosidl_generator_py/vesc_msgs/_vesc_msgs_s.ep.rosidl_typesupport_introspection_c.c.o[0m
[5.037s] [ 94%] [32mBuilding C object CMakeFiles/vesc_msgs__rosidl_typesupport_fastrtps_c__pyext.dir/rosidl_generator_py/vesc_msgs/_vesc_msgs_s.ep.rosidl_typesupport_fastrtps_c.c.o[0m
[5.402s] [ 96%] [32m[1mLinking C shared library rosidl_generator_py/vesc_msgs/vesc_msgs_s__rosidl_typesupport_c.cpython-38-aarch64-linux-gnu.so[0m
[5.429s] [ 98%] [32m[1mLinking CXX shared library rosidl_generator_py/vesc_msgs/vesc_msgs_s__rosidl_typesupport_fastrtps_c.cpython-38-aarch64-linux-gnu.so[0m
[5.457s] [100%] [32m[1mLinking C shared library rosidl_generator_py/vesc_msgs/vesc_msgs_s__rosidl_typesupport_introspection_c.cpython-38-aarch64-linux-gnu.so[0m
[5.741s] [100%] Built target vesc_msgs__rosidl_typesupport_c__pyext
[5.810s] [100%] Built target vesc_msgs__rosidl_typesupport_fastrtps_c__pyext
[5.810s] [100%] Built target vesc_msgs__rosidl_typesupport_introspection_c__pyext
[5.908s] Invoked command in '/home/f1tenth_ws/src/build/vesc_msgs' returned '0': CMAKE_PREFIX_PATH=${CMAKE_PREFIX_PATH}:/home/f1tenth_ws/install/wall_following:/home/f1tenth_ws/install/voice_control:/home/f1tenth_ws/install/f1tenth_stack:/home/f1tenth_ws/install/joy_teleop:/home/f1tenth_ws/install/person_follow:/home/f1tenth_ws/install/mouse_teleop:/home/f1tenth_ws/install/key_teleop:/home/f1tenth_ws/install/joystick_ros2:/home/f1tenth_ws/install/automatic_braking:/home/f1tenth_ws/install/ament_uncrustify:/home/f1tenth_ws/install/ament_pycodestyle:/home/f1tenth_ws/install/ament_package:/home/f1tenth_ws/install/ament_lint:/home/f1tenth_ws/install/ament_cppcheck:/opt/ros/foxy _=/usr/bin/env /usr/bin/cmake --build /home/f1tenth_ws/src/build/vesc_msgs -- -j8 -l8
[8.189s] Invoking command in '/home/f1tenth_ws/src/build/vesc_msgs': CMAKE_PREFIX_PATH=${CMAKE_PREFIX_PATH}:/home/f1tenth_ws/install/wall_following:/home/f1tenth_ws/install/voice_control:/home/f1tenth_ws/install/f1tenth_stack:/home/f1tenth_ws/install/joy_teleop:/home/f1tenth_ws/install/person_follow:/home/f1tenth_ws/install/mouse_teleop:/home/f1tenth_ws/install/key_teleop:/home/f1tenth_ws/install/joystick_ros2:/home/f1tenth_ws/install/automatic_braking:/home/f1tenth_ws/install/ament_uncrustify:/home/f1tenth_ws/install/ament_pycodestyle:/home/f1tenth_ws/install/ament_package:/home/f1tenth_ws/install/ament_lint:/home/f1tenth_ws/install/ament_cppcheck:/opt/ros/foxy _=/usr/bin/env /usr/bin/cmake --install /home/f1tenth_ws/src/build/vesc_msgs
[8.234s] -- Install configuration: ""
[8.236s] -- Installing: /home/f1tenth_ws/src/install/vesc_msgs/share/ament_index/resource_index/rosidl_interfaces/vesc_msgs
[8.237s] -- Installing: /home/f1tenth_ws/src/install/vesc_msgs/include/vesc_msgs
[8.239s] -- Installing: /home/f1tenth_ws/src/install/vesc_msgs/include/vesc_msgs/msg
[8.247s] -- Installing: /home/f1tenth_ws/src/install/vesc_msgs/include/vesc_msgs/msg/vesc_state.h
[8.248s] -- Installing: /home/f1tenth_ws/src/install/vesc_msgs/include/vesc_msgs/msg/detail
[8.257s] -- Installing: /home/f1tenth_ws/src/install/vesc_msgs/include/vesc_msgs/msg/detail/vesc_state__functions.c
[8.258s] -- Installing: /home/f1tenth_ws/src/install/vesc_msgs/include/vesc_msgs/msg/detail/vesc_state__functions.h
[8.275s] -- Installing: /home/f1tenth_ws/src/install/vesc_msgs/include/vesc_msgs/msg/detail/vesc_state__struct.h
[8.276s] -- Installing: /home/f1tenth_ws/src/install/vesc_msgs/include/vesc_msgs/msg/detail/vesc_state__type_support.h
[8.276s] -- Installing: /home/f1tenth_ws/src/install/vesc_msgs/include/vesc_msgs/msg/detail/vesc_state_stamped__functions.c
[8.276s] -- Installing: /home/f1tenth_ws/src/install/vesc_msgs/include/vesc_msgs/msg/detail/vesc_state_stamped__functions.h
[8.276s] -- Installing: /home/f1tenth_ws/src/install/vesc_msgs/include/vesc_msgs/msg/detail/vesc_state_stamped__struct.h
[8.276s] -- Installing: /home/f1tenth_ws/src/install/vesc_msgs/include/vesc_msgs/msg/detail/vesc_state_stamped__type_support.h
[8.277s] -- Installing: /home/f1tenth_ws/src/install/vesc_msgs/include/vesc_msgs/msg/detail/vesc_imu__functions.c
[8.277s] -- Installing: /home/f1tenth_ws/src/install/vesc_msgs/include/vesc_msgs/msg/detail/vesc_imu__functions.h
[8.277s] -- Installing: /home/f1tenth_ws/src/install/vesc_msgs/include/vesc_msgs/msg/detail/vesc_imu__struct.h
[8.277s] -- Installing: /home/f1tenth_ws/src/install/vesc_msgs/include/vesc_msgs/msg/detail/vesc_imu__type_support.h
[8.277s] -- Installing: /home/f1tenth_ws/src/install/vesc_msgs/include/vesc_msgs/msg/detail/vesc_imu_stamped__functions.c
[8.277s] -- Installing: /home/f1tenth_ws/src/install/vesc_msgs/include/vesc_msgs/msg/detail/vesc_imu_stamped__functions.h
[8.277s] -- Installing: /home/f1tenth_ws/src/install/vesc_msgs/include/vesc_msgs/msg/detail/vesc_imu_stamped__struct.h
[8.277s] -- Installing: /home/f1tenth_ws/src/install/vesc_msgs/include/vesc_msgs/msg/detail/vesc_imu_stamped__type_support.h
[8.278s] -- Installing: /home/f1tenth_ws/src/install/vesc_msgs/include/vesc_msgs/msg/rosidl_generator_c__visibility_control.h
[8.278s] -- Installing: /home/f1tenth_ws/src/install/vesc_msgs/include/vesc_msgs/msg/vesc_state_stamped.h
[8.278s] -- Installing: /home/f1tenth_ws/src/install/vesc_msgs/include/vesc_msgs/msg/vesc_imu.h
[8.278s] -- Installing: /home/f1tenth_ws/src/install/vesc_msgs/include/vesc_msgs/msg/vesc_imu_stamped.h
[8.278s] -- Installing: /home/f1tenth_ws/src/install/vesc_msgs/share/vesc_msgs/environment/library_path.sh
[8.278s] -- Installing: /home/f1tenth_ws/src/install/vesc_msgs/share/vesc_msgs/environment/library_path.dsv
[8.279s] -- Installing: /home/f1tenth_ws/src/install/vesc_msgs/lib/libvesc_msgs__rosidl_generator_c.so
[8.279s] -- Set runtime path of "/home/f1tenth_ws/src/install/vesc_msgs/lib/libvesc_msgs__rosidl_generator_c.so" to ""
[8.279s] -- Up-to-date: /home/f1tenth_ws/src/install/vesc_msgs/include/vesc_msgs
[8.279s] -- Up-to-date: /home/f1tenth_ws/src/install/vesc_msgs/include/vesc_msgs/msg
[8.279s] -- Up-to-date: /home/f1tenth_ws/src/install/vesc_msgs/include/vesc_msgs/msg/detail
[8.279s] -- Installing: /home/f1tenth_ws/src/install/vesc_msgs/include/vesc_msgs/msg/detail/vesc_state__rosidl_typesupport_fastrtps_c.h
[8.279s] -- Installing: /home/f1tenth_ws/src/install/vesc_msgs/include/vesc_msgs/msg/detail/vesc_state_stamped__rosidl_typesupport_fastrtps_c.h
[8.279s] -- Installing: /home/f1tenth_ws/src/install/vesc_msgs/include/vesc_msgs/msg/detail/vesc_imu__rosidl_typesupport_fastrtps_c.h
[8.279s] -- Installing: /home/f1tenth_ws/src/install/vesc_msgs/include/vesc_msgs/msg/detail/vesc_imu_stamped__rosidl_typesupport_fastrtps_c.h
[8.280s] -- Installing: /home/f1tenth_ws/src/install/vesc_msgs/include/vesc_msgs/msg/rosidl_typesupport_fastrtps_c__visibility_control.h
[8.280s] -- Installing: /home/f1tenth_ws/src/install/vesc_msgs/lib/libvesc_msgs__rosidl_typesupport_fastrtps_c.so
[8.280s] -- Set runtime path of "/home/f1tenth_ws/src/install/vesc_msgs/lib/libvesc_msgs__rosidl_typesupport_fastrtps_c.so" to ""
[8.280s] -- Up-to-date: /home/f1tenth_ws/src/install/vesc_msgs/include/vesc_msgs
[8.280s] -- Up-to-date: /home/f1tenth_ws/src/install/vesc_msgs/include/vesc_msgs/msg
[8.280s] -- Up-to-date: /home/f1tenth_ws/src/install/vesc_msgs/include/vesc_msgs/msg/detail
[8.280s] -- Installing: /home/f1tenth_ws/src/install/vesc_msgs/include/vesc_msgs/msg/detail/vesc_state__rosidl_typesupport_fastrtps_cpp.hpp
[8.280s] -- Installing: /home/f1tenth_ws/src/install/vesc_msgs/include/vesc_msgs/msg/detail/dds_fastrtps
[8.280s] -- Installing: /home/f1tenth_ws/src/install/vesc_msgs/include/vesc_msgs/msg/detail/vesc_state_stamped__rosidl_typesupport_fastrtps_cpp.hpp
[8.281s] -- Installing: /home/f1tenth_ws/src/install/vesc_msgs/include/vesc_msgs/msg/detail/vesc_imu__rosidl_typesupport_fastrtps_cpp.hpp
[8.281s] -- Installing: /home/f1tenth_ws/src/install/vesc_msgs/include/vesc_msgs/msg/detail/vesc_imu_stamped__rosidl_typesupport_fastrtps_cpp.hpp
[8.281s] -- Installing: /home/f1tenth_ws/src/install/vesc_msgs/include/vesc_msgs/msg/rosidl_typesupport_fastrtps_cpp__visibility_control.h
[8.281s] -- Installing: /home/f1tenth_ws/src/install/vesc_msgs/lib/libvesc_msgs__rosidl_typesupport_fastrtps_cpp.so
[8.281s] -- Set runtime path of "/home/f1tenth_ws/src/install/vesc_msgs/lib/libvesc_msgs__rosidl_typesupport_fastrtps_cpp.so" to ""
[8.281s] -- Up-to-date: /home/f1tenth_ws/src/install/vesc_msgs/include/vesc_msgs
[8.281s] -- Up-to-date: /home/f1tenth_ws/src/install/vesc_msgs/include/vesc_msgs/msg
[8.281s] -- Up-to-date: /home/f1tenth_ws/src/install/vesc_msgs/include/vesc_msgs/msg/detail
[8.282s] -- Installing: /home/f1tenth_ws/src/install/vesc_msgs/include/vesc_msgs/msg/detail/vesc_state__rosidl_typesupport_introspection_c.h
[8.282s] -- Installing: /home/f1tenth_ws/src/install/vesc_msgs/include/vesc_msgs/msg/detail/vesc_state__type_support.c
[8.282s] -- Installing: /home/f1tenth_ws/src/install/vesc_msgs/include/vesc_msgs/msg/detail/vesc_state_stamped__rosidl_typesupport_introspection_c.h
[8.282s] -- Installing: /home/f1tenth_ws/src/install/vesc_msgs/include/vesc_msgs/msg/detail/vesc_state_stamped__type_support.c
[8.282s] -- Installing: /home/f1tenth_ws/src/install/vesc_msgs/include/vesc_msgs/msg/detail/vesc_imu__rosidl_typesupport_introspection_c.h
[8.282s] -- Installing: /home/f1tenth_ws/src/install/vesc_msgs/include/vesc_msgs/msg/detail/vesc_imu__type_support.c
[8.282s] -- Installing: /home/f1tenth_ws/src/install/vesc_msgs/include/vesc_msgs/msg/detail/vesc_imu_stamped__rosidl_typesupport_introspection_c.h
[8.282s] -- Installing: /home/f1tenth_ws/src/install/vesc_msgs/include/vesc_msgs/msg/detail/vesc_imu_stamped__type_support.c
[8.282s] -- Installing: /home/f1tenth_ws/src/install/vesc_msgs/include/vesc_msgs/msg/rosidl_typesupport_introspection_c__visibility_control.h
[8.282s] -- Installing: /home/f1tenth_ws/src/install/vesc_msgs/lib/libvesc_msgs__rosidl_typesupport_introspection_c.so
[8.283s] -- Set runtime path of "/home/f1tenth_ws/src/install/vesc_msgs/lib/libvesc_msgs__rosidl_typesupport_introspection_c.so" to ""
[8.283s] -- Installing: /home/f1tenth_ws/src/install/vesc_msgs/lib/libvesc_msgs__rosidl_typesupport_c.so
[8.283s] -- Set runtime path of "/home/f1tenth_ws/src/install/vesc_msgs/lib/libvesc_msgs__rosidl_typesupport_c.so" to ""
[8.283s] -- Up-to-date: /home/f1tenth_ws/src/install/vesc_msgs/include/vesc_msgs
[8.283s] -- Up-to-date: /home/f1tenth_ws/src/install/vesc_msgs/include/vesc_msgs/msg
[8.283s] -- Installing: /home/f1tenth_ws/src/install/vesc_msgs/include/vesc_msgs/msg/vesc_state.hpp
[8.283s] -- Up-to-date: /home/f1tenth_ws/src/install/vesc_msgs/include/vesc_msgs/msg/detail
[8.283s] -- Installing: /home/f1tenth_ws/src/install/vesc_msgs/include/vesc_msgs/msg/detail/vesc_state__builder.hpp
[8.283s] -- Installing: /home/f1tenth_ws/src/install/vesc_msgs/include/vesc_msgs/msg/detail/vesc_state__struct.hpp
[8.283s] -- Installing: /home/f1tenth_ws/src/install/vesc_msgs/include/vesc_msgs/msg/detail/vesc_state__traits.hpp
[8.284s] -- Installing: /home/f1tenth_ws/src/install/vesc_msgs/include/vesc_msgs/msg/detail/vesc_state__type_support.hpp
[8.284s] -- Installing: /home/f1tenth_ws/src/install/vesc_msgs/include/vesc_msgs/msg/detail/vesc_state_stamped__builder.hpp
[8.284s] -- Installing: /home/f1tenth_ws/src/install/vesc_msgs/include/vesc_msgs/msg/detail/vesc_state_stamped__struct.hpp
[8.284s] -- Installing: /home/f1tenth_ws/src/install/vesc_msgs/include/vesc_msgs/msg/detail/vesc_state_stamped__traits.hpp
[8.284s] -- Installing: /home/f1tenth_ws/src/install/vesc_msgs/include/vesc_msgs/msg/detail/vesc_state_stamped__type_support.hpp
[8.284s] -- Installing: /home/f1tenth_ws/src/install/vesc_msgs/include/vesc_msgs/msg/detail/vesc_imu__builder.hpp
[8.284s] -- Installing: /home/f1tenth_ws/src/install/vesc_msgs/include/vesc_msgs/msg/detail/vesc_imu__struct.hpp
[8.284s] -- Installing: /home/f1tenth_ws/src/install/vesc_msgs/include/vesc_msgs/msg/detail/vesc_imu__traits.hpp
[8.284s] -- Installing: /home/f1tenth_ws/src/install/vesc_msgs/include/vesc_msgs/msg/detail/vesc_imu__type_support.hpp
[8.284s] -- Installing: /home/f1tenth_ws/src/install/vesc_msgs/include/vesc_msgs/msg/detail/vesc_imu_stamped__builder.hpp
[8.285s] -- Installing: /home/f1tenth_ws/src/install/vesc_msgs/include/vesc_msgs/msg/detail/vesc_imu_stamped__struct.hpp
[8.285s] -- Installing: /home/f1tenth_ws/src/install/vesc_msgs/include/vesc_msgs/msg/detail/vesc_imu_stamped__traits.hpp
[8.285s] -- Installing: /home/f1tenth_ws/src/install/vesc_msgs/include/vesc_msgs/msg/detail/vesc_imu_stamped__type_support.hpp
[8.285s] -- Installing: /home/f1tenth_ws/src/install/vesc_msgs/include/vesc_msgs/msg/rosidl_generator_cpp__visibility_control.hpp
[8.285s] -- Installing: /home/f1tenth_ws/src/install/vesc_msgs/include/vesc_msgs/msg/vesc_state_stamped.hpp
[8.285s] -- Installing: /home/f1tenth_ws/src/install/vesc_msgs/include/vesc_msgs/msg/vesc_imu.hpp
[8.285s] -- Installing: /home/f1tenth_ws/src/install/vesc_msgs/include/vesc_msgs/msg/vesc_imu_stamped.hpp
[8.285s] -- Up-to-date: /home/f1tenth_ws/src/install/vesc_msgs/include/vesc_msgs
[8.285s] -- Up-to-date: /home/f1tenth_ws/src/install/vesc_msgs/include/vesc_msgs/msg
[8.286s] -- Up-to-date: /home/f1tenth_ws/src/install/vesc_msgs/include/vesc_msgs/msg/detail
[8.286s] -- Installing: /home/f1tenth_ws/src/install/vesc_msgs/include/vesc_msgs/msg/detail/vesc_state__rosidl_typesupport_introspection_cpp.hpp
[8.286s] -- Installing: /home/f1tenth_ws/src/install/vesc_msgs/include/vesc_msgs/msg/detail/vesc_state__type_support.cpp
[8.286s] -- Installing: /home/f1tenth_ws/src/install/vesc_msgs/include/vesc_msgs/msg/detail/vesc_state_stamped__rosidl_typesupport_introspection_cpp.hpp
[8.286s] -- Installing: /home/f1tenth_ws/src/install/vesc_msgs/include/vesc_msgs/msg/detail/vesc_state_stamped__type_support.cpp
[8.286s] -- Installing: /home/f1tenth_ws/src/install/vesc_msgs/include/vesc_msgs/msg/detail/vesc_imu__rosidl_typesupport_introspection_cpp.hpp
[8.286s] -- Installing: /home/f1tenth_ws/src/install/vesc_msgs/include/vesc_msgs/msg/detail/vesc_imu__type_support.cpp
[8.286s] -- Installing: /home/f1tenth_ws/src/install/vesc_msgs/include/vesc_msgs/msg/detail/vesc_imu_stamped__rosidl_typesupport_introspection_cpp.hpp
[8.286s] -- Installing: /home/f1tenth_ws/src/install/vesc_msgs/include/vesc_msgs/msg/detail/vesc_imu_stamped__type_support.cpp
[8.286s] -- Installing: /home/f1tenth_ws/src/install/vesc_msgs/lib/libvesc_msgs__rosidl_typesupport_introspection_cpp.so
[8.287s] -- Set runtime path of "/home/f1tenth_ws/src/install/vesc_msgs/lib/libvesc_msgs__rosidl_typesupport_introspection_cpp.so" to ""
[8.287s] -- Installing: /home/f1tenth_ws/src/install/vesc_msgs/lib/libvesc_msgs__rosidl_typesupport_cpp.so
[8.287s] -- Set runtime path of "/home/f1tenth_ws/src/install/vesc_msgs/lib/libvesc_msgs__rosidl_typesupport_cpp.so" to ""
[8.287s] -- Installing: /home/f1tenth_ws/src/install/vesc_msgs/share/vesc_msgs/environment/pythonpath.sh
[8.287s] -- Installing: /home/f1tenth_ws/src/install/vesc_msgs/share/vesc_msgs/environment/pythonpath.dsv
[8.287s] -- Installing: /home/f1tenth_ws/src/install/vesc_msgs/lib/python3.8/site-packages/vesc_msgs/__init__.py
[8.430s] Compiling '/home/f1tenth_ws/src/install/vesc_msgs/lib/python3.8/site-packages/vesc_msgs/__init__.py'...
[8.448s] -- Installing: /home/f1tenth_ws/src/install/vesc_msgs/lib/python3.8/site-packages/vesc_msgs/msg
[8.448s] -- Installing: /home/f1tenth_ws/src/install/vesc_msgs/lib/python3.8/site-packages/vesc_msgs/msg/_vesc_state.py
[8.448s] -- Installing: /home/f1tenth_ws/src/install/vesc_msgs/lib/python3.8/site-packages/vesc_msgs/msg/_vesc_state_s.c
[8.448s] -- Installing: /home/f1tenth_ws/src/install/vesc_msgs/lib/python3.8/site-packages/vesc_msgs/msg/_vesc_state_stamped.py
[8.448s] -- Installing: /home/f1tenth_ws/src/install/vesc_msgs/lib/python3.8/site-packages/vesc_msgs/msg/_vesc_state_stamped_s.c
[8.453s] -- Installing: /home/f1tenth_ws/src/install/vesc_msgs/lib/python3.8/site-packages/vesc_msgs/msg/_vesc_imu.py
[8.454s] -- Installing: /home/f1tenth_ws/src/install/vesc_msgs/lib/python3.8/site-packages/vesc_msgs/msg/_vesc_imu_s.c
[8.455s] -- Installing: /home/f1tenth_ws/src/install/vesc_msgs/lib/python3.8/site-packages/vesc_msgs/msg/_vesc_imu_stamped.py
[8.455s] -- Installing: /home/f1tenth_ws/src/install/vesc_msgs/lib/python3.8/site-packages/vesc_msgs/msg/_vesc_imu_stamped_s.c
[8.456s] -- Installing: /home/f1tenth_ws/src/install/vesc_msgs/lib/python3.8/site-packages/vesc_msgs/msg/__init__.py
[8.456s] -- Installing: /home/f1tenth_ws/src/install/vesc_msgs/lib/python3.8/site-packages/vesc_msgs/vesc_msgs_s__rosidl_typesupport_fastrtps_c.cpython-38-aarch64-linux-gnu.so
[8.459s] -- Set runtime path of "/home/f1tenth_ws/src/install/vesc_msgs/lib/python3.8/site-packages/vesc_msgs/vesc_msgs_s__rosidl_typesupport_fastrtps_c.cpython-38-aarch64-linux-gnu.so" to ""
[8.459s] -- Installing: /home/f1tenth_ws/src/install/vesc_msgs/lib/python3.8/site-packages/vesc_msgs/vesc_msgs_s__rosidl_typesupport_introspection_c.cpython-38-aarch64-linux-gnu.so
[8.460s] -- Set runtime path of "/home/f1tenth_ws/src/install/vesc_msgs/lib/python3.8/site-packages/vesc_msgs/vesc_msgs_s__rosidl_typesupport_introspection_c.cpython-38-aarch64-linux-gnu.so" to ""
[8.461s] -- Installing: /home/f1tenth_ws/src/install/vesc_msgs/lib/python3.8/site-packages/vesc_msgs/vesc_msgs_s__rosidl_typesupport_c.cpython-38-aarch64-linux-gnu.so
[8.465s] -- Set runtime path of "/home/f1tenth_ws/src/install/vesc_msgs/lib/python3.8/site-packages/vesc_msgs/vesc_msgs_s__rosidl_typesupport_c.cpython-38-aarch64-linux-gnu.so" to ""
[8.469s] -- Installing: /home/f1tenth_ws/src/install/vesc_msgs/lib/libvesc_msgs__python.so
[8.472s] -- Set runtime path of "/home/f1tenth_ws/src/install/vesc_msgs/lib/libvesc_msgs__python.so" to ""
[8.473s] -- Installing: /home/f1tenth_ws/src/install/vesc_msgs/share/vesc_msgs/msg/VescState.idl
[8.473s] -- Installing: /home/f1tenth_ws/src/install/vesc_msgs/share/vesc_msgs/msg/VescStateStamped.idl
[8.474s] -- Installing: /home/f1tenth_ws/src/install/vesc_msgs/share/vesc_msgs/msg/VescImu.idl
[8.477s] -- Installing: /home/f1tenth_ws/src/install/vesc_msgs/share/vesc_msgs/msg/VescImuStamped.idl
[8.479s] -- Installing: /home/f1tenth_ws/src/install/vesc_msgs/share/vesc_msgs/msg/VescState.msg
[8.480s] -- Installing: /home/f1tenth_ws/src/install/vesc_msgs/share/vesc_msgs/msg/VescStateStamped.msg
[8.480s] -- Installing: /home/f1tenth_ws/src/install/vesc_msgs/share/vesc_msgs/msg/VescImu.msg
[8.481s] -- Installing: /home/f1tenth_ws/src/install/vesc_msgs/share/vesc_msgs/msg/VescImuStamped.msg
[8.482s] -- Installing: /home/f1tenth_ws/src/install/vesc_msgs/share/ament_index/resource_index/package_run_dependencies/vesc_msgs
[8.495s] -- Installing: /home/f1tenth_ws/src/install/vesc_msgs/share/ament_index/resource_index/parent_prefix_path/vesc_msgs
[8.498s] -- Installing: /home/f1tenth_ws/src/install/vesc_msgs/share/vesc_msgs/environment/ament_prefix_path.sh
[8.498s] -- Installing: /home/f1tenth_ws/src/install/vesc_msgs/share/vesc_msgs/environment/ament_prefix_path.dsv
[8.500s] -- Installing: /home/f1tenth_ws/src/install/vesc_msgs/share/vesc_msgs/environment/path.sh
[8.501s] -- Installing: /home/f1tenth_ws/src/install/vesc_msgs/share/vesc_msgs/environment/path.dsv
[8.501s] -- Installing: /home/f1tenth_ws/src/install/vesc_msgs/share/vesc_msgs/local_setup.bash
[8.502s] -- Installing: /home/f1tenth_ws/src/install/vesc_msgs/share/vesc_msgs/local_setup.sh
[8.502s] -- Installing: /home/f1tenth_ws/src/install/vesc_msgs/share/vesc_msgs/local_setup.zsh
[8.503s] -- Installing: /home/f1tenth_ws/src/install/vesc_msgs/share/vesc_msgs/local_setup.dsv
[8.504s] -- Installing: /home/f1tenth_ws/src/install/vesc_msgs/share/vesc_msgs/package.dsv
[8.505s] -- Installing: /home/f1tenth_ws/src/install/vesc_msgs/share/ament_index/resource_index/packages/vesc_msgs
[8.512s] -- Installing: /home/f1tenth_ws/src/install/vesc_msgs/share/vesc_msgs/cmake/vesc_msgs__rosidl_generator_cExport.cmake
[8.513s] -- Installing: /home/f1tenth_ws/src/install/vesc_msgs/share/vesc_msgs/cmake/vesc_msgs__rosidl_generator_cExport-noconfig.cmake
[8.513s] -- Installing: /home/f1tenth_ws/src/install/vesc_msgs/share/vesc_msgs/cmake/vesc_msgs__rosidl_typesupport_introspection_cExport.cmake
[8.515s] -- Installing: /home/f1tenth_ws/src/install/vesc_msgs/share/vesc_msgs/cmake/vesc_msgs__rosidl_typesupport_introspection_cExport-noconfig.cmake
[8.515s] -- Installing: /home/f1tenth_ws/src/install/vesc_msgs/share/vesc_msgs/cmake/vesc_msgs__rosidl_typesupport_cExport.cmake
[8.515s] -- Installing: /home/f1tenth_ws/src/install/vesc_msgs/share/vesc_msgs/cmake/vesc_msgs__rosidl_typesupport_cExport-noconfig.cmake
[8.515s] -- Installing: /home/f1tenth_ws/src/install/vesc_msgs/share/vesc_msgs/cmake/vesc_msgs__rosidl_generator_cppExport.cmake
[8.516s] -- Installing: /home/f1tenth_ws/src/install/vesc_msgs/share/vesc_msgs/cmake/vesc_msgs__rosidl_typesupport_introspection_cppExport.cmake
[8.516s] -- Installing: /home/f1tenth_ws/src/install/vesc_msgs/share/vesc_msgs/cmake/vesc_msgs__rosidl_typesupport_introspection_cppExport-noconfig.cmake
[8.516s] -- Installing: /home/f1tenth_ws/src/install/vesc_msgs/share/vesc_msgs/cmake/vesc_msgs__rosidl_typesupport_cppExport.cmake
[8.516s] -- Installing: /home/f1tenth_ws/src/install/vesc_msgs/share/vesc_msgs/cmake/vesc_msgs__rosidl_typesupport_cppExport-noconfig.cmake
[8.516s] -- Installing: /home/f1tenth_ws/src/install/vesc_msgs/share/vesc_msgs/cmake/rosidl_cmake-extras.cmake
[8.516s] -- Installing: /home/f1tenth_ws/src/install/vesc_msgs/share/vesc_msgs/cmake/ament_cmake_export_dependencies-extras.cmake
[8.516s] -- Installing: /home/f1tenth_ws/src/install/vesc_msgs/share/vesc_msgs/cmake/ament_cmake_export_libraries-extras.cmake
[8.516s] -- Installing: /home/f1tenth_ws/src/install/vesc_msgs/share/vesc_msgs/cmake/ament_cmake_export_targets-extras.cmake
[8.519s] -- Installing: /home/f1tenth_ws/src/install/vesc_msgs/share/vesc_msgs/cmake/ament_cmake_export_include_directories-extras.cmake
[8.519s] -- Installing: /home/f1tenth_ws/src/install/vesc_msgs/share/vesc_msgs/cmake/rosidl_cmake_export_typesupport_libraries-extras.cmake
[8.521s] -- Installing: /home/f1tenth_ws/src/install/vesc_msgs/share/vesc_msgs/cmake/rosidl_cmake_export_typesupport_targets-extras.cmake
[8.522s] -- Installing: /home/f1tenth_ws/src/install/vesc_msgs/share/vesc_msgs/cmake/vesc_msgsConfig.cmake
[8.522s] -- Installing: /home/f1tenth_ws/src/install/vesc_msgs/share/vesc_msgs/cmake/vesc_msgsConfig-version.cmake
[8.523s] -- Installing: /home/f1tenth_ws/src/install/vesc_msgs/share/vesc_msgs/package.xml
[9.886s] Invoked command in '/home/f1tenth_ws/src/build/vesc_msgs' returned '0': CMAKE_PREFIX_PATH=${CMAKE_PREFIX_PATH}:/home/f1tenth_ws/install/wall_following:/home/f1tenth_ws/install/voice_control:/home/f1tenth_ws/install/f1tenth_stack:/home/f1tenth_ws/install/joy_teleop:/home/f1tenth_ws/install/person_follow:/home/f1tenth_ws/install/mouse_teleop:/home/f1tenth_ws/install/key_teleop:/home/f1tenth_ws/install/joystick_ros2:/home/f1tenth_ws/install/automatic_braking:/home/f1tenth_ws/install/ament_uncrustify:/home/f1tenth_ws/install/ament_pycodestyle:/home/f1tenth_ws/install/ament_package:/home/f1tenth_ws/install/ament_lint:/home/f1tenth_ws/install/ament_cppcheck:/opt/ros/foxy _=/usr/bin/env /usr/bin/cmake --install /home/f1tenth_ws/src/build/vesc_msgs
