[0.753s] Invoking command in '/home/f1tenth_ws/build/vesc_ackermann': AMENT_PREFIX_PATH=/home/f1tenth_ws/install/vesc_msgs CMAKE_PREFIX_PATH=/home/f1tenth_ws/install/vesc_msgs CONDA_PROMPT_MODIFIER=(base) LD_LIBRARY_PATH=/home/f1tenth_ws/install/vesc_msgs/lib PYTHONPATH=/home/f1tenth_ws/install/vesc_msgs/lib/python3.8/site-packages _=/usr/bin/env /usr/bin/cmake --build /home/f1tenth_ws/build/vesc_ackermann -- -j8 -l8
[1.014s] [ 28%] Built target vesc_to_odom_node
[1.033s] [ 57%] Built target ackermann_to_vesc_node
[1.054s] [100%] Built target vesc_ackermann
[1.104s] Invoked command in '/home/f1tenth_ws/build/vesc_ackermann' returned '0': AMENT_PREFIX_PATH=/home/f1tenth_ws/install/vesc_msgs CMAKE_PREFIX_PATH=/home/f1tenth_ws/install/vesc_msgs CONDA_PROMPT_MODIFIER=(base) LD_LIBRARY_PATH=/home/f1tenth_ws/install/vesc_msgs/lib PYTHONPATH=/home/f1tenth_ws/install/vesc_msgs/lib/python3.8/site-packages _=/usr/bin/env /usr/bin/cmake --build /home/f1tenth_ws/build/vesc_ackermann -- -j8 -l8
[1.301s] Invoking command in '/home/f1tenth_ws/build/vesc_ackermann': AMENT_PREFIX_PATH=/home/f1tenth_ws/install/vesc_msgs CMAKE_PREFIX_PATH=/home/f1tenth_ws/install/vesc_msgs CONDA_PROMPT_MODIFIER=(base) LD_LIBRARY_PATH=/home/f1tenth_ws/install/vesc_msgs/lib PYTHONPATH=/home/f1tenth_ws/install/vesc_msgs/lib/python3.8/site-packages _=/usr/bin/env /usr/bin/cmake --install /home/f1tenth_ws/build/vesc_ackermann
[1.331s] -- Install configuration: ""
[1.332s] -- Up-to-date: /home/f1tenth_ws/install/vesc_ackermann/lib/vesc_ackermann/ackermann_to_vesc_node
[1.336s] -- Up-to-date: /home/f1tenth_ws/install/vesc_ackermann/lib/vesc_ackermann/vesc_to_odom_node
[1.338s] -- Up-to-date: /home/f1tenth_ws/install/vesc_ackermann/include
[1.340s] -- Up-to-date: /home/f1tenth_ws/install/vesc_ackermann/include/vesc_ackermann
[1.341s] -- Up-to-date: /home/f1tenth_ws/install/vesc_ackermann/include/vesc_ackermann/ackermann_to_vesc.hpp
[1.342s] -- Up-to-date: /home/f1tenth_ws/install/vesc_ackermann/include/vesc_ackermann/vesc_to_odom.hpp
[1.343s] -- Up-to-date: /home/f1tenth_ws/install/vesc_ackermann/share/vesc_ackermann/environment/library_path.sh
[1.344s] -- Up-to-date: /home/f1tenth_ws/install/vesc_ackermann/share/vesc_ackermann/environment/library_path.dsv
[1.347s] -- Up-to-date: /home/f1tenth_ws/install/vesc_ackermann/lib/libvesc_ackermann.so
[1.355s] -- Up-to-date: /home/f1tenth_ws/install/vesc_ackermann/share/vesc_ackermann/launch
[1.358s] -- Up-to-date: /home/f1tenth_ws/install/vesc_ackermann/share/vesc_ackermann/launch/ackermann_to_vesc_node.launch.xml
[1.363s] -- Up-to-date: /home/f1tenth_ws/install/vesc_ackermann/share/vesc_ackermann/launch/vesc_to_odom_node.launch.xml
[1.364s] -- Up-to-date: /home/f1tenth_ws/install/vesc_ackermann/share/ament_index/resource_index/package_run_dependencies/vesc_ackermann
[1.366s] -- Up-to-date: /home/f1tenth_ws/install/vesc_ackermann/share/ament_index/resource_index/parent_prefix_path/vesc_ackermann
[1.368s] -- Up-to-date: /home/f1tenth_ws/install/vesc_ackermann/share/vesc_ackermann/environment/ament_prefix_path.sh
[1.370s] -- Up-to-date: /home/f1tenth_ws/install/vesc_ackermann/share/vesc_ackermann/environment/ament_prefix_path.dsv
[1.371s] -- Up-to-date: /home/f1tenth_ws/install/vesc_ackermann/share/vesc_ackermann/environment/path.sh
[1.372s] -- Up-to-date: /home/f1tenth_ws/install/vesc_ackermann/share/vesc_ackermann/environment/path.dsv
[1.373s] -- Up-to-date: /home/f1tenth_ws/install/vesc_ackermann/share/vesc_ackermann/local_setup.bash
[1.374s] -- Up-to-date: /home/f1tenth_ws/install/vesc_ackermann/share/vesc_ackermann/local_setup.sh
[1.376s] -- Up-to-date: /home/f1tenth_ws/install/vesc_ackermann/share/vesc_ackermann/local_setup.zsh
[1.378s] -- Up-to-date: /home/f1tenth_ws/install/vesc_ackermann/share/vesc_ackermann/local_setup.dsv
[1.380s] -- Installing: /home/f1tenth_ws/install/vesc_ackermann/share/vesc_ackermann/package.dsv
[1.381s] -- Up-to-date: /home/f1tenth_ws/install/vesc_ackermann/share/ament_index/resource_index/packages/vesc_ackermann
[1.382s] -- Up-to-date: /home/f1tenth_ws/install/vesc_ackermann/share/ament_index/resource_index/rclcpp_components/vesc_ackermann
[1.382s] -- Up-to-date: /home/f1tenth_ws/install/vesc_ackermann/share/vesc_ackermann/cmake/ament_cmake_export_dependencies-extras.cmake
[1.383s] -- Up-to-date: /home/f1tenth_ws/install/vesc_ackermann/share/vesc_ackermann/cmake/ament_cmake_export_include_directories-extras.cmake
[1.384s] -- Up-to-date: /home/f1tenth_ws/install/vesc_ackermann/share/vesc_ackermann/cmake/ament_cmake_export_libraries-extras.cmake
[1.385s] -- Up-to-date: /home/f1tenth_ws/install/vesc_ackermann/share/vesc_ackermann/cmake/vesc_ackermannConfig.cmake
[1.387s] -- Up-to-date: /home/f1tenth_ws/install/vesc_ackermann/share/vesc_ackermann/cmake/vesc_ackermannConfig-version.cmake
[1.388s] -- Up-to-date: /home/f1tenth_ws/install/vesc_ackermann/share/vesc_ackermann/package.xml
[1.389s] Invoked command in '/home/f1tenth_ws/build/vesc_ackermann' returned '0': AMENT_PREFIX_PATH=/home/f1tenth_ws/install/vesc_msgs CMAKE_PREFIX_PATH=/home/f1tenth_ws/install/vesc_msgs CONDA_PROMPT_MODIFIER=(base) LD_LIBRARY_PATH=/home/f1tenth_ws/install/vesc_msgs/lib PYTHONPATH=/home/f1tenth_ws/install/vesc_msgs/lib/python3.8/site-packages _=/usr/bin/env /usr/bin/cmake --install /home/f1tenth_ws/build/vesc_ackermann
