[3.887s] Invoking command in '/home/f1tenth_ws/src/follow_gap': PYTHONPATH=/home/f1tenth_ws/build/follow_gap/prefix_override:/usr/lib/python3/dist-packages/colcon_core/task/python/colcon_distutils_commands:/home/f1tenth_ws/install/follow_gap/lib/python3.8/site-packages:${PYTHONPATH} _=/usr/bin/env /usr/bin/python3 -W ignore:setup.py install is deprecated setup.py egg_info --egg-base ../../build/follow_gap build --build-base /home/f1tenth_ws/build/follow_gap/build install --record /home/f1tenth_ws/build/follow_gap/install.log --install-scripts $base/lib/follow_gap --single-version-externally-managed install_data
[4.326s] /usr/local/lib/python3.8/dist-packages/setuptools/dist.py:447: SetuptoolsDeprecationWarning: Invalid dash-separated options
[4.327s] !!
[4.328s] 
[4.328s]         ********************************************************************************
[4.331s]         Usage of dash-separated 'script-dir' will not be supported in future
[4.333s]         versions. Please use the underscore name 'script_dir' instead.
[4.334s] 
[4.334s]         By 2024-Sep-26, you need to update your project and remove deprecated calls
[4.335s]         or your builds will no longer be supported.
[4.335s] 
[4.336s]         See https://setuptools.pypa.io/en/latest/userguide/declarative_config.html for details.
[4.336s]         ********************************************************************************
[4.336s] 
[4.337s] !!
[4.338s]   opt = self.warn_dash_deprecation(opt, section)
[4.374s] /usr/local/lib/python3.8/dist-packages/setuptools/_distutils/dist.py:268: UserWarning: Unknown distribution option: 'tests_require'
[4.374s]   warnings.warn(msg)
[4.703s] running egg_info
[4.749s] writing ../../build/follow_gap/follow_gap.egg-info/PKG-INFO
[4.750s] writing dependency_links to ../../build/follow_gap/follow_gap.egg-info/dependency_links.txt
[4.750s] writing entry points to ../../build/follow_gap/follow_gap.egg-info/entry_points.txt
[4.751s] writing requirements to ../../build/follow_gap/follow_gap.egg-info/requires.txt
[4.751s] writing top-level names to ../../build/follow_gap/follow_gap.egg-info/top_level.txt
[5.135s] reading manifest file '../../build/follow_gap/follow_gap.egg-info/SOURCES.txt'
[5.136s] writing manifest file '../../build/follow_gap/follow_gap.egg-info/SOURCES.txt'
[5.138s] running build
[5.138s] running build_py
[5.139s] copying follow_gap/__init__.py -> /home/f1tenth_ws/build/follow_gap/build/lib/follow_gap
[5.139s] copying follow_gap/follow_gap.py -> /home/f1tenth_ws/build/follow_gap/build/lib/follow_gap
[5.140s] running install
[5.146s] running install_lib
[5.180s] running install_data
[5.182s] copying resource/follow_gap -> /home/f1tenth_ws/install/follow_gap/share/ament_index/resource_index/packages
[5.183s] copying package.xml -> /home/f1tenth_ws/install/follow_gap/share/follow_gap
[5.183s] running install_egg_info
[5.216s] removing '/home/f1tenth_ws/install/follow_gap/lib/python3.8/site-packages/follow_gap-0.0.0-py3.8.egg-info' (and everything under it)
[5.217s] Copying ../../build/follow_gap/follow_gap.egg-info to /home/f1tenth_ws/install/follow_gap/lib/python3.8/site-packages/follow_gap-0.0.0-py3.8.egg-info
[5.218s] running install_scripts
[5.285s] Installing follow_gap script to /home/f1tenth_ws/install/follow_gap/lib/follow_gap
[5.286s] writing list of installed files to '/home/f1tenth_ws/build/follow_gap/install.log'
[5.538s] Invoked command in '/home/f1tenth_ws/src/follow_gap' returned '0': PYTHONPATH=/home/f1tenth_ws/build/follow_gap/prefix_override:/usr/lib/python3/dist-packages/colcon_core/task/python/colcon_distutils_commands:/home/f1tenth_ws/install/follow_gap/lib/python3.8/site-packages:${PYTHONPATH} _=/usr/bin/env /usr/bin/python3 -W ignore:setup.py install is deprecated setup.py egg_info --egg-base ../../build/follow_gap build --build-base /home/f1tenth_ws/build/follow_gap/build install --record /home/f1tenth_ws/build/follow_gap/install.log --install-scripts $base/lib/follow_gap --single-version-externally-managed install_data
