[3.511s] Invoking command in '/home/f1tenth_ws/src/f1tenth_system/teleop_tools/key_teleop': PYTHONPATH=/home/f1tenth_ws/build/key_teleop/prefix_override:/usr/lib/python3/dist-packages/colcon_core/task/python/colcon_distutils_commands:/home/f1tenth_ws/install/key_teleop/lib/python3.8/site-packages:${PYTHONPATH} _=/usr/bin/env /usr/bin/python3 -W ignore:setup.py install is deprecated setup.py egg_info --egg-base ../../../../build/key_teleop build --build-base /home/f1tenth_ws/build/key_teleop/build install --record /home/f1tenth_ws/build/key_teleop/install.log --install-scripts $base/lib/key_teleop --single-version-externally-managed install_data
[3.808s] /usr/local/lib/python3.8/dist-packages/setuptools/dist.py:447: SetuptoolsDeprecationWarning: Invalid dash-separated options
[3.809s] !!
[3.809s] 
[3.810s]         ********************************************************************************
[3.811s]         Usage of dash-separated 'script-dir' will not be supported in future
[3.811s]         versions. Please use the underscore name 'script_dir' instead.
[3.812s] 
[3.812s]         By 2024-Sep-26, you need to update your project and remove deprecated calls
[3.813s]         or your builds will no longer be supported.
[3.814s] 
[3.814s]         See https://setuptools.pypa.io/en/latest/userguide/declarative_config.html for details.
[3.815s]         ********************************************************************************
[3.816s] 
[3.816s] !!
[3.817s]   opt = self.warn_dash_deprecation(opt, section)
[3.850s] /usr/local/lib/python3.8/dist-packages/setuptools/_distutils/dist.py:268: UserWarning: Unknown distribution option: 'tests_require'
[3.850s]   warnings.warn(msg)
[3.950s] running egg_info
[3.972s] writing ../../../../build/key_teleop/key_teleop.egg-info/PKG-INFO
[3.972s] writing dependency_links to ../../../../build/key_teleop/key_teleop.egg-info/dependency_links.txt
[3.973s] writing entry points to ../../../../build/key_teleop/key_teleop.egg-info/entry_points.txt
[3.973s] writing requirements to ../../../../build/key_teleop/key_teleop.egg-info/requires.txt
[3.974s] writing top-level names to ../../../../build/key_teleop/key_teleop.egg-info/top_level.txt
[4.296s] reading manifest file '../../../../build/key_teleop/key_teleop.egg-info/SOURCES.txt'
[4.300s] adding license file 'LICENSE'
[4.301s] writing manifest file '../../../../build/key_teleop/key_teleop.egg-info/SOURCES.txt'
[4.302s] running build
[4.302s] running build_py
[4.303s] copying key_teleop/__init__.py -> /home/f1tenth_ws/build/key_teleop/build/lib/key_teleop
[4.304s] copying key_teleop/key_teleop.py -> /home/f1tenth_ws/build/key_teleop/build/lib/key_teleop
[4.311s] running install
[4.319s] running install_lib
[4.343s] running install_data
[4.344s] copying config/key_teleop.yaml -> /home/f1tenth_ws/install/key_teleop/share/key_teleop/config
[4.348s] running install_egg_info
[4.382s] removing '/home/f1tenth_ws/install/key_teleop/lib/python3.8/site-packages/key_teleop-0.3.0-py3.8.egg-info' (and everything under it)
[4.383s] Copying ../../../../build/key_teleop/key_teleop.egg-info to /home/f1tenth_ws/install/key_teleop/lib/python3.8/site-packages/key_teleop-0.3.0-py3.8.egg-info
[4.388s] running install_scripts
[4.445s] Installing key_teleop script to /home/f1tenth_ws/install/key_teleop/lib/key_teleop
[4.446s] writing list of installed files to '/home/f1tenth_ws/build/key_teleop/install.log'
[4.711s] Invoked command in '/home/f1tenth_ws/src/f1tenth_system/teleop_tools/key_teleop' returned '0': PYTHONPATH=/home/f1tenth_ws/build/key_teleop/prefix_override:/usr/lib/python3/dist-packages/colcon_core/task/python/colcon_distutils_commands:/home/f1tenth_ws/install/key_teleop/lib/python3.8/site-packages:${PYTHONPATH} _=/usr/bin/env /usr/bin/python3 -W ignore:setup.py install is deprecated setup.py egg_info --egg-base ../../../../build/key_teleop build --build-base /home/f1tenth_ws/build/key_teleop/build install --record /home/f1tenth_ws/build/key_teleop/install.log --install-scripts $base/lib/key_teleop --single-version-externally-managed install_data
