[2.239s] Invoking command in '/home/f1tenth_ws/src/person_follow': PYTHONPATH=/home/f1tenth_ws/build/person_follow/prefix_override:/usr/lib/python3/dist-packages/colcon_core/task/python/colcon_distutils_commands:/home/f1tenth_ws/install/person_follow/lib/python3.8/site-packages:${PYTHONPATH} _=/usr/bin/env /usr/bin/python3 -W ignore:setup.py install is deprecated setup.py egg_info --egg-base ../../build/person_follow build --build-base /home/f1tenth_ws/build/person_follow/build install --record /home/f1tenth_ws/build/person_follow/install.log --install-scripts $base/lib/person_follow --single-version-externally-managed install_data
[2.520s] /usr/local/lib/python3.8/dist-packages/setuptools/dist.py:447: SetuptoolsDeprecationWarning: Invalid dash-separated options
[2.520s] !!
[2.521s] 
[2.521s]         ********************************************************************************
[2.521s]         Usage of dash-separated 'script-dir' will not be supported in future
[2.522s]         versions. Please use the underscore name 'script_dir' instead.
[2.522s] 
[2.523s]         This deprecation is overdue, please update your project and remove deprecated
[2.524s]         calls to avoid build errors in the future.
[2.526s] 
[2.527s]         See https://setuptools.pypa.io/en/latest/userguide/declarative_config.html for details.
[2.527s]         ********************************************************************************
[2.528s] 
[2.528s] !!
[2.529s]   opt = self.warn_dash_deprecation(opt, section)
[2.548s] /usr/local/lib/python3.8/dist-packages/setuptools/_distutils/dist.py:268: UserWarning: Unknown distribution option: 'tests_require'
[2.549s]   warnings.warn(msg)
[2.728s] running egg_info
[2.755s] writing ../../build/person_follow/person_follow.egg-info/PKG-INFO
[2.757s] writing dependency_links to ../../build/person_follow/person_follow.egg-info/dependency_links.txt
[2.757s] writing entry points to ../../build/person_follow/person_follow.egg-info/entry_points.txt
[2.758s] writing requirements to ../../build/person_follow/person_follow.egg-info/requires.txt
[2.758s] writing top-level names to ../../build/person_follow/person_follow.egg-info/top_level.txt
[2.977s] reading manifest file '../../build/person_follow/person_follow.egg-info/SOURCES.txt'
[2.988s] writing manifest file '../../build/person_follow/person_follow.egg-info/SOURCES.txt'
[2.989s] running build
[2.990s] running build_py
[2.990s] copying person_follow/__init__.py -> /home/f1tenth_ws/build/person_follow/build/lib/person_follow
[2.990s] copying person_follow/person_follow.py -> /home/f1tenth_ws/build/person_follow/build/lib/person_follow
[2.991s] running install
[2.991s] running install_lib
[3.012s] running install_data
[3.012s] copying resource/person_follow -> /home/f1tenth_ws/install/person_follow/share/ament_index/resource_index/packages
[3.013s] copying package.xml -> /home/f1tenth_ws/install/person_follow/share/person_follow
[3.014s] running install_egg_info
[3.032s] removing '/home/f1tenth_ws/install/person_follow/lib/python3.8/site-packages/person_follow-0.0.0-py3.8.egg-info' (and everything under it)
[3.033s] Copying ../../build/person_follow/person_follow.egg-info to /home/f1tenth_ws/install/person_follow/lib/python3.8/site-packages/person_follow-0.0.0-py3.8.egg-info
[3.034s] running install_scripts
[3.107s] Installing person_follow script to /home/f1tenth_ws/install/person_follow/lib/person_follow
[3.108s] writing list of installed files to '/home/f1tenth_ws/build/person_follow/install.log'
[3.141s] Invoked command in '/home/f1tenth_ws/src/person_follow' returned '0': PYTHONPATH=/home/f1tenth_ws/build/person_follow/prefix_override:/usr/lib/python3/dist-packages/colcon_core/task/python/colcon_distutils_commands:/home/f1tenth_ws/install/person_follow/lib/python3.8/site-packages:${PYTHONPATH} _=/usr/bin/env /usr/bin/python3 -W ignore:setup.py install is deprecated setup.py egg_info --egg-base ../../build/person_follow build --build-base /home/f1tenth_ws/build/person_follow/build install --record /home/f1tenth_ws/build/person_follow/install.log --install-scripts $base/lib/person_follow --single-version-externally-managed install_data
