[1.224s] Invoking command in '/home/f1tenth_ws/src/autonomous_driving_pkg': CONDA_PROMPT_MODIFIER=(base) PYTHONPATH=/home/f1tenth_ws/build/autonomous_driving_pkg/prefix_override:/usr/lib/python3/dist-packages/colcon_core/task/python/colcon_distutils_commands:/home/f1tenth_ws/install/autonomous_driving_pkg/lib/python3.8/site-packages:${PYTHONPATH} _=/usr/bin/env /usr/bin/python3 -W ignore:setup.py install is deprecated setup.py egg_info --egg-base ../../build/autonomous_driving_pkg build --build-base /home/f1tenth_ws/build/autonomous_driving_pkg/build install --record /home/f1tenth_ws/build/autonomous_driving_pkg/install.log --install-scripts $base/lib/autonomous_driving_pkg --single-version-externally-managed install_data
[1.591s] running egg_info
[1.610s] writing ../../build/autonomous_driving_pkg/autonomous_driving_pkg.egg-info/PKG-INFO
[1.610s] writing dependency_links to ../../build/autonomous_driving_pkg/autonomous_driving_pkg.egg-info/dependency_links.txt
[1.611s] writing entry points to ../../build/autonomous_driving_pkg/autonomous_driving_pkg.egg-info/entry_points.txt
[1.611s] writing requirements to ../../build/autonomous_driving_pkg/autonomous_driving_pkg.egg-info/requires.txt
[1.613s] writing top-level names to ../../build/autonomous_driving_pkg/autonomous_driving_pkg.egg-info/top_level.txt
[1.781s] reading manifest file '../../build/autonomous_driving_pkg/autonomous_driving_pkg.egg-info/SOURCES.txt'
[1.783s] writing manifest file '../../build/autonomous_driving_pkg/autonomous_driving_pkg.egg-info/SOURCES.txt'
[1.784s] running build
[1.784s] running build_py
[1.785s] copying autonomous_driving_pkg/__init__.py -> /home/f1tenth_ws/build/autonomous_driving_pkg/build/lib/autonomous_driving_pkg
[1.786s] copying autonomous_driving_pkg/euler_transform.py -> /home/f1tenth_ws/build/autonomous_driving_pkg/build/lib/autonomous_driving_pkg
[1.786s] copying autonomous_driving_pkg/pure_pursuit_controller.py -> /home/f1tenth_ws/build/autonomous_driving_pkg/build/lib/autonomous_driving_pkg
[1.787s] copying autonomous_driving_pkg/controller_node.py -> /home/f1tenth_ws/build/autonomous_driving_pkg/build/lib/autonomous_driving_pkg
[1.787s] copying autonomous_driving_pkg/person_follow.py -> /home/f1tenth_ws/build/autonomous_driving_pkg/build/lib/autonomous_driving_pkg
[1.788s] copying autonomous_driving_pkg/follow_the_gap.py -> /home/f1tenth_ws/build/autonomous_driving_pkg/build/lib/autonomous_driving_pkg
[1.789s] copying autonomous_driving_pkg/altrnate_waypoint_follower.py -> /home/f1tenth_ws/build/autonomous_driving_pkg/build/lib/autonomous_driving_pkg
[1.789s] copying autonomous_driving_pkg/waypoint_follower.py -> /home/f1tenth_ws/build/autonomous_driving_pkg/build/lib/autonomous_driving_pkg
[1.790s] copying autonomous_driving_pkg/return_to_origin.py -> /home/f1tenth_ws/build/autonomous_driving_pkg/build/lib/autonomous_driving_pkg
[1.790s] copying autonomous_driving_pkg/camera_publisher.py -> /home/f1tenth_ws/build/autonomous_driving_pkg/build/lib/autonomous_driving_pkg
[1.790s] running install
[1.791s] running install_lib
[1.807s] copying /home/f1tenth_ws/build/autonomous_driving_pkg/build/lib/autonomous_driving_pkg/person_follow.py -> /home/f1tenth_ws/install/autonomous_driving_pkg/lib/python3.8/site-packages/autonomous_driving_pkg
[1.809s] byte-compiling /home/f1tenth_ws/install/autonomous_driving_pkg/lib/python3.8/site-packages/autonomous_driving_pkg/person_follow.py to person_follow.cpython-38.pyc
[1.813s] running install_data
[1.814s] copying resource/autonomous_driving_pkg -> /home/f1tenth_ws/install/autonomous_driving_pkg/share/ament_index/resource_index/packages
[1.815s] copying package.xml -> /home/f1tenth_ws/install/autonomous_driving_pkg/share/autonomous_driving_pkg
[1.816s] running install_egg_info
[1.836s] removing '/home/f1tenth_ws/install/autonomous_driving_pkg/lib/python3.8/site-packages/autonomous_driving_pkg-0.0.0-py3.8.egg-info' (and everything under it)
[1.836s] Copying ../../build/autonomous_driving_pkg/autonomous_driving_pkg.egg-info to /home/f1tenth_ws/install/autonomous_driving_pkg/lib/python3.8/site-packages/autonomous_driving_pkg-0.0.0-py3.8.egg-info
[1.837s] running install_scripts
[1.893s] Installing camera_publisher script to /home/f1tenth_ws/install/autonomous_driving_pkg/lib/autonomous_driving_pkg
[1.894s] Installing follow_the_gap script to /home/f1tenth_ws/install/autonomous_driving_pkg/lib/autonomous_driving_pkg
[1.894s] Installing person_follow script to /home/f1tenth_ws/install/autonomous_driving_pkg/lib/autonomous_driving_pkg
[1.895s] Installing pp_node script to /home/f1tenth_ws/install/autonomous_driving_pkg/lib/autonomous_driving_pkg
[1.895s] Installing return_to_origin script to /home/f1tenth_ws/install/autonomous_driving_pkg/lib/autonomous_driving_pkg
[1.896s] Installing waypoint_follower script to /home/f1tenth_ws/install/autonomous_driving_pkg/lib/autonomous_driving_pkg
[1.897s] writing list of installed files to '/home/f1tenth_ws/build/autonomous_driving_pkg/install.log'
[1.898s] /usr/local/lib/python3.8/dist-packages/setuptools/dist.py:447: SetuptoolsDeprecationWarning: Invalid dash-separated options
[1.900s] !!
[1.901s] 
[1.902s]         ********************************************************************************
[1.902s]         Usage of dash-separated 'script-dir' will not be supported in future
[1.903s]         versions. Please use the underscore name 'script_dir' instead.
[1.903s] 
[1.904s]         This deprecation is overdue, please update your project and remove deprecated
[1.905s]         calls to avoid build errors in the future.
[1.905s] 
[1.906s]         See https://setuptools.pypa.io/en/latest/userguide/declarative_config.html for details.
[1.906s]         ********************************************************************************
[1.907s] 
[1.907s] !!
[1.907s]   opt = self.warn_dash_deprecation(opt, section)
[1.908s] /usr/local/lib/python3.8/dist-packages/setuptools/_distutils/dist.py:268: UserWarning: Unknown distribution option: 'tests_require'
[1.909s]   warnings.warn(msg)
[1.977s] Invoked command in '/home/f1tenth_ws/src/autonomous_driving_pkg' returned '0': CONDA_PROMPT_MODIFIER=(base) PYTHONPATH=/home/f1tenth_ws/build/autonomous_driving_pkg/prefix_override:/usr/lib/python3/dist-packages/colcon_core/task/python/colcon_distutils_commands:/home/f1tenth_ws/install/autonomous_driving_pkg/lib/python3.8/site-packages:${PYTHONPATH} _=/usr/bin/env /usr/bin/python3 -W ignore:setup.py install is deprecated setup.py egg_info --egg-base ../../build/autonomous_driving_pkg build --build-base /home/f1tenth_ws/build/autonomous_driving_pkg/build install --record /home/f1tenth_ws/build/autonomous_driving_pkg/install.log --install-scripts $base/lib/autonomous_driving_pkg --single-version-externally-managed install_data
