[2.218s] Invoking command in '/home/f1tenth_ws/src/voice_control': PYTHONPATH=/home/f1tenth_ws/build/voice_control/prefix_override:/usr/lib/python3/dist-packages/colcon_core/task/python/colcon_distutils_commands:/home/f1tenth_ws/install/voice_control/lib/python3.8/site-packages:${PYTHONPATH} _=/usr/bin/env /usr/bin/python3 -W ignore:setup.py install is deprecated setup.py egg_info --egg-base ../../build/voice_control build --build-base /home/f1tenth_ws/build/voice_control/build install --record /home/f1tenth_ws/build/voice_control/install.log --install-scripts $base/lib/voice_control --single-version-externally-managed install_data
[2.475s] /usr/local/lib/python3.8/dist-packages/setuptools/dist.py:447: SetuptoolsDeprecationWarning: Invalid dash-separated options
[2.475s] !!
[2.476s] 
[2.478s]         ********************************************************************************
[2.480s]         Usage of dash-separated 'script-dir' will not be supported in future
[2.484s]         versions. Please use the underscore name 'script_dir' instead.
[2.484s] 
[2.485s]         By 2024-Sep-26, you need to update your project and remove deprecated calls
[2.485s]         or your builds will no longer be supported.
[2.486s] 
[2.486s]         See https://setuptools.pypa.io/en/latest/userguide/declarative_config.html for details.
[2.487s]         ********************************************************************************
[2.487s] 
[2.488s] !!
[2.490s]   opt = self.warn_dash_deprecation(opt, section)
[2.510s] /usr/local/lib/python3.8/dist-packages/setuptools/_distutils/dist.py:268: UserWarning: Unknown distribution option: 'tests_require'
[2.510s]   warnings.warn(msg)
[2.663s] running egg_info
[2.703s] writing ../../build/voice_control/voice_control.egg-info/PKG-INFO
[2.704s] writing dependency_links to ../../build/voice_control/voice_control.egg-info/dependency_links.txt
[2.709s] writing entry points to ../../build/voice_control/voice_control.egg-info/entry_points.txt
[2.711s] writing requirements to ../../build/voice_control/voice_control.egg-info/requires.txt
[2.712s] writing top-level names to ../../build/voice_control/voice_control.egg-info/top_level.txt
[2.887s] reading manifest file '../../build/voice_control/voice_control.egg-info/SOURCES.txt'
[2.890s] writing manifest file '../../build/voice_control/voice_control.egg-info/SOURCES.txt'
[2.891s] running build
[2.891s] running build_py
[2.892s] copying voice_control/__init__.py -> /home/f1tenth_ws/build/voice_control/build/lib/voice_control
[2.894s] copying voice_control/voice_command_node.py -> /home/f1tenth_ws/build/voice_control/build/lib/voice_control
[2.895s] copying voice_control/to_text.py -> /home/f1tenth_ws/build/voice_control/build/lib/voice_control
[2.896s] running install
[2.898s] running install_lib
[2.933s] running install_data
[2.934s] copying package.xml -> /home/f1tenth_ws/install/voice_control/share/voice_control
[2.935s] running install_egg_info
[2.957s] removing '/home/f1tenth_ws/install/voice_control/lib/python3.8/site-packages/voice_control-0.0.0-py3.8.egg-info' (and everything under it)
[2.959s] Copying ../../build/voice_control/voice_control.egg-info to /home/f1tenth_ws/install/voice_control/lib/python3.8/site-packages/voice_control-0.0.0-py3.8.egg-info
[2.960s] running install_scripts
[3.004s] Installing voice_command_node script to /home/f1tenth_ws/install/voice_control/lib/voice_control
[3.014s] writing list of installed files to '/home/f1tenth_ws/build/voice_control/install.log'
[3.067s] Invoked command in '/home/f1tenth_ws/src/voice_control' returned '0': PYTHONPATH=/home/f1tenth_ws/build/voice_control/prefix_override:/usr/lib/python3/dist-packages/colcon_core/task/python/colcon_distutils_commands:/home/f1tenth_ws/install/voice_control/lib/python3.8/site-packages:${PYTHONPATH} _=/usr/bin/env /usr/bin/python3 -W ignore:setup.py install is deprecated setup.py egg_info --egg-base ../../build/voice_control build --build-base /home/f1tenth_ws/build/voice_control/build install --record /home/f1tenth_ws/build/voice_control/install.log --install-scripts $base/lib/voice_control --single-version-externally-managed install_data
