[2.527s] Invoking command in '/home/f1tenth_ws/src/wall_following': CONDA_PROMPT_MODIFIER=(base) PYTHONPATH=/home/f1tenth_ws/build/wall_following/prefix_override:/usr/lib/python3/dist-packages/colcon_core/task/python/colcon_distutils_commands:/home/f1tenth_ws/install/wall_following/lib/python3.8/site-packages:${PYTHONPATH} _=/usr/bin/env /usr/bin/python3 -W ignore:setup.py install is deprecated setup.py egg_info --egg-base ../../build/wall_following build --build-base /home/f1tenth_ws/build/wall_following/build install --record /home/f1tenth_ws/build/wall_following/install.log --install-scripts $base/lib/wall_following --single-version-externally-managed install_data
[2.755s] /usr/local/lib/python3.8/dist-packages/setuptools/dist.py:447: SetuptoolsDeprecationWarning: Invalid dash-separated options
[2.755s] !!
[2.756s] 
[2.756s]         ********************************************************************************
[2.757s]         Usage of dash-separated 'script-dir' will not be supported in future
[2.757s]         versions. Please use the underscore name 'script_dir' instead.
[2.758s] 
[2.758s]         This deprecation is overdue, please update your project and remove deprecated
[2.761s]         calls to avoid build errors in the future.
[2.762s] 
[2.769s]         See https://setuptools.pypa.io/en/latest/userguide/declarative_config.html for details.
[2.771s]         ********************************************************************************
[2.771s] 
[2.772s] !!
[2.772s]   opt = self.warn_dash_deprecation(opt, section)
[2.776s] /usr/local/lib/python3.8/dist-packages/setuptools/_distutils/dist.py:268: UserWarning: Unknown distribution option: 'tests_require'
[2.776s]   warnings.warn(msg)
[2.885s] running egg_info
[2.904s] writing ../../build/wall_following/wall_following.egg-info/PKG-INFO
[2.905s] writing dependency_links to ../../build/wall_following/wall_following.egg-info/dependency_links.txt
[2.906s] writing entry points to ../../build/wall_following/wall_following.egg-info/entry_points.txt
[2.908s] writing requirements to ../../build/wall_following/wall_following.egg-info/requires.txt
[2.909s] writing top-level names to ../../build/wall_following/wall_following.egg-info/top_level.txt
[3.047s] reading manifest file '../../build/wall_following/wall_following.egg-info/SOURCES.txt'
[3.048s] writing manifest file '../../build/wall_following/wall_following.egg-info/SOURCES.txt'
[3.049s] running build
[3.049s] running build_py
[3.050s] copying wall_following/__init__.py -> /home/f1tenth_ws/build/wall_following/build/lib/wall_following
[3.051s] copying wall_following/wall_following.py -> /home/f1tenth_ws/build/wall_following/build/lib/wall_following
[3.052s] running install
[3.054s] running install_lib
[3.073s] running install_data
[3.074s] copying resource/wall_following -> /home/f1tenth_ws/install/wall_following/share/ament_index/resource_index/packages
[3.074s] copying package.xml -> /home/f1tenth_ws/install/wall_following/share/wall_following
[3.075s] running install_egg_info
[3.092s] removing '/home/f1tenth_ws/install/wall_following/lib/python3.8/site-packages/wall_following-0.0.0-py3.8.egg-info' (and everything under it)
[3.093s] Copying ../../build/wall_following/wall_following.egg-info to /home/f1tenth_ws/install/wall_following/lib/python3.8/site-packages/wall_following-0.0.0-py3.8.egg-info
[3.094s] running install_scripts
[3.142s] Installing wall_following script to /home/f1tenth_ws/install/wall_following/lib/wall_following
[3.143s] writing list of installed files to '/home/f1tenth_ws/build/wall_following/install.log'
[3.196s] Invoked command in '/home/f1tenth_ws/src/wall_following' returned '0': CONDA_PROMPT_MODIFIER=(base) PYTHONPATH=/home/f1tenth_ws/build/wall_following/prefix_override:/usr/lib/python3/dist-packages/colcon_core/task/python/colcon_distutils_commands:/home/f1tenth_ws/install/wall_following/lib/python3.8/site-packages:${PYTHONPATH} _=/usr/bin/env /usr/bin/python3 -W ignore:setup.py install is deprecated setup.py egg_info --egg-base ../../build/wall_following build --build-base /home/f1tenth_ws/build/wall_following/build install --record /home/f1tenth_ws/build/wall_following/install.log --install-scripts $base/lib/wall_following --single-version-externally-managed install_data
