[3.290s] Invoking command in '/home/f1tenth_ws/src/joystick_ros2': PYTHONPATH=/home/f1tenth_ws/build/joystick_ros2/prefix_override:/usr/lib/python3/dist-packages/colcon_core/task/python/colcon_distutils_commands:/home/f1tenth_ws/install/joystick_ros2/lib/python3.8/site-packages:${PYTHONPATH} _=/usr/bin/env /usr/bin/python3 -W ignore:setup.py install is deprecated setup.py egg_info --egg-base ../../build/joystick_ros2 build --build-base /home/f1tenth_ws/build/joystick_ros2/build install --record /home/f1tenth_ws/build/joystick_ros2/install.log --install-scripts $base/lib/joystick_ros2 --single-version-externally-managed install_data
[3.551s] /usr/local/lib/python3.8/dist-packages/setuptools/dist.py:447: SetuptoolsDeprecationWarning: Invalid dash-separated options
[3.552s] !!
[3.553s] 
[3.553s]         ********************************************************************************
[3.554s]         Usage of dash-separated 'script-dir' will not be supported in future
[3.556s]         versions. Please use the underscore name 'script_dir' instead.
[3.557s] 
[3.558s]         By 2024-Sep-26, you need to update your project and remove deprecated calls
[3.558s]         or your builds will no longer be supported.
[3.559s] 
[3.560s]         See https://setuptools.pypa.io/en/latest/userguide/declarative_config.html for details.
[3.561s]         ********************************************************************************
[3.561s] 
[3.561s] !!
[3.562s]   opt = self.warn_dash_deprecation(opt, section)
[3.578s] /usr/local/lib/python3.8/dist-packages/setuptools/_distutils/dist.py:268: UserWarning: Unknown distribution option: 'test_suite'
[3.579s]   warnings.warn(msg)
[3.748s] running egg_info
[3.768s] writing ../../build/joystick_ros2/joystick_ros2.egg-info/PKG-INFO
[3.771s] writing dependency_links to ../../build/joystick_ros2/joystick_ros2.egg-info/dependency_links.txt
[3.772s] writing entry points to ../../build/joystick_ros2/joystick_ros2.egg-info/entry_points.txt
[3.773s] writing requirements to ../../build/joystick_ros2/joystick_ros2.egg-info/requires.txt
[3.774s] writing top-level names to ../../build/joystick_ros2/joystick_ros2.egg-info/top_level.txt
[3.999s] reading manifest file '../../build/joystick_ros2/joystick_ros2.egg-info/SOURCES.txt'
[4.002s] adding license file 'LICENSE'
[4.002s] writing manifest file '../../build/joystick_ros2/joystick_ros2.egg-info/SOURCES.txt'
[4.003s] running build
[4.004s] running build_py
[4.004s] copying joystick_ros2.py -> /home/f1tenth_ws/build/joystick_ros2/build/lib
[4.005s] copying inputs.py -> /home/f1tenth_ws/build/joystick_ros2/build/lib
[4.006s] running install
[4.011s] running install_lib
[4.041s] running install_data
[4.042s] copying package.xml -> /home/f1tenth_ws/install/joystick_ros2/shared/joystick_ros2
[4.042s] running install_egg_info
[4.070s] removing '/home/f1tenth_ws/install/joystick_ros2/lib/python3.8/site-packages/joystick_ros2-0.0.1-py3.8.egg-info' (and everything under it)
[4.071s] Copying ../../build/joystick_ros2/joystick_ros2.egg-info to /home/f1tenth_ws/install/joystick_ros2/lib/python3.8/site-packages/joystick_ros2-0.0.1-py3.8.egg-info
[4.071s] running install_scripts
[4.127s] Installing joystick_ros2 script to /home/f1tenth_ws/install/joystick_ros2/lib/joystick_ros2
[4.128s] writing list of installed files to '/home/f1tenth_ws/build/joystick_ros2/install.log'
[4.478s] Invoked command in '/home/f1tenth_ws/src/joystick_ros2' returned '0': PYTHONPATH=/home/f1tenth_ws/build/joystick_ros2/prefix_override:/usr/lib/python3/dist-packages/colcon_core/task/python/colcon_distutils_commands:/home/f1tenth_ws/install/joystick_ros2/lib/python3.8/site-packages:${PYTHONPATH} _=/usr/bin/env /usr/bin/python3 -W ignore:setup.py install is deprecated setup.py egg_info --egg-base ../../build/joystick_ros2 build --build-base /home/f1tenth_ws/build/joystick_ros2/build install --record /home/f1tenth_ws/build/joystick_ros2/install.log --install-scripts $base/lib/joystick_ros2 --single-version-externally-managed install_data
