[0.244s] Invoking command in '/home/f1tenth_ws/build/ackermann_mux': CMAKE_PREFIX_PATH=${CMAKE_PREFIX_PATH}:/home/f1tenth_ws/install/wall_following:/home/f1tenth_ws/install/voice_control:/home/f1tenth_ws/install/f1tenth_stack:/home/f1tenth_ws/install/joy_teleop:/home/f1tenth_ws/install/person_follow:/home/f1tenth_ws/install/mouse_teleop:/home/f1tenth_ws/install/key_teleop:/home/f1tenth_ws/install/joystick_ros2:/home/f1tenth_ws/install/follow_gap:/home/f1tenth_ws/install/automatic_braking:/home/f1tenth_ws/install/ament_uncrustify:/home/f1tenth_ws/install/ament_pycodestyle:/home/f1tenth_ws/install/ament_package:/home/f1tenth_ws/install/ament_lint:/home/f1tenth_ws/install/ament_cppcheck:/opt/ros/foxy CONDA_PROMPT_MODIFIER=(base) _=/usr/bin/env /usr/bin/cmake --build /home/f1tenth_ws/build/ackermann_mux -- -j8 -l8
[1.762s] [100%] Built target ackermann_mux
[1.771s] Invoked command in '/home/f1tenth_ws/build/ackermann_mux' returned '0': CMAKE_PREFIX_PATH=${CMAKE_PREFIX_PATH}:/home/f1tenth_ws/install/wall_following:/home/f1tenth_ws/install/voice_control:/home/f1tenth_ws/install/f1tenth_stack:/home/f1tenth_ws/install/joy_teleop:/home/f1tenth_ws/install/person_follow:/home/f1tenth_ws/install/mouse_teleop:/home/f1tenth_ws/install/key_teleop:/home/f1tenth_ws/install/joystick_ros2:/home/f1tenth_ws/install/follow_gap:/home/f1tenth_ws/install/automatic_braking:/home/f1tenth_ws/install/ament_uncrustify:/home/f1tenth_ws/install/ament_pycodestyle:/home/f1tenth_ws/install/ament_package:/home/f1tenth_ws/install/ament_lint:/home/f1tenth_ws/install/ament_cppcheck:/opt/ros/foxy CONDA_PROMPT_MODIFIER=(base) _=/usr/bin/env /usr/bin/cmake --build /home/f1tenth_ws/build/ackermann_mux -- -j8 -l8
[2.195s] Invoking command in '/home/f1tenth_ws/build/ackermann_mux': CMAKE_PREFIX_PATH=${CMAKE_PREFIX_PATH}:/home/f1tenth_ws/install/wall_following:/home/f1tenth_ws/install/voice_control:/home/f1tenth_ws/install/f1tenth_stack:/home/f1tenth_ws/install/joy_teleop:/home/f1tenth_ws/install/person_follow:/home/f1tenth_ws/install/mouse_teleop:/home/f1tenth_ws/install/key_teleop:/home/f1tenth_ws/install/joystick_ros2:/home/f1tenth_ws/install/follow_gap:/home/f1tenth_ws/install/automatic_braking:/home/f1tenth_ws/install/ament_uncrustify:/home/f1tenth_ws/install/ament_pycodestyle:/home/f1tenth_ws/install/ament_package:/home/f1tenth_ws/install/ament_lint:/home/f1tenth_ws/install/ament_cppcheck:/opt/ros/foxy CONDA_PROMPT_MODIFIER=(base) _=/usr/bin/env /usr/bin/cmake --install /home/f1tenth_ws/build/ackermann_mux
[2.242s] -- Install configuration: ""
[2.260s] -- Execute custom install script
[2.264s] -- Up-to-date symlink: /home/f1tenth_ws/install/ackermann_mux/lib/ackermann_mux/ackermann_mux
[2.266s] -- Up-to-date symlink: /home/f1tenth_ws/install/ackermann_mux/share/ackermann_mux/launch/ackermann_mux_launch.py
[2.270s] -- Up-to-date symlink: /home/f1tenth_ws/install/ackermann_mux/share/ackermann_mux/config/ackermann_mux_locks.yaml
[2.280s] -- Up-to-date symlink: /home/f1tenth_ws/install/ackermann_mux/share/ackermann_mux/config/ackermann_mux_topics.yaml
[2.281s] -- Up-to-date symlink: /home/f1tenth_ws/install/ackermann_mux/share/ackermann_mux/config/joystick.yaml
[2.282s] -- Up-to-date symlink: /home/f1tenth_ws/install/ackermann_mux/include/ackermann_mux/ackermann_mux.hpp
[2.282s] -- Up-to-date symlink: /home/f1tenth_ws/install/ackermann_mux/include/ackermann_mux/ackermann_mux_diagnostics.hpp
[2.289s] -- Up-to-date symlink: /home/f1tenth_ws/install/ackermann_mux/include/ackermann_mux/ackermann_mux_diagnostics_status.hpp
[2.290s] -- Up-to-date symlink: /home/f1tenth_ws/install/ackermann_mux/include/ackermann_mux/params_helpers.hpp
[2.290s] -- Up-to-date symlink: /home/f1tenth_ws/install/ackermann_mux/include/ackermann_mux/topic_handle.hpp
[2.294s] -- Up-to-date symlink: /home/f1tenth_ws/install/ackermann_mux/include/ackermann_mux/utils.hpp
[2.295s] -- Up-to-date symlink: /home/f1tenth_ws/install/ackermann_mux/share/ament_index/resource_index/package_run_dependencies/ackermann_mux
[2.297s] -- Up-to-date symlink: /home/f1tenth_ws/install/ackermann_mux/share/ament_index/resource_index/parent_prefix_path/ackermann_mux
[2.298s] -- Up-to-date symlink: /home/f1tenth_ws/install/ackermann_mux/share/ackermann_mux/environment/ament_prefix_path.sh
[2.299s] -- Up-to-date symlink: /home/f1tenth_ws/install/ackermann_mux/share/ackermann_mux/environment/ament_prefix_path.dsv
[2.299s] -- Up-to-date symlink: /home/f1tenth_ws/install/ackermann_mux/share/ackermann_mux/environment/path.sh
[2.300s] -- Up-to-date symlink: /home/f1tenth_ws/install/ackermann_mux/share/ackermann_mux/environment/path.dsv
[2.300s] -- Up-to-date symlink: /home/f1tenth_ws/install/ackermann_mux/share/ackermann_mux/local_setup.bash
[2.301s] -- Up-to-date symlink: /home/f1tenth_ws/install/ackermann_mux/share/ackermann_mux/local_setup.sh
[2.301s] -- Up-to-date symlink: /home/f1tenth_ws/install/ackermann_mux/share/ackermann_mux/local_setup.zsh
[2.302s] -- Up-to-date symlink: /home/f1tenth_ws/install/ackermann_mux/share/ackermann_mux/local_setup.dsv
[2.302s] -- Symlinking: /home/f1tenth_ws/install/ackermann_mux/share/ackermann_mux/package.dsv
[2.357s] -- Up-to-date symlink: /home/f1tenth_ws/install/ackermann_mux/share/ament_index/resource_index/packages/ackermann_mux
[2.359s] -- Up-to-date symlink: /home/f1tenth_ws/install/ackermann_mux/share/ackermann_mux/cmake/ament_cmake_export_include_directories-extras.cmake
[2.360s] -- Up-to-date symlink: /home/f1tenth_ws/install/ackermann_mux/share/ackermann_mux/cmake/ament_cmake_export_dependencies-extras.cmake
[2.362s] -- Up-to-date symlink: /home/f1tenth_ws/install/ackermann_mux/share/ackermann_mux/cmake/ackermann_muxConfig.cmake
[2.363s] -- Up-to-date symlink: /home/f1tenth_ws/install/ackermann_mux/share/ackermann_mux/cmake/ackermann_muxConfig-version.cmake
[2.363s] -- Up-to-date symlink: /home/f1tenth_ws/install/ackermann_mux/share/ackermann_mux/package.xml
[2.371s] Invoked command in '/home/f1tenth_ws/build/ackermann_mux' returned '0': CMAKE_PREFIX_PATH=${CMAKE_PREFIX_PATH}:/home/f1tenth_ws/install/wall_following:/home/f1tenth_ws/install/voice_control:/home/f1tenth_ws/install/f1tenth_stack:/home/f1tenth_ws/install/joy_teleop:/home/f1tenth_ws/install/person_follow:/home/f1tenth_ws/install/mouse_teleop:/home/f1tenth_ws/install/key_teleop:/home/f1tenth_ws/install/joystick_ros2:/home/f1tenth_ws/install/follow_gap:/home/f1tenth_ws/install/automatic_braking:/home/f1tenth_ws/install/ament_uncrustify:/home/f1tenth_ws/install/ament_pycodestyle:/home/f1tenth_ws/install/ament_package:/home/f1tenth_ws/install/ament_lint:/home/f1tenth_ws/install/ament_cppcheck:/opt/ros/foxy CONDA_PROMPT_MODIFIER=(base) _=/usr/bin/env /usr/bin/cmake --install /home/f1tenth_ws/build/ackermann_mux
