[3.058s] Invoking command in '/home/f1tenth_ws/src/f1tenth_system/teleop_tools/key_teleop': PYTHONPATH=/home/f1tenth_ws/build/key_teleop/prefix_override:/usr/lib/python3/dist-packages/colcon_core/task/python/colcon_distutils_commands:/home/f1tenth_ws/install/key_teleop/lib/python3.8/site-packages:${PYTHONPATH} _=/usr/bin/env /usr/bin/python3 -W ignore:setup.py install is deprecated setup.py egg_info --egg-base ../../../../build/key_teleop build --build-base /home/f1tenth_ws/build/key_teleop/build install --record /home/f1tenth_ws/build/key_teleop/install.log --install-scripts $base/lib/key_teleop --single-version-externally-managed install_data
[3.469s] /usr/local/lib/python3.8/dist-packages/setuptools/dist.py:447: SetuptoolsDeprecationWarning: Invalid dash-separated options
[3.470s] !!
[3.470s] 
[3.471s]         ********************************************************************************
[3.471s]         Usage of dash-separated 'script-dir' will not be supported in future
[3.472s]         versions. Please use the underscore name 'script_dir' instead.
[3.472s] 
[3.473s]         By 2024-Sep-26, you need to update your project and remove deprecated calls
[3.473s]         or your builds will no longer be supported.
[3.474s] 
[3.474s]         See https://setuptools.pypa.io/en/latest/userguide/declarative_config.html for details.
[3.475s]         ********************************************************************************
[3.475s] 
[3.476s] !!
[3.476s]   opt = self.warn_dash_deprecation(opt, section)
[3.495s] /usr/local/lib/python3.8/dist-packages/setuptools/_distutils/dist.py:268: UserWarning: Unknown distribution option: 'tests_require'
[3.496s]   warnings.warn(msg)
[3.658s] running egg_info
[3.684s] writing ../../../../build/key_teleop/key_teleop.egg-info/PKG-INFO
[3.685s] writing dependency_links to ../../../../build/key_teleop/key_teleop.egg-info/dependency_links.txt
[3.685s] writing entry points to ../../../../build/key_teleop/key_teleop.egg-info/entry_points.txt
[3.686s] writing requirements to ../../../../build/key_teleop/key_teleop.egg-info/requires.txt
[3.686s] writing top-level names to ../../../../build/key_teleop/key_teleop.egg-info/top_level.txt
[3.911s] reading manifest file '../../../../build/key_teleop/key_teleop.egg-info/SOURCES.txt'
[3.912s] adding license file 'LICENSE'
[3.914s] writing manifest file '../../../../build/key_teleop/key_teleop.egg-info/SOURCES.txt'
[3.917s] running build
[3.919s] running build_py
[3.921s] copying key_teleop/__init__.py -> /home/f1tenth_ws/build/key_teleop/build/lib/key_teleop
[3.922s] copying key_teleop/key_teleop.py -> /home/f1tenth_ws/build/key_teleop/build/lib/key_teleop
[3.924s] running install
[3.929s] running install_lib
[3.946s] running install_data
[3.947s] copying config/key_teleop.yaml -> /home/f1tenth_ws/install/key_teleop/share/key_teleop/config
[3.949s] running install_egg_info
[3.972s] removing '/home/f1tenth_ws/install/key_teleop/lib/python3.8/site-packages/key_teleop-0.3.0-py3.8.egg-info' (and everything under it)
[3.973s] Copying ../../../../build/key_teleop/key_teleop.egg-info to /home/f1tenth_ws/install/key_teleop/lib/python3.8/site-packages/key_teleop-0.3.0-py3.8.egg-info
[3.973s] running install_scripts
[4.039s] Installing key_teleop script to /home/f1tenth_ws/install/key_teleop/lib/key_teleop
[4.048s] writing list of installed files to '/home/f1tenth_ws/build/key_teleop/install.log'
[4.532s] Invoked command in '/home/f1tenth_ws/src/f1tenth_system/teleop_tools/key_teleop' returned '0': PYTHONPATH=/home/f1tenth_ws/build/key_teleop/prefix_override:/usr/lib/python3/dist-packages/colcon_core/task/python/colcon_distutils_commands:/home/f1tenth_ws/install/key_teleop/lib/python3.8/site-packages:${PYTHONPATH} _=/usr/bin/env /usr/bin/python3 -W ignore:setup.py install is deprecated setup.py egg_info --egg-base ../../../../build/key_teleop build --build-base /home/f1tenth_ws/build/key_teleop/build install --record /home/f1tenth_ws/build/key_teleop/install.log --install-scripts $base/lib/key_teleop --single-version-externally-managed install_data
