[3.332s] Invoking command in '/home/f1tenth_ws/src/follow_gap': CONDA_PROMPT_MODIFIER=(base) PYTHONPATH=/home/f1tenth_ws/build/follow_gap/prefix_override:/usr/lib/python3/dist-packages/colcon_core/task/python/colcon_distutils_commands:/home/f1tenth_ws/install/follow_gap/lib/python3.8/site-packages: _=/usr/bin/env /usr/bin/python3 -W ignore:setup.py install is deprecated setup.py egg_info --egg-base ../../build/follow_gap build --build-base /home/f1tenth_ws/build/follow_gap/build install --record /home/f1tenth_ws/build/follow_gap/install.log --install-scripts $base/lib/follow_gap --single-version-externally-managed install_data
[3.508s] /usr/local/lib/python3.8/dist-packages/setuptools/dist.py:447: SetuptoolsDeprecationWarning: Invalid dash-separated options
[3.509s] !!
[3.509s] 
[3.509s]         ********************************************************************************
[3.510s]         Usage of dash-separated 'script-dir' will not be supported in future
[3.510s]         versions. Please use the underscore name 'script_dir' instead.
[3.511s] 
[3.512s]         This deprecation is overdue, please update your project and remove deprecated
[3.513s]         calls to avoid build errors in the future.
[3.514s] 
[3.515s]         See https://setuptools.pypa.io/en/latest/userguide/declarative_config.html for details.
[3.522s]         ********************************************************************************
[3.524s] 
[3.524s] !!
[3.525s]   opt = self.warn_dash_deprecation(opt, section)
[3.526s] /usr/local/lib/python3.8/dist-packages/setuptools/_distutils/dist.py:268: UserWarning: Unknown distribution option: 'tests_require'
[3.528s]   warnings.warn(msg)
[3.603s] running egg_info
[3.616s] writing ../../build/follow_gap/follow_gap.egg-info/PKG-INFO
[3.616s] writing dependency_links to ../../build/follow_gap/follow_gap.egg-info/dependency_links.txt
[3.617s] writing entry points to ../../build/follow_gap/follow_gap.egg-info/entry_points.txt
[3.617s] writing requirements to ../../build/follow_gap/follow_gap.egg-info/requires.txt
[3.618s] writing top-level names to ../../build/follow_gap/follow_gap.egg-info/top_level.txt
[3.729s] reading manifest file '../../build/follow_gap/follow_gap.egg-info/SOURCES.txt'
[3.731s] writing manifest file '../../build/follow_gap/follow_gap.egg-info/SOURCES.txt'
[3.732s] running build
[3.733s] running build_py
[3.734s] copying follow_gap/__init__.py -> /home/f1tenth_ws/build/follow_gap/build/lib/follow_gap
[3.735s] copying follow_gap/follow_gap.py -> /home/f1tenth_ws/build/follow_gap/build/lib/follow_gap
[3.736s] running install
[3.737s] running install_lib
[3.754s] running install_data
[3.755s] copying resource/follow_gap -> /home/f1tenth_ws/install/follow_gap/share/ament_index/resource_index/packages
[3.757s] copying package.xml -> /home/f1tenth_ws/install/follow_gap/share/follow_gap
[3.758s] running install_egg_info
[3.770s] removing '/home/f1tenth_ws/install/follow_gap/lib/python3.8/site-packages/follow_gap-0.0.0-py3.8.egg-info' (and everything under it)
[3.771s] Copying ../../build/follow_gap/follow_gap.egg-info to /home/f1tenth_ws/install/follow_gap/lib/python3.8/site-packages/follow_gap-0.0.0-py3.8.egg-info
[3.773s] running install_scripts
[3.809s] Installing follow_gap script to /home/f1tenth_ws/install/follow_gap/lib/follow_gap
[3.811s] writing list of installed files to '/home/f1tenth_ws/build/follow_gap/install.log'
[4.549s] Invoked command in '/home/f1tenth_ws/src/follow_gap' returned '0': CONDA_PROMPT_MODIFIER=(base) PYTHONPATH=/home/f1tenth_ws/build/follow_gap/prefix_override:/usr/lib/python3/dist-packages/colcon_core/task/python/colcon_distutils_commands:/home/f1tenth_ws/install/follow_gap/lib/python3.8/site-packages: _=/usr/bin/env /usr/bin/python3 -W ignore:setup.py install is deprecated setup.py egg_info --egg-base ../../build/follow_gap build --build-base /home/f1tenth_ws/build/follow_gap/build install --record /home/f1tenth_ws/build/follow_gap/install.log --install-scripts $base/lib/follow_gap --single-version-externally-managed install_data
