[3.048s] Invoking command in '/home/f1tenth_ws/src/person_follow': PYTHONPATH=/home/f1tenth_ws/build/person_follow/prefix_override:/usr/lib/python3/dist-packages/colcon_core/task/python/colcon_distutils_commands:/home/f1tenth_ws/install/person_follow/lib/python3.8/site-packages:${PYTHONPATH} _=/usr/bin/env /usr/bin/python3 -W ignore:setup.py install is deprecated setup.py egg_info --egg-base ../../build/person_follow build --build-base /home/f1tenth_ws/build/person_follow/build install --record /home/f1tenth_ws/build/person_follow/install.log --install-scripts $base/lib/person_follow --single-version-externally-managed install_data
[3.357s] /usr/local/lib/python3.8/dist-packages/setuptools/dist.py:447: SetuptoolsDeprecationWarning: Invalid dash-separated options
[3.358s] !!
[3.358s] 
[3.359s]         ********************************************************************************
[3.359s]         Usage of dash-separated 'script-dir' will not be supported in future
[3.360s]         versions. Please use the underscore name 'script_dir' instead.
[3.360s] 
[3.360s]         By 2024-Sep-26, you need to update your project and remove deprecated calls
[3.361s]         or your builds will no longer be supported.
[3.361s] 
[3.362s]         See https://setuptools.pypa.io/en/latest/userguide/declarative_config.html for details.
[3.362s]         ********************************************************************************
[3.363s] 
[3.363s] !!
[3.364s]   opt = self.warn_dash_deprecation(opt, section)
[3.380s] /usr/local/lib/python3.8/dist-packages/setuptools/_distutils/dist.py:268: UserWarning: Unknown distribution option: 'tests_require'
[3.380s]   warnings.warn(msg)
[3.523s] running egg_info
[3.537s] writing ../../build/person_follow/person_follow.egg-info/PKG-INFO
[3.538s] writing dependency_links to ../../build/person_follow/person_follow.egg-info/dependency_links.txt
[3.543s] writing entry points to ../../build/person_follow/person_follow.egg-info/entry_points.txt
[3.560s] writing requirements to ../../build/person_follow/person_follow.egg-info/requires.txt
[3.560s] writing top-level names to ../../build/person_follow/person_follow.egg-info/top_level.txt
[3.716s] reading manifest file '../../build/person_follow/person_follow.egg-info/SOURCES.txt'
[3.716s] writing manifest file '../../build/person_follow/person_follow.egg-info/SOURCES.txt'
[3.717s] running build
[3.717s] running build_py
[3.718s] copying person_follow/__init__.py -> /home/f1tenth_ws/build/person_follow/build/lib/person_follow
[3.720s] copying person_follow/person_follow.py -> /home/f1tenth_ws/build/person_follow/build/lib/person_follow
[3.726s] running install
[3.727s] running install_lib
[3.743s] running install_data
[3.744s] copying resource/person_follow -> /home/f1tenth_ws/install/person_follow/share/ament_index/resource_index/packages
[3.748s] copying package.xml -> /home/f1tenth_ws/install/person_follow/share/person_follow
[3.748s] running install_egg_info
[3.766s] removing '/home/f1tenth_ws/install/person_follow/lib/python3.8/site-packages/person_follow-0.0.0-py3.8.egg-info' (and everything under it)
[3.767s] Copying ../../build/person_follow/person_follow.egg-info to /home/f1tenth_ws/install/person_follow/lib/python3.8/site-packages/person_follow-0.0.0-py3.8.egg-info
[3.767s] running install_scripts
[3.854s] Installing person_follow script to /home/f1tenth_ws/install/person_follow/lib/person_follow
[3.858s] writing list of installed files to '/home/f1tenth_ws/build/person_follow/install.log'
[4.200s] Invoked command in '/home/f1tenth_ws/src/person_follow' returned '0': PYTHONPATH=/home/f1tenth_ws/build/person_follow/prefix_override:/usr/lib/python3/dist-packages/colcon_core/task/python/colcon_distutils_commands:/home/f1tenth_ws/install/person_follow/lib/python3.8/site-packages:${PYTHONPATH} _=/usr/bin/env /usr/bin/python3 -W ignore:setup.py install is deprecated setup.py egg_info --egg-base ../../build/person_follow build --build-base /home/f1tenth_ws/build/person_follow/build install --record /home/f1tenth_ws/build/person_follow/install.log --install-scripts $base/lib/person_follow --single-version-externally-managed install_data
