[3.496s] Invoking command in '/home/f1tenth_ws/src/voice_control': CONDA_PROMPT_MODIFIER=(base) PYTHONPATH=/home/f1tenth_ws/build/voice_control/prefix_override:/usr/lib/python3/dist-packages/colcon_core/task/python/colcon_distutils_commands:/home/f1tenth_ws/install/voice_control/lib/python3.8/site-packages:${PYTHONPATH} _=/usr/bin/env /usr/bin/python3 -W ignore:setup.py install is deprecated setup.py egg_info --egg-base ../../build/voice_control build --build-base /home/f1tenth_ws/build/voice_control/build install --record /home/f1tenth_ws/build/voice_control/install.log --install-scripts $base/lib/voice_control --single-version-externally-managed install_data
[3.716s] /usr/local/lib/python3.8/dist-packages/setuptools/dist.py:447: SetuptoolsDeprecationWarning: Invalid dash-separated options
[3.717s] !!
[3.718s] 
[3.718s]         ********************************************************************************
[3.719s]         Usage of dash-separated 'script-dir' will not be supported in future
[3.719s]         versions. Please use the underscore name 'script_dir' instead.
[3.720s] 
[3.720s]         This deprecation is overdue, please update your project and remove deprecated
[3.721s]         calls to avoid build errors in the future.
[3.722s] 
[3.723s]         See https://setuptools.pypa.io/en/latest/userguide/declarative_config.html for details.
[3.724s]         ********************************************************************************
[3.724s] 
[3.725s] !!
[3.725s]   opt = self.warn_dash_deprecation(opt, section)
[3.737s] /usr/local/lib/python3.8/dist-packages/setuptools/_distutils/dist.py:268: UserWarning: Unknown distribution option: 'tests_require'
[3.738s]   warnings.warn(msg)
[3.862s] running egg_info
[3.885s] writing ../../build/voice_control/voice_control.egg-info/PKG-INFO
[3.896s] writing dependency_links to ../../build/voice_control/voice_control.egg-info/dependency_links.txt
[3.898s] writing entry points to ../../build/voice_control/voice_control.egg-info/entry_points.txt
[3.898s] writing requirements to ../../build/voice_control/voice_control.egg-info/requires.txt
[3.899s] writing top-level names to ../../build/voice_control/voice_control.egg-info/top_level.txt
[4.051s] reading manifest file '../../build/voice_control/voice_control.egg-info/SOURCES.txt'
[4.054s] writing manifest file '../../build/voice_control/voice_control.egg-info/SOURCES.txt'
[4.055s] running build
[4.055s] running build_py
[4.056s] copying voice_control/__init__.py -> /home/f1tenth_ws/build/voice_control/build/lib/voice_control
[4.057s] copying voice_control/voice_command_node.py -> /home/f1tenth_ws/build/voice_control/build/lib/voice_control
[4.058s] copying voice_control/to_text.py -> /home/f1tenth_ws/build/voice_control/build/lib/voice_control
[4.058s] running install
[4.063s] running install_lib
[4.093s] running install_data
[4.093s] copying resource/voice_control -> /home/f1tenth_ws/install/voice_control/share/ament_index/resource_index/packages
[4.094s] copying package.xml -> /home/f1tenth_ws/install/voice_control/share/voice_control
[4.095s] running install_egg_info
[4.121s] removing '/home/f1tenth_ws/install/voice_control/lib/python3.8/site-packages/voice_control-0.0.0-py3.8.egg-info' (and everything under it)
[4.122s] Copying ../../build/voice_control/voice_control.egg-info to /home/f1tenth_ws/install/voice_control/lib/python3.8/site-packages/voice_control-0.0.0-py3.8.egg-info
[4.124s] running install_scripts
[4.209s] Installing voice_command_node script to /home/f1tenth_ws/install/voice_control/lib/voice_control
[4.217s] writing list of installed files to '/home/f1tenth_ws/build/voice_control/install.log'
[4.271s] Invoked command in '/home/f1tenth_ws/src/voice_control' returned '0': CONDA_PROMPT_MODIFIER=(base) PYTHONPATH=/home/f1tenth_ws/build/voice_control/prefix_override:/usr/lib/python3/dist-packages/colcon_core/task/python/colcon_distutils_commands:/home/f1tenth_ws/install/voice_control/lib/python3.8/site-packages:${PYTHONPATH} _=/usr/bin/env /usr/bin/python3 -W ignore:setup.py install is deprecated setup.py egg_info --egg-base ../../build/voice_control build --build-base /home/f1tenth_ws/build/voice_control/build install --record /home/f1tenth_ws/build/voice_control/install.log --install-scripts $base/lib/voice_control --single-version-externally-managed install_data
