[2.635s] Invoking command in '/home/f1tenth_ws/src/wall_following': CONDA_PROMPT_MODIFIER=(base) PYTHONPATH=/home/f1tenth_ws/build/wall_following/prefix_override:/usr/lib/python3/dist-packages/colcon_core/task/python/colcon_distutils_commands:/home/f1tenth_ws/install/wall_following/lib/python3.8/site-packages:${PYTHONPATH} _=/usr/bin/env /usr/bin/python3 -W ignore:setup.py install is deprecated setup.py egg_info --egg-base ../../build/wall_following build --build-base /home/f1tenth_ws/build/wall_following/build install --record /home/f1tenth_ws/build/wall_following/install.log --install-scripts $base/lib/wall_following --single-version-externally-managed install_data
[2.873s] /usr/local/lib/python3.8/dist-packages/setuptools/dist.py:447: SetuptoolsDeprecationWarning: Invalid dash-separated options
[2.874s] !!
[2.874s] 
[2.875s]         ********************************************************************************
[2.875s]         Usage of dash-separated 'script-dir' will not be supported in future
[2.876s]         versions. Please use the underscore name 'script_dir' instead.
[2.876s] 
[2.876s]         This deprecation is overdue, please update your project and remove deprecated
[2.877s]         calls to avoid build errors in the future.
[2.877s] 
[2.878s]         See https://setuptools.pypa.io/en/latest/userguide/declarative_config.html for details.
[2.881s]         ********************************************************************************
[2.882s] 
[2.882s] !!
[2.882s]   opt = self.warn_dash_deprecation(opt, section)
[2.900s] /usr/local/lib/python3.8/dist-packages/setuptools/_distutils/dist.py:268: UserWarning: Unknown distribution option: 'tests_require'
[2.901s]   warnings.warn(msg)
[3.052s] running egg_info
[3.075s] writing ../../build/wall_following/wall_following.egg-info/PKG-INFO
[3.076s] writing dependency_links to ../../build/wall_following/wall_following.egg-info/dependency_links.txt
[3.076s] writing entry points to ../../build/wall_following/wall_following.egg-info/entry_points.txt
[3.080s] writing requirements to ../../build/wall_following/wall_following.egg-info/requires.txt
[3.082s] writing top-level names to ../../build/wall_following/wall_following.egg-info/top_level.txt
[3.243s] reading manifest file '../../build/wall_following/wall_following.egg-info/SOURCES.txt'
[3.245s] writing manifest file '../../build/wall_following/wall_following.egg-info/SOURCES.txt'
[3.245s] running build
[3.246s] running build_py
[3.246s] copying wall_following/__init__.py -> /home/f1tenth_ws/build/wall_following/build/lib/wall_following
[3.247s] copying wall_following/wall_following.py -> /home/f1tenth_ws/build/wall_following/build/lib/wall_following
[3.247s] running install
[3.250s] running install_lib
[3.268s] running install_data
[3.269s] copying resource/wall_following -> /home/f1tenth_ws/install/wall_following/share/ament_index/resource_index/packages
[3.269s] copying package.xml -> /home/f1tenth_ws/install/wall_following/share/wall_following
[3.270s] running install_egg_info
[3.285s] removing '/home/f1tenth_ws/install/wall_following/lib/python3.8/site-packages/wall_following-0.0.0-py3.8.egg-info' (and everything under it)
[3.287s] Copying ../../build/wall_following/wall_following.egg-info to /home/f1tenth_ws/install/wall_following/lib/python3.8/site-packages/wall_following-0.0.0-py3.8.egg-info
[3.288s] running install_scripts
[3.328s] Installing wall_following script to /home/f1tenth_ws/install/wall_following/lib/wall_following
[3.329s] writing list of installed files to '/home/f1tenth_ws/build/wall_following/install.log'
[3.375s] Invoked command in '/home/f1tenth_ws/src/wall_following' returned '0': CONDA_PROMPT_MODIFIER=(base) PYTHONPATH=/home/f1tenth_ws/build/wall_following/prefix_override:/usr/lib/python3/dist-packages/colcon_core/task/python/colcon_distutils_commands:/home/f1tenth_ws/install/wall_following/lib/python3.8/site-packages:${PYTHONPATH} _=/usr/bin/env /usr/bin/python3 -W ignore:setup.py install is deprecated setup.py egg_info --egg-base ../../build/wall_following build --build-base /home/f1tenth_ws/build/wall_following/build install --record /home/f1tenth_ws/build/wall_following/install.log --install-scripts $base/lib/wall_following --single-version-externally-managed install_data
