[1.494s] Invoking command in '/home/f1tenth_ws/src/f1tenth_system/teleop_tools/key_teleop': PYTHONPATH=/home/f1tenth_ws/build/key_teleop/prefix_override:/usr/lib/python3/dist-packages/colcon_core/task/python/colcon_distutils_commands:/home/f1tenth_ws/install/key_teleop/lib/python3.8/site-packages: _=/usr/bin/env /usr/bin/python3 -W ignore:setup.py install is deprecated setup.py egg_info --egg-base ../../../../build/key_teleop build --build-base /home/f1tenth_ws/build/key_teleop/build install --record /home/f1tenth_ws/build/key_teleop/install.log --install-scripts $base/lib/key_teleop --single-version-externally-managed install_data
[1.738s] running egg_info
[1.738s] writing ../../../../build/key_teleop/key_teleop.egg-info/PKG-INFO
[1.739s] writing dependency_links to ../../../../build/key_teleop/key_teleop.egg-info/dependency_links.txt
[1.741s] writing entry points to ../../../../build/key_teleop/key_teleop.egg-info/entry_points.txt
[1.741s] writing requirements to ../../../../build/key_teleop/key_teleop.egg-info/requires.txt
[1.743s] writing top-level names to ../../../../build/key_teleop/key_teleop.egg-info/top_level.txt
[1.768s] reading manifest file '../../../../build/key_teleop/key_teleop.egg-info/SOURCES.txt'
[1.769s] writing manifest file '../../../../build/key_teleop/key_teleop.egg-info/SOURCES.txt'
[1.769s] running build
[1.770s] running build_py
[1.772s] running install
[1.772s] running install_lib
[1.773s] running install_data
[1.774s] running install_egg_info
[1.775s] removing '/home/f1tenth_ws/install/key_teleop/lib/python3.8/site-packages/key_teleop-0.3.0-py3.8.egg-info' (and everything under it)
[1.776s] Copying ../../../../build/key_teleop/key_teleop.egg-info to /home/f1tenth_ws/install/key_teleop/lib/python3.8/site-packages/key_teleop-0.3.0-py3.8.egg-info
[1.776s] running install_scripts
[1.795s] Installing key_teleop script to /home/f1tenth_ws/install/key_teleop/lib/key_teleop
[1.795s] writing list of installed files to '/home/f1tenth_ws/build/key_teleop/install.log'
[1.907s] Invoked command in '/home/f1tenth_ws/src/f1tenth_system/teleop_tools/key_teleop' returned '0': PYTHONPATH=/home/f1tenth_ws/build/key_teleop/prefix_override:/usr/lib/python3/dist-packages/colcon_core/task/python/colcon_distutils_commands:/home/f1tenth_ws/install/key_teleop/lib/python3.8/site-packages: _=/usr/bin/env /usr/bin/python3 -W ignore:setup.py install is deprecated setup.py egg_info --egg-base ../../../../build/key_teleop build --build-base /home/f1tenth_ws/build/key_teleop/build install --record /home/f1tenth_ws/build/key_teleop/install.log --install-scripts $base/lib/key_teleop --single-version-externally-managed install_data
