[3.236s] Invoking command in '/home/f1tenth_ws/src/f1tenth_system/teleop_tools/key_teleop': PYTHONPATH=/home/f1tenth_ws/build/key_teleop/prefix_override:/usr/lib/python3/dist-packages/colcon_core/task/python/colcon_distutils_commands:/home/f1tenth_ws/install/key_teleop/lib/python3.8/site-packages:${PYTHONPATH} _=/usr/bin/env /usr/bin/python3 -W ignore:setup.py install is deprecated setup.py egg_info --egg-base ../../../../build/key_teleop build --build-base /home/f1tenth_ws/build/key_teleop/build install --record /home/f1tenth_ws/build/key_teleop/install.log --install-scripts $base/lib/key_teleop --single-version-externally-managed install_data
[3.532s] /usr/local/lib/python3.8/dist-packages/setuptools/dist.py:447: SetuptoolsDeprecationWarning: Invalid dash-separated options
[3.532s] !!
[3.533s] 
[3.533s]         ********************************************************************************
[3.534s]         Usage of dash-separated 'script-dir' will not be supported in future
[3.534s]         versions. Please use the underscore name 'script_dir' instead.
[3.534s] 
[3.535s]         By 2024-Sep-26, you need to update your project and remove deprecated calls
[3.535s]         or your builds will no longer be supported.
[3.536s] 
[3.536s]         See https://setuptools.pypa.io/en/latest/userguide/declarative_config.html for details.
[3.537s]         ********************************************************************************
[3.537s] 
[3.537s] !!
[3.538s]   opt = self.warn_dash_deprecation(opt, section)
[3.558s] /usr/local/lib/python3.8/dist-packages/setuptools/_distutils/dist.py:268: UserWarning: Unknown distribution option: 'tests_require'
[3.559s]   warnings.warn(msg)
[3.734s] running egg_info
[3.761s] writing ../../../../build/key_teleop/key_teleop.egg-info/PKG-INFO
[3.762s] writing dependency_links to ../../../../build/key_teleop/key_teleop.egg-info/dependency_links.txt
[3.762s] writing entry points to ../../../../build/key_teleop/key_teleop.egg-info/entry_points.txt
[3.762s] writing requirements to ../../../../build/key_teleop/key_teleop.egg-info/requires.txt
[3.763s] writing top-level names to ../../../../build/key_teleop/key_teleop.egg-info/top_level.txt
[3.963s] reading manifest file '../../../../build/key_teleop/key_teleop.egg-info/SOURCES.txt'
[3.964s] adding license file 'LICENSE'
[3.965s] writing manifest file '../../../../build/key_teleop/key_teleop.egg-info/SOURCES.txt'
[3.965s] running build
[3.966s] running build_py
[3.967s] copying key_teleop/__init__.py -> /home/f1tenth_ws/build/key_teleop/build/lib/key_teleop
[3.967s] copying key_teleop/key_teleop.py -> /home/f1tenth_ws/build/key_teleop/build/lib/key_teleop
[3.968s] running install
[3.974s] running install_lib
[4.003s] running install_data
[4.003s] copying config/key_teleop.yaml -> /home/f1tenth_ws/install/key_teleop/share/key_teleop/config
[4.004s] running install_egg_info
[4.030s] removing '/home/f1tenth_ws/install/key_teleop/lib/python3.8/site-packages/key_teleop-0.3.0-py3.8.egg-info' (and everything under it)
[4.032s] Copying ../../../../build/key_teleop/key_teleop.egg-info to /home/f1tenth_ws/install/key_teleop/lib/python3.8/site-packages/key_teleop-0.3.0-py3.8.egg-info
[4.033s] running install_scripts
[4.093s] Installing key_teleop script to /home/f1tenth_ws/install/key_teleop/lib/key_teleop
[4.096s] writing list of installed files to '/home/f1tenth_ws/build/key_teleop/install.log'
[4.372s] Invoked command in '/home/f1tenth_ws/src/f1tenth_system/teleop_tools/key_teleop' returned '0': PYTHONPATH=/home/f1tenth_ws/build/key_teleop/prefix_override:/usr/lib/python3/dist-packages/colcon_core/task/python/colcon_distutils_commands:/home/f1tenth_ws/install/key_teleop/lib/python3.8/site-packages:${PYTHONPATH} _=/usr/bin/env /usr/bin/python3 -W ignore:setup.py install is deprecated setup.py egg_info --egg-base ../../../../build/key_teleop build --build-base /home/f1tenth_ws/build/key_teleop/build install --record /home/f1tenth_ws/build/key_teleop/install.log --install-scripts $base/lib/key_teleop --single-version-externally-managed install_data
