[1.120s] Invoking command in '/home/f1tenth_ws/build/autonomous_driving_pkg': CONDA_PROMPT_MODIFIER=(base) PYTHONPATH=/home/f1tenth_ws/build/autonomous_driving_pkg/prefix_override:/usr/lib/python3/dist-packages/colcon_core/task/python/colcon_distutils_commands:/home/f1tenth_ws/install/autonomous_driving_pkg/lib/python3.8/site-packages:${PYTHONPATH} _=/usr/bin/env /usr/bin/python3 -W ignore:setup.py install is deprecated setup.py develop --uninstall --editable --build-directory /home/f1tenth_ws/build/autonomous_driving_pkg/build
[1.331s] /usr/local/lib/python3.8/dist-packages/setuptools/dist.py:447: SetuptoolsDeprecationWarning: Invalid dash-separated options
[1.332s] !!
[1.332s] 
[1.333s]         ********************************************************************************
[1.333s]         Usage of dash-separated 'script-dir' will not be supported in future
[1.334s]         versions. Please use the underscore name 'script_dir' instead.
[1.335s] 
[1.335s]         This deprecation is overdue, please update your project and remove deprecated
[1.336s]         calls to avoid build errors in the future.
[1.336s] 
[1.337s]         See https://setuptools.pypa.io/en/latest/userguide/declarative_config.html for details.
[1.338s]         ********************************************************************************
[1.339s] 
[1.339s] !!
[1.340s]   opt = self.warn_dash_deprecation(opt, section)
[1.347s] /usr/local/lib/python3.8/dist-packages/setuptools/_distutils/dist.py:268: UserWarning: Unknown distribution option: 'tests_require'
[1.347s]   warnings.warn(msg)
[1.512s] running develop
[1.515s] /usr/local/lib/python3.8/dist-packages/setuptools/command/develop.py:42: EasyInstallDeprecationWarning: easy_install command is deprecated.
[1.516s] !!
[1.517s] 
[1.519s]         ********************************************************************************
[1.520s]         Please avoid running ``setup.py`` and ``easy_install``.
[1.521s]         Instead, use pypa/build, pypa/installer or other
[1.522s]         standards-based tools.
[1.523s] 
[1.524s]         See https://github.com/pypa/setuptools/issues/917 for details.
[1.525s]         ********************************************************************************
[1.527s] 
[1.528s] !!
[1.529s]   easy_install.initialize_options(self)
[1.724s] Removing /home/f1tenth_ws/install/autonomous_driving_pkg/lib/python3.8/site-packages/autonomous-driving-pkg.egg-link (link to .)
[1.779s] Invoked command in '/home/f1tenth_ws/build/autonomous_driving_pkg' returned '0': CONDA_PROMPT_MODIFIER=(base) PYTHONPATH=/home/f1tenth_ws/build/autonomous_driving_pkg/prefix_override:/usr/lib/python3/dist-packages/colcon_core/task/python/colcon_distutils_commands:/home/f1tenth_ws/install/autonomous_driving_pkg/lib/python3.8/site-packages:${PYTHONPATH} _=/usr/bin/env /usr/bin/python3 -W ignore:setup.py install is deprecated setup.py develop --uninstall --editable --build-directory /home/f1tenth_ws/build/autonomous_driving_pkg/build
[1.795s] Invoking command in '/home/f1tenth_ws/src/autonomous_driving_pkg': CONDA_PROMPT_MODIFIER=(base) PYTHONPATH=/home/f1tenth_ws/build/autonomous_driving_pkg/prefix_override:/usr/lib/python3/dist-packages/colcon_core/task/python/colcon_distutils_commands:/home/f1tenth_ws/install/autonomous_driving_pkg/lib/python3.8/site-packages:${PYTHONPATH} _=/usr/bin/env /usr/bin/python3 -W ignore:setup.py install is deprecated setup.py egg_info --egg-base ../../build/autonomous_driving_pkg build --build-base /home/f1tenth_ws/build/autonomous_driving_pkg/build install --record /home/f1tenth_ws/build/autonomous_driving_pkg/install.log --install-scripts $base/lib/autonomous_driving_pkg --single-version-externally-managed install_data --force
[2.004s] /usr/local/lib/python3.8/dist-packages/setuptools/dist.py:447: SetuptoolsDeprecationWarning: Invalid dash-separated options
[2.004s] !!
[2.005s] 
[2.005s]         ********************************************************************************
[2.006s]         Usage of dash-separated 'script-dir' will not be supported in future
[2.006s]         versions. Please use the underscore name 'script_dir' instead.
[2.007s] 
[2.008s]         This deprecation is overdue, please update your project and remove deprecated
[2.008s]         calls to avoid build errors in the future.
[2.009s] 
[2.009s]         See https://setuptools.pypa.io/en/latest/userguide/declarative_config.html for details.
[2.010s]         ********************************************************************************
[2.010s] 
[2.010s] !!
[2.011s]   opt = self.warn_dash_deprecation(opt, section)
[2.020s] /usr/local/lib/python3.8/dist-packages/setuptools/_distutils/dist.py:268: UserWarning: Unknown distribution option: 'tests_require'
[2.021s]   warnings.warn(msg)
[2.126s] running egg_info
[2.144s] writing ../../build/autonomous_driving_pkg/autonomous_driving_pkg.egg-info/PKG-INFO
[2.145s] writing dependency_links to ../../build/autonomous_driving_pkg/autonomous_driving_pkg.egg-info/dependency_links.txt
[2.146s] writing entry points to ../../build/autonomous_driving_pkg/autonomous_driving_pkg.egg-info/entry_points.txt
[2.147s] writing requirements to ../../build/autonomous_driving_pkg/autonomous_driving_pkg.egg-info/requires.txt
[2.148s] writing top-level names to ../../build/autonomous_driving_pkg/autonomous_driving_pkg.egg-info/top_level.txt
[2.281s] reading manifest file '../../build/autonomous_driving_pkg/autonomous_driving_pkg.egg-info/SOURCES.txt'
[2.285s] writing manifest file '../../build/autonomous_driving_pkg/autonomous_driving_pkg.egg-info/SOURCES.txt'
[2.286s] running build
[2.288s] running build_py
[2.289s] copying autonomous_driving_pkg/__init__.py -> /home/f1tenth_ws/build/autonomous_driving_pkg/build/lib/autonomous_driving_pkg
[2.291s] copying autonomous_driving_pkg/euler_transform.py -> /home/f1tenth_ws/build/autonomous_driving_pkg/build/lib/autonomous_driving_pkg
[2.292s] copying autonomous_driving_pkg/pure_pursuit_controller.py -> /home/f1tenth_ws/build/autonomous_driving_pkg/build/lib/autonomous_driving_pkg
[2.293s] copying autonomous_driving_pkg/controller_node.py -> /home/f1tenth_ws/build/autonomous_driving_pkg/build/lib/autonomous_driving_pkg
[2.296s] copying autonomous_driving_pkg/person_follow.py -> /home/f1tenth_ws/build/autonomous_driving_pkg/build/lib/autonomous_driving_pkg
[2.297s] copying autonomous_driving_pkg/follow_the_gap.py -> /home/f1tenth_ws/build/autonomous_driving_pkg/build/lib/autonomous_driving_pkg
[2.297s] copying autonomous_driving_pkg/altrnate_waypoint_follower.py -> /home/f1tenth_ws/build/autonomous_driving_pkg/build/lib/autonomous_driving_pkg
[2.298s] copying autonomous_driving_pkg/waypoint_follower.py -> /home/f1tenth_ws/build/autonomous_driving_pkg/build/lib/autonomous_driving_pkg
[2.298s] copying autonomous_driving_pkg/return_to_origin.py -> /home/f1tenth_ws/build/autonomous_driving_pkg/build/lib/autonomous_driving_pkg
[2.299s] copying autonomous_driving_pkg/camera_publisher.py -> /home/f1tenth_ws/build/autonomous_driving_pkg/build/lib/autonomous_driving_pkg
[2.300s] running install
[2.300s] running install_lib
[2.307s] creating /home/f1tenth_ws/install/autonomous_driving_pkg/lib/python3.8/site-packages/autonomous_driving_pkg
[2.308s] copying /home/f1tenth_ws/build/autonomous_driving_pkg/build/lib/autonomous_driving_pkg/__init__.py -> /home/f1tenth_ws/install/autonomous_driving_pkg/lib/python3.8/site-packages/autonomous_driving_pkg
[2.308s] copying /home/f1tenth_ws/build/autonomous_driving_pkg/build/lib/autonomous_driving_pkg/euler_transform.py -> /home/f1tenth_ws/install/autonomous_driving_pkg/lib/python3.8/site-packages/autonomous_driving_pkg
[2.309s] copying /home/f1tenth_ws/build/autonomous_driving_pkg/build/lib/autonomous_driving_pkg/pure_pursuit_controller.py -> /home/f1tenth_ws/install/autonomous_driving_pkg/lib/python3.8/site-packages/autonomous_driving_pkg
[2.309s] copying /home/f1tenth_ws/build/autonomous_driving_pkg/build/lib/autonomous_driving_pkg/controller_node.py -> /home/f1tenth_ws/install/autonomous_driving_pkg/lib/python3.8/site-packages/autonomous_driving_pkg
[2.310s] copying /home/f1tenth_ws/build/autonomous_driving_pkg/build/lib/autonomous_driving_pkg/follow_the_gap.py -> /home/f1tenth_ws/install/autonomous_driving_pkg/lib/python3.8/site-packages/autonomous_driving_pkg
[2.310s] copying /home/f1tenth_ws/build/autonomous_driving_pkg/build/lib/autonomous_driving_pkg/person_follow.py -> /home/f1tenth_ws/install/autonomous_driving_pkg/lib/python3.8/site-packages/autonomous_driving_pkg
[2.311s] copying /home/f1tenth_ws/build/autonomous_driving_pkg/build/lib/autonomous_driving_pkg/altrnate_waypoint_follower.py -> /home/f1tenth_ws/install/autonomous_driving_pkg/lib/python3.8/site-packages/autonomous_driving_pkg
[2.311s] copying /home/f1tenth_ws/build/autonomous_driving_pkg/build/lib/autonomous_driving_pkg/waypoint_follower.py -> /home/f1tenth_ws/install/autonomous_driving_pkg/lib/python3.8/site-packages/autonomous_driving_pkg
[2.312s] copying /home/f1tenth_ws/build/autonomous_driving_pkg/build/lib/autonomous_driving_pkg/return_to_origin.py -> /home/f1tenth_ws/install/autonomous_driving_pkg/lib/python3.8/site-packages/autonomous_driving_pkg
[2.313s] copying /home/f1tenth_ws/build/autonomous_driving_pkg/build/lib/autonomous_driving_pkg/camera_publisher.py -> /home/f1tenth_ws/install/autonomous_driving_pkg/lib/python3.8/site-packages/autonomous_driving_pkg
[2.314s] byte-compiling /home/f1tenth_ws/install/autonomous_driving_pkg/lib/python3.8/site-packages/autonomous_driving_pkg/__init__.py to __init__.cpython-38.pyc
[2.314s] byte-compiling /home/f1tenth_ws/install/autonomous_driving_pkg/lib/python3.8/site-packages/autonomous_driving_pkg/euler_transform.py to euler_transform.cpython-38.pyc
[2.315s] byte-compiling /home/f1tenth_ws/install/autonomous_driving_pkg/lib/python3.8/site-packages/autonomous_driving_pkg/pure_pursuit_controller.py to pure_pursuit_controller.cpython-38.pyc
[2.315s] byte-compiling /home/f1tenth_ws/install/autonomous_driving_pkg/lib/python3.8/site-packages/autonomous_driving_pkg/controller_node.py to controller_node.cpython-38.pyc
[2.316s] byte-compiling /home/f1tenth_ws/install/autonomous_driving_pkg/lib/python3.8/site-packages/autonomous_driving_pkg/follow_the_gap.py to follow_the_gap.cpython-38.pyc
[2.316s] byte-compiling /home/f1tenth_ws/install/autonomous_driving_pkg/lib/python3.8/site-packages/autonomous_driving_pkg/person_follow.py to person_follow.cpython-38.pyc
[2.317s] byte-compiling /home/f1tenth_ws/install/autonomous_driving_pkg/lib/python3.8/site-packages/autonomous_driving_pkg/altrnate_waypoint_follower.py to altrnate_waypoint_follower.cpython-38.pyc
[2.318s] byte-compiling /home/f1tenth_ws/install/autonomous_driving_pkg/lib/python3.8/site-packages/autonomous_driving_pkg/waypoint_follower.py to waypoint_follower.cpython-38.pyc
[2.318s] byte-compiling /home/f1tenth_ws/install/autonomous_driving_pkg/lib/python3.8/site-packages/autonomous_driving_pkg/return_to_origin.py to return_to_origin.cpython-38.pyc
[2.319s] byte-compiling /home/f1tenth_ws/install/autonomous_driving_pkg/lib/python3.8/site-packages/autonomous_driving_pkg/camera_publisher.py to camera_publisher.cpython-38.pyc
[2.319s] running install_data
[2.320s] copying resource/autonomous_driving_pkg -> /home/f1tenth_ws/install/autonomous_driving_pkg/share/ament_index/resource_index/packages
[2.320s] copying package.xml -> /home/f1tenth_ws/install/autonomous_driving_pkg/share/autonomous_driving_pkg
[2.321s] running install_egg_info
[2.337s] Copying ../../build/autonomous_driving_pkg/autonomous_driving_pkg.egg-info to /home/f1tenth_ws/install/autonomous_driving_pkg/lib/python3.8/site-packages/autonomous_driving_pkg-0.0.0-py3.8.egg-info
[2.338s] running install_scripts
[2.382s] Installing camera_publisher script to /home/f1tenth_ws/install/autonomous_driving_pkg/lib/autonomous_driving_pkg
[2.384s] Installing follow_the_gap script to /home/f1tenth_ws/install/autonomous_driving_pkg/lib/autonomous_driving_pkg
[2.385s] Installing person_follow script to /home/f1tenth_ws/install/autonomous_driving_pkg/lib/autonomous_driving_pkg
[2.387s] Installing pp_node script to /home/f1tenth_ws/install/autonomous_driving_pkg/lib/autonomous_driving_pkg
[2.389s] Installing return_to_origin script to /home/f1tenth_ws/install/autonomous_driving_pkg/lib/autonomous_driving_pkg
[2.390s] Installing waypoint_follower script to /home/f1tenth_ws/install/autonomous_driving_pkg/lib/autonomous_driving_pkg
[2.392s] writing list of installed files to '/home/f1tenth_ws/build/autonomous_driving_pkg/install.log'
[2.430s] Invoked command in '/home/f1tenth_ws/src/autonomous_driving_pkg' returned '0': CONDA_PROMPT_MODIFIER=(base) PYTHONPATH=/home/f1tenth_ws/build/autonomous_driving_pkg/prefix_override:/usr/lib/python3/dist-packages/colcon_core/task/python/colcon_distutils_commands:/home/f1tenth_ws/install/autonomous_driving_pkg/lib/python3.8/site-packages:${PYTHONPATH} _=/usr/bin/env /usr/bin/python3 -W ignore:setup.py install is deprecated setup.py egg_info --egg-base ../../build/autonomous_driving_pkg build --build-base /home/f1tenth_ws/build/autonomous_driving_pkg/build install --record /home/f1tenth_ws/build/autonomous_driving_pkg/install.log --install-scripts $base/lib/autonomous_driving_pkg --single-version-externally-managed install_data --force
