[5.118s] Invoking command in '/home/f1tenth_ws/src/follow_gap': PYTHONPATH=/home/f1tenth_ws/build/follow_gap/prefix_override:/usr/lib/python3/dist-packages/colcon_core/task/python/colcon_distutils_commands:/home/f1tenth_ws/install/follow_gap/lib/python3.8/site-packages:${PYTHONPATH} _=/usr/bin/env /usr/bin/python3 -W ignore:setup.py install is deprecated setup.py egg_info --egg-base ../../build/follow_gap build --build-base /home/f1tenth_ws/build/follow_gap/build install --record /home/f1tenth_ws/build/follow_gap/install.log --install-scripts $base/lib/follow_gap --single-version-externally-managed install_data
[5.643s] /usr/local/lib/python3.8/dist-packages/setuptools/dist.py:447: SetuptoolsDeprecationWarning: Invalid dash-separated options
[5.643s] !!
[5.643s] 
[5.643s]         ********************************************************************************
[5.643s]         Usage of dash-separated 'script-dir' will not be supported in future
[5.644s]         versions. Please use the underscore name 'script_dir' instead.
[5.644s] 
[5.644s]         This deprecation is overdue, please update your project and remove deprecated
[5.644s]         calls to avoid build errors in the future.
[5.644s] 
[5.644s]         See https://setuptools.pypa.io/en/latest/userguide/declarative_config.html for details.
[5.644s]         ********************************************************************************
[5.644s] 
[5.644s] !!
[5.644s]   opt = self.warn_dash_deprecation(opt, section)
[5.717s] /usr/local/lib/python3.8/dist-packages/setuptools/_distutils/dist.py:268: UserWarning: Unknown distribution option: 'tests_require'
[5.720s]   warnings.warn(msg)
[6.210s] running egg_info
[6.329s] writing ../../build/follow_gap/follow_gap.egg-info/PKG-INFO
[6.334s] writing dependency_links to ../../build/follow_gap/follow_gap.egg-info/dependency_links.txt
[6.334s] writing entry points to ../../build/follow_gap/follow_gap.egg-info/entry_points.txt
[6.336s] writing requirements to ../../build/follow_gap/follow_gap.egg-info/requires.txt
[6.337s] writing top-level names to ../../build/follow_gap/follow_gap.egg-info/top_level.txt
[6.618s] reading manifest file '../../build/follow_gap/follow_gap.egg-info/SOURCES.txt'
[6.619s] writing manifest file '../../build/follow_gap/follow_gap.egg-info/SOURCES.txt'
[6.620s] running build
[6.621s] running build_py
[6.621s] copying follow_gap/__init__.py -> /home/f1tenth_ws/build/follow_gap/build/lib/follow_gap
[6.622s] copying follow_gap/follow_gap.py -> /home/f1tenth_ws/build/follow_gap/build/lib/follow_gap
[6.622s] running install
[6.628s] running install_lib
[6.660s] running install_data
[6.660s] copying resource/follow_gap -> /home/f1tenth_ws/install/follow_gap/share/ament_index/resource_index/packages
[6.661s] copying package.xml -> /home/f1tenth_ws/install/follow_gap/share/follow_gap
[6.661s] running install_egg_info
[6.692s] removing '/home/f1tenth_ws/install/follow_gap/lib/python3.8/site-packages/follow_gap-0.0.0-py3.8.egg-info' (and everything under it)
[6.693s] Copying ../../build/follow_gap/follow_gap.egg-info to /home/f1tenth_ws/install/follow_gap/lib/python3.8/site-packages/follow_gap-0.0.0-py3.8.egg-info
[6.694s] running install_scripts
[6.769s] Installing follow_gap script to /home/f1tenth_ws/install/follow_gap/lib/follow_gap
[6.770s] writing list of installed files to '/home/f1tenth_ws/build/follow_gap/install.log'
[7.166s] Invoked command in '/home/f1tenth_ws/src/follow_gap' returned '0': PYTHONPATH=/home/f1tenth_ws/build/follow_gap/prefix_override:/usr/lib/python3/dist-packages/colcon_core/task/python/colcon_distutils_commands:/home/f1tenth_ws/install/follow_gap/lib/python3.8/site-packages:${PYTHONPATH} _=/usr/bin/env /usr/bin/python3 -W ignore:setup.py install is deprecated setup.py egg_info --egg-base ../../build/follow_gap build --build-base /home/f1tenth_ws/build/follow_gap/build install --record /home/f1tenth_ws/build/follow_gap/install.log --install-scripts $base/lib/follow_gap --single-version-externally-managed install_data
