[0.217s] Invoking command in '/home/f1tenth_ws/build/teleop_tools_msgs': CONDA_PROMPT_MODIFIER=(base) _=/usr/bin/env /usr/bin/cmake --build /home/f1tenth_ws/build/teleop_tools_msgs -- -j8 -l8
[1.600s] [  3%] Built target teleop_tools_msgs__cpp
[1.601s] [ 12%] Built target teleop_tools_msgs__rosidl_generator_c
[1.602s] [ 32%] Built target teleop_tools_msgs__rosidl_typesupport_c
[1.603s] [ 32%] Built target teleop_tools_msgs__rosidl_typesupport_fastrtps_cpp
[1.604s] [ 41%] Built target teleop_tools_msgs__rosidl_typesupport_introspection_c
[1.606s] [ 51%] Built target teleop_tools_msgs__rosidl_typesupport_cpp
[1.608s] [ 61%] Built target teleop_tools_msgs__rosidl_typesupport_introspection_cpp
[1.615s] [ 70%] Built target teleop_tools_msgs__rosidl_typesupport_fastrtps_c
[1.618s] [ 70%] Built target teleop_tools_msgs
[1.618s] [ 74%] Built target teleop_tools_msgs__py
[1.619s] [ 80%] Built target teleop_tools_msgs__python
[1.619s] [ 87%] Built target teleop_tools_msgs__rosidl_typesupport_fastrtps_c__pyext
[1.620s] [100%] Built target teleop_tools_msgs__rosidl_typesupport_introspection_c__pyext
[1.620s] [100%] Built target teleop_tools_msgs__rosidl_typesupport_c__pyext
[1.623s] Invoked command in '/home/f1tenth_ws/build/teleop_tools_msgs' returned '0': CONDA_PROMPT_MODIFIER=(base) _=/usr/bin/env /usr/bin/cmake --build /home/f1tenth_ws/build/teleop_tools_msgs -- -j8 -l8
[1.955s] Invoking command in '/home/f1tenth_ws/build/teleop_tools_msgs': CONDA_PROMPT_MODIFIER=(base) _=/usr/bin/env /usr/bin/cmake --install /home/f1tenth_ws/build/teleop_tools_msgs
[1.969s] -- Install configuration: ""
[1.974s] -- Execute custom install script
[1.975s] -- Up-to-date symlink: /home/f1tenth_ws/install/teleop_tools_msgs/share/ament_index/resource_index/rosidl_interfaces/teleop_tools_msgs
[1.982s] -- Up-to-date symlink: /home/f1tenth_ws/install/teleop_tools_msgs/include/teleop_tools_msgs/action/detail/increment__functions.h
[1.984s] -- Up-to-date symlink: /home/f1tenth_ws/install/teleop_tools_msgs/include/teleop_tools_msgs/action/detail/increment__struct.h
[1.985s] -- Up-to-date symlink: /home/f1tenth_ws/install/teleop_tools_msgs/include/teleop_tools_msgs/action/detail/increment__type_support.h
[1.985s] -- Up-to-date symlink: /home/f1tenth_ws/install/teleop_tools_msgs/include/teleop_tools_msgs/action/increment.h
[1.987s] -- Up-to-date symlink: /home/f1tenth_ws/install/teleop_tools_msgs/include/teleop_tools_msgs/msg/rosidl_generator_c__visibility_control.h
[2.003s] -- Up-to-date symlink: /home/f1tenth_ws/install/teleop_tools_msgs/share/teleop_tools_msgs/environment/library_path.sh
[2.004s] -- Up-to-date symlink: /home/f1tenth_ws/install/teleop_tools_msgs/share/teleop_tools_msgs/environment/library_path.dsv
[2.006s] -- Up-to-date symlink: /home/f1tenth_ws/install/teleop_tools_msgs/include/teleop_tools_msgs/action/detail/increment__rosidl_typesupport_fastrtps_c.h
[2.008s] -- Up-to-date symlink: /home/f1tenth_ws/install/teleop_tools_msgs/include/teleop_tools_msgs/msg/rosidl_typesupport_fastrtps_c__visibility_control.h
[2.011s] -- Up-to-date symlink: /home/f1tenth_ws/install/teleop_tools_msgs/lib/libteleop_tools_msgs__rosidl_typesupport_fastrtps_c.so
[2.020s] -- Up-to-date symlink: /home/f1tenth_ws/install/teleop_tools_msgs/include/teleop_tools_msgs/action/detail/increment__rosidl_typesupport_fastrtps_cpp.hpp
[2.025s] -- Up-to-date symlink: /home/f1tenth_ws/install/teleop_tools_msgs/include/teleop_tools_msgs/msg/rosidl_typesupport_fastrtps_cpp__visibility_control.h
[2.026s] -- Up-to-date symlink: /home/f1tenth_ws/install/teleop_tools_msgs/lib/libteleop_tools_msgs__rosidl_typesupport_fastrtps_cpp.so
[2.027s] -- Up-to-date symlink: /home/f1tenth_ws/install/teleop_tools_msgs/include/teleop_tools_msgs/action/detail/increment__rosidl_typesupport_introspection_c.h
[2.028s] -- Up-to-date symlink: /home/f1tenth_ws/install/teleop_tools_msgs/include/teleop_tools_msgs/msg/rosidl_typesupport_introspection_c__visibility_control.h
[2.030s] -- Up-to-date symlink: /home/f1tenth_ws/install/teleop_tools_msgs/include/teleop_tools_msgs/action/detail/increment__builder.hpp
[2.031s] -- Up-to-date symlink: /home/f1tenth_ws/install/teleop_tools_msgs/include/teleop_tools_msgs/action/detail/increment__struct.hpp
[2.032s] -- Up-to-date symlink: /home/f1tenth_ws/install/teleop_tools_msgs/include/teleop_tools_msgs/action/detail/increment__traits.hpp
[2.036s] -- Up-to-date symlink: /home/f1tenth_ws/install/teleop_tools_msgs/include/teleop_tools_msgs/action/detail/increment__type_support.hpp
[2.037s] -- Up-to-date symlink: /home/f1tenth_ws/install/teleop_tools_msgs/include/teleop_tools_msgs/action/increment.hpp
[2.039s] -- Up-to-date symlink: /home/f1tenth_ws/install/teleop_tools_msgs/include/teleop_tools_msgs/msg/rosidl_generator_cpp__visibility_control.hpp
[2.042s] -- Up-to-date symlink: /home/f1tenth_ws/install/teleop_tools_msgs/include/teleop_tools_msgs/action/detail/increment__rosidl_typesupport_introspection_cpp.hpp
[2.043s] -- Up-to-date symlink: /home/f1tenth_ws/install/teleop_tools_msgs/share/teleop_tools_msgs/environment/pythonpath.sh
[2.044s] -- Up-to-date symlink: /home/f1tenth_ws/install/teleop_tools_msgs/share/teleop_tools_msgs/environment/pythonpath.dsv
[2.046s] -- Up-to-date symlink: /home/f1tenth_ws/install/teleop_tools_msgs/lib/python3.8/site-packages/teleop_tools_msgs/__init__.py
[2.049s] -- Up-to-date symlink: /home/f1tenth_ws/install/teleop_tools_msgs/lib/python3.8/site-packages/teleop_tools_msgs/action/__init__.py
[2.050s] -- Up-to-date symlink: /home/f1tenth_ws/install/teleop_tools_msgs/lib/python3.8/site-packages/teleop_tools_msgs/action/_increment.py
[2.051s] -- Up-to-date symlink: /home/f1tenth_ws/install/teleop_tools_msgs/lib/python3.8/site-packages/teleop_tools_msgs/teleop_tools_msgs_s__rosidl_typesupport_fastrtps_c.cpython-38-aarch64-linux-gnu.so
[2.054s] -- Up-to-date symlink: /home/f1tenth_ws/install/teleop_tools_msgs/lib/python3.8/site-packages/teleop_tools_msgs/teleop_tools_msgs_s__rosidl_typesupport_introspection_c.cpython-38-aarch64-linux-gnu.so
[2.055s] -- Up-to-date symlink: /home/f1tenth_ws/install/teleop_tools_msgs/lib/python3.8/site-packages/teleop_tools_msgs/teleop_tools_msgs_s__rosidl_typesupport_c.cpython-38-aarch64-linux-gnu.so
[2.055s] -- Up-to-date symlink: /home/f1tenth_ws/install/teleop_tools_msgs/lib/libteleop_tools_msgs__python.so
[2.056s] -- Up-to-date symlink: /home/f1tenth_ws/install/teleop_tools_msgs/share/teleop_tools_msgs/action/Increment.idl
[2.059s] -- Up-to-date symlink: /home/f1tenth_ws/install/teleop_tools_msgs/share/teleop_tools_msgs/action/Increment.action
[2.066s] -- Up-to-date symlink: /home/f1tenth_ws/install/teleop_tools_msgs/share/ament_index/resource_index/package_run_dependencies/teleop_tools_msgs
[2.068s] -- Up-to-date symlink: /home/f1tenth_ws/install/teleop_tools_msgs/share/ament_index/resource_index/parent_prefix_path/teleop_tools_msgs
[2.068s] -- Up-to-date symlink: /home/f1tenth_ws/install/teleop_tools_msgs/share/teleop_tools_msgs/environment/ament_prefix_path.sh
[2.069s] -- Up-to-date symlink: /home/f1tenth_ws/install/teleop_tools_msgs/share/teleop_tools_msgs/environment/ament_prefix_path.dsv
[2.069s] -- Up-to-date symlink: /home/f1tenth_ws/install/teleop_tools_msgs/share/teleop_tools_msgs/environment/path.sh
[2.070s] -- Up-to-date symlink: /home/f1tenth_ws/install/teleop_tools_msgs/share/teleop_tools_msgs/environment/path.dsv
[2.070s] -- Up-to-date symlink: /home/f1tenth_ws/install/teleop_tools_msgs/share/teleop_tools_msgs/local_setup.bash
[2.071s] -- Up-to-date symlink: /home/f1tenth_ws/install/teleop_tools_msgs/share/teleop_tools_msgs/local_setup.sh
[2.071s] -- Up-to-date symlink: /home/f1tenth_ws/install/teleop_tools_msgs/share/teleop_tools_msgs/local_setup.zsh
[2.076s] -- Up-to-date symlink: /home/f1tenth_ws/install/teleop_tools_msgs/share/teleop_tools_msgs/local_setup.dsv
[2.077s] -- Symlinking: /home/f1tenth_ws/install/teleop_tools_msgs/share/teleop_tools_msgs/package.dsv
[2.125s] -- Up-to-date symlink: /home/f1tenth_ws/install/teleop_tools_msgs/share/ament_index/resource_index/packages/teleop_tools_msgs
[2.127s] -- Up-to-date symlink: /home/f1tenth_ws/install/teleop_tools_msgs/share/teleop_tools_msgs/cmake/rosidl_cmake-extras.cmake
[2.128s] -- Up-to-date symlink: /home/f1tenth_ws/install/teleop_tools_msgs/share/teleop_tools_msgs/cmake/ament_cmake_export_dependencies-extras.cmake
[2.129s] -- Up-to-date symlink: /home/f1tenth_ws/install/teleop_tools_msgs/share/teleop_tools_msgs/cmake/ament_cmake_export_libraries-extras.cmake
[2.129s] -- Up-to-date symlink: /home/f1tenth_ws/install/teleop_tools_msgs/share/teleop_tools_msgs/cmake/ament_cmake_export_targets-extras.cmake
[2.131s] -- Up-to-date symlink: /home/f1tenth_ws/install/teleop_tools_msgs/share/teleop_tools_msgs/cmake/ament_cmake_export_include_directories-extras.cmake
[2.132s] -- Up-to-date symlink: /home/f1tenth_ws/install/teleop_tools_msgs/share/teleop_tools_msgs/cmake/rosidl_cmake_export_typesupport_libraries-extras.cmake
[2.133s] -- Up-to-date symlink: /home/f1tenth_ws/install/teleop_tools_msgs/share/teleop_tools_msgs/cmake/rosidl_cmake_export_typesupport_targets-extras.cmake
[2.133s] -- Up-to-date symlink: /home/f1tenth_ws/install/teleop_tools_msgs/share/teleop_tools_msgs/cmake/teleop_tools_msgsConfig.cmake
[2.135s] -- Up-to-date symlink: /home/f1tenth_ws/install/teleop_tools_msgs/share/teleop_tools_msgs/cmake/teleop_tools_msgsConfig-version.cmake
[2.139s] -- Up-to-date symlink: /home/f1tenth_ws/install/teleop_tools_msgs/share/teleop_tools_msgs/package.xml
[2.139s] -- Up-to-date: /home/f1tenth_ws/install/teleop_tools_msgs/lib/libteleop_tools_msgs__rosidl_generator_c.so
[2.140s] -- Up-to-date: /home/f1tenth_ws/install/teleop_tools_msgs/lib/libteleop_tools_msgs__rosidl_typesupport_introspection_c.so
[2.140s] -- Up-to-date: /home/f1tenth_ws/install/teleop_tools_msgs/lib/libteleop_tools_msgs__rosidl_typesupport_c.so
[2.141s] -- Up-to-date: /home/f1tenth_ws/install/teleop_tools_msgs/lib/libteleop_tools_msgs__rosidl_typesupport_introspection_cpp.so
[2.144s] -- Up-to-date: /home/f1tenth_ws/install/teleop_tools_msgs/lib/libteleop_tools_msgs__rosidl_typesupport_cpp.so
[2.290s] -- Up-to-date: /home/f1tenth_ws/install/teleop_tools_msgs/share/teleop_tools_msgs/cmake/teleop_tools_msgs__rosidl_generator_cExport.cmake
[2.291s] -- Up-to-date: /home/f1tenth_ws/install/teleop_tools_msgs/share/teleop_tools_msgs/cmake/teleop_tools_msgs__rosidl_generator_cExport-noconfig.cmake
[2.294s] -- Up-to-date: /home/f1tenth_ws/install/teleop_tools_msgs/share/teleop_tools_msgs/cmake/teleop_tools_msgs__rosidl_typesupport_introspection_cExport.cmake
[2.295s] -- Up-to-date: /home/f1tenth_ws/install/teleop_tools_msgs/share/teleop_tools_msgs/cmake/teleop_tools_msgs__rosidl_typesupport_introspection_cExport-noconfig.cmake
[2.297s] -- Up-to-date: /home/f1tenth_ws/install/teleop_tools_msgs/share/teleop_tools_msgs/cmake/teleop_tools_msgs__rosidl_typesupport_cExport.cmake
[2.298s] -- Up-to-date: /home/f1tenth_ws/install/teleop_tools_msgs/share/teleop_tools_msgs/cmake/teleop_tools_msgs__rosidl_typesupport_cExport-noconfig.cmake
[2.300s] -- Up-to-date: /home/f1tenth_ws/install/teleop_tools_msgs/share/teleop_tools_msgs/cmake/teleop_tools_msgs__rosidl_generator_cppExport.cmake
[2.303s] -- Up-to-date: /home/f1tenth_ws/install/teleop_tools_msgs/share/teleop_tools_msgs/cmake/teleop_tools_msgs__rosidl_typesupport_introspection_cppExport.cmake
[2.304s] -- Up-to-date: /home/f1tenth_ws/install/teleop_tools_msgs/share/teleop_tools_msgs/cmake/teleop_tools_msgs__rosidl_typesupport_introspection_cppExport-noconfig.cmake
[2.305s] -- Up-to-date: /home/f1tenth_ws/install/teleop_tools_msgs/share/teleop_tools_msgs/cmake/teleop_tools_msgs__rosidl_typesupport_cppExport.cmake
[2.306s] -- Up-to-date: /home/f1tenth_ws/install/teleop_tools_msgs/share/teleop_tools_msgs/cmake/teleop_tools_msgs__rosidl_typesupport_cppExport-noconfig.cmake
[2.348s] Invoked command in '/home/f1tenth_ws/build/teleop_tools_msgs' returned '0': CONDA_PROMPT_MODIFIER=(base) _=/usr/bin/env /usr/bin/cmake --install /home/f1tenth_ws/build/teleop_tools_msgs
