[0.223s] Invoking command in '/home/f1tenth_ws/build/teleop_tools_msgs': CMAKE_PREFIX_PATH=${CMAKE_PREFIX_PATH}:/home/f1tenth_ws/install/voice_control:/home/f1tenth_ws/install/f1tenth_stack:/home/f1tenth_ws/install/joy_teleop:/home/f1tenth_ws/install/mouse_teleop:/home/f1tenth_ws/install/key_teleop:/home/f1tenth_ws/install/joystick_ros2:/home/f1tenth_ws/install/automatic_braking:/home/f1tenth_ws/install/ament_uncrustify:/home/f1tenth_ws/install/ament_pycodestyle:/home/f1tenth_ws/install/ament_package:/home/f1tenth_ws/install/ament_lint:/home/f1tenth_ws/install/ament_cppcheck:/opt/ros/foxy _=/usr/bin/env /usr/bin/cmake --build /home/f1tenth_ws/build/teleop_tools_msgs -- -j8 -l8
[1.846s] [  3%] Built target teleop_tools_msgs__cpp
[1.847s] [ 12%] Built target teleop_tools_msgs__rosidl_generator_c
[1.850s] [ 22%] Built target teleop_tools_msgs__rosidl_typesupport_introspection_cpp
[1.851s] [ 32%] Built target teleop_tools_msgs__rosidl_typesupport_cpp
[1.852s] [ 41%] Built target teleop_tools_msgs__rosidl_typesupport_introspection_c
[1.853s] [ 51%] Built target teleop_tools_msgs__rosidl_typesupport_fastrtps_cpp
[1.856s] [ 61%] Built target teleop_tools_msgs__rosidl_typesupport_c
[1.857s] [ 70%] Built target teleop_tools_msgs__rosidl_typesupport_fastrtps_c
[1.857s] [ 70%] Built target teleop_tools_msgs
[1.867s] [ 74%] Built target teleop_tools_msgs__py
[1.868s] [ 80%] Built target teleop_tools_msgs__python
[1.868s] [ 87%] Built target teleop_tools_msgs__rosidl_typesupport_c__pyext
[1.868s] [ 93%] Built target teleop_tools_msgs__rosidl_typesupport_fastrtps_c__pyext
[1.869s] [100%] Built target teleop_tools_msgs__rosidl_typesupport_introspection_c__pyext
[1.890s] Invoked command in '/home/f1tenth_ws/build/teleop_tools_msgs' returned '0': CMAKE_PREFIX_PATH=${CMAKE_PREFIX_PATH}:/home/f1tenth_ws/install/voice_control:/home/f1tenth_ws/install/f1tenth_stack:/home/f1tenth_ws/install/joy_teleop:/home/f1tenth_ws/install/mouse_teleop:/home/f1tenth_ws/install/key_teleop:/home/f1tenth_ws/install/joystick_ros2:/home/f1tenth_ws/install/automatic_braking:/home/f1tenth_ws/install/ament_uncrustify:/home/f1tenth_ws/install/ament_pycodestyle:/home/f1tenth_ws/install/ament_package:/home/f1tenth_ws/install/ament_lint:/home/f1tenth_ws/install/ament_cppcheck:/opt/ros/foxy _=/usr/bin/env /usr/bin/cmake --build /home/f1tenth_ws/build/teleop_tools_msgs -- -j8 -l8
[2.695s] Invoking command in '/home/f1tenth_ws/build/teleop_tools_msgs': CMAKE_PREFIX_PATH=${CMAKE_PREFIX_PATH}:/home/f1tenth_ws/install/voice_control:/home/f1tenth_ws/install/f1tenth_stack:/home/f1tenth_ws/install/joy_teleop:/home/f1tenth_ws/install/mouse_teleop:/home/f1tenth_ws/install/key_teleop:/home/f1tenth_ws/install/joystick_ros2:/home/f1tenth_ws/install/automatic_braking:/home/f1tenth_ws/install/ament_uncrustify:/home/f1tenth_ws/install/ament_pycodestyle:/home/f1tenth_ws/install/ament_package:/home/f1tenth_ws/install/ament_lint:/home/f1tenth_ws/install/ament_cppcheck:/opt/ros/foxy _=/usr/bin/env /usr/bin/cmake --install /home/f1tenth_ws/build/teleop_tools_msgs
[2.792s] -- Install configuration: ""
[2.796s] -- Execute custom install script
[2.800s] -- Up-to-date symlink: /home/f1tenth_ws/install/teleop_tools_msgs/share/ament_index/resource_index/rosidl_interfaces/teleop_tools_msgs
[2.803s] -- Up-to-date symlink: /home/f1tenth_ws/install/teleop_tools_msgs/include/teleop_tools_msgs/action/detail/increment__functions.h
[2.805s] -- Up-to-date symlink: /home/f1tenth_ws/install/teleop_tools_msgs/include/teleop_tools_msgs/action/detail/increment__struct.h
[2.807s] -- Up-to-date symlink: /home/f1tenth_ws/install/teleop_tools_msgs/include/teleop_tools_msgs/action/detail/increment__type_support.h
[2.809s] -- Up-to-date symlink: /home/f1tenth_ws/install/teleop_tools_msgs/include/teleop_tools_msgs/action/increment.h
[2.810s] -- Up-to-date symlink: /home/f1tenth_ws/install/teleop_tools_msgs/include/teleop_tools_msgs/msg/rosidl_generator_c__visibility_control.h
[2.840s] -- Up-to-date symlink: /home/f1tenth_ws/install/teleop_tools_msgs/share/teleop_tools_msgs/environment/library_path.sh
[2.841s] -- Up-to-date symlink: /home/f1tenth_ws/install/teleop_tools_msgs/share/teleop_tools_msgs/environment/library_path.dsv
[2.841s] -- Up-to-date symlink: /home/f1tenth_ws/install/teleop_tools_msgs/include/teleop_tools_msgs/action/detail/increment__rosidl_typesupport_fastrtps_c.h
[2.842s] -- Up-to-date symlink: /home/f1tenth_ws/install/teleop_tools_msgs/include/teleop_tools_msgs/msg/rosidl_typesupport_fastrtps_c__visibility_control.h
[2.842s] -- Up-to-date symlink: /home/f1tenth_ws/install/teleop_tools_msgs/lib/libteleop_tools_msgs__rosidl_typesupport_fastrtps_c.so
[2.849s] -- Up-to-date symlink: /home/f1tenth_ws/install/teleop_tools_msgs/include/teleop_tools_msgs/action/detail/increment__rosidl_typesupport_fastrtps_cpp.hpp
[2.849s] -- Up-to-date symlink: /home/f1tenth_ws/install/teleop_tools_msgs/include/teleop_tools_msgs/msg/rosidl_typesupport_fastrtps_cpp__visibility_control.h
[2.850s] -- Up-to-date symlink: /home/f1tenth_ws/install/teleop_tools_msgs/lib/libteleop_tools_msgs__rosidl_typesupport_fastrtps_cpp.so
[2.851s] -- Up-to-date symlink: /home/f1tenth_ws/install/teleop_tools_msgs/include/teleop_tools_msgs/action/detail/increment__rosidl_typesupport_introspection_c.h
[2.851s] -- Up-to-date symlink: /home/f1tenth_ws/install/teleop_tools_msgs/include/teleop_tools_msgs/msg/rosidl_typesupport_introspection_c__visibility_control.h
[2.853s] -- Up-to-date symlink: /home/f1tenth_ws/install/teleop_tools_msgs/include/teleop_tools_msgs/action/detail/increment__builder.hpp
[2.853s] -- Up-to-date symlink: /home/f1tenth_ws/install/teleop_tools_msgs/include/teleop_tools_msgs/action/detail/increment__struct.hpp
[2.854s] -- Up-to-date symlink: /home/f1tenth_ws/install/teleop_tools_msgs/include/teleop_tools_msgs/action/detail/increment__traits.hpp
[2.854s] -- Up-to-date symlink: /home/f1tenth_ws/install/teleop_tools_msgs/include/teleop_tools_msgs/action/detail/increment__type_support.hpp
[2.855s] -- Up-to-date symlink: /home/f1tenth_ws/install/teleop_tools_msgs/include/teleop_tools_msgs/action/increment.hpp
[2.855s] -- Up-to-date symlink: /home/f1tenth_ws/install/teleop_tools_msgs/include/teleop_tools_msgs/msg/rosidl_generator_cpp__visibility_control.hpp
[2.856s] -- Up-to-date symlink: /home/f1tenth_ws/install/teleop_tools_msgs/include/teleop_tools_msgs/action/detail/increment__rosidl_typesupport_introspection_cpp.hpp
[2.856s] -- Up-to-date symlink: /home/f1tenth_ws/install/teleop_tools_msgs/share/teleop_tools_msgs/environment/pythonpath.sh
[2.860s] -- Up-to-date symlink: /home/f1tenth_ws/install/teleop_tools_msgs/share/teleop_tools_msgs/environment/pythonpath.dsv
[2.864s] -- Up-to-date symlink: /home/f1tenth_ws/install/teleop_tools_msgs/lib/python3.8/site-packages/teleop_tools_msgs/__init__.py
[2.865s] -- Up-to-date symlink: /home/f1tenth_ws/install/teleop_tools_msgs/lib/python3.8/site-packages/teleop_tools_msgs/action/__init__.py
[2.865s] -- Up-to-date symlink: /home/f1tenth_ws/install/teleop_tools_msgs/lib/python3.8/site-packages/teleop_tools_msgs/action/_increment.py
[2.866s] -- Up-to-date symlink: /home/f1tenth_ws/install/teleop_tools_msgs/lib/python3.8/site-packages/teleop_tools_msgs/teleop_tools_msgs_s__rosidl_typesupport_fastrtps_c.cpython-38-aarch64-linux-gnu.so
[2.867s] -- Up-to-date symlink: /home/f1tenth_ws/install/teleop_tools_msgs/lib/python3.8/site-packages/teleop_tools_msgs/teleop_tools_msgs_s__rosidl_typesupport_introspection_c.cpython-38-aarch64-linux-gnu.so
[2.867s] -- Up-to-date symlink: /home/f1tenth_ws/install/teleop_tools_msgs/lib/python3.8/site-packages/teleop_tools_msgs/teleop_tools_msgs_s__rosidl_typesupport_c.cpython-38-aarch64-linux-gnu.so
[2.868s] -- Up-to-date symlink: /home/f1tenth_ws/install/teleop_tools_msgs/lib/libteleop_tools_msgs__python.so
[2.869s] -- Up-to-date symlink: /home/f1tenth_ws/install/teleop_tools_msgs/share/teleop_tools_msgs/action/Increment.idl
[2.869s] -- Up-to-date symlink: /home/f1tenth_ws/install/teleop_tools_msgs/share/teleop_tools_msgs/action/Increment.action
[2.871s] -- Up-to-date symlink: /home/f1tenth_ws/install/teleop_tools_msgs/share/ament_index/resource_index/package_run_dependencies/teleop_tools_msgs
[2.871s] -- Up-to-date symlink: /home/f1tenth_ws/install/teleop_tools_msgs/share/ament_index/resource_index/parent_prefix_path/teleop_tools_msgs
[2.872s] -- Up-to-date symlink: /home/f1tenth_ws/install/teleop_tools_msgs/share/teleop_tools_msgs/environment/ament_prefix_path.sh
[2.872s] -- Up-to-date symlink: /home/f1tenth_ws/install/teleop_tools_msgs/share/teleop_tools_msgs/environment/ament_prefix_path.dsv
[2.873s] -- Up-to-date symlink: /home/f1tenth_ws/install/teleop_tools_msgs/share/teleop_tools_msgs/environment/path.sh
[2.873s] -- Up-to-date symlink: /home/f1tenth_ws/install/teleop_tools_msgs/share/teleop_tools_msgs/environment/path.dsv
[2.874s] -- Up-to-date symlink: /home/f1tenth_ws/install/teleop_tools_msgs/share/teleop_tools_msgs/local_setup.bash
[2.874s] -- Up-to-date symlink: /home/f1tenth_ws/install/teleop_tools_msgs/share/teleop_tools_msgs/local_setup.sh
[2.875s] -- Up-to-date symlink: /home/f1tenth_ws/install/teleop_tools_msgs/share/teleop_tools_msgs/local_setup.zsh
[2.875s] -- Up-to-date symlink: /home/f1tenth_ws/install/teleop_tools_msgs/share/teleop_tools_msgs/local_setup.dsv
[2.875s] -- Symlinking: /home/f1tenth_ws/install/teleop_tools_msgs/share/teleop_tools_msgs/package.dsv
[2.883s] -- Up-to-date symlink: /home/f1tenth_ws/install/teleop_tools_msgs/share/ament_index/resource_index/packages/teleop_tools_msgs
[2.884s] -- Up-to-date symlink: /home/f1tenth_ws/install/teleop_tools_msgs/share/teleop_tools_msgs/cmake/rosidl_cmake-extras.cmake
[2.884s] -- Up-to-date symlink: /home/f1tenth_ws/install/teleop_tools_msgs/share/teleop_tools_msgs/cmake/ament_cmake_export_dependencies-extras.cmake
[2.884s] -- Up-to-date symlink: /home/f1tenth_ws/install/teleop_tools_msgs/share/teleop_tools_msgs/cmake/ament_cmake_export_libraries-extras.cmake
[2.885s] -- Up-to-date symlink: /home/f1tenth_ws/install/teleop_tools_msgs/share/teleop_tools_msgs/cmake/ament_cmake_export_targets-extras.cmake
[2.885s] -- Up-to-date symlink: /home/f1tenth_ws/install/teleop_tools_msgs/share/teleop_tools_msgs/cmake/ament_cmake_export_include_directories-extras.cmake
[2.886s] -- Up-to-date symlink: /home/f1tenth_ws/install/teleop_tools_msgs/share/teleop_tools_msgs/cmake/rosidl_cmake_export_typesupport_libraries-extras.cmake
[2.886s] -- Up-to-date symlink: /home/f1tenth_ws/install/teleop_tools_msgs/share/teleop_tools_msgs/cmake/rosidl_cmake_export_typesupport_targets-extras.cmake
[2.887s] -- Up-to-date symlink: /home/f1tenth_ws/install/teleop_tools_msgs/share/teleop_tools_msgs/cmake/teleop_tools_msgsConfig.cmake
[2.887s] -- Up-to-date symlink: /home/f1tenth_ws/install/teleop_tools_msgs/share/teleop_tools_msgs/cmake/teleop_tools_msgsConfig-version.cmake
[2.887s] -- Up-to-date symlink: /home/f1tenth_ws/install/teleop_tools_msgs/share/teleop_tools_msgs/package.xml
[2.888s] -- Up-to-date: /home/f1tenth_ws/install/teleop_tools_msgs/lib/libteleop_tools_msgs__rosidl_generator_c.so
[2.888s] -- Up-to-date: /home/f1tenth_ws/install/teleop_tools_msgs/lib/libteleop_tools_msgs__rosidl_typesupport_introspection_c.so
[2.889s] -- Up-to-date: /home/f1tenth_ws/install/teleop_tools_msgs/lib/libteleop_tools_msgs__rosidl_typesupport_c.so
[2.889s] -- Up-to-date: /home/f1tenth_ws/install/teleop_tools_msgs/lib/libteleop_tools_msgs__rosidl_typesupport_introspection_cpp.so
[2.890s] -- Up-to-date: /home/f1tenth_ws/install/teleop_tools_msgs/lib/libteleop_tools_msgs__rosidl_typesupport_cpp.so
[3.101s] -- Up-to-date: /home/f1tenth_ws/install/teleop_tools_msgs/share/teleop_tools_msgs/cmake/teleop_tools_msgs__rosidl_generator_cExport.cmake
[3.102s] -- Up-to-date: /home/f1tenth_ws/install/teleop_tools_msgs/share/teleop_tools_msgs/cmake/teleop_tools_msgs__rosidl_generator_cExport-noconfig.cmake
[3.103s] -- Up-to-date: /home/f1tenth_ws/install/teleop_tools_msgs/share/teleop_tools_msgs/cmake/teleop_tools_msgs__rosidl_typesupport_introspection_cExport.cmake
[3.104s] -- Up-to-date: /home/f1tenth_ws/install/teleop_tools_msgs/share/teleop_tools_msgs/cmake/teleop_tools_msgs__rosidl_typesupport_introspection_cExport-noconfig.cmake
[3.104s] -- Up-to-date: /home/f1tenth_ws/install/teleop_tools_msgs/share/teleop_tools_msgs/cmake/teleop_tools_msgs__rosidl_typesupport_cExport.cmake
[3.105s] -- Up-to-date: /home/f1tenth_ws/install/teleop_tools_msgs/share/teleop_tools_msgs/cmake/teleop_tools_msgs__rosidl_typesupport_cExport-noconfig.cmake
[3.105s] -- Up-to-date: /home/f1tenth_ws/install/teleop_tools_msgs/share/teleop_tools_msgs/cmake/teleop_tools_msgs__rosidl_generator_cppExport.cmake
[3.106s] -- Up-to-date: /home/f1tenth_ws/install/teleop_tools_msgs/share/teleop_tools_msgs/cmake/teleop_tools_msgs__rosidl_typesupport_introspection_cppExport.cmake
[3.107s] -- Up-to-date: /home/f1tenth_ws/install/teleop_tools_msgs/share/teleop_tools_msgs/cmake/teleop_tools_msgs__rosidl_typesupport_introspection_cppExport-noconfig.cmake
[3.108s] -- Up-to-date: /home/f1tenth_ws/install/teleop_tools_msgs/share/teleop_tools_msgs/cmake/teleop_tools_msgs__rosidl_typesupport_cppExport.cmake
[3.109s] -- Up-to-date: /home/f1tenth_ws/install/teleop_tools_msgs/share/teleop_tools_msgs/cmake/teleop_tools_msgs__rosidl_typesupport_cppExport-noconfig.cmake
[3.143s] Invoked command in '/home/f1tenth_ws/build/teleop_tools_msgs' returned '0': CMAKE_PREFIX_PATH=${CMAKE_PREFIX_PATH}:/home/f1tenth_ws/install/voice_control:/home/f1tenth_ws/install/f1tenth_stack:/home/f1tenth_ws/install/joy_teleop:/home/f1tenth_ws/install/mouse_teleop:/home/f1tenth_ws/install/key_teleop:/home/f1tenth_ws/install/joystick_ros2:/home/f1tenth_ws/install/automatic_braking:/home/f1tenth_ws/install/ament_uncrustify:/home/f1tenth_ws/install/ament_pycodestyle:/home/f1tenth_ws/install/ament_package:/home/f1tenth_ws/install/ament_lint:/home/f1tenth_ws/install/ament_cppcheck:/opt/ros/foxy _=/usr/bin/env /usr/bin/cmake --install /home/f1tenth_ws/build/teleop_tools_msgs
