[3.636s] Invoking command in '/home/f1tenth_ws/src/f1tenth_system/teleop_tools/key_teleop': CONDA_PROMPT_MODIFIER=(base) PYTHONPATH=/home/f1tenth_ws/build/key_teleop/prefix_override:/usr/lib/python3/dist-packages/colcon_core/task/python/colcon_distutils_commands:/home/f1tenth_ws/install/key_teleop/lib/python3.8/site-packages:${PYTHONPATH} _=/usr/bin/env /usr/bin/python3 -W ignore:setup.py install is deprecated setup.py egg_info --egg-base ../../../../build/key_teleop build --build-base /home/f1tenth_ws/build/key_teleop/build install --record /home/f1tenth_ws/build/key_teleop/install.log --install-scripts $base/lib/key_teleop --single-version-externally-managed install_data
[4.060s] /usr/local/lib/python3.8/dist-packages/setuptools/dist.py:447: SetuptoolsDeprecationWarning: Invalid dash-separated options
[4.061s] !!
[4.061s] 
[4.067s]         ********************************************************************************
[4.067s]         Usage of dash-separated 'script-dir' will not be supported in future
[4.068s]         versions. Please use the underscore name 'script_dir' instead.
[4.069s] 
[4.069s]         This deprecation is overdue, please update your project and remove deprecated
[4.070s]         calls to avoid build errors in the future.
[4.070s] 
[4.071s]         See https://setuptools.pypa.io/en/latest/userguide/declarative_config.html for details.
[4.071s]         ********************************************************************************
[4.072s] 
[4.072s] !!
[4.072s]   opt = self.warn_dash_deprecation(opt, section)
[4.087s] /usr/local/lib/python3.8/dist-packages/setuptools/_distutils/dist.py:268: UserWarning: Unknown distribution option: 'tests_require'
[4.102s]   warnings.warn(msg)
[4.434s] running egg_info
[4.443s] writing ../../../../build/key_teleop/key_teleop.egg-info/PKG-INFO
[4.448s] writing dependency_links to ../../../../build/key_teleop/key_teleop.egg-info/dependency_links.txt
[4.449s] writing entry points to ../../../../build/key_teleop/key_teleop.egg-info/entry_points.txt
[4.449s] writing requirements to ../../../../build/key_teleop/key_teleop.egg-info/requires.txt
[4.450s] writing top-level names to ../../../../build/key_teleop/key_teleop.egg-info/top_level.txt
[4.608s] reading manifest file '../../../../build/key_teleop/key_teleop.egg-info/SOURCES.txt'
[4.608s] adding license file 'LICENSE'
[4.609s] writing manifest file '../../../../build/key_teleop/key_teleop.egg-info/SOURCES.txt'
[4.609s] running build
[4.610s] running build_py
[4.610s] copying key_teleop/__init__.py -> /home/f1tenth_ws/build/key_teleop/build/lib/key_teleop
[4.611s] copying key_teleop/key_teleop.py -> /home/f1tenth_ws/build/key_teleop/build/lib/key_teleop
[4.611s] running install
[4.612s] running install_lib
[4.632s] running install_data
[4.632s] copying package.xml -> /home/f1tenth_ws/install/key_teleop/share/key_teleop
[4.632s] copying config/key_teleop.yaml -> /home/f1tenth_ws/install/key_teleop/share/key_teleop/config
[4.632s] copying resource/key_teleop -> /home/f1tenth_ws/install/key_teleop/share/ament_index/resource_index/packages
[4.632s] running install_egg_info
[4.745s] removing '/home/f1tenth_ws/install/key_teleop/lib/python3.8/site-packages/key_teleop-0.3.0-py3.8.egg-info' (and everything under it)
[4.746s] Copying ../../../../build/key_teleop/key_teleop.egg-info to /home/f1tenth_ws/install/key_teleop/lib/python3.8/site-packages/key_teleop-0.3.0-py3.8.egg-info
[4.750s] running install_scripts
[4.883s] Installing key_teleop script to /home/f1tenth_ws/install/key_teleop/lib/key_teleop
[4.884s] writing list of installed files to '/home/f1tenth_ws/build/key_teleop/install.log'
[5.308s] Invoked command in '/home/f1tenth_ws/src/f1tenth_system/teleop_tools/key_teleop' returned '0': CONDA_PROMPT_MODIFIER=(base) PYTHONPATH=/home/f1tenth_ws/build/key_teleop/prefix_override:/usr/lib/python3/dist-packages/colcon_core/task/python/colcon_distutils_commands:/home/f1tenth_ws/install/key_teleop/lib/python3.8/site-packages:${PYTHONPATH} _=/usr/bin/env /usr/bin/python3 -W ignore:setup.py install is deprecated setup.py egg_info --egg-base ../../../../build/key_teleop build --build-base /home/f1tenth_ws/build/key_teleop/build install --record /home/f1tenth_ws/build/key_teleop/install.log --install-scripts $base/lib/key_teleop --single-version-externally-managed install_data
