[3.210s] Invoking command in '/home/f1tenth_ws/build/autonomous_driving_pkg': PYTHONPATH=/home/f1tenth_ws/build/autonomous_driving_pkg/prefix_override:/usr/lib/python3/dist-packages/colcon_core/task/python/colcon_distutils_commands:/home/f1tenth_ws/install/autonomous_driving_pkg/lib/python3.8/site-packages:${PYTHONPATH} _=/usr/bin/env /usr/bin/python3 -W ignore:setup.py install is deprecated setup.py develop --uninstall --editable --build-directory /home/f1tenth_ws/build/autonomous_driving_pkg/build
[3.769s] /usr/local/lib/python3.8/dist-packages/setuptools/dist.py:447: SetuptoolsDeprecationWarning: Invalid dash-separated options
[3.775s] !!
[3.777s] 
[3.778s]         ********************************************************************************
[3.778s]         Usage of dash-separated 'script-dir' will not be supported in future
[3.778s]         versions. Please use the underscore name 'script_dir' instead.
[3.779s] 
[3.780s]         This deprecation is overdue, please update your project and remove deprecated
[3.780s]         calls to avoid build errors in the future.
[3.786s] 
[3.787s]         See https://setuptools.pypa.io/en/latest/userguide/declarative_config.html for details.
[3.792s]         ********************************************************************************
[3.793s] 
[3.793s] !!
[3.795s]   opt = self.warn_dash_deprecation(opt, section)
[3.797s] /usr/local/lib/python3.8/dist-packages/setuptools/_distutils/dist.py:268: UserWarning: Unknown distribution option: 'tests_require'
[3.798s]   warnings.warn(msg)
[4.111s] /usr/local/lib/python3.8/dist-packages/setuptools/command/develop.py:42: EasyInstallDeprecationWarning: easy_install command is deprecated.
[4.113s] !!
[4.113s] 
[4.114s]         ********************************************************************************
[4.114s]         Please avoid running ``setup.py`` and ``easy_install``.
[4.115s]         Instead, use pypa/build, pypa/installer or other
[4.115s]         standards-based tools.
[4.116s] 
[4.116s]         See https://github.com/pypa/setuptools/issues/917 for details.
[4.116s]         ********************************************************************************
[4.117s] 
[4.117s] !!
[4.118s]   easy_install.initialize_options(self)
[4.119s] running develop
[4.464s] Removing /home/f1tenth_ws/install/autonomous_driving_pkg/lib/python3.8/site-packages/autonomous-driving-pkg.egg-link (link to .)
[4.921s] Invoked command in '/home/f1tenth_ws/build/autonomous_driving_pkg' returned '0': PYTHONPATH=/home/f1tenth_ws/build/autonomous_driving_pkg/prefix_override:/usr/lib/python3/dist-packages/colcon_core/task/python/colcon_distutils_commands:/home/f1tenth_ws/install/autonomous_driving_pkg/lib/python3.8/site-packages:${PYTHONPATH} _=/usr/bin/env /usr/bin/python3 -W ignore:setup.py install is deprecated setup.py develop --uninstall --editable --build-directory /home/f1tenth_ws/build/autonomous_driving_pkg/build
[4.932s] Invoking command in '/home/f1tenth_ws/src/autonomous_driving_pkg': PYTHONPATH=/home/f1tenth_ws/build/autonomous_driving_pkg/prefix_override:/usr/lib/python3/dist-packages/colcon_core/task/python/colcon_distutils_commands:/home/f1tenth_ws/install/autonomous_driving_pkg/lib/python3.8/site-packages:${PYTHONPATH} _=/usr/bin/env /usr/bin/python3 -W ignore:setup.py install is deprecated setup.py egg_info --egg-base ../../build/autonomous_driving_pkg build --build-base /home/f1tenth_ws/build/autonomous_driving_pkg/build install --record /home/f1tenth_ws/build/autonomous_driving_pkg/install.log --install-scripts $base/lib/autonomous_driving_pkg --single-version-externally-managed install_data --force
[5.356s] /usr/local/lib/python3.8/dist-packages/setuptools/dist.py:447: SetuptoolsDeprecationWarning: Invalid dash-separated options
[5.359s] !!
[5.361s] 
[5.361s]         ********************************************************************************
[5.362s]         Usage of dash-separated 'script-dir' will not be supported in future
[5.362s]         versions. Please use the underscore name 'script_dir' instead.
[5.363s] 
[5.364s]         This deprecation is overdue, please update your project and remove deprecated
[5.365s]         calls to avoid build errors in the future.
[5.366s] 
[5.368s]         See https://setuptools.pypa.io/en/latest/userguide/declarative_config.html for details.
[5.371s]         ********************************************************************************
[5.372s] 
[5.372s] !!
[5.373s]   opt = self.warn_dash_deprecation(opt, section)
[5.374s] /usr/local/lib/python3.8/dist-packages/setuptools/_distutils/dist.py:268: UserWarning: Unknown distribution option: 'tests_require'
[5.374s]   warnings.warn(msg)
[5.375s] running egg_info
[5.375s] writing ../../build/autonomous_driving_pkg/autonomous_driving_pkg.egg-info/PKG-INFO
[5.376s] writing dependency_links to ../../build/autonomous_driving_pkg/autonomous_driving_pkg.egg-info/dependency_links.txt
[5.376s] writing entry points to ../../build/autonomous_driving_pkg/autonomous_driving_pkg.egg-info/entry_points.txt
[5.377s] writing requirements to ../../build/autonomous_driving_pkg/autonomous_driving_pkg.egg-info/requires.txt
[5.377s] writing top-level names to ../../build/autonomous_driving_pkg/autonomous_driving_pkg.egg-info/top_level.txt
[5.413s] reading manifest file '../../build/autonomous_driving_pkg/autonomous_driving_pkg.egg-info/SOURCES.txt'
[5.415s] writing manifest file '../../build/autonomous_driving_pkg/autonomous_driving_pkg.egg-info/SOURCES.txt'
[5.418s] running build
[5.419s] running build_py
[5.419s] copying autonomous_driving_pkg/__init__.py -> /home/f1tenth_ws/build/autonomous_driving_pkg/build/lib/autonomous_driving_pkg
[5.420s] copying autonomous_driving_pkg/euler_transform.py -> /home/f1tenth_ws/build/autonomous_driving_pkg/build/lib/autonomous_driving_pkg
[5.421s] copying autonomous_driving_pkg/pure_pursuit_controller.py -> /home/f1tenth_ws/build/autonomous_driving_pkg/build/lib/autonomous_driving_pkg
[5.422s] copying autonomous_driving_pkg/controller_node.py -> /home/f1tenth_ws/build/autonomous_driving_pkg/build/lib/autonomous_driving_pkg
[5.422s] running install
[5.426s] running install_lib
[5.438s] creating /home/f1tenth_ws/install/autonomous_driving_pkg/lib/python3.8/site-packages/autonomous_driving_pkg
[5.443s] copying /home/f1tenth_ws/build/autonomous_driving_pkg/build/lib/autonomous_driving_pkg/__init__.py -> /home/f1tenth_ws/install/autonomous_driving_pkg/lib/python3.8/site-packages/autonomous_driving_pkg
[5.444s] copying /home/f1tenth_ws/build/autonomous_driving_pkg/build/lib/autonomous_driving_pkg/euler_transform.py -> /home/f1tenth_ws/install/autonomous_driving_pkg/lib/python3.8/site-packages/autonomous_driving_pkg
[5.445s] copying /home/f1tenth_ws/build/autonomous_driving_pkg/build/lib/autonomous_driving_pkg/pure_pursuit_controller.py -> /home/f1tenth_ws/install/autonomous_driving_pkg/lib/python3.8/site-packages/autonomous_driving_pkg
[5.447s] copying /home/f1tenth_ws/build/autonomous_driving_pkg/build/lib/autonomous_driving_pkg/controller_node.py -> /home/f1tenth_ws/install/autonomous_driving_pkg/lib/python3.8/site-packages/autonomous_driving_pkg
[5.447s] byte-compiling /home/f1tenth_ws/install/autonomous_driving_pkg/lib/python3.8/site-packages/autonomous_driving_pkg/__init__.py to __init__.cpython-38.pyc
[5.448s] byte-compiling /home/f1tenth_ws/install/autonomous_driving_pkg/lib/python3.8/site-packages/autonomous_driving_pkg/euler_transform.py to euler_transform.cpython-38.pyc
[5.450s] byte-compiling /home/f1tenth_ws/install/autonomous_driving_pkg/lib/python3.8/site-packages/autonomous_driving_pkg/pure_pursuit_controller.py to pure_pursuit_controller.cpython-38.pyc
[5.451s] byte-compiling /home/f1tenth_ws/install/autonomous_driving_pkg/lib/python3.8/site-packages/autonomous_driving_pkg/controller_node.py to controller_node.cpython-38.pyc
[5.452s] running install_data
[5.453s] copying resource/autonomous_driving_pkg -> /home/f1tenth_ws/install/autonomous_driving_pkg/share/ament_index/resource_index/packages
[5.453s] copying package.xml -> /home/f1tenth_ws/install/autonomous_driving_pkg/share/autonomous_driving_pkg
[5.454s] running install_egg_info
[5.463s] Copying ../../build/autonomous_driving_pkg/autonomous_driving_pkg.egg-info to /home/f1tenth_ws/install/autonomous_driving_pkg/lib/python3.8/site-packages/autonomous_driving_pkg-0.0.0-py3.8.egg-info
[5.472s] running install_scripts
[5.514s] Installing pp_node script to /home/f1tenth_ws/install/autonomous_driving_pkg/lib/autonomous_driving_pkg
[5.515s] writing list of installed files to '/home/f1tenth_ws/build/autonomous_driving_pkg/install.log'
[6.431s] Invoked command in '/home/f1tenth_ws/src/autonomous_driving_pkg' returned '0': PYTHONPATH=/home/f1tenth_ws/build/autonomous_driving_pkg/prefix_override:/usr/lib/python3/dist-packages/colcon_core/task/python/colcon_distutils_commands:/home/f1tenth_ws/install/autonomous_driving_pkg/lib/python3.8/site-packages:${PYTHONPATH} _=/usr/bin/env /usr/bin/python3 -W ignore:setup.py install is deprecated setup.py egg_info --egg-base ../../build/autonomous_driving_pkg build --build-base /home/f1tenth_ws/build/autonomous_driving_pkg/build install --record /home/f1tenth_ws/build/autonomous_driving_pkg/install.log --install-scripts $base/lib/autonomous_driving_pkg --single-version-externally-managed install_data --force
