[2.733s] Invoking command in '/home/f1tenth_ws/src/person_follow': PYTHONPATH=/home/f1tenth_ws/build/person_follow/prefix_override:/usr/lib/python3/dist-packages/colcon_core/task/python/colcon_distutils_commands:/home/f1tenth_ws/install/person_follow/lib/python3.8/site-packages:${PYTHONPATH} _=/usr/bin/env /usr/bin/python3 -W ignore:setup.py install is deprecated setup.py egg_info --egg-base ../../build/person_follow build --build-base /home/f1tenth_ws/build/person_follow/build install --record /home/f1tenth_ws/build/person_follow/install.log --install-scripts $base/lib/person_follow --single-version-externally-managed install_data
[2.997s] /usr/local/lib/python3.8/dist-packages/setuptools/dist.py:447: SetuptoolsDeprecationWarning: Invalid dash-separated options
[2.997s] !!
[2.998s] 
[2.998s]         ********************************************************************************
[2.999s]         Usage of dash-separated 'script-dir' will not be supported in future
[2.999s]         versions. Please use the underscore name 'script_dir' instead.
[2.999s] 
[3.000s]         By 2024-Sep-26, you need to update your project and remove deprecated calls
[3.000s]         or your builds will no longer be supported.
[3.001s] 
[3.003s]         See https://setuptools.pypa.io/en/latest/userguide/declarative_config.html for details.
[3.018s]         ********************************************************************************
[3.019s] 
[3.020s] !!
[3.020s]   opt = self.warn_dash_deprecation(opt, section)
[3.033s] /usr/local/lib/python3.8/dist-packages/setuptools/_distutils/dist.py:268: UserWarning: Unknown distribution option: 'tests_require'
[3.034s]   warnings.warn(msg)
[3.229s] running egg_info
[3.257s] writing ../../build/person_follow/person_follow.egg-info/PKG-INFO
[3.257s] writing dependency_links to ../../build/person_follow/person_follow.egg-info/dependency_links.txt
[3.258s] writing entry points to ../../build/person_follow/person_follow.egg-info/entry_points.txt
[3.259s] writing requirements to ../../build/person_follow/person_follow.egg-info/requires.txt
[3.259s] writing top-level names to ../../build/person_follow/person_follow.egg-info/top_level.txt
[3.476s] reading manifest file '../../build/person_follow/person_follow.egg-info/SOURCES.txt'
[3.489s] writing manifest file '../../build/person_follow/person_follow.egg-info/SOURCES.txt'
[3.508s] running build
[3.509s] running build_py
[3.509s] copying person_follow/__init__.py -> /home/f1tenth_ws/build/person_follow/build/lib/person_follow
[3.513s] copying person_follow/person_follow.py -> /home/f1tenth_ws/build/person_follow/build/lib/person_follow
[3.515s] running install
[3.516s] running install_lib
[3.523s] running install_data
[3.524s] copying resource/person_follow -> /home/f1tenth_ws/install/person_follow/share/ament_index/resource_index/packages
[3.525s] copying package.xml -> /home/f1tenth_ws/install/person_follow/share/person_follow
[3.525s] running install_egg_info
[3.558s] removing '/home/f1tenth_ws/install/person_follow/lib/python3.8/site-packages/person_follow-0.0.0-py3.8.egg-info' (and everything under it)
[3.560s] Copying ../../build/person_follow/person_follow.egg-info to /home/f1tenth_ws/install/person_follow/lib/python3.8/site-packages/person_follow-0.0.0-py3.8.egg-info
[3.560s] running install_scripts
[3.630s] Installing person_follow script to /home/f1tenth_ws/install/person_follow/lib/person_follow
[3.646s] writing list of installed files to '/home/f1tenth_ws/build/person_follow/install.log'
[3.737s] Invoked command in '/home/f1tenth_ws/src/person_follow' returned '0': PYTHONPATH=/home/f1tenth_ws/build/person_follow/prefix_override:/usr/lib/python3/dist-packages/colcon_core/task/python/colcon_distutils_commands:/home/f1tenth_ws/install/person_follow/lib/python3.8/site-packages:${PYTHONPATH} _=/usr/bin/env /usr/bin/python3 -W ignore:setup.py install is deprecated setup.py egg_info --egg-base ../../build/person_follow build --build-base /home/f1tenth_ws/build/person_follow/build install --record /home/f1tenth_ws/build/person_follow/install.log --install-scripts $base/lib/person_follow --single-version-externally-managed install_data
