[2.715s] Invoking command in '/home/f1tenth_ws/src/joystick_ros2': PYTHONPATH=/home/f1tenth_ws/build/joystick_ros2/prefix_override:/usr/lib/python3/dist-packages/colcon_core/task/python/colcon_distutils_commands:/home/f1tenth_ws/install/joystick_ros2/lib/python3.8/site-packages:${PYTHONPATH} _=/usr/bin/env /usr/bin/python3 -W ignore:setup.py install is deprecated setup.py egg_info --egg-base ../../build/joystick_ros2 build --build-base /home/f1tenth_ws/build/joystick_ros2/build install --record /home/f1tenth_ws/build/joystick_ros2/install.log --install-scripts $base/lib/joystick_ros2 --single-version-externally-managed install_data
[3.109s] running egg_info
[3.111s] writing ../../build/joystick_ros2/joystick_ros2.egg-info/PKG-INFO
[3.112s] writing dependency_links to ../../build/joystick_ros2/joystick_ros2.egg-info/dependency_links.txt
[3.126s] writing entry points to ../../build/joystick_ros2/joystick_ros2.egg-info/entry_points.txt
[3.129s] writing requirements to ../../build/joystick_ros2/joystick_ros2.egg-info/requires.txt
[3.130s] writing top-level names to ../../build/joystick_ros2/joystick_ros2.egg-info/top_level.txt
[3.168s] reading manifest file '../../build/joystick_ros2/joystick_ros2.egg-info/SOURCES.txt'
[3.169s] writing manifest file '../../build/joystick_ros2/joystick_ros2.egg-info/SOURCES.txt'
[3.170s] running build
[3.171s] running build_py
[3.171s] running install
[3.172s] running install_lib
[3.172s] running install_data
[3.173s] running install_egg_info
[3.177s] removing '/home/f1tenth_ws/install/joystick_ros2/lib/python3.8/site-packages/joystick_ros2-0.0.1-py3.8.egg-info' (and everything under it)
[3.185s] Copying ../../build/joystick_ros2/joystick_ros2.egg-info to /home/f1tenth_ws/install/joystick_ros2/lib/python3.8/site-packages/joystick_ros2-0.0.1-py3.8.egg-info
[3.189s] running install_scripts
[3.199s] Installing joystick_ros2 script to /home/f1tenth_ws/install/joystick_ros2/lib/joystick_ros2
[3.201s] writing list of installed files to '/home/f1tenth_ws/build/joystick_ros2/install.log'
[3.642s] Invoked command in '/home/f1tenth_ws/src/joystick_ros2' returned '0': PYTHONPATH=/home/f1tenth_ws/build/joystick_ros2/prefix_override:/usr/lib/python3/dist-packages/colcon_core/task/python/colcon_distutils_commands:/home/f1tenth_ws/install/joystick_ros2/lib/python3.8/site-packages:${PYTHONPATH} _=/usr/bin/env /usr/bin/python3 -W ignore:setup.py install is deprecated setup.py egg_info --egg-base ../../build/joystick_ros2 build --build-base /home/f1tenth_ws/build/joystick_ros2/build install --record /home/f1tenth_ws/build/joystick_ros2/install.log --install-scripts $base/lib/joystick_ros2 --single-version-externally-managed install_data
