[3.114s] Invoking command in '/home/f1tenth_ws/src/automatic_braking': PYTHONPATH=/home/f1tenth_ws/build/automatic_braking/prefix_override:/usr/lib/python3/dist-packages/colcon_core/task/python/colcon_distutils_commands:/home/f1tenth_ws/install/automatic_braking/lib/python3.8/site-packages:${PYTHONPATH} _=/usr/bin/env /usr/bin/python3 -W ignore:setup.py install is deprecated setup.py egg_info --egg-base ../../build/automatic_braking build --build-base /home/f1tenth_ws/build/automatic_braking/build install --record /home/f1tenth_ws/build/automatic_braking/install.log --install-scripts $base/lib/automatic_braking --single-version-externally-managed install_data
[3.460s] /usr/local/lib/python3.8/dist-packages/setuptools/dist.py:447: SetuptoolsDeprecationWarning: Invalid dash-separated options
[3.460s] !!
[3.464s] 
[3.464s]         ********************************************************************************
[3.465s]         Usage of dash-separated 'script-dir' will not be supported in future
[3.465s]         versions. Please use the underscore name 'script_dir' instead.
[3.466s] 
[3.466s]         By 2024-Sep-26, you need to update your project and remove deprecated calls
[3.467s]         or your builds will no longer be supported.
[3.468s] 
[3.469s]         See https://setuptools.pypa.io/en/latest/userguide/declarative_config.html for details.
[3.469s]         ********************************************************************************
[3.471s] 
[3.471s] !!
[3.472s]   opt = self.warn_dash_deprecation(opt, section)
[3.525s] /usr/local/lib/python3.8/dist-packages/setuptools/_distutils/dist.py:268: UserWarning: Unknown distribution option: 'tests_require'
[3.526s]   warnings.warn(msg)
[3.654s] running egg_info
[3.684s] writing ../../build/automatic_braking/automatic_braking.egg-info/PKG-INFO
[3.684s] writing dependency_links to ../../build/automatic_braking/automatic_braking.egg-info/dependency_links.txt
[3.685s] writing entry points to ../../build/automatic_braking/automatic_braking.egg-info/entry_points.txt
[3.685s] writing requirements to ../../build/automatic_braking/automatic_braking.egg-info/requires.txt
[3.686s] writing top-level names to ../../build/automatic_braking/automatic_braking.egg-info/top_level.txt
[3.901s] reading manifest file '../../build/automatic_braking/automatic_braking.egg-info/SOURCES.txt'
[3.907s] writing manifest file '../../build/automatic_braking/automatic_braking.egg-info/SOURCES.txt'
[3.910s] running build
[3.913s] running build_py
[3.914s] copying automatic_braking/__init__.py -> /home/f1tenth_ws/build/automatic_braking/build/lib/automatic_braking
[3.916s] copying automatic_braking/automatic_braking.py -> /home/f1tenth_ws/build/automatic_braking/build/lib/automatic_braking
[3.918s] copying automatic_braking/__init__.py -> /home/f1tenth_ws/build/automatic_braking/build/lib/automatic_braking
[3.919s] copying automatic_braking/automatic_braking.py -> /home/f1tenth_ws/build/automatic_braking/build/lib/automatic_braking
[3.921s] running install
[3.922s] running install_lib
[3.945s] running install_data
[3.947s] running install_egg_info
[3.985s] removing '/home/f1tenth_ws/install/automatic_braking/lib/python3.8/site-packages/automatic_braking-0.0.0-py3.8.egg-info' (and everything under it)
[3.986s] Copying ../../build/automatic_braking/automatic_braking.egg-info to /home/f1tenth_ws/install/automatic_braking/lib/python3.8/site-packages/automatic_braking-0.0.0-py3.8.egg-info
[3.987s] running install_scripts
[4.047s] Installing automatic_braking script to /home/f1tenth_ws/install/automatic_braking/lib/automatic_braking
[4.048s] writing list of installed files to '/home/f1tenth_ws/build/automatic_braking/install.log'
[4.481s] Invoked command in '/home/f1tenth_ws/src/automatic_braking' returned '0': PYTHONPATH=/home/f1tenth_ws/build/automatic_braking/prefix_override:/usr/lib/python3/dist-packages/colcon_core/task/python/colcon_distutils_commands:/home/f1tenth_ws/install/automatic_braking/lib/python3.8/site-packages:${PYTHONPATH} _=/usr/bin/env /usr/bin/python3 -W ignore:setup.py install is deprecated setup.py egg_info --egg-base ../../build/automatic_braking build --build-base /home/f1tenth_ws/build/automatic_braking/build install --record /home/f1tenth_ws/build/automatic_braking/install.log --install-scripts $base/lib/automatic_braking --single-version-externally-managed install_data
