[3.470s] Invoking command in '/home/f1tenth_ws/src/voice_control': PYTHONPATH=/home/f1tenth_ws/build/voice_control/prefix_override:/usr/lib/python3/dist-packages/colcon_core/task/python/colcon_distutils_commands:/home/f1tenth_ws/install/voice_control/lib/python3.8/site-packages:${PYTHONPATH} _=/usr/bin/env /usr/bin/python3 -W ignore:setup.py install is deprecated setup.py egg_info --egg-base ../../build/voice_control build --build-base /home/f1tenth_ws/build/voice_control/build install --record /home/f1tenth_ws/build/voice_control/install.log --install-scripts $base/lib/voice_control --single-version-externally-managed install_data
[3.614s] /usr/local/lib/python3.8/dist-packages/setuptools/dist.py:447: SetuptoolsDeprecationWarning: Invalid dash-separated options
[3.615s] !!
[3.617s] 
[3.618s]         ********************************************************************************
[3.619s]         Usage of dash-separated 'script-dir' will not be supported in future
[3.621s]         versions. Please use the underscore name 'script_dir' instead.
[3.622s] 
[3.622s]         By 2024-Sep-26, you need to update your project and remove deprecated calls
[3.623s]         or your builds will no longer be supported.
[3.625s] 
[3.625s]         See https://setuptools.pypa.io/en/latest/userguide/declarative_config.html for details.
[3.626s]         ********************************************************************************
[3.627s] 
[3.627s] !!
[3.628s]   opt = self.warn_dash_deprecation(opt, section)
[3.641s] /usr/local/lib/python3.8/dist-packages/setuptools/_distutils/dist.py:268: UserWarning: Unknown distribution option: 'tests_require'
[3.643s]   warnings.warn(msg)
[3.814s] running egg_info
[3.834s] writing ../../build/voice_control/voice_control.egg-info/PKG-INFO
[3.835s] writing dependency_links to ../../build/voice_control/voice_control.egg-info/dependency_links.txt
[3.835s] writing entry points to ../../build/voice_control/voice_control.egg-info/entry_points.txt
[3.836s] writing requirements to ../../build/voice_control/voice_control.egg-info/requires.txt
[3.838s] writing top-level names to ../../build/voice_control/voice_control.egg-info/top_level.txt
[4.086s] reading manifest file '../../build/voice_control/voice_control.egg-info/SOURCES.txt'
[4.090s] writing manifest file '../../build/voice_control/voice_control.egg-info/SOURCES.txt'
[4.091s] running build
[4.092s] running build_py
[4.093s] copying voice_control/__init__.py -> /home/f1tenth_ws/build/voice_control/build/lib/voice_control
[4.093s] copying voice_control/voice_command_node.py -> /home/f1tenth_ws/build/voice_control/build/lib/voice_control
[4.094s] copying voice_control/command_mapper_node.py -> /home/f1tenth_ws/build/voice_control/build/lib/voice_control
[4.095s] running install
[4.103s] running install_lib
[4.128s] copying /home/f1tenth_ws/build/voice_control/build/lib/voice_control/voice_command_node.py -> /home/f1tenth_ws/install/voice_control/lib/python3.8/site-packages/voice_control
[4.128s] byte-compiling /home/f1tenth_ws/install/voice_control/lib/python3.8/site-packages/voice_control/voice_command_node.py to voice_command_node.cpython-38.pyc
[4.139s] running install_data
[4.139s] running install_egg_info
[4.155s] removing '/home/f1tenth_ws/install/voice_control/lib/python3.8/site-packages/voice_control-0.0.0-py3.8.egg-info' (and everything under it)
[4.156s] Copying ../../build/voice_control/voice_control.egg-info to /home/f1tenth_ws/install/voice_control/lib/python3.8/site-packages/voice_control-0.0.0-py3.8.egg-info
[4.176s] running install_scripts
[4.237s] Installing command_mapper_node script to /home/f1tenth_ws/install/voice_control/lib/voice_control
[4.237s] Installing voice_command_node script to /home/f1tenth_ws/install/voice_control/lib/voice_control
[4.238s] writing list of installed files to '/home/f1tenth_ws/build/voice_control/install.log'
[4.504s] Invoked command in '/home/f1tenth_ws/src/voice_control' returned '0': PYTHONPATH=/home/f1tenth_ws/build/voice_control/prefix_override:/usr/lib/python3/dist-packages/colcon_core/task/python/colcon_distutils_commands:/home/f1tenth_ws/install/voice_control/lib/python3.8/site-packages:${PYTHONPATH} _=/usr/bin/env /usr/bin/python3 -W ignore:setup.py install is deprecated setup.py egg_info --egg-base ../../build/voice_control build --build-base /home/f1tenth_ws/build/voice_control/build install --record /home/f1tenth_ws/build/voice_control/install.log --install-scripts $base/lib/voice_control --single-version-externally-managed install_data
