[3.586s] Invoking command in '/home/f1tenth_ws/src/person_follow': CONDA_PROMPT_MODIFIER=(base) PYTHONPATH=/home/f1tenth_ws/build/person_follow/prefix_override:/usr/lib/python3/dist-packages/colcon_core/task/python/colcon_distutils_commands:/home/f1tenth_ws/install/person_follow/lib/python3.8/site-packages:${PYTHONPATH} _=/usr/bin/env /usr/bin/python3 -W ignore:setup.py install is deprecated setup.py egg_info --egg-base ../../build/person_follow build --build-base /home/f1tenth_ws/build/person_follow/build install --record /home/f1tenth_ws/build/person_follow/install.log --install-scripts $base/lib/person_follow --single-version-externally-managed install_data
[4.541s] /usr/local/lib/python3.8/dist-packages/setuptools/dist.py:447: SetuptoolsDeprecationWarning: Invalid dash-separated options
[4.545s] !!
[4.551s] 
[4.556s]         ********************************************************************************
[4.557s]         Usage of dash-separated 'script-dir' will not be supported in future
[4.568s]         versions. Please use the underscore name 'script_dir' instead.
[4.572s] 
[4.574s]         This deprecation is overdue, please update your project and remove deprecated
[4.579s]         calls to avoid build errors in the future.
[4.580s] 
[4.581s]         See https://setuptools.pypa.io/en/latest/userguide/declarative_config.html for details.
[4.583s]         ********************************************************************************
[4.585s] 
[4.588s] !!
[4.590s]   opt = self.warn_dash_deprecation(opt, section)
[4.618s] /usr/local/lib/python3.8/dist-packages/setuptools/_distutils/dist.py:268: UserWarning: Unknown distribution option: 'tests_require'
[4.618s]   warnings.warn(msg)
[4.700s] running egg_info
[4.717s] writing ../../build/person_follow/person_follow.egg-info/PKG-INFO
[4.719s] writing dependency_links to ../../build/person_follow/person_follow.egg-info/dependency_links.txt
[4.720s] writing entry points to ../../build/person_follow/person_follow.egg-info/entry_points.txt
[4.721s] writing requirements to ../../build/person_follow/person_follow.egg-info/requires.txt
[4.721s] writing top-level names to ../../build/person_follow/person_follow.egg-info/top_level.txt
[4.886s] reading manifest file '../../build/person_follow/person_follow.egg-info/SOURCES.txt'
[4.887s] writing manifest file '../../build/person_follow/person_follow.egg-info/SOURCES.txt'
[4.888s] running build
[4.888s] running build_py
[4.889s] copying person_follow/__init__.py -> /home/f1tenth_ws/build/person_follow/build/lib/person_follow
[4.889s] copying person_follow/person_follow.py -> /home/f1tenth_ws/build/person_follow/build/lib/person_follow
[4.890s] running install
[4.893s] running install_lib
[4.913s] running install_data
[4.914s] copying resource/person_follow -> /home/f1tenth_ws/install/person_follow/share/ament_index/resource_index/packages
[4.914s] copying package.xml -> /home/f1tenth_ws/install/person_follow/share/person_follow
[4.914s] running install_egg_info
[4.934s] removing '/home/f1tenth_ws/install/person_follow/lib/python3.8/site-packages/person_follow-0.0.0-py3.8.egg-info' (and everything under it)
[4.934s] Copying ../../build/person_follow/person_follow.egg-info to /home/f1tenth_ws/install/person_follow/lib/python3.8/site-packages/person_follow-0.0.0-py3.8.egg-info
[4.935s] running install_scripts
[4.989s] Installing person_follow script to /home/f1tenth_ws/install/person_follow/lib/person_follow
[4.989s] writing list of installed files to '/home/f1tenth_ws/build/person_follow/install.log'
[5.046s] Invoked command in '/home/f1tenth_ws/src/person_follow' returned '0': CONDA_PROMPT_MODIFIER=(base) PYTHONPATH=/home/f1tenth_ws/build/person_follow/prefix_override:/usr/lib/python3/dist-packages/colcon_core/task/python/colcon_distutils_commands:/home/f1tenth_ws/install/person_follow/lib/python3.8/site-packages:${PYTHONPATH} _=/usr/bin/env /usr/bin/python3 -W ignore:setup.py install is deprecated setup.py egg_info --egg-base ../../build/person_follow build --build-base /home/f1tenth_ws/build/person_follow/build install --record /home/f1tenth_ws/build/person_follow/install.log --install-scripts $base/lib/person_follow --single-version-externally-managed install_data
