[3.145s] Invoking command in '/home/f1tenth_ws/src/f1tenth_system/teleop_tools/key_teleop': CONDA_PROMPT_MODIFIER=(base) PYTHONPATH=/home/f1tenth_ws/build/key_teleop/prefix_override:/usr/lib/python3/dist-packages/colcon_core/task/python/colcon_distutils_commands:/home/f1tenth_ws/install/key_teleop/lib/python3.8/site-packages: _=/usr/bin/env /usr/bin/python3 -W ignore:setup.py install is deprecated setup.py egg_info --egg-base ../../../../build/key_teleop build --build-base /home/f1tenth_ws/build/key_teleop/build install --record /home/f1tenth_ws/build/key_teleop/install.log --install-scripts $base/lib/key_teleop --single-version-externally-managed install_data
[3.457s] /usr/local/lib/python3.8/dist-packages/setuptools/dist.py:447: SetuptoolsDeprecationWarning: Invalid dash-separated options
[3.458s] !!
[3.459s] 
[3.461s]         ********************************************************************************
[3.464s]         Usage of dash-separated 'script-dir' will not be supported in future
[3.466s]         versions. Please use the underscore name 'script_dir' instead.
[3.466s] 
[3.467s]         This deprecation is overdue, please update your project and remove deprecated
[3.468s]         calls to avoid build errors in the future.
[3.469s] 
[3.470s]         See https://setuptools.pypa.io/en/latest/userguide/declarative_config.html for details.
[3.471s]         ********************************************************************************
[3.474s] 
[3.475s] !!
[3.480s]   opt = self.warn_dash_deprecation(opt, section)
[3.482s] /usr/local/lib/python3.8/dist-packages/setuptools/_distutils/dist.py:268: UserWarning: Unknown distribution option: 'tests_require'
[3.485s]   warnings.warn(msg)
[3.569s] running egg_info
[3.591s] writing ../../../../build/key_teleop/key_teleop.egg-info/PKG-INFO
[3.593s] writing dependency_links to ../../../../build/key_teleop/key_teleop.egg-info/dependency_links.txt
[3.593s] writing entry points to ../../../../build/key_teleop/key_teleop.egg-info/entry_points.txt
[3.594s] writing requirements to ../../../../build/key_teleop/key_teleop.egg-info/requires.txt
[3.594s] writing top-level names to ../../../../build/key_teleop/key_teleop.egg-info/top_level.txt
[3.768s] reading manifest file '../../../../build/key_teleop/key_teleop.egg-info/SOURCES.txt'
[3.772s] adding license file 'LICENSE'
[3.773s] writing manifest file '../../../../build/key_teleop/key_teleop.egg-info/SOURCES.txt'
[3.773s] running build
[3.774s] running build_py
[3.777s] copying key_teleop/__init__.py -> /home/f1tenth_ws/build/key_teleop/build/lib/key_teleop
[3.778s] copying key_teleop/key_teleop.py -> /home/f1tenth_ws/build/key_teleop/build/lib/key_teleop
[3.789s] running install
[3.798s] running install_lib
[3.826s] running install_data
[3.826s] copying config/key_teleop.yaml -> /home/f1tenth_ws/install/key_teleop/share/key_teleop/config
[3.855s] running install_egg_info
[3.887s] removing '/home/f1tenth_ws/install/key_teleop/lib/python3.8/site-packages/key_teleop-0.3.0-py3.8.egg-info' (and everything under it)
[3.888s] Copying ../../../../build/key_teleop/key_teleop.egg-info to /home/f1tenth_ws/install/key_teleop/lib/python3.8/site-packages/key_teleop-0.3.0-py3.8.egg-info
[3.894s] running install_scripts
[3.939s] Installing key_teleop script to /home/f1tenth_ws/install/key_teleop/lib/key_teleop
[3.942s] writing list of installed files to '/home/f1tenth_ws/build/key_teleop/install.log'
[4.232s] Invoked command in '/home/f1tenth_ws/src/f1tenth_system/teleop_tools/key_teleop' returned '0': CONDA_PROMPT_MODIFIER=(base) PYTHONPATH=/home/f1tenth_ws/build/key_teleop/prefix_override:/usr/lib/python3/dist-packages/colcon_core/task/python/colcon_distutils_commands:/home/f1tenth_ws/install/key_teleop/lib/python3.8/site-packages: _=/usr/bin/env /usr/bin/python3 -W ignore:setup.py install is deprecated setup.py egg_info --egg-base ../../../../build/key_teleop build --build-base /home/f1tenth_ws/build/key_teleop/build install --record /home/f1tenth_ws/build/key_teleop/install.log --install-scripts $base/lib/key_teleop --single-version-externally-managed install_data
