Scanning dependencies of target vesc_ackermann
[ 28%] Built target vesc_to_odom_node
[ 57%] Built target ackermann_to_vesc_node
[ 71%] Building CXX object CMakeFiles/vesc_ackermann.dir/src/ackermann_to_vesc.cpp.o
[ 85%] Building CXX object CMakeFiles/vesc_ackermann.dir/src/vesc_to_odom.cpp.o
[100%] Linking CXX shared library libvesc_ackermann.so
[100%] Built target vesc_ackermann
-- Install configuration: ""
-- Installing: /home/f1tenth_ws/src/install/vesc_ackermann/lib/vesc_ackermann/ackermann_to_vesc_node
-- Set non-toolchain portion of runtime path of "/home/f1tenth_ws/src/install/vesc_ackermann/lib/vesc_ackermann/ackermann_to_vesc_node" to ""
-- Installing: /home/f1tenth_ws/src/install/vesc_ackermann/lib/vesc_ackermann/vesc_to_odom_node
-- Set non-toolchain portion of runtime path of "/home/f1tenth_ws/src/install/vesc_ackermann/lib/vesc_ackermann/vesc_to_odom_node" to ""
-- Installing: /home/f1tenth_ws/src/install/vesc_ackermann/include
-- Installing: /home/f1tenth_ws/src/install/vesc_ackermann/include/vesc_ackermann
-- Installing: /home/f1tenth_ws/src/install/vesc_ackermann/include/vesc_ackermann/ackermann_to_vesc.hpp
-- Installing: /home/f1tenth_ws/src/install/vesc_ackermann/include/vesc_ackermann/vesc_to_odom.hpp
-- Installing: /home/f1tenth_ws/src/install/vesc_ackermann/share/vesc_ackermann/environment/library_path.sh
-- Installing: /home/f1tenth_ws/src/install/vesc_ackermann/share/vesc_ackermann/environment/library_path.dsv
-- Installing: /home/f1tenth_ws/src/install/vesc_ackermann/lib/libvesc_ackermann.so
-- Set non-toolchain portion of runtime path of "/home/f1tenth_ws/src/install/vesc_ackermann/lib/libvesc_ackermann.so" to ""
-- Installing: /home/f1tenth_ws/src/install/vesc_ackermann/share/vesc_ackermann/launch
-- Installing: /home/f1tenth_ws/src/install/vesc_ackermann/share/vesc_ackermann/launch/ackermann_to_vesc_node.launch.xml
-- Installing: /home/f1tenth_ws/src/install/vesc_ackermann/share/vesc_ackermann/launch/vesc_to_odom_node.launch.xml
-- Installing: /home/f1tenth_ws/src/install/vesc_ackermann/share/ament_index/resource_index/package_run_dependencies/vesc_ackermann
-- Installing: /home/f1tenth_ws/src/install/vesc_ackermann/share/ament_index/resource_index/parent_prefix_path/vesc_ackermann
-- Installing: /home/f1tenth_ws/src/install/vesc_ackermann/share/vesc_ackermann/environment/ament_prefix_path.sh
-- Installing: /home/f1tenth_ws/src/install/vesc_ackermann/share/vesc_ackermann/environment/ament_prefix_path.dsv
-- Installing: /home/f1tenth_ws/src/install/vesc_ackermann/share/vesc_ackermann/environment/path.sh
-- Installing: /home/f1tenth_ws/src/install/vesc_ackermann/share/vesc_ackermann/environment/path.dsv
-- Installing: /home/f1tenth_ws/src/install/vesc_ackermann/share/vesc_ackermann/local_setup.bash
-- Installing: /home/f1tenth_ws/src/install/vesc_ackermann/share/vesc_ackermann/local_setup.sh
-- Installing: /home/f1tenth_ws/src/install/vesc_ackermann/share/vesc_ackermann/local_setup.zsh
-- Installing: /home/f1tenth_ws/src/install/vesc_ackermann/share/vesc_ackermann/local_setup.dsv
-- Installing: /home/f1tenth_ws/src/install/vesc_ackermann/share/vesc_ackermann/package.dsv
-- Installing: /home/f1tenth_ws/src/install/vesc_ackermann/share/ament_index/resource_index/packages/vesc_ackermann
-- Installing: /home/f1tenth_ws/src/install/vesc_ackermann/share/ament_index/resource_index/rclcpp_components/vesc_ackermann
-- Installing: /home/f1tenth_ws/src/install/vesc_ackermann/share/vesc_ackermann/cmake/ament_cmake_export_dependencies-extras.cmake
-- Installing: /home/f1tenth_ws/src/install/vesc_ackermann/share/vesc_ackermann/cmake/ament_cmake_export_include_directories-extras.cmake
-- Installing: /home/f1tenth_ws/src/install/vesc_ackermann/share/vesc_ackermann/cmake/ament_cmake_export_libraries-extras.cmake
-- Installing: /home/f1tenth_ws/src/install/vesc_ackermann/share/vesc_ackermann/cmake/vesc_ackermannConfig.cmake
-- Installing: /home/f1tenth_ws/src/install/vesc_ackermann/share/vesc_ackermann/cmake/vesc_ackermannConfig-version.cmake
-- Installing: /home/f1tenth_ws/src/install/vesc_ackermann/share/vesc_ackermann/package.xml
