[0.235s] Invoking command in '/home/f1tenth_ws/build/teleop_tools_msgs': CONDA_PROMPT_MODIFIER=(base) _=/usr/bin/env /usr/bin/cmake --build /home/f1tenth_ws/build/teleop_tools_msgs -- -j8 -l8
[1.702s] [  9%] Built target teleop_tools_msgs__rosidl_generator_c
[1.703s] [ 12%] Built target teleop_tools_msgs__cpp
[1.703s] [ 22%] Built target teleop_tools_msgs__rosidl_typesupport_introspection_c
[1.704s] [ 32%] Built target teleop_tools_msgs__rosidl_typesupport_cpp
[1.704s] [ 41%] Built target teleop_tools_msgs__rosidl_typesupport_fastrtps_cpp
[1.704s] [ 51%] Built target teleop_tools_msgs__rosidl_typesupport_c
[1.706s] [ 61%] Built target teleop_tools_msgs__rosidl_typesupport_introspection_cpp
[1.709s] [ 70%] Built target teleop_tools_msgs__rosidl_typesupport_fastrtps_c
[1.714s] [ 70%] Built target teleop_tools_msgs
[1.716s] [ 74%] Built target teleop_tools_msgs__py
[1.716s] [ 80%] Built target teleop_tools_msgs__python
[1.717s] [ 87%] Built target teleop_tools_msgs__rosidl_typesupport_c__pyext
[1.717s] [ 93%] Built target teleop_tools_msgs__rosidl_typesupport_introspection_c__pyext
[1.718s] [100%] Built target teleop_tools_msgs__rosidl_typesupport_fastrtps_c__pyext
[1.721s] Invoked command in '/home/f1tenth_ws/build/teleop_tools_msgs' returned '0': CONDA_PROMPT_MODIFIER=(base) _=/usr/bin/env /usr/bin/cmake --build /home/f1tenth_ws/build/teleop_tools_msgs -- -j8 -l8
[2.024s] Invoking command in '/home/f1tenth_ws/build/teleop_tools_msgs': CONDA_PROMPT_MODIFIER=(base) _=/usr/bin/env /usr/bin/cmake --install /home/f1tenth_ws/build/teleop_tools_msgs
[2.081s] -- Install configuration: ""
[2.083s] -- Execute custom install script
[2.084s] -- Up-to-date symlink: /home/f1tenth_ws/install/teleop_tools_msgs/share/ament_index/resource_index/rosidl_interfaces/teleop_tools_msgs
[2.085s] -- Up-to-date symlink: /home/f1tenth_ws/install/teleop_tools_msgs/include/teleop_tools_msgs/action/detail/increment__functions.h
[2.086s] -- Up-to-date symlink: /home/f1tenth_ws/install/teleop_tools_msgs/include/teleop_tools_msgs/action/detail/increment__struct.h
[2.087s] -- Up-to-date symlink: /home/f1tenth_ws/install/teleop_tools_msgs/include/teleop_tools_msgs/action/detail/increment__type_support.h
[2.088s] -- Up-to-date symlink: /home/f1tenth_ws/install/teleop_tools_msgs/include/teleop_tools_msgs/action/increment.h
[2.090s] -- Up-to-date symlink: /home/f1tenth_ws/install/teleop_tools_msgs/include/teleop_tools_msgs/msg/rosidl_generator_c__visibility_control.h
[2.092s] -- Up-to-date symlink: /home/f1tenth_ws/install/teleop_tools_msgs/share/teleop_tools_msgs/environment/library_path.sh
[2.093s] -- Up-to-date symlink: /home/f1tenth_ws/install/teleop_tools_msgs/share/teleop_tools_msgs/environment/library_path.dsv
[2.094s] -- Up-to-date symlink: /home/f1tenth_ws/install/teleop_tools_msgs/include/teleop_tools_msgs/action/detail/increment__rosidl_typesupport_fastrtps_c.h
[2.095s] -- Up-to-date symlink: /home/f1tenth_ws/install/teleop_tools_msgs/include/teleop_tools_msgs/msg/rosidl_typesupport_fastrtps_c__visibility_control.h
[2.096s] -- Up-to-date symlink: /home/f1tenth_ws/install/teleop_tools_msgs/lib/libteleop_tools_msgs__rosidl_typesupport_fastrtps_c.so
[2.097s] -- Up-to-date symlink: /home/f1tenth_ws/install/teleop_tools_msgs/include/teleop_tools_msgs/action/detail/increment__rosidl_typesupport_fastrtps_cpp.hpp
[2.098s] -- Up-to-date symlink: /home/f1tenth_ws/install/teleop_tools_msgs/include/teleop_tools_msgs/msg/rosidl_typesupport_fastrtps_cpp__visibility_control.h
[2.100s] -- Up-to-date symlink: /home/f1tenth_ws/install/teleop_tools_msgs/lib/libteleop_tools_msgs__rosidl_typesupport_fastrtps_cpp.so
[2.100s] -- Up-to-date symlink: /home/f1tenth_ws/install/teleop_tools_msgs/include/teleop_tools_msgs/action/detail/increment__rosidl_typesupport_introspection_c.h
[2.103s] -- Up-to-date symlink: /home/f1tenth_ws/install/teleop_tools_msgs/include/teleop_tools_msgs/msg/rosidl_typesupport_introspection_c__visibility_control.h
[2.104s] -- Up-to-date symlink: /home/f1tenth_ws/install/teleop_tools_msgs/include/teleop_tools_msgs/action/detail/increment__builder.hpp
[2.109s] -- Up-to-date symlink: /home/f1tenth_ws/install/teleop_tools_msgs/include/teleop_tools_msgs/action/detail/increment__struct.hpp
[2.121s] -- Up-to-date symlink: /home/f1tenth_ws/install/teleop_tools_msgs/include/teleop_tools_msgs/action/detail/increment__traits.hpp
[2.125s] -- Up-to-date symlink: /home/f1tenth_ws/install/teleop_tools_msgs/include/teleop_tools_msgs/action/detail/increment__type_support.hpp
[2.126s] -- Up-to-date symlink: /home/f1tenth_ws/install/teleop_tools_msgs/include/teleop_tools_msgs/action/increment.hpp
[2.126s] -- Up-to-date symlink: /home/f1tenth_ws/install/teleop_tools_msgs/include/teleop_tools_msgs/msg/rosidl_generator_cpp__visibility_control.hpp
[2.126s] -- Up-to-date symlink: /home/f1tenth_ws/install/teleop_tools_msgs/include/teleop_tools_msgs/action/detail/increment__rosidl_typesupport_introspection_cpp.hpp
[2.126s] -- Up-to-date symlink: /home/f1tenth_ws/install/teleop_tools_msgs/share/teleop_tools_msgs/environment/pythonpath.sh
[2.127s] -- Up-to-date symlink: /home/f1tenth_ws/install/teleop_tools_msgs/share/teleop_tools_msgs/environment/pythonpath.dsv
[2.127s] -- Up-to-date symlink: /home/f1tenth_ws/install/teleop_tools_msgs/lib/python3.8/site-packages/teleop_tools_msgs/__init__.py
[2.128s] -- Up-to-date symlink: /home/f1tenth_ws/install/teleop_tools_msgs/lib/python3.8/site-packages/teleop_tools_msgs/action/__init__.py
[2.133s] -- Up-to-date symlink: /home/f1tenth_ws/install/teleop_tools_msgs/lib/python3.8/site-packages/teleop_tools_msgs/action/_increment.py
[2.135s] -- Up-to-date symlink: /home/f1tenth_ws/install/teleop_tools_msgs/lib/python3.8/site-packages/teleop_tools_msgs/teleop_tools_msgs_s__rosidl_typesupport_fastrtps_c.cpython-38-aarch64-linux-gnu.so
[2.136s] -- Up-to-date symlink: /home/f1tenth_ws/install/teleop_tools_msgs/lib/python3.8/site-packages/teleop_tools_msgs/teleop_tools_msgs_s__rosidl_typesupport_introspection_c.cpython-38-aarch64-linux-gnu.so
[2.137s] -- Up-to-date symlink: /home/f1tenth_ws/install/teleop_tools_msgs/lib/python3.8/site-packages/teleop_tools_msgs/teleop_tools_msgs_s__rosidl_typesupport_c.cpython-38-aarch64-linux-gnu.so
[2.138s] -- Up-to-date symlink: /home/f1tenth_ws/install/teleop_tools_msgs/lib/libteleop_tools_msgs__python.so
[2.139s] -- Up-to-date symlink: /home/f1tenth_ws/install/teleop_tools_msgs/share/teleop_tools_msgs/action/Increment.idl
[2.140s] -- Up-to-date symlink: /home/f1tenth_ws/install/teleop_tools_msgs/share/teleop_tools_msgs/action/Increment.action
[2.141s] -- Up-to-date symlink: /home/f1tenth_ws/install/teleop_tools_msgs/share/ament_index/resource_index/package_run_dependencies/teleop_tools_msgs
[2.142s] -- Up-to-date symlink: /home/f1tenth_ws/install/teleop_tools_msgs/share/ament_index/resource_index/parent_prefix_path/teleop_tools_msgs
[2.151s] -- Up-to-date symlink: /home/f1tenth_ws/install/teleop_tools_msgs/share/teleop_tools_msgs/environment/ament_prefix_path.sh
[2.154s] -- Up-to-date symlink: /home/f1tenth_ws/install/teleop_tools_msgs/share/teleop_tools_msgs/environment/ament_prefix_path.dsv
[2.155s] -- Up-to-date symlink: /home/f1tenth_ws/install/teleop_tools_msgs/share/teleop_tools_msgs/environment/path.sh
[2.156s] -- Up-to-date symlink: /home/f1tenth_ws/install/teleop_tools_msgs/share/teleop_tools_msgs/environment/path.dsv
[2.157s] -- Up-to-date symlink: /home/f1tenth_ws/install/teleop_tools_msgs/share/teleop_tools_msgs/local_setup.bash
[2.158s] -- Up-to-date symlink: /home/f1tenth_ws/install/teleop_tools_msgs/share/teleop_tools_msgs/local_setup.sh
[2.159s] -- Up-to-date symlink: /home/f1tenth_ws/install/teleop_tools_msgs/share/teleop_tools_msgs/local_setup.zsh
[2.159s] -- Up-to-date symlink: /home/f1tenth_ws/install/teleop_tools_msgs/share/teleop_tools_msgs/local_setup.dsv
[2.160s] -- Symlinking: /home/f1tenth_ws/install/teleop_tools_msgs/share/teleop_tools_msgs/package.dsv
[2.227s] -- Up-to-date symlink: /home/f1tenth_ws/install/teleop_tools_msgs/share/ament_index/resource_index/packages/teleop_tools_msgs
[2.228s] -- Up-to-date symlink: /home/f1tenth_ws/install/teleop_tools_msgs/share/teleop_tools_msgs/cmake/rosidl_cmake-extras.cmake
[2.230s] -- Up-to-date symlink: /home/f1tenth_ws/install/teleop_tools_msgs/share/teleop_tools_msgs/cmake/ament_cmake_export_dependencies-extras.cmake
[2.230s] -- Up-to-date symlink: /home/f1tenth_ws/install/teleop_tools_msgs/share/teleop_tools_msgs/cmake/ament_cmake_export_libraries-extras.cmake
[2.231s] -- Up-to-date symlink: /home/f1tenth_ws/install/teleop_tools_msgs/share/teleop_tools_msgs/cmake/ament_cmake_export_targets-extras.cmake
[2.232s] -- Up-to-date symlink: /home/f1tenth_ws/install/teleop_tools_msgs/share/teleop_tools_msgs/cmake/ament_cmake_export_include_directories-extras.cmake
[2.234s] -- Up-to-date symlink: /home/f1tenth_ws/install/teleop_tools_msgs/share/teleop_tools_msgs/cmake/rosidl_cmake_export_typesupport_libraries-extras.cmake
[2.235s] -- Up-to-date symlink: /home/f1tenth_ws/install/teleop_tools_msgs/share/teleop_tools_msgs/cmake/rosidl_cmake_export_typesupport_targets-extras.cmake
[2.236s] -- Up-to-date symlink: /home/f1tenth_ws/install/teleop_tools_msgs/share/teleop_tools_msgs/cmake/teleop_tools_msgsConfig.cmake
[2.237s] -- Up-to-date symlink: /home/f1tenth_ws/install/teleop_tools_msgs/share/teleop_tools_msgs/cmake/teleop_tools_msgsConfig-version.cmake
[2.238s] -- Up-to-date symlink: /home/f1tenth_ws/install/teleop_tools_msgs/share/teleop_tools_msgs/package.xml
[2.239s] -- Up-to-date: /home/f1tenth_ws/install/teleop_tools_msgs/lib/libteleop_tools_msgs__rosidl_generator_c.so
[2.239s] -- Up-to-date: /home/f1tenth_ws/install/teleop_tools_msgs/lib/libteleop_tools_msgs__rosidl_typesupport_introspection_c.so
[2.240s] -- Up-to-date: /home/f1tenth_ws/install/teleop_tools_msgs/lib/libteleop_tools_msgs__rosidl_typesupport_c.so
[2.241s] -- Up-to-date: /home/f1tenth_ws/install/teleop_tools_msgs/lib/libteleop_tools_msgs__rosidl_typesupport_introspection_cpp.so
[2.242s] -- Up-to-date: /home/f1tenth_ws/install/teleop_tools_msgs/lib/libteleop_tools_msgs__rosidl_typesupport_cpp.so
[2.323s] -- Up-to-date: /home/f1tenth_ws/install/teleop_tools_msgs/share/teleop_tools_msgs/cmake/teleop_tools_msgs__rosidl_generator_cExport.cmake
[2.325s] -- Up-to-date: /home/f1tenth_ws/install/teleop_tools_msgs/share/teleop_tools_msgs/cmake/teleop_tools_msgs__rosidl_generator_cExport-noconfig.cmake
[2.326s] -- Up-to-date: /home/f1tenth_ws/install/teleop_tools_msgs/share/teleop_tools_msgs/cmake/teleop_tools_msgs__rosidl_typesupport_introspection_cExport.cmake
[2.326s] -- Up-to-date: /home/f1tenth_ws/install/teleop_tools_msgs/share/teleop_tools_msgs/cmake/teleop_tools_msgs__rosidl_typesupport_introspection_cExport-noconfig.cmake
[2.327s] -- Up-to-date: /home/f1tenth_ws/install/teleop_tools_msgs/share/teleop_tools_msgs/cmake/teleop_tools_msgs__rosidl_typesupport_cExport.cmake
[2.328s] -- Up-to-date: /home/f1tenth_ws/install/teleop_tools_msgs/share/teleop_tools_msgs/cmake/teleop_tools_msgs__rosidl_typesupport_cExport-noconfig.cmake
[2.330s] -- Up-to-date: /home/f1tenth_ws/install/teleop_tools_msgs/share/teleop_tools_msgs/cmake/teleop_tools_msgs__rosidl_generator_cppExport.cmake
[2.331s] -- Up-to-date: /home/f1tenth_ws/install/teleop_tools_msgs/share/teleop_tools_msgs/cmake/teleop_tools_msgs__rosidl_typesupport_introspection_cppExport.cmake
[2.332s] -- Up-to-date: /home/f1tenth_ws/install/teleop_tools_msgs/share/teleop_tools_msgs/cmake/teleop_tools_msgs__rosidl_typesupport_introspection_cppExport-noconfig.cmake
[2.333s] -- Up-to-date: /home/f1tenth_ws/install/teleop_tools_msgs/share/teleop_tools_msgs/cmake/teleop_tools_msgs__rosidl_typesupport_cppExport.cmake
[2.334s] -- Up-to-date: /home/f1tenth_ws/install/teleop_tools_msgs/share/teleop_tools_msgs/cmake/teleop_tools_msgs__rosidl_typesupport_cppExport-noconfig.cmake
[2.354s] Invoked command in '/home/f1tenth_ws/build/teleop_tools_msgs' returned '0': CONDA_PROMPT_MODIFIER=(base) _=/usr/bin/env /usr/bin/cmake --install /home/f1tenth_ws/build/teleop_tools_msgs
