[2.928s] Invoking command in '/home/f1tenth_ws/src/wall_following': CONDA_PROMPT_MODIFIER=(base) PYTHONPATH=/home/f1tenth_ws/build/wall_following/prefix_override:/usr/lib/python3/dist-packages/colcon_core/task/python/colcon_distutils_commands:/home/f1tenth_ws/install/wall_following/lib/python3.8/site-packages:${PYTHONPATH} _=/usr/bin/env /usr/bin/python3 -W ignore:setup.py install is deprecated setup.py egg_info --egg-base ../../build/wall_following build --build-base /home/f1tenth_ws/build/wall_following/build install --record /home/f1tenth_ws/build/wall_following/install.log --install-scripts $base/lib/wall_following --single-version-externally-managed install_data
[3.167s] /usr/local/lib/python3.8/dist-packages/setuptools/dist.py:447: SetuptoolsDeprecationWarning: Invalid dash-separated options
[3.167s] !!
[3.168s] 
[3.169s]         ********************************************************************************
[3.170s]         Usage of dash-separated 'script-dir' will not be supported in future
[3.171s]         versions. Please use the underscore name 'script_dir' instead.
[3.172s] 
[3.172s]         This deprecation is overdue, please update your project and remove deprecated
[3.174s]         calls to avoid build errors in the future.
[3.176s] 
[3.177s]         See https://setuptools.pypa.io/en/latest/userguide/declarative_config.html for details.
[3.177s]         ********************************************************************************
[3.179s] 
[3.180s] !!
[3.181s]   opt = self.warn_dash_deprecation(opt, section)
[3.181s] /usr/local/lib/python3.8/dist-packages/setuptools/_distutils/dist.py:268: UserWarning: Unknown distribution option: 'tests_require'
[3.182s]   warnings.warn(msg)
[3.336s] running egg_info
[3.360s] writing ../../build/wall_following/wall_following.egg-info/PKG-INFO
[3.361s] writing dependency_links to ../../build/wall_following/wall_following.egg-info/dependency_links.txt
[3.362s] writing entry points to ../../build/wall_following/wall_following.egg-info/entry_points.txt
[3.362s] writing requirements to ../../build/wall_following/wall_following.egg-info/requires.txt
[3.363s] writing top-level names to ../../build/wall_following/wall_following.egg-info/top_level.txt
[3.549s] reading manifest file '../../build/wall_following/wall_following.egg-info/SOURCES.txt'
[3.551s] writing manifest file '../../build/wall_following/wall_following.egg-info/SOURCES.txt'
[3.551s] running build
[3.552s] running build_py
[3.552s] copying wall_following/__init__.py -> /home/f1tenth_ws/build/wall_following/build/lib/wall_following
[3.553s] copying wall_following/wall_following.py -> /home/f1tenth_ws/build/wall_following/build/lib/wall_following
[3.553s] running install
[3.556s] running install_lib
[3.580s] running install_data
[3.581s] copying resource/wall_following -> /home/f1tenth_ws/install/wall_following/share/ament_index/resource_index/packages
[3.581s] copying package.xml -> /home/f1tenth_ws/install/wall_following/share/wall_following
[3.582s] running install_egg_info
[3.611s] removing '/home/f1tenth_ws/install/wall_following/lib/python3.8/site-packages/wall_following-0.0.0-py3.8.egg-info' (and everything under it)
[3.612s] Copying ../../build/wall_following/wall_following.egg-info to /home/f1tenth_ws/install/wall_following/lib/python3.8/site-packages/wall_following-0.0.0-py3.8.egg-info
[3.613s] running install_scripts
[3.665s] Installing wall_following script to /home/f1tenth_ws/install/wall_following/lib/wall_following
[3.667s] writing list of installed files to '/home/f1tenth_ws/build/wall_following/install.log'
[3.716s] Invoked command in '/home/f1tenth_ws/src/wall_following' returned '0': CONDA_PROMPT_MODIFIER=(base) PYTHONPATH=/home/f1tenth_ws/build/wall_following/prefix_override:/usr/lib/python3/dist-packages/colcon_core/task/python/colcon_distutils_commands:/home/f1tenth_ws/install/wall_following/lib/python3.8/site-packages:${PYTHONPATH} _=/usr/bin/env /usr/bin/python3 -W ignore:setup.py install is deprecated setup.py egg_info --egg-base ../../build/wall_following build --build-base /home/f1tenth_ws/build/wall_following/build install --record /home/f1tenth_ws/build/wall_following/install.log --install-scripts $base/lib/wall_following --single-version-externally-managed install_data
