[3.811s] Invoking command in '/home/f1tenth_ws/src/joystick_ros2': PYTHONPATH=/home/f1tenth_ws/build/joystick_ros2/prefix_override:/usr/lib/python3/dist-packages/colcon_core/task/python/colcon_distutils_commands:/home/f1tenth_ws/install/joystick_ros2/lib/python3.8/site-packages:${PYTHONPATH} _=/usr/bin/env /usr/bin/python3 -W ignore:setup.py install is deprecated setup.py egg_info --egg-base ../../build/joystick_ros2 build --build-base /home/f1tenth_ws/build/joystick_ros2/build install --record /home/f1tenth_ws/build/joystick_ros2/install.log --install-scripts $base/lib/joystick_ros2 --single-version-externally-managed install_data
[4.226s] /usr/local/lib/python3.8/dist-packages/setuptools/dist.py:447: SetuptoolsDeprecationWarning: Invalid dash-separated options
[4.227s] !!
[4.227s] 
[4.227s]         ********************************************************************************
[4.228s]         Usage of dash-separated 'script-dir' will not be supported in future
[4.228s]         versions. Please use the underscore name 'script_dir' instead.
[4.231s] 
[4.231s]         By 2024-Sep-26, you need to update your project and remove deprecated calls
[4.232s]         or your builds will no longer be supported.
[4.232s] 
[4.233s]         See https://setuptools.pypa.io/en/latest/userguide/declarative_config.html for details.
[4.235s]         ********************************************************************************
[4.235s] 
[4.236s] !!
[4.236s]   opt = self.warn_dash_deprecation(opt, section)
[4.256s] /usr/local/lib/python3.8/dist-packages/setuptools/_distutils/dist.py:268: UserWarning: Unknown distribution option: 'test_suite'
[4.259s]   warnings.warn(msg)
[4.437s] running egg_info
[4.461s] writing ../../build/joystick_ros2/joystick_ros2.egg-info/PKG-INFO
[4.464s] writing dependency_links to ../../build/joystick_ros2/joystick_ros2.egg-info/dependency_links.txt
[4.465s] writing entry points to ../../build/joystick_ros2/joystick_ros2.egg-info/entry_points.txt
[4.466s] writing requirements to ../../build/joystick_ros2/joystick_ros2.egg-info/requires.txt
[4.466s] writing top-level names to ../../build/joystick_ros2/joystick_ros2.egg-info/top_level.txt
[4.615s] reading manifest file '../../build/joystick_ros2/joystick_ros2.egg-info/SOURCES.txt'
[4.616s] adding license file 'LICENSE'
[4.616s] writing manifest file '../../build/joystick_ros2/joystick_ros2.egg-info/SOURCES.txt'
[4.618s] running build
[4.618s] running build_py
[4.618s] copying joystick_ros2.py -> /home/f1tenth_ws/build/joystick_ros2/build/lib
[4.619s] copying inputs.py -> /home/f1tenth_ws/build/joystick_ros2/build/lib
[4.619s] running install
[4.622s] running install_lib
[4.639s] running install_data
[4.640s] copying package.xml -> /home/f1tenth_ws/install/joystick_ros2/shared/joystick_ros2
[4.640s] running install_egg_info
[4.658s] removing '/home/f1tenth_ws/install/joystick_ros2/lib/python3.8/site-packages/joystick_ros2-0.0.1-py3.8.egg-info' (and everything under it)
[4.658s] Copying ../../build/joystick_ros2/joystick_ros2.egg-info to /home/f1tenth_ws/install/joystick_ros2/lib/python3.8/site-packages/joystick_ros2-0.0.1-py3.8.egg-info
[4.659s] running install_scripts
[4.702s] Installing joystick_ros2 script to /home/f1tenth_ws/install/joystick_ros2/lib/joystick_ros2
[4.702s] writing list of installed files to '/home/f1tenth_ws/build/joystick_ros2/install.log'
[4.758s] Invoked command in '/home/f1tenth_ws/src/joystick_ros2' returned '0': PYTHONPATH=/home/f1tenth_ws/build/joystick_ros2/prefix_override:/usr/lib/python3/dist-packages/colcon_core/task/python/colcon_distutils_commands:/home/f1tenth_ws/install/joystick_ros2/lib/python3.8/site-packages:${PYTHONPATH} _=/usr/bin/env /usr/bin/python3 -W ignore:setup.py install is deprecated setup.py egg_info --egg-base ../../build/joystick_ros2 build --build-base /home/f1tenth_ws/build/joystick_ros2/build install --record /home/f1tenth_ws/build/joystick_ros2/install.log --install-scripts $base/lib/joystick_ros2 --single-version-externally-managed install_data
