[  3%] Built target teleop_tools_msgs__cpp
[ 12%] Built target teleop_tools_msgs__rosidl_generator_c
[ 22%] Built target teleop_tools_msgs__rosidl_typesupport_introspection_cpp
[ 38%] Built target teleop_tools_msgs__rosidl_typesupport_fastrtps_cpp
[ 41%] Built target teleop_tools_msgs__rosidl_typesupport_cpp
[ 51%] Built target teleop_tools_msgs__rosidl_typesupport_introspection_c
[ 61%] Built target teleop_tools_msgs__rosidl_typesupport_c
[ 70%] Built target teleop_tools_msgs__rosidl_typesupport_fastrtps_c
[ 70%] Built target teleop_tools_msgs
[ 74%] [34m[1mGenerating Python code for ROS interfaces[0m
[ 74%] Built target teleop_tools_msgs__py
[35m[1mScanning dependencies of target teleop_tools_msgs__python[0m
[ 77%] [32mBuilding C object CMakeFiles/teleop_tools_msgs__python.dir/rosidl_generator_py/teleop_tools_msgs/action/_increment_s.c.o[0m
[ 80%] [32m[1mLinking C shared library rosidl_generator_py/teleop_tools_msgs/libteleop_tools_msgs__python.so[0m
[ 80%] Built target teleop_tools_msgs__python
[35m[1mScanning dependencies of target teleop_tools_msgs__rosidl_typesupport_introspection_c__pyext[0m
[35m[1mScanning dependencies of target teleop_tools_msgs__rosidl_typesupport_fastrtps_c__pyext[0m
[35m[1mScanning dependencies of target teleop_tools_msgs__rosidl_typesupport_c__pyext[0m
[ 83%] [32mBuilding C object CMakeFiles/teleop_tools_msgs__rosidl_typesupport_introspection_c__pyext.dir/rosidl_generator_py/teleop_tools_msgs/_teleop_tools_msgs_s.ep.rosidl_typesupport_introspection_c.c.o[0m
[ 87%] [32mBuilding C object CMakeFiles/teleop_tools_msgs__rosidl_typesupport_fastrtps_c__pyext.dir/rosidl_generator_py/teleop_tools_msgs/_teleop_tools_msgs_s.ep.rosidl_typesupport_fastrtps_c.c.o[0m
[ 90%] [32mBuilding C object CMakeFiles/teleop_tools_msgs__rosidl_typesupport_c__pyext.dir/rosidl_generator_py/teleop_tools_msgs/_teleop_tools_msgs_s.ep.rosidl_typesupport_c.c.o[0m
[ 93%] [32m[1mLinking CXX shared library rosidl_generator_py/teleop_tools_msgs/teleop_tools_msgs_s__rosidl_typesupport_fastrtps_c.cpython-38-aarch64-linux-gnu.so[0m
[ 96%] [32m[1mLinking C shared library rosidl_generator_py/teleop_tools_msgs/teleop_tools_msgs_s__rosidl_typesupport_c.cpython-38-aarch64-linux-gnu.so[0m
[100%] [32m[1mLinking C shared library rosidl_generator_py/teleop_tools_msgs/teleop_tools_msgs_s__rosidl_typesupport_introspection_c.cpython-38-aarch64-linux-gnu.so[0m
[100%] Built target teleop_tools_msgs__rosidl_typesupport_c__pyext
[100%] Built target teleop_tools_msgs__rosidl_typesupport_introspection_c__pyext
[100%] Built target teleop_tools_msgs__rosidl_typesupport_fastrtps_c__pyext
-- Install configuration: ""
-- Installing: /home/f1tenth_ws/src/install/teleop_tools_msgs/share/ament_index/resource_index/rosidl_interfaces/teleop_tools_msgs
-- Installing: /home/f1tenth_ws/src/install/teleop_tools_msgs/include/teleop_tools_msgs
-- Installing: /home/f1tenth_ws/src/install/teleop_tools_msgs/include/teleop_tools_msgs/msg
-- Installing: /home/f1tenth_ws/src/install/teleop_tools_msgs/include/teleop_tools_msgs/msg/rosidl_generator_c__visibility_control.h
-- Installing: /home/f1tenth_ws/src/install/teleop_tools_msgs/include/teleop_tools_msgs/action
-- Installing: /home/f1tenth_ws/src/install/teleop_tools_msgs/include/teleop_tools_msgs/action/increment.h
-- Installing: /home/f1tenth_ws/src/install/teleop_tools_msgs/include/teleop_tools_msgs/action/detail
-- Installing: /home/f1tenth_ws/src/install/teleop_tools_msgs/include/teleop_tools_msgs/action/detail/increment__functions.c
-- Installing: /home/f1tenth_ws/src/install/teleop_tools_msgs/include/teleop_tools_msgs/action/detail/increment__functions.h
-- Installing: /home/f1tenth_ws/src/install/teleop_tools_msgs/include/teleop_tools_msgs/action/detail/increment__struct.h
-- Installing: /home/f1tenth_ws/src/install/teleop_tools_msgs/include/teleop_tools_msgs/action/detail/increment__type_support.h
-- Installing: /home/f1tenth_ws/src/install/teleop_tools_msgs/share/teleop_tools_msgs/environment/library_path.sh
-- Installing: /home/f1tenth_ws/src/install/teleop_tools_msgs/share/teleop_tools_msgs/environment/library_path.dsv
-- Installing: /home/f1tenth_ws/src/install/teleop_tools_msgs/lib/libteleop_tools_msgs__rosidl_generator_c.so
-- Set runtime path of "/home/f1tenth_ws/src/install/teleop_tools_msgs/lib/libteleop_tools_msgs__rosidl_generator_c.so" to ""
-- Up-to-date: /home/f1tenth_ws/src/install/teleop_tools_msgs/include/teleop_tools_msgs
-- Up-to-date: /home/f1tenth_ws/src/install/teleop_tools_msgs/include/teleop_tools_msgs/msg
-- Installing: /home/f1tenth_ws/src/install/teleop_tools_msgs/include/teleop_tools_msgs/msg/rosidl_typesupport_fastrtps_c__visibility_control.h
-- Up-to-date: /home/f1tenth_ws/src/install/teleop_tools_msgs/include/teleop_tools_msgs/action
-- Up-to-date: /home/f1tenth_ws/src/install/teleop_tools_msgs/include/teleop_tools_msgs/action/detail
-- Installing: /home/f1tenth_ws/src/install/teleop_tools_msgs/include/teleop_tools_msgs/action/detail/increment__rosidl_typesupport_fastrtps_c.h
-- Installing: /home/f1tenth_ws/src/install/teleop_tools_msgs/lib/libteleop_tools_msgs__rosidl_typesupport_fastrtps_c.so
-- Set runtime path of "/home/f1tenth_ws/src/install/teleop_tools_msgs/lib/libteleop_tools_msgs__rosidl_typesupport_fastrtps_c.so" to ""
-- Up-to-date: /home/f1tenth_ws/src/install/teleop_tools_msgs/include/teleop_tools_msgs
-- Up-to-date: /home/f1tenth_ws/src/install/teleop_tools_msgs/include/teleop_tools_msgs/msg
-- Installing: /home/f1tenth_ws/src/install/teleop_tools_msgs/include/teleop_tools_msgs/msg/rosidl_typesupport_fastrtps_cpp__visibility_control.h
-- Up-to-date: /home/f1tenth_ws/src/install/teleop_tools_msgs/include/teleop_tools_msgs/action
-- Up-to-date: /home/f1tenth_ws/src/install/teleop_tools_msgs/include/teleop_tools_msgs/action/detail
-- Installing: /home/f1tenth_ws/src/install/teleop_tools_msgs/include/teleop_tools_msgs/action/detail/increment__rosidl_typesupport_fastrtps_cpp.hpp
-- Installing: /home/f1tenth_ws/src/install/teleop_tools_msgs/include/teleop_tools_msgs/action/detail/dds_fastrtps
-- Installing: /home/f1tenth_ws/src/install/teleop_tools_msgs/lib/libteleop_tools_msgs__rosidl_typesupport_fastrtps_cpp.so
-- Set runtime path of "/home/f1tenth_ws/src/install/teleop_tools_msgs/lib/libteleop_tools_msgs__rosidl_typesupport_fastrtps_cpp.so" to ""
-- Up-to-date: /home/f1tenth_ws/src/install/teleop_tools_msgs/include/teleop_tools_msgs
-- Up-to-date: /home/f1tenth_ws/src/install/teleop_tools_msgs/include/teleop_tools_msgs/msg
-- Installing: /home/f1tenth_ws/src/install/teleop_tools_msgs/include/teleop_tools_msgs/msg/rosidl_typesupport_introspection_c__visibility_control.h
-- Up-to-date: /home/f1tenth_ws/src/install/teleop_tools_msgs/include/teleop_tools_msgs/action
-- Up-to-date: /home/f1tenth_ws/src/install/teleop_tools_msgs/include/teleop_tools_msgs/action/detail
-- Installing: /home/f1tenth_ws/src/install/teleop_tools_msgs/include/teleop_tools_msgs/action/detail/increment__rosidl_typesupport_introspection_c.h
-- Installing: /home/f1tenth_ws/src/install/teleop_tools_msgs/include/teleop_tools_msgs/action/detail/increment__type_support.c
-- Installing: /home/f1tenth_ws/src/install/teleop_tools_msgs/lib/libteleop_tools_msgs__rosidl_typesupport_introspection_c.so
-- Set runtime path of "/home/f1tenth_ws/src/install/teleop_tools_msgs/lib/libteleop_tools_msgs__rosidl_typesupport_introspection_c.so" to ""
-- Installing: /home/f1tenth_ws/src/install/teleop_tools_msgs/lib/libteleop_tools_msgs__rosidl_typesupport_c.so
-- Set runtime path of "/home/f1tenth_ws/src/install/teleop_tools_msgs/lib/libteleop_tools_msgs__rosidl_typesupport_c.so" to ""
-- Up-to-date: /home/f1tenth_ws/src/install/teleop_tools_msgs/include/teleop_tools_msgs
-- Up-to-date: /home/f1tenth_ws/src/install/teleop_tools_msgs/include/teleop_tools_msgs/msg
-- Installing: /home/f1tenth_ws/src/install/teleop_tools_msgs/include/teleop_tools_msgs/msg/rosidl_generator_cpp__visibility_control.hpp
-- Up-to-date: /home/f1tenth_ws/src/install/teleop_tools_msgs/include/teleop_tools_msgs/action
-- Installing: /home/f1tenth_ws/src/install/teleop_tools_msgs/include/teleop_tools_msgs/action/increment.hpp
-- Up-to-date: /home/f1tenth_ws/src/install/teleop_tools_msgs/include/teleop_tools_msgs/action/detail
-- Installing: /home/f1tenth_ws/src/install/teleop_tools_msgs/include/teleop_tools_msgs/action/detail/increment__builder.hpp
-- Installing: /home/f1tenth_ws/src/install/teleop_tools_msgs/include/teleop_tools_msgs/action/detail/increment__struct.hpp
-- Installing: /home/f1tenth_ws/src/install/teleop_tools_msgs/include/teleop_tools_msgs/action/detail/increment__traits.hpp
-- Installing: /home/f1tenth_ws/src/install/teleop_tools_msgs/include/teleop_tools_msgs/action/detail/increment__type_support.hpp
-- Up-to-date: /home/f1tenth_ws/src/install/teleop_tools_msgs/include/teleop_tools_msgs
-- Up-to-date: /home/f1tenth_ws/src/install/teleop_tools_msgs/include/teleop_tools_msgs/action
-- Up-to-date: /home/f1tenth_ws/src/install/teleop_tools_msgs/include/teleop_tools_msgs/action/detail
-- Installing: /home/f1tenth_ws/src/install/teleop_tools_msgs/include/teleop_tools_msgs/action/detail/increment__rosidl_typesupport_introspection_cpp.hpp
-- Installing: /home/f1tenth_ws/src/install/teleop_tools_msgs/include/teleop_tools_msgs/action/detail/increment__type_support.cpp
-- Installing: /home/f1tenth_ws/src/install/teleop_tools_msgs/lib/libteleop_tools_msgs__rosidl_typesupport_introspection_cpp.so
-- Set runtime path of "/home/f1tenth_ws/src/install/teleop_tools_msgs/lib/libteleop_tools_msgs__rosidl_typesupport_introspection_cpp.so" to ""
-- Installing: /home/f1tenth_ws/src/install/teleop_tools_msgs/lib/libteleop_tools_msgs__rosidl_typesupport_cpp.so
-- Set runtime path of "/home/f1tenth_ws/src/install/teleop_tools_msgs/lib/libteleop_tools_msgs__rosidl_typesupport_cpp.so" to ""
-- Installing: /home/f1tenth_ws/src/install/teleop_tools_msgs/share/teleop_tools_msgs/environment/pythonpath.sh
-- Installing: /home/f1tenth_ws/src/install/teleop_tools_msgs/share/teleop_tools_msgs/environment/pythonpath.dsv
-- Installing: /home/f1tenth_ws/src/install/teleop_tools_msgs/lib/python3.8/site-packages/teleop_tools_msgs/__init__.py
Compiling '/home/f1tenth_ws/src/install/teleop_tools_msgs/lib/python3.8/site-packages/teleop_tools_msgs/__init__.py'...
-- Installing: /home/f1tenth_ws/src/install/teleop_tools_msgs/lib/python3.8/site-packages/teleop_tools_msgs/action
-- Installing: /home/f1tenth_ws/src/install/teleop_tools_msgs/lib/python3.8/site-packages/teleop_tools_msgs/action/_increment.py
-- Installing: /home/f1tenth_ws/src/install/teleop_tools_msgs/lib/python3.8/site-packages/teleop_tools_msgs/action/_increment_s.c
-- Installing: /home/f1tenth_ws/src/install/teleop_tools_msgs/lib/python3.8/site-packages/teleop_tools_msgs/action/__init__.py
-- Installing: /home/f1tenth_ws/src/install/teleop_tools_msgs/lib/python3.8/site-packages/teleop_tools_msgs/teleop_tools_msgs_s__rosidl_typesupport_fastrtps_c.cpython-38-aarch64-linux-gnu.so
-- Set runtime path of "/home/f1tenth_ws/src/install/teleop_tools_msgs/lib/python3.8/site-packages/teleop_tools_msgs/teleop_tools_msgs_s__rosidl_typesupport_fastrtps_c.cpython-38-aarch64-linux-gnu.so" to ""
-- Installing: /home/f1tenth_ws/src/install/teleop_tools_msgs/lib/python3.8/site-packages/teleop_tools_msgs/teleop_tools_msgs_s__rosidl_typesupport_introspection_c.cpython-38-aarch64-linux-gnu.so
-- Set runtime path of "/home/f1tenth_ws/src/install/teleop_tools_msgs/lib/python3.8/site-packages/teleop_tools_msgs/teleop_tools_msgs_s__rosidl_typesupport_introspection_c.cpython-38-aarch64-linux-gnu.so" to ""
-- Installing: /home/f1tenth_ws/src/install/teleop_tools_msgs/lib/python3.8/site-packages/teleop_tools_msgs/teleop_tools_msgs_s__rosidl_typesupport_c.cpython-38-aarch64-linux-gnu.so
-- Set runtime path of "/home/f1tenth_ws/src/install/teleop_tools_msgs/lib/python3.8/site-packages/teleop_tools_msgs/teleop_tools_msgs_s__rosidl_typesupport_c.cpython-38-aarch64-linux-gnu.so" to ""
-- Installing: /home/f1tenth_ws/src/install/teleop_tools_msgs/lib/libteleop_tools_msgs__python.so
-- Set runtime path of "/home/f1tenth_ws/src/install/teleop_tools_msgs/lib/libteleop_tools_msgs__python.so" to ""
-- Installing: /home/f1tenth_ws/src/install/teleop_tools_msgs/share/teleop_tools_msgs/action/Increment.idl
-- Installing: /home/f1tenth_ws/src/install/teleop_tools_msgs/share/teleop_tools_msgs/action/Increment.action
-- Installing: /home/f1tenth_ws/src/install/teleop_tools_msgs/share/ament_index/resource_index/package_run_dependencies/teleop_tools_msgs
-- Installing: /home/f1tenth_ws/src/install/teleop_tools_msgs/share/ament_index/resource_index/parent_prefix_path/teleop_tools_msgs
-- Installing: /home/f1tenth_ws/src/install/teleop_tools_msgs/share/teleop_tools_msgs/environment/ament_prefix_path.sh
-- Installing: /home/f1tenth_ws/src/install/teleop_tools_msgs/share/teleop_tools_msgs/environment/ament_prefix_path.dsv
-- Installing: /home/f1tenth_ws/src/install/teleop_tools_msgs/share/teleop_tools_msgs/environment/path.sh
-- Installing: /home/f1tenth_ws/src/install/teleop_tools_msgs/share/teleop_tools_msgs/environment/path.dsv
-- Installing: /home/f1tenth_ws/src/install/teleop_tools_msgs/share/teleop_tools_msgs/local_setup.bash
-- Installing: /home/f1tenth_ws/src/install/teleop_tools_msgs/share/teleop_tools_msgs/local_setup.sh
-- Installing: /home/f1tenth_ws/src/install/teleop_tools_msgs/share/teleop_tools_msgs/local_setup.zsh
-- Installing: /home/f1tenth_ws/src/install/teleop_tools_msgs/share/teleop_tools_msgs/local_setup.dsv
-- Installing: /home/f1tenth_ws/src/install/teleop_tools_msgs/share/teleop_tools_msgs/package.dsv
-- Installing: /home/f1tenth_ws/src/install/teleop_tools_msgs/share/ament_index/resource_index/packages/teleop_tools_msgs
-- Installing: /home/f1tenth_ws/src/install/teleop_tools_msgs/share/teleop_tools_msgs/cmake/teleop_tools_msgs__rosidl_generator_cExport.cmake
-- Installing: /home/f1tenth_ws/src/install/teleop_tools_msgs/share/teleop_tools_msgs/cmake/teleop_tools_msgs__rosidl_generator_cExport-noconfig.cmake
-- Installing: /home/f1tenth_ws/src/install/teleop_tools_msgs/share/teleop_tools_msgs/cmake/teleop_tools_msgs__rosidl_typesupport_introspection_cExport.cmake
-- Installing: /home/f1tenth_ws/src/install/teleop_tools_msgs/share/teleop_tools_msgs/cmake/teleop_tools_msgs__rosidl_typesupport_introspection_cExport-noconfig.cmake
-- Installing: /home/f1tenth_ws/src/install/teleop_tools_msgs/share/teleop_tools_msgs/cmake/teleop_tools_msgs__rosidl_typesupport_cExport.cmake
-- Installing: /home/f1tenth_ws/src/install/teleop_tools_msgs/share/teleop_tools_msgs/cmake/teleop_tools_msgs__rosidl_typesupport_cExport-noconfig.cmake
-- Installing: /home/f1tenth_ws/src/install/teleop_tools_msgs/share/teleop_tools_msgs/cmake/teleop_tools_msgs__rosidl_generator_cppExport.cmake
-- Installing: /home/f1tenth_ws/src/install/teleop_tools_msgs/share/teleop_tools_msgs/cmake/teleop_tools_msgs__rosidl_typesupport_introspection_cppExport.cmake
-- Installing: /home/f1tenth_ws/src/install/teleop_tools_msgs/share/teleop_tools_msgs/cmake/teleop_tools_msgs__rosidl_typesupport_introspection_cppExport-noconfig.cmake
-- Installing: /home/f1tenth_ws/src/install/teleop_tools_msgs/share/teleop_tools_msgs/cmake/teleop_tools_msgs__rosidl_typesupport_cppExport.cmake
-- Installing: /home/f1tenth_ws/src/install/teleop_tools_msgs/share/teleop_tools_msgs/cmake/teleop_tools_msgs__rosidl_typesupport_cppExport-noconfig.cmake
-- Installing: /home/f1tenth_ws/src/install/teleop_tools_msgs/share/teleop_tools_msgs/cmake/rosidl_cmake-extras.cmake
-- Installing: /home/f1tenth_ws/src/install/teleop_tools_msgs/share/teleop_tools_msgs/cmake/ament_cmake_export_dependencies-extras.cmake
-- Installing: /home/f1tenth_ws/src/install/teleop_tools_msgs/share/teleop_tools_msgs/cmake/ament_cmake_export_libraries-extras.cmake
-- Installing: /home/f1tenth_ws/src/install/teleop_tools_msgs/share/teleop_tools_msgs/cmake/ament_cmake_export_targets-extras.cmake
-- Installing: /home/f1tenth_ws/src/install/teleop_tools_msgs/share/teleop_tools_msgs/cmake/ament_cmake_export_include_directories-extras.cmake
-- Installing: /home/f1tenth_ws/src/install/teleop_tools_msgs/share/teleop_tools_msgs/cmake/rosidl_cmake_export_typesupport_libraries-extras.cmake
-- Installing: /home/f1tenth_ws/src/install/teleop_tools_msgs/share/teleop_tools_msgs/cmake/rosidl_cmake_export_typesupport_targets-extras.cmake
-- Installing: /home/f1tenth_ws/src/install/teleop_tools_msgs/share/teleop_tools_msgs/cmake/teleop_tools_msgsConfig.cmake
-- Installing: /home/f1tenth_ws/src/install/teleop_tools_msgs/share/teleop_tools_msgs/cmake/teleop_tools_msgsConfig-version.cmake
-- Installing: /home/f1tenth_ws/src/install/teleop_tools_msgs/share/teleop_tools_msgs/package.xml
