[0.193s] Invoking command in '/home/f1tenth_ws/src/build/teleop_tools_msgs': CMAKE_PREFIX_PATH=${CMAKE_PREFIX_PATH}:/home/f1tenth_ws/install/wall_following:/home/f1tenth_ws/install/voice_control:/home/f1tenth_ws/install/f1tenth_stack:/home/f1tenth_ws/install/joy_teleop:/home/f1tenth_ws/install/person_follow:/home/f1tenth_ws/install/mouse_teleop:/home/f1tenth_ws/install/key_teleop:/home/f1tenth_ws/install/joystick_ros2:/home/f1tenth_ws/install/automatic_braking:/home/f1tenth_ws/install/ament_uncrustify:/home/f1tenth_ws/install/ament_pycodestyle:/home/f1tenth_ws/install/ament_package:/home/f1tenth_ws/install/ament_lint:/home/f1tenth_ws/install/ament_cppcheck:/opt/ros/foxy _=/usr/bin/env /usr/bin/cmake --build /home/f1tenth_ws/src/build/teleop_tools_msgs -- -j8 -l8
[2.353s] [  3%] Built target teleop_tools_msgs__cpp
[2.354s] [ 12%] Built target teleop_tools_msgs__rosidl_generator_c
[2.354s] [ 22%] Built target teleop_tools_msgs__rosidl_typesupport_introspection_cpp
[2.355s] [ 38%] Built target teleop_tools_msgs__rosidl_typesupport_fastrtps_cpp
[2.355s] [ 41%] Built target teleop_tools_msgs__rosidl_typesupport_cpp
[2.356s] [ 51%] Built target teleop_tools_msgs__rosidl_typesupport_introspection_c
[2.356s] [ 61%] Built target teleop_tools_msgs__rosidl_typesupport_c
[2.356s] [ 70%] Built target teleop_tools_msgs__rosidl_typesupport_fastrtps_c
[2.357s] [ 70%] Built target teleop_tools_msgs
[2.358s] [ 74%] [34m[1mGenerating Python code for ROS interfaces[0m
[2.359s] [ 74%] Built target teleop_tools_msgs__py
[2.360s] [35m[1mScanning dependencies of target teleop_tools_msgs__python[0m
[2.424s] [ 77%] [32mBuilding C object CMakeFiles/teleop_tools_msgs__python.dir/rosidl_generator_py/teleop_tools_msgs/action/_increment_s.c.o[0m
[2.887s] [ 80%] [32m[1mLinking C shared library rosidl_generator_py/teleop_tools_msgs/libteleop_tools_msgs__python.so[0m
[3.261s] [ 80%] Built target teleop_tools_msgs__python
[3.364s] [35m[1mScanning dependencies of target teleop_tools_msgs__rosidl_typesupport_introspection_c__pyext[0m
[3.370s] [35m[1mScanning dependencies of target teleop_tools_msgs__rosidl_typesupport_fastrtps_c__pyext[0m
[3.414s] [35m[1mScanning dependencies of target teleop_tools_msgs__rosidl_typesupport_c__pyext[0m
[3.464s] [ 83%] [32mBuilding C object CMakeFiles/teleop_tools_msgs__rosidl_typesupport_introspection_c__pyext.dir/rosidl_generator_py/teleop_tools_msgs/_teleop_tools_msgs_s.ep.rosidl_typesupport_introspection_c.c.o[0m
[3.474s] [ 87%] [32mBuilding C object CMakeFiles/teleop_tools_msgs__rosidl_typesupport_fastrtps_c__pyext.dir/rosidl_generator_py/teleop_tools_msgs/_teleop_tools_msgs_s.ep.rosidl_typesupport_fastrtps_c.c.o[0m
[3.534s] [ 90%] [32mBuilding C object CMakeFiles/teleop_tools_msgs__rosidl_typesupport_c__pyext.dir/rosidl_generator_py/teleop_tools_msgs/_teleop_tools_msgs_s.ep.rosidl_typesupport_c.c.o[0m
[4.162s] [ 93%] [32m[1mLinking CXX shared library rosidl_generator_py/teleop_tools_msgs/teleop_tools_msgs_s__rosidl_typesupport_fastrtps_c.cpython-38-aarch64-linux-gnu.so[0m
[4.200s] [ 96%] [32m[1mLinking C shared library rosidl_generator_py/teleop_tools_msgs/teleop_tools_msgs_s__rosidl_typesupport_c.cpython-38-aarch64-linux-gnu.so[0m
[4.259s] [100%] [32m[1mLinking C shared library rosidl_generator_py/teleop_tools_msgs/teleop_tools_msgs_s__rosidl_typesupport_introspection_c.cpython-38-aarch64-linux-gnu.so[0m
[4.487s] [100%] Built target teleop_tools_msgs__rosidl_typesupport_c__pyext
[4.504s] [100%] Built target teleop_tools_msgs__rosidl_typesupport_introspection_c__pyext
[4.619s] [100%] Built target teleop_tools_msgs__rosidl_typesupport_fastrtps_c__pyext
[4.703s] Invoked command in '/home/f1tenth_ws/src/build/teleop_tools_msgs' returned '0': CMAKE_PREFIX_PATH=${CMAKE_PREFIX_PATH}:/home/f1tenth_ws/install/wall_following:/home/f1tenth_ws/install/voice_control:/home/f1tenth_ws/install/f1tenth_stack:/home/f1tenth_ws/install/joy_teleop:/home/f1tenth_ws/install/person_follow:/home/f1tenth_ws/install/mouse_teleop:/home/f1tenth_ws/install/key_teleop:/home/f1tenth_ws/install/joystick_ros2:/home/f1tenth_ws/install/automatic_braking:/home/f1tenth_ws/install/ament_uncrustify:/home/f1tenth_ws/install/ament_pycodestyle:/home/f1tenth_ws/install/ament_package:/home/f1tenth_ws/install/ament_lint:/home/f1tenth_ws/install/ament_cppcheck:/opt/ros/foxy _=/usr/bin/env /usr/bin/cmake --build /home/f1tenth_ws/src/build/teleop_tools_msgs -- -j8 -l8
[6.031s] Invoking command in '/home/f1tenth_ws/src/build/teleop_tools_msgs': CMAKE_PREFIX_PATH=${CMAKE_PREFIX_PATH}:/home/f1tenth_ws/install/wall_following:/home/f1tenth_ws/install/voice_control:/home/f1tenth_ws/install/f1tenth_stack:/home/f1tenth_ws/install/joy_teleop:/home/f1tenth_ws/install/person_follow:/home/f1tenth_ws/install/mouse_teleop:/home/f1tenth_ws/install/key_teleop:/home/f1tenth_ws/install/joystick_ros2:/home/f1tenth_ws/install/automatic_braking:/home/f1tenth_ws/install/ament_uncrustify:/home/f1tenth_ws/install/ament_pycodestyle:/home/f1tenth_ws/install/ament_package:/home/f1tenth_ws/install/ament_lint:/home/f1tenth_ws/install/ament_cppcheck:/opt/ros/foxy _=/usr/bin/env /usr/bin/cmake --install /home/f1tenth_ws/src/build/teleop_tools_msgs
[6.070s] -- Install configuration: ""
[6.070s] -- Installing: /home/f1tenth_ws/src/install/teleop_tools_msgs/share/ament_index/resource_index/rosidl_interfaces/teleop_tools_msgs
[6.080s] -- Installing: /home/f1tenth_ws/src/install/teleop_tools_msgs/include/teleop_tools_msgs
[6.081s] -- Installing: /home/f1tenth_ws/src/install/teleop_tools_msgs/include/teleop_tools_msgs/msg
[6.081s] -- Installing: /home/f1tenth_ws/src/install/teleop_tools_msgs/include/teleop_tools_msgs/msg/rosidl_generator_c__visibility_control.h
[6.083s] -- Installing: /home/f1tenth_ws/src/install/teleop_tools_msgs/include/teleop_tools_msgs/action
[6.083s] -- Installing: /home/f1tenth_ws/src/install/teleop_tools_msgs/include/teleop_tools_msgs/action/increment.h
[6.094s] -- Installing: /home/f1tenth_ws/src/install/teleop_tools_msgs/include/teleop_tools_msgs/action/detail
[6.094s] -- Installing: /home/f1tenth_ws/src/install/teleop_tools_msgs/include/teleop_tools_msgs/action/detail/increment__functions.c
[6.095s] -- Installing: /home/f1tenth_ws/src/install/teleop_tools_msgs/include/teleop_tools_msgs/action/detail/increment__functions.h
[6.095s] -- Installing: /home/f1tenth_ws/src/install/teleop_tools_msgs/include/teleop_tools_msgs/action/detail/increment__struct.h
[6.096s] -- Installing: /home/f1tenth_ws/src/install/teleop_tools_msgs/include/teleop_tools_msgs/action/detail/increment__type_support.h
[6.096s] -- Installing: /home/f1tenth_ws/src/install/teleop_tools_msgs/share/teleop_tools_msgs/environment/library_path.sh
[6.097s] -- Installing: /home/f1tenth_ws/src/install/teleop_tools_msgs/share/teleop_tools_msgs/environment/library_path.dsv
[6.097s] -- Installing: /home/f1tenth_ws/src/install/teleop_tools_msgs/lib/libteleop_tools_msgs__rosidl_generator_c.so
[6.098s] -- Set runtime path of "/home/f1tenth_ws/src/install/teleop_tools_msgs/lib/libteleop_tools_msgs__rosidl_generator_c.so" to ""
[6.098s] -- Up-to-date: /home/f1tenth_ws/src/install/teleop_tools_msgs/include/teleop_tools_msgs
[6.099s] -- Up-to-date: /home/f1tenth_ws/src/install/teleop_tools_msgs/include/teleop_tools_msgs/msg
[6.099s] -- Installing: /home/f1tenth_ws/src/install/teleop_tools_msgs/include/teleop_tools_msgs/msg/rosidl_typesupport_fastrtps_c__visibility_control.h
[6.100s] -- Up-to-date: /home/f1tenth_ws/src/install/teleop_tools_msgs/include/teleop_tools_msgs/action
[6.100s] -- Up-to-date: /home/f1tenth_ws/src/install/teleop_tools_msgs/include/teleop_tools_msgs/action/detail
[6.101s] -- Installing: /home/f1tenth_ws/src/install/teleop_tools_msgs/include/teleop_tools_msgs/action/detail/increment__rosidl_typesupport_fastrtps_c.h
[6.102s] -- Installing: /home/f1tenth_ws/src/install/teleop_tools_msgs/lib/libteleop_tools_msgs__rosidl_typesupport_fastrtps_c.so
[6.102s] -- Set runtime path of "/home/f1tenth_ws/src/install/teleop_tools_msgs/lib/libteleop_tools_msgs__rosidl_typesupport_fastrtps_c.so" to ""
[6.103s] -- Up-to-date: /home/f1tenth_ws/src/install/teleop_tools_msgs/include/teleop_tools_msgs
[6.103s] -- Up-to-date: /home/f1tenth_ws/src/install/teleop_tools_msgs/include/teleop_tools_msgs/msg
[6.104s] -- Installing: /home/f1tenth_ws/src/install/teleop_tools_msgs/include/teleop_tools_msgs/msg/rosidl_typesupport_fastrtps_cpp__visibility_control.h
[6.104s] -- Up-to-date: /home/f1tenth_ws/src/install/teleop_tools_msgs/include/teleop_tools_msgs/action
[6.105s] -- Up-to-date: /home/f1tenth_ws/src/install/teleop_tools_msgs/include/teleop_tools_msgs/action/detail
[6.105s] -- Installing: /home/f1tenth_ws/src/install/teleop_tools_msgs/include/teleop_tools_msgs/action/detail/increment__rosidl_typesupport_fastrtps_cpp.hpp
[6.106s] -- Installing: /home/f1tenth_ws/src/install/teleop_tools_msgs/include/teleop_tools_msgs/action/detail/dds_fastrtps
[6.107s] -- Installing: /home/f1tenth_ws/src/install/teleop_tools_msgs/lib/libteleop_tools_msgs__rosidl_typesupport_fastrtps_cpp.so
[6.109s] -- Set runtime path of "/home/f1tenth_ws/src/install/teleop_tools_msgs/lib/libteleop_tools_msgs__rosidl_typesupport_fastrtps_cpp.so" to ""
[6.109s] -- Up-to-date: /home/f1tenth_ws/src/install/teleop_tools_msgs/include/teleop_tools_msgs
[6.109s] -- Up-to-date: /home/f1tenth_ws/src/install/teleop_tools_msgs/include/teleop_tools_msgs/msg
[6.111s] -- Installing: /home/f1tenth_ws/src/install/teleop_tools_msgs/include/teleop_tools_msgs/msg/rosidl_typesupport_introspection_c__visibility_control.h
[6.111s] -- Up-to-date: /home/f1tenth_ws/src/install/teleop_tools_msgs/include/teleop_tools_msgs/action
[6.112s] -- Up-to-date: /home/f1tenth_ws/src/install/teleop_tools_msgs/include/teleop_tools_msgs/action/detail
[6.112s] -- Installing: /home/f1tenth_ws/src/install/teleop_tools_msgs/include/teleop_tools_msgs/action/detail/increment__rosidl_typesupport_introspection_c.h
[6.113s] -- Installing: /home/f1tenth_ws/src/install/teleop_tools_msgs/include/teleop_tools_msgs/action/detail/increment__type_support.c
[6.113s] -- Installing: /home/f1tenth_ws/src/install/teleop_tools_msgs/lib/libteleop_tools_msgs__rosidl_typesupport_introspection_c.so
[6.131s] -- Set runtime path of "/home/f1tenth_ws/src/install/teleop_tools_msgs/lib/libteleop_tools_msgs__rosidl_typesupport_introspection_c.so" to ""
[6.132s] -- Installing: /home/f1tenth_ws/src/install/teleop_tools_msgs/lib/libteleop_tools_msgs__rosidl_typesupport_c.so
[6.133s] -- Set runtime path of "/home/f1tenth_ws/src/install/teleop_tools_msgs/lib/libteleop_tools_msgs__rosidl_typesupport_c.so" to ""
[6.134s] -- Up-to-date: /home/f1tenth_ws/src/install/teleop_tools_msgs/include/teleop_tools_msgs
[6.134s] -- Up-to-date: /home/f1tenth_ws/src/install/teleop_tools_msgs/include/teleop_tools_msgs/msg
[6.134s] -- Installing: /home/f1tenth_ws/src/install/teleop_tools_msgs/include/teleop_tools_msgs/msg/rosidl_generator_cpp__visibility_control.hpp
[6.135s] -- Up-to-date: /home/f1tenth_ws/src/install/teleop_tools_msgs/include/teleop_tools_msgs/action
[6.136s] -- Installing: /home/f1tenth_ws/src/install/teleop_tools_msgs/include/teleop_tools_msgs/action/increment.hpp
[6.136s] -- Up-to-date: /home/f1tenth_ws/src/install/teleop_tools_msgs/include/teleop_tools_msgs/action/detail
[6.137s] -- Installing: /home/f1tenth_ws/src/install/teleop_tools_msgs/include/teleop_tools_msgs/action/detail/increment__builder.hpp
[6.137s] -- Installing: /home/f1tenth_ws/src/install/teleop_tools_msgs/include/teleop_tools_msgs/action/detail/increment__struct.hpp
[6.142s] -- Installing: /home/f1tenth_ws/src/install/teleop_tools_msgs/include/teleop_tools_msgs/action/detail/increment__traits.hpp
[6.143s] -- Installing: /home/f1tenth_ws/src/install/teleop_tools_msgs/include/teleop_tools_msgs/action/detail/increment__type_support.hpp
[6.143s] -- Up-to-date: /home/f1tenth_ws/src/install/teleop_tools_msgs/include/teleop_tools_msgs
[6.144s] -- Up-to-date: /home/f1tenth_ws/src/install/teleop_tools_msgs/include/teleop_tools_msgs/action
[6.148s] -- Up-to-date: /home/f1tenth_ws/src/install/teleop_tools_msgs/include/teleop_tools_msgs/action/detail
[6.149s] -- Installing: /home/f1tenth_ws/src/install/teleop_tools_msgs/include/teleop_tools_msgs/action/detail/increment__rosidl_typesupport_introspection_cpp.hpp
[6.150s] -- Installing: /home/f1tenth_ws/src/install/teleop_tools_msgs/include/teleop_tools_msgs/action/detail/increment__type_support.cpp
[6.150s] -- Installing: /home/f1tenth_ws/src/install/teleop_tools_msgs/lib/libteleop_tools_msgs__rosidl_typesupport_introspection_cpp.so
[6.151s] -- Set runtime path of "/home/f1tenth_ws/src/install/teleop_tools_msgs/lib/libteleop_tools_msgs__rosidl_typesupport_introspection_cpp.so" to ""
[6.152s] -- Installing: /home/f1tenth_ws/src/install/teleop_tools_msgs/lib/libteleop_tools_msgs__rosidl_typesupport_cpp.so
[6.152s] -- Set runtime path of "/home/f1tenth_ws/src/install/teleop_tools_msgs/lib/libteleop_tools_msgs__rosidl_typesupport_cpp.so" to ""
[6.153s] -- Installing: /home/f1tenth_ws/src/install/teleop_tools_msgs/share/teleop_tools_msgs/environment/pythonpath.sh
[6.159s] -- Installing: /home/f1tenth_ws/src/install/teleop_tools_msgs/share/teleop_tools_msgs/environment/pythonpath.dsv
[6.161s] -- Installing: /home/f1tenth_ws/src/install/teleop_tools_msgs/lib/python3.8/site-packages/teleop_tools_msgs/__init__.py
[6.335s] Compiling '/home/f1tenth_ws/src/install/teleop_tools_msgs/lib/python3.8/site-packages/teleop_tools_msgs/__init__.py'...
[6.335s] -- Installing: /home/f1tenth_ws/src/install/teleop_tools_msgs/lib/python3.8/site-packages/teleop_tools_msgs/action
[6.335s] -- Installing: /home/f1tenth_ws/src/install/teleop_tools_msgs/lib/python3.8/site-packages/teleop_tools_msgs/action/_increment.py
[6.335s] -- Installing: /home/f1tenth_ws/src/install/teleop_tools_msgs/lib/python3.8/site-packages/teleop_tools_msgs/action/_increment_s.c
[6.335s] -- Installing: /home/f1tenth_ws/src/install/teleop_tools_msgs/lib/python3.8/site-packages/teleop_tools_msgs/action/__init__.py
[6.335s] -- Installing: /home/f1tenth_ws/src/install/teleop_tools_msgs/lib/python3.8/site-packages/teleop_tools_msgs/teleop_tools_msgs_s__rosidl_typesupport_fastrtps_c.cpython-38-aarch64-linux-gnu.so
[6.336s] -- Set runtime path of "/home/f1tenth_ws/src/install/teleop_tools_msgs/lib/python3.8/site-packages/teleop_tools_msgs/teleop_tools_msgs_s__rosidl_typesupport_fastrtps_c.cpython-38-aarch64-linux-gnu.so" to ""
[6.336s] -- Installing: /home/f1tenth_ws/src/install/teleop_tools_msgs/lib/python3.8/site-packages/teleop_tools_msgs/teleop_tools_msgs_s__rosidl_typesupport_introspection_c.cpython-38-aarch64-linux-gnu.so
[6.336s] -- Set runtime path of "/home/f1tenth_ws/src/install/teleop_tools_msgs/lib/python3.8/site-packages/teleop_tools_msgs/teleop_tools_msgs_s__rosidl_typesupport_introspection_c.cpython-38-aarch64-linux-gnu.so" to ""
[6.336s] -- Installing: /home/f1tenth_ws/src/install/teleop_tools_msgs/lib/python3.8/site-packages/teleop_tools_msgs/teleop_tools_msgs_s__rosidl_typesupport_c.cpython-38-aarch64-linux-gnu.so
[6.336s] -- Set runtime path of "/home/f1tenth_ws/src/install/teleop_tools_msgs/lib/python3.8/site-packages/teleop_tools_msgs/teleop_tools_msgs_s__rosidl_typesupport_c.cpython-38-aarch64-linux-gnu.so" to ""
[6.336s] -- Installing: /home/f1tenth_ws/src/install/teleop_tools_msgs/lib/libteleop_tools_msgs__python.so
[6.336s] -- Set runtime path of "/home/f1tenth_ws/src/install/teleop_tools_msgs/lib/libteleop_tools_msgs__python.so" to ""
[6.337s] -- Installing: /home/f1tenth_ws/src/install/teleop_tools_msgs/share/teleop_tools_msgs/action/Increment.idl
[6.337s] -- Installing: /home/f1tenth_ws/src/install/teleop_tools_msgs/share/teleop_tools_msgs/action/Increment.action
[6.337s] -- Installing: /home/f1tenth_ws/src/install/teleop_tools_msgs/share/ament_index/resource_index/package_run_dependencies/teleop_tools_msgs
[6.337s] -- Installing: /home/f1tenth_ws/src/install/teleop_tools_msgs/share/ament_index/resource_index/parent_prefix_path/teleop_tools_msgs
[6.337s] -- Installing: /home/f1tenth_ws/src/install/teleop_tools_msgs/share/teleop_tools_msgs/environment/ament_prefix_path.sh
[6.337s] -- Installing: /home/f1tenth_ws/src/install/teleop_tools_msgs/share/teleop_tools_msgs/environment/ament_prefix_path.dsv
[6.337s] -- Installing: /home/f1tenth_ws/src/install/teleop_tools_msgs/share/teleop_tools_msgs/environment/path.sh
[6.338s] -- Installing: /home/f1tenth_ws/src/install/teleop_tools_msgs/share/teleop_tools_msgs/environment/path.dsv
[6.338s] -- Installing: /home/f1tenth_ws/src/install/teleop_tools_msgs/share/teleop_tools_msgs/local_setup.bash
[6.338s] -- Installing: /home/f1tenth_ws/src/install/teleop_tools_msgs/share/teleop_tools_msgs/local_setup.sh
[6.338s] -- Installing: /home/f1tenth_ws/src/install/teleop_tools_msgs/share/teleop_tools_msgs/local_setup.zsh
[6.338s] -- Installing: /home/f1tenth_ws/src/install/teleop_tools_msgs/share/teleop_tools_msgs/local_setup.dsv
[6.338s] -- Installing: /home/f1tenth_ws/src/install/teleop_tools_msgs/share/teleop_tools_msgs/package.dsv
[6.338s] -- Installing: /home/f1tenth_ws/src/install/teleop_tools_msgs/share/ament_index/resource_index/packages/teleop_tools_msgs
[6.338s] -- Installing: /home/f1tenth_ws/src/install/teleop_tools_msgs/share/teleop_tools_msgs/cmake/teleop_tools_msgs__rosidl_generator_cExport.cmake
[6.339s] -- Installing: /home/f1tenth_ws/src/install/teleop_tools_msgs/share/teleop_tools_msgs/cmake/teleop_tools_msgs__rosidl_generator_cExport-noconfig.cmake
[6.339s] -- Installing: /home/f1tenth_ws/src/install/teleop_tools_msgs/share/teleop_tools_msgs/cmake/teleop_tools_msgs__rosidl_typesupport_introspection_cExport.cmake
[6.339s] -- Installing: /home/f1tenth_ws/src/install/teleop_tools_msgs/share/teleop_tools_msgs/cmake/teleop_tools_msgs__rosidl_typesupport_introspection_cExport-noconfig.cmake
[6.339s] -- Installing: /home/f1tenth_ws/src/install/teleop_tools_msgs/share/teleop_tools_msgs/cmake/teleop_tools_msgs__rosidl_typesupport_cExport.cmake
[6.339s] -- Installing: /home/f1tenth_ws/src/install/teleop_tools_msgs/share/teleop_tools_msgs/cmake/teleop_tools_msgs__rosidl_typesupport_cExport-noconfig.cmake
[6.339s] -- Installing: /home/f1tenth_ws/src/install/teleop_tools_msgs/share/teleop_tools_msgs/cmake/teleop_tools_msgs__rosidl_generator_cppExport.cmake
[6.339s] -- Installing: /home/f1tenth_ws/src/install/teleop_tools_msgs/share/teleop_tools_msgs/cmake/teleop_tools_msgs__rosidl_typesupport_introspection_cppExport.cmake
[6.339s] -- Installing: /home/f1tenth_ws/src/install/teleop_tools_msgs/share/teleop_tools_msgs/cmake/teleop_tools_msgs__rosidl_typesupport_introspection_cppExport-noconfig.cmake
[6.340s] -- Installing: /home/f1tenth_ws/src/install/teleop_tools_msgs/share/teleop_tools_msgs/cmake/teleop_tools_msgs__rosidl_typesupport_cppExport.cmake
[6.340s] -- Installing: /home/f1tenth_ws/src/install/teleop_tools_msgs/share/teleop_tools_msgs/cmake/teleop_tools_msgs__rosidl_typesupport_cppExport-noconfig.cmake
[6.346s] -- Installing: /home/f1tenth_ws/src/install/teleop_tools_msgs/share/teleop_tools_msgs/cmake/rosidl_cmake-extras.cmake
[6.359s] -- Installing: /home/f1tenth_ws/src/install/teleop_tools_msgs/share/teleop_tools_msgs/cmake/ament_cmake_export_dependencies-extras.cmake
[6.379s] -- Installing: /home/f1tenth_ws/src/install/teleop_tools_msgs/share/teleop_tools_msgs/cmake/ament_cmake_export_libraries-extras.cmake
[6.379s] -- Installing: /home/f1tenth_ws/src/install/teleop_tools_msgs/share/teleop_tools_msgs/cmake/ament_cmake_export_targets-extras.cmake
[6.379s] -- Installing: /home/f1tenth_ws/src/install/teleop_tools_msgs/share/teleop_tools_msgs/cmake/ament_cmake_export_include_directories-extras.cmake
[6.379s] -- Installing: /home/f1tenth_ws/src/install/teleop_tools_msgs/share/teleop_tools_msgs/cmake/rosidl_cmake_export_typesupport_libraries-extras.cmake
[6.379s] -- Installing: /home/f1tenth_ws/src/install/teleop_tools_msgs/share/teleop_tools_msgs/cmake/rosidl_cmake_export_typesupport_targets-extras.cmake
[6.380s] -- Installing: /home/f1tenth_ws/src/install/teleop_tools_msgs/share/teleop_tools_msgs/cmake/teleop_tools_msgsConfig.cmake
[6.380s] -- Installing: /home/f1tenth_ws/src/install/teleop_tools_msgs/share/teleop_tools_msgs/cmake/teleop_tools_msgsConfig-version.cmake
[6.380s] -- Installing: /home/f1tenth_ws/src/install/teleop_tools_msgs/share/teleop_tools_msgs/package.xml
[6.380s] Invoked command in '/home/f1tenth_ws/src/build/teleop_tools_msgs' returned '0': CMAKE_PREFIX_PATH=${CMAKE_PREFIX_PATH}:/home/f1tenth_ws/install/wall_following:/home/f1tenth_ws/install/voice_control:/home/f1tenth_ws/install/f1tenth_stack:/home/f1tenth_ws/install/joy_teleop:/home/f1tenth_ws/install/person_follow:/home/f1tenth_ws/install/mouse_teleop:/home/f1tenth_ws/install/key_teleop:/home/f1tenth_ws/install/joystick_ros2:/home/f1tenth_ws/install/automatic_braking:/home/f1tenth_ws/install/ament_uncrustify:/home/f1tenth_ws/install/ament_pycodestyle:/home/f1tenth_ws/install/ament_package:/home/f1tenth_ws/install/ament_lint:/home/f1tenth_ws/install/ament_cppcheck:/opt/ros/foxy _=/usr/bin/env /usr/bin/cmake --install /home/f1tenth_ws/src/build/teleop_tools_msgs
