[2.410s] Invoking command in '/home/f1tenth_ws/build/person_follow': CONDA_PROMPT_MODIFIER=(base) PYTHONPATH=/home/f1tenth_ws/build/person_follow/prefix_override:/usr/lib/python3/dist-packages/colcon_core/task/python/colcon_distutils_commands:/home/f1tenth_ws/install/person_follow/lib/python3.8/site-packages:${PYTHONPATH} _=/usr/bin/env /usr/bin/python3 -W ignore:setup.py install is deprecated setup.py develop --uninstall --editable --build-directory /home/f1tenth_ws/build/person_follow/build
[2.680s] /usr/local/lib/python3.8/dist-packages/setuptools/dist.py:447: SetuptoolsDeprecationWarning: Invalid dash-separated options
[2.681s] !!
[2.681s] 
[2.682s]         ********************************************************************************
[2.682s]         Usage of dash-separated 'script-dir' will not be supported in future
[2.683s]         versions. Please use the underscore name 'script_dir' instead.
[2.683s] 
[2.683s]         This deprecation is overdue, please update your project and remove deprecated
[2.684s]         calls to avoid build errors in the future.
[2.684s] 
[2.684s]         See https://setuptools.pypa.io/en/latest/userguide/declarative_config.html for details.
[2.685s]         ********************************************************************************
[2.685s] 
[2.686s] !!
[2.686s]   opt = self.warn_dash_deprecation(opt, section)
[2.708s] /usr/local/lib/python3.8/dist-packages/setuptools/_distutils/dist.py:268: UserWarning: Unknown distribution option: 'tests_require'
[2.708s]   warnings.warn(msg)
[2.960s] running develop
[2.963s] /usr/local/lib/python3.8/dist-packages/setuptools/command/develop.py:42: EasyInstallDeprecationWarning: easy_install command is deprecated.
[2.964s] !!
[2.967s] 
[2.967s]         ********************************************************************************
[2.969s]         Please avoid running ``setup.py`` and ``easy_install``.
[2.970s]         Instead, use pypa/build, pypa/installer or other
[2.978s]         standards-based tools.
[2.979s] 
[2.980s]         See https://github.com/pypa/setuptools/issues/917 for details.
[2.980s]         ********************************************************************************
[2.980s] 
[2.981s] !!
[2.982s]   easy_install.initialize_options(self)
[3.308s] Removing /home/f1tenth_ws/install/person_follow/lib/python3.8/site-packages/person-follow.egg-link (link to .)
[3.387s] Invoked command in '/home/f1tenth_ws/build/person_follow' returned '0': CONDA_PROMPT_MODIFIER=(base) PYTHONPATH=/home/f1tenth_ws/build/person_follow/prefix_override:/usr/lib/python3/dist-packages/colcon_core/task/python/colcon_distutils_commands:/home/f1tenth_ws/install/person_follow/lib/python3.8/site-packages:${PYTHONPATH} _=/usr/bin/env /usr/bin/python3 -W ignore:setup.py install is deprecated setup.py develop --uninstall --editable --build-directory /home/f1tenth_ws/build/person_follow/build
[3.402s] Invoking command in '/home/f1tenth_ws/src/person_follow': CONDA_PROMPT_MODIFIER=(base) PYTHONPATH=/home/f1tenth_ws/build/person_follow/prefix_override:/usr/lib/python3/dist-packages/colcon_core/task/python/colcon_distutils_commands:/home/f1tenth_ws/install/person_follow/lib/python3.8/site-packages:${PYTHONPATH} _=/usr/bin/env /usr/bin/python3 -W ignore:setup.py install is deprecated setup.py egg_info --egg-base ../../build/person_follow build --build-base /home/f1tenth_ws/build/person_follow/build install --record /home/f1tenth_ws/build/person_follow/install.log --install-scripts $base/lib/person_follow --single-version-externally-managed install_data --force
[3.679s] /usr/local/lib/python3.8/dist-packages/setuptools/dist.py:447: SetuptoolsDeprecationWarning: Invalid dash-separated options
[3.680s] !!
[3.681s] 
[3.684s]         ********************************************************************************
[3.685s]         Usage of dash-separated 'script-dir' will not be supported in future
[3.685s]         versions. Please use the underscore name 'script_dir' instead.
[3.686s] 
[3.686s]         This deprecation is overdue, please update your project and remove deprecated
[3.686s]         calls to avoid build errors in the future.
[3.687s] 
[3.687s]         See https://setuptools.pypa.io/en/latest/userguide/declarative_config.html for details.
[3.688s]         ********************************************************************************
[3.688s] 
[3.688s] !!
[3.689s]   opt = self.warn_dash_deprecation(opt, section)
[3.715s] /usr/local/lib/python3.8/dist-packages/setuptools/_distutils/dist.py:268: UserWarning: Unknown distribution option: 'tests_require'
[3.716s]   warnings.warn(msg)
[3.899s] running egg_info
[3.927s] writing ../../build/person_follow/person_follow.egg-info/PKG-INFO
[3.928s] writing dependency_links to ../../build/person_follow/person_follow.egg-info/dependency_links.txt
[3.928s] writing entry points to ../../build/person_follow/person_follow.egg-info/entry_points.txt
[3.929s] writing requirements to ../../build/person_follow/person_follow.egg-info/requires.txt
[3.932s] writing top-level names to ../../build/person_follow/person_follow.egg-info/top_level.txt
[4.157s] reading manifest file '../../build/person_follow/person_follow.egg-info/SOURCES.txt'
[4.159s] writing manifest file '../../build/person_follow/person_follow.egg-info/SOURCES.txt'
[4.160s] running build
[4.161s] running build_py
[4.167s] copying person_follow/__init__.py -> /home/f1tenth_ws/build/person_follow/build/lib/person_follow
[4.168s] copying person_follow/person_follow.py -> /home/f1tenth_ws/build/person_follow/build/lib/person_follow
[4.168s] running install
[4.175s] running install_lib
[4.206s] creating /home/f1tenth_ws/install/person_follow/lib/python3.8/site-packages/person_follow
[4.206s] copying /home/f1tenth_ws/build/person_follow/build/lib/person_follow/__init__.py -> /home/f1tenth_ws/install/person_follow/lib/python3.8/site-packages/person_follow
[4.207s] copying /home/f1tenth_ws/build/person_follow/build/lib/person_follow/person_follow.py -> /home/f1tenth_ws/install/person_follow/lib/python3.8/site-packages/person_follow
[4.207s] byte-compiling /home/f1tenth_ws/install/person_follow/lib/python3.8/site-packages/person_follow/__init__.py to __init__.cpython-38.pyc
[4.208s] byte-compiling /home/f1tenth_ws/install/person_follow/lib/python3.8/site-packages/person_follow/person_follow.py to person_follow.cpython-38.pyc
[4.208s] running install_data
[4.209s] copying resource/person_follow -> /home/f1tenth_ws/install/person_follow/share/ament_index/resource_index/packages
[4.210s] copying package.xml -> /home/f1tenth_ws/install/person_follow/share/person_follow
[4.210s] running install_egg_info
[4.238s] Copying ../../build/person_follow/person_follow.egg-info to /home/f1tenth_ws/install/person_follow/lib/python3.8/site-packages/person_follow-0.0.0-py3.8.egg-info
[4.244s] running install_scripts
[4.310s] Installing person_follow script to /home/f1tenth_ws/install/person_follow/lib/person_follow
[4.311s] writing list of installed files to '/home/f1tenth_ws/build/person_follow/install.log'
[4.379s] Invoked command in '/home/f1tenth_ws/src/person_follow' returned '0': CONDA_PROMPT_MODIFIER=(base) PYTHONPATH=/home/f1tenth_ws/build/person_follow/prefix_override:/usr/lib/python3/dist-packages/colcon_core/task/python/colcon_distutils_commands:/home/f1tenth_ws/install/person_follow/lib/python3.8/site-packages:${PYTHONPATH} _=/usr/bin/env /usr/bin/python3 -W ignore:setup.py install is deprecated setup.py egg_info --egg-base ../../build/person_follow build --build-base /home/f1tenth_ws/build/person_follow/build install --record /home/f1tenth_ws/build/person_follow/install.log --install-scripts $base/lib/person_follow --single-version-externally-managed install_data --force
