[2.256s] Invoking command in '/home/f1tenth_ws/src/joystick_ros2': PYTHONPATH=/home/f1tenth_ws/build/joystick_ros2/prefix_override:/usr/lib/python3/dist-packages/colcon_core/task/python/colcon_distutils_commands:/home/f1tenth_ws/install/joystick_ros2/lib/python3.8/site-packages:${PYTHONPATH} _=/usr/bin/env /usr/bin/python3 -W ignore:setup.py install is deprecated setup.py egg_info --egg-base ../../build/joystick_ros2 build --build-base /home/f1tenth_ws/build/joystick_ros2/build install --record /home/f1tenth_ws/build/joystick_ros2/install.log --install-scripts $base/lib/joystick_ros2 --single-version-externally-managed install_data
[2.561s] running egg_info
[2.561s] writing ../../build/joystick_ros2/joystick_ros2.egg-info/PKG-INFO
[2.562s] writing dependency_links to ../../build/joystick_ros2/joystick_ros2.egg-info/dependency_links.txt
[2.562s] writing entry points to ../../build/joystick_ros2/joystick_ros2.egg-info/entry_points.txt
[2.563s] writing requirements to ../../build/joystick_ros2/joystick_ros2.egg-info/requires.txt
[2.563s] writing top-level names to ../../build/joystick_ros2/joystick_ros2.egg-info/top_level.txt
[2.602s] reading manifest file '../../build/joystick_ros2/joystick_ros2.egg-info/SOURCES.txt'
[2.602s] writing manifest file '../../build/joystick_ros2/joystick_ros2.egg-info/SOURCES.txt'
[2.604s] running build
[2.604s] running build_py
[2.605s] running install
[2.605s] running install_lib
[2.606s] running install_data
[2.607s] running install_egg_info
[2.609s] removing '/home/f1tenth_ws/install/joystick_ros2/lib/python3.8/site-packages/joystick_ros2-0.0.1-py3.8.egg-info' (and everything under it)
[2.609s] Copying ../../build/joystick_ros2/joystick_ros2.egg-info to /home/f1tenth_ws/install/joystick_ros2/lib/python3.8/site-packages/joystick_ros2-0.0.1-py3.8.egg-info
[2.610s] running install_scripts
[2.633s] Installing joystick_ros2 script to /home/f1tenth_ws/install/joystick_ros2/lib/joystick_ros2
[2.635s] writing list of installed files to '/home/f1tenth_ws/build/joystick_ros2/install.log'
[2.679s] Invoked command in '/home/f1tenth_ws/src/joystick_ros2' returned '0': PYTHONPATH=/home/f1tenth_ws/build/joystick_ros2/prefix_override:/usr/lib/python3/dist-packages/colcon_core/task/python/colcon_distutils_commands:/home/f1tenth_ws/install/joystick_ros2/lib/python3.8/site-packages:${PYTHONPATH} _=/usr/bin/env /usr/bin/python3 -W ignore:setup.py install is deprecated setup.py egg_info --egg-base ../../build/joystick_ros2 build --build-base /home/f1tenth_ws/build/joystick_ros2/build install --record /home/f1tenth_ws/build/joystick_ros2/install.log --install-scripts $base/lib/joystick_ros2 --single-version-externally-managed install_data
