[1.201s] Invoking command in '/home/f1tenth_ws/src/f1tenth_system/teleop_tools/mouse_teleop': PYTHONPATH=/home/f1tenth_ws/build/mouse_teleop/prefix_override:/usr/lib/python3/dist-packages/colcon_core/task/python/colcon_distutils_commands:/home/f1tenth_ws/install/mouse_teleop/lib/python3.8/site-packages: _=/usr/bin/env /usr/bin/python3 -W ignore:setup.py install is deprecated setup.py egg_info --egg-base ../../../../build/mouse_teleop build --build-base /home/f1tenth_ws/build/mouse_teleop/build install --record /home/f1tenth_ws/build/mouse_teleop/install.log --install-scripts $base/lib/mouse_teleop --single-version-externally-managed install_data
[1.432s] running egg_info
[1.433s] creating ../../../../build/mouse_teleop/mouse_teleop.egg-info
[1.433s] writing ../../../../build/mouse_teleop/mouse_teleop.egg-info/PKG-INFO
[1.434s] writing dependency_links to ../../../../build/mouse_teleop/mouse_teleop.egg-info/dependency_links.txt
[1.434s] writing entry points to ../../../../build/mouse_teleop/mouse_teleop.egg-info/entry_points.txt
[1.435s] writing requirements to ../../../../build/mouse_teleop/mouse_teleop.egg-info/requires.txt
[1.436s] writing top-level names to ../../../../build/mouse_teleop/mouse_teleop.egg-info/top_level.txt
[1.436s] writing manifest file '../../../../build/mouse_teleop/mouse_teleop.egg-info/SOURCES.txt'
[1.480s] reading manifest file '../../../../build/mouse_teleop/mouse_teleop.egg-info/SOURCES.txt'
[1.482s] writing manifest file '../../../../build/mouse_teleop/mouse_teleop.egg-info/SOURCES.txt'
[1.482s] running build
[1.487s] running build_py
[1.491s] creating /home/f1tenth_ws/build/mouse_teleop/build
[1.492s] creating /home/f1tenth_ws/build/mouse_teleop/build/lib
[1.493s] creating /home/f1tenth_ws/build/mouse_teleop/build/lib/mouse_teleop
[1.494s] copying mouse_teleop/__init__.py -> /home/f1tenth_ws/build/mouse_teleop/build/lib/mouse_teleop
[1.496s] copying mouse_teleop/mouse_teleop.py -> /home/f1tenth_ws/build/mouse_teleop/build/lib/mouse_teleop
[1.498s] running install
[1.499s] running install_lib
[1.500s] creating /home/f1tenth_ws/install/mouse_teleop/lib/python3.8/site-packages/mouse_teleop
[1.501s] copying /home/f1tenth_ws/build/mouse_teleop/build/lib/mouse_teleop/__init__.py -> /home/f1tenth_ws/install/mouse_teleop/lib/python3.8/site-packages/mouse_teleop
[1.502s] copying /home/f1tenth_ws/build/mouse_teleop/build/lib/mouse_teleop/mouse_teleop.py -> /home/f1tenth_ws/install/mouse_teleop/lib/python3.8/site-packages/mouse_teleop
[1.503s] byte-compiling /home/f1tenth_ws/install/mouse_teleop/lib/python3.8/site-packages/mouse_teleop/__init__.py to __init__.cpython-38.pyc
[1.504s] byte-compiling /home/f1tenth_ws/install/mouse_teleop/lib/python3.8/site-packages/mouse_teleop/mouse_teleop.py to mouse_teleop.cpython-38.pyc
[1.508s] running install_data
[1.509s] copying package.xml -> /home/f1tenth_ws/install/mouse_teleop/share/mouse_teleop
[1.510s] creating /home/f1tenth_ws/install/mouse_teleop/share/mouse_teleop/config
[1.511s] copying config/mouse_teleop.yaml -> /home/f1tenth_ws/install/mouse_teleop/share/mouse_teleop/config
[1.512s] creating /home/f1tenth_ws/install/mouse_teleop/share/mouse_teleop/launch
[1.515s] copying launch/mouse_teleop.launch.py -> /home/f1tenth_ws/install/mouse_teleop/share/mouse_teleop/launch
[1.517s] creating /home/f1tenth_ws/install/mouse_teleop/share/ament_index
[1.518s] creating /home/f1tenth_ws/install/mouse_teleop/share/ament_index/resource_index
[1.520s] creating /home/f1tenth_ws/install/mouse_teleop/share/ament_index/resource_index/packages
[1.521s] copying resource/mouse_teleop -> /home/f1tenth_ws/install/mouse_teleop/share/ament_index/resource_index/packages
[1.522s] running install_egg_info
[1.523s] Copying ../../../../build/mouse_teleop/mouse_teleop.egg-info to /home/f1tenth_ws/install/mouse_teleop/lib/python3.8/site-packages/mouse_teleop-0.3.0-py3.8.egg-info
[1.524s] running install_scripts
[1.524s] Installing mouse_teleop script to /home/f1tenth_ws/install/mouse_teleop/lib/mouse_teleop
[1.525s] writing list of installed files to '/home/f1tenth_ws/build/mouse_teleop/install.log'
[1.553s] Invoked command in '/home/f1tenth_ws/src/f1tenth_system/teleop_tools/mouse_teleop' returned '0': PYTHONPATH=/home/f1tenth_ws/build/mouse_teleop/prefix_override:/usr/lib/python3/dist-packages/colcon_core/task/python/colcon_distutils_commands:/home/f1tenth_ws/install/mouse_teleop/lib/python3.8/site-packages: _=/usr/bin/env /usr/bin/python3 -W ignore:setup.py install is deprecated setup.py egg_info --egg-base ../../../../build/mouse_teleop build --build-base /home/f1tenth_ws/build/mouse_teleop/build install --record /home/f1tenth_ws/build/mouse_teleop/install.log --install-scripts $base/lib/mouse_teleop --single-version-externally-managed install_data
