[3.816s] Invoking command in '/home/f1tenth_ws/src/follow_gap': PYTHONPATH=/home/f1tenth_ws/build/follow_gap/prefix_override:/usr/lib/python3/dist-packages/colcon_core/task/python/colcon_distutils_commands:/home/f1tenth_ws/install/follow_gap/lib/python3.8/site-packages:${PYTHONPATH} _=/usr/bin/env /usr/bin/python3 -W ignore:setup.py install is deprecated setup.py egg_info --egg-base ../../build/follow_gap build --build-base /home/f1tenth_ws/build/follow_gap/build install --record /home/f1tenth_ws/build/follow_gap/install.log --install-scripts $base/lib/follow_gap --single-version-externally-managed install_data
[4.075s] /usr/local/lib/python3.8/dist-packages/setuptools/dist.py:447: SetuptoolsDeprecationWarning: Invalid dash-separated options
[4.076s] !!
[4.079s] 
[4.079s]         ********************************************************************************
[4.079s]         Usage of dash-separated 'script-dir' will not be supported in future
[4.079s]         versions. Please use the underscore name 'script_dir' instead.
[4.079s] 
[4.079s]         This deprecation is overdue, please update your project and remove deprecated
[4.079s]         calls to avoid build errors in the future.
[4.079s] 
[4.080s]         See https://setuptools.pypa.io/en/latest/userguide/declarative_config.html for details.
[4.080s]         ********************************************************************************
[4.080s] 
[4.080s] !!
[4.080s]   opt = self.warn_dash_deprecation(opt, section)
[4.104s] /usr/local/lib/python3.8/dist-packages/setuptools/_distutils/dist.py:268: UserWarning: Unknown distribution option: 'tests_require'
[4.105s]   warnings.warn(msg)
[4.280s] running egg_info
[4.313s] writing ../../build/follow_gap/follow_gap.egg-info/PKG-INFO
[4.315s] writing dependency_links to ../../build/follow_gap/follow_gap.egg-info/dependency_links.txt
[4.316s] writing entry points to ../../build/follow_gap/follow_gap.egg-info/entry_points.txt
[4.318s] writing requirements to ../../build/follow_gap/follow_gap.egg-info/requires.txt
[4.318s] writing top-level names to ../../build/follow_gap/follow_gap.egg-info/top_level.txt
[4.561s] reading manifest file '../../build/follow_gap/follow_gap.egg-info/SOURCES.txt'
[4.568s] writing manifest file '../../build/follow_gap/follow_gap.egg-info/SOURCES.txt'
[4.569s] running build
[4.569s] running build_py
[4.570s] copying follow_gap/__init__.py -> /home/f1tenth_ws/build/follow_gap/build/lib/follow_gap
[4.571s] copying follow_gap/follow_gap.py -> /home/f1tenth_ws/build/follow_gap/build/lib/follow_gap
[4.571s] running install
[4.578s] running install_lib
[4.618s] running install_data
[4.619s] copying resource/follow_gap -> /home/f1tenth_ws/install/follow_gap/share/ament_index/resource_index/packages
[4.620s] copying package.xml -> /home/f1tenth_ws/install/follow_gap/share/follow_gap
[4.626s] running install_egg_info
[4.668s] removing '/home/f1tenth_ws/install/follow_gap/lib/python3.8/site-packages/follow_gap-0.0.0-py3.8.egg-info' (and everything under it)
[4.670s] Copying ../../build/follow_gap/follow_gap.egg-info to /home/f1tenth_ws/install/follow_gap/lib/python3.8/site-packages/follow_gap-0.0.0-py3.8.egg-info
[4.671s] running install_scripts
[4.739s] Installing follow_gap script to /home/f1tenth_ws/install/follow_gap/lib/follow_gap
[4.741s] writing list of installed files to '/home/f1tenth_ws/build/follow_gap/install.log'
[4.868s] Invoked command in '/home/f1tenth_ws/src/follow_gap' returned '0': PYTHONPATH=/home/f1tenth_ws/build/follow_gap/prefix_override:/usr/lib/python3/dist-packages/colcon_core/task/python/colcon_distutils_commands:/home/f1tenth_ws/install/follow_gap/lib/python3.8/site-packages:${PYTHONPATH} _=/usr/bin/env /usr/bin/python3 -W ignore:setup.py install is deprecated setup.py egg_info --egg-base ../../build/follow_gap build --build-base /home/f1tenth_ws/build/follow_gap/build install --record /home/f1tenth_ws/build/follow_gap/install.log --install-scripts $base/lib/follow_gap --single-version-externally-managed install_data
