[3.216s] Invoking command in '/home/f1tenth_ws/src/wall_following': CONDA_PROMPT_MODIFIER=(base) PYTHONPATH=/home/f1tenth_ws/build/wall_following/prefix_override:/usr/lib/python3/dist-packages/colcon_core/task/python/colcon_distutils_commands:/home/f1tenth_ws/install/wall_following/lib/python3.8/site-packages:${PYTHONPATH} _=/usr/bin/env /usr/bin/python3 -W ignore:setup.py install is deprecated setup.py egg_info --egg-base ../../build/wall_following build --build-base /home/f1tenth_ws/build/wall_following/build install --record /home/f1tenth_ws/build/wall_following/install.log --install-scripts $base/lib/wall_following --single-version-externally-managed install_data
[3.559s] /usr/local/lib/python3.8/dist-packages/setuptools/dist.py:447: SetuptoolsDeprecationWarning: Invalid dash-separated options
[3.560s] !!
[3.564s] 
[3.565s]         ********************************************************************************
[3.566s]         Usage of dash-separated 'script-dir' will not be supported in future
[3.567s]         versions. Please use the underscore name 'script_dir' instead.
[3.568s] 
[3.569s]         This deprecation is overdue, please update your project and remove deprecated
[3.571s]         calls to avoid build errors in the future.
[3.571s] 
[3.572s]         See https://setuptools.pypa.io/en/latest/userguide/declarative_config.html for details.
[3.573s]         ********************************************************************************
[3.573s] 
[3.574s] !!
[3.574s]   opt = self.warn_dash_deprecation(opt, section)
[3.603s] /usr/local/lib/python3.8/dist-packages/setuptools/_distutils/dist.py:268: UserWarning: Unknown distribution option: 'tests_require'
[3.604s]   warnings.warn(msg)
[3.790s] running egg_info
[3.819s] writing ../../build/wall_following/wall_following.egg-info/PKG-INFO
[3.819s] writing dependency_links to ../../build/wall_following/wall_following.egg-info/dependency_links.txt
[3.820s] writing entry points to ../../build/wall_following/wall_following.egg-info/entry_points.txt
[3.821s] writing requirements to ../../build/wall_following/wall_following.egg-info/requires.txt
[3.821s] writing top-level names to ../../build/wall_following/wall_following.egg-info/top_level.txt
[4.058s] reading manifest file '../../build/wall_following/wall_following.egg-info/SOURCES.txt'
[4.061s] writing manifest file '../../build/wall_following/wall_following.egg-info/SOURCES.txt'
[4.063s] running build
[4.064s] running build_py
[4.065s] copying wall_following/__init__.py -> /home/f1tenth_ws/build/wall_following/build/lib/wall_following
[4.067s] copying wall_following/wall_following.py -> /home/f1tenth_ws/build/wall_following/build/lib/wall_following
[4.068s] running install
[4.070s] running install_lib
[4.100s] running install_data
[4.102s] copying resource/wall_following -> /home/f1tenth_ws/install/wall_following/share/ament_index/resource_index/packages
[4.103s] copying package.xml -> /home/f1tenth_ws/install/wall_following/share/wall_following
[4.105s] running install_egg_info
[4.130s] removing '/home/f1tenth_ws/install/wall_following/lib/python3.8/site-packages/wall_following-0.0.0-py3.8.egg-info' (and everything under it)
[4.131s] Copying ../../build/wall_following/wall_following.egg-info to /home/f1tenth_ws/install/wall_following/lib/python3.8/site-packages/wall_following-0.0.0-py3.8.egg-info
[4.133s] running install_scripts
[4.203s] Installing wall_following script to /home/f1tenth_ws/install/wall_following/lib/wall_following
[4.205s] writing list of installed files to '/home/f1tenth_ws/build/wall_following/install.log'
[4.456s] Invoked command in '/home/f1tenth_ws/src/wall_following' returned '0': CONDA_PROMPT_MODIFIER=(base) PYTHONPATH=/home/f1tenth_ws/build/wall_following/prefix_override:/usr/lib/python3/dist-packages/colcon_core/task/python/colcon_distutils_commands:/home/f1tenth_ws/install/wall_following/lib/python3.8/site-packages:${PYTHONPATH} _=/usr/bin/env /usr/bin/python3 -W ignore:setup.py install is deprecated setup.py egg_info --egg-base ../../build/wall_following build --build-base /home/f1tenth_ws/build/wall_following/build install --record /home/f1tenth_ws/build/wall_following/install.log --install-scripts $base/lib/wall_following --single-version-externally-managed install_data
