[3.104s] Invoking command in '/home/f1tenth_ws/src/f1tenth_system/teleop_tools/key_teleop': CONDA_PROMPT_MODIFIER=(base) PYTHONPATH=/home/f1tenth_ws/build/key_teleop/prefix_override:/usr/lib/python3/dist-packages/colcon_core/task/python/colcon_distutils_commands:/home/f1tenth_ws/install/key_teleop/lib/python3.8/site-packages: _=/usr/bin/env /usr/bin/python3 -W ignore:setup.py install is deprecated setup.py egg_info --egg-base ../../../../build/key_teleop build --build-base /home/f1tenth_ws/build/key_teleop/build install --record /home/f1tenth_ws/build/key_teleop/install.log --install-scripts $base/lib/key_teleop --single-version-externally-managed install_data
[3.325s] /usr/local/lib/python3.8/dist-packages/setuptools/dist.py:447: SetuptoolsDeprecationWarning: Invalid dash-separated options
[3.326s] !!
[3.326s] 
[3.326s]         ********************************************************************************
[3.327s]         Usage of dash-separated 'script-dir' will not be supported in future
[3.328s]         versions. Please use the underscore name 'script_dir' instead.
[3.328s] 
[3.329s]         This deprecation is overdue, please update your project and remove deprecated
[3.329s]         calls to avoid build errors in the future.
[3.330s] 
[3.330s]         See https://setuptools.pypa.io/en/latest/userguide/declarative_config.html for details.
[3.331s]         ********************************************************************************
[3.332s] 
[3.332s] !!
[3.332s]   opt = self.warn_dash_deprecation(opt, section)
[3.346s] /usr/local/lib/python3.8/dist-packages/setuptools/_distutils/dist.py:268: UserWarning: Unknown distribution option: 'tests_require'
[3.348s]   warnings.warn(msg)
[3.476s] running egg_info
[3.493s] writing ../../../../build/key_teleop/key_teleop.egg-info/PKG-INFO
[3.496s] writing dependency_links to ../../../../build/key_teleop/key_teleop.egg-info/dependency_links.txt
[3.496s] writing entry points to ../../../../build/key_teleop/key_teleop.egg-info/entry_points.txt
[3.496s] writing requirements to ../../../../build/key_teleop/key_teleop.egg-info/requires.txt
[3.497s] writing top-level names to ../../../../build/key_teleop/key_teleop.egg-info/top_level.txt
[3.653s] reading manifest file '../../../../build/key_teleop/key_teleop.egg-info/SOURCES.txt'
[3.655s] adding license file 'LICENSE'
[3.657s] writing manifest file '../../../../build/key_teleop/key_teleop.egg-info/SOURCES.txt'
[3.657s] running build
[3.658s] running build_py
[3.672s] copying key_teleop/__init__.py -> /home/f1tenth_ws/build/key_teleop/build/lib/key_teleop
[3.673s] copying key_teleop/key_teleop.py -> /home/f1tenth_ws/build/key_teleop/build/lib/key_teleop
[3.674s] running install
[3.681s] running install_lib
[3.715s] running install_data
[3.728s] copying config/key_teleop.yaml -> /home/f1tenth_ws/install/key_teleop/share/key_teleop/config
[3.747s] running install_egg_info
[3.770s] removing '/home/f1tenth_ws/install/key_teleop/lib/python3.8/site-packages/key_teleop-0.3.0-py3.8.egg-info' (and everything under it)
[3.771s] Copying ../../../../build/key_teleop/key_teleop.egg-info to /home/f1tenth_ws/install/key_teleop/lib/python3.8/site-packages/key_teleop-0.3.0-py3.8.egg-info
[3.789s] running install_scripts
[3.866s] Installing key_teleop script to /home/f1tenth_ws/install/key_teleop/lib/key_teleop
[3.867s] writing list of installed files to '/home/f1tenth_ws/build/key_teleop/install.log'
[4.019s] Invoked command in '/home/f1tenth_ws/src/f1tenth_system/teleop_tools/key_teleop' returned '0': CONDA_PROMPT_MODIFIER=(base) PYTHONPATH=/home/f1tenth_ws/build/key_teleop/prefix_override:/usr/lib/python3/dist-packages/colcon_core/task/python/colcon_distutils_commands:/home/f1tenth_ws/install/key_teleop/lib/python3.8/site-packages: _=/usr/bin/env /usr/bin/python3 -W ignore:setup.py install is deprecated setup.py egg_info --egg-base ../../../../build/key_teleop build --build-base /home/f1tenth_ws/build/key_teleop/build install --record /home/f1tenth_ws/build/key_teleop/install.log --install-scripts $base/lib/key_teleop --single-version-externally-managed install_data
