[3.873s] Invoking command in '/home/f1tenth_ws/src/autonomous_driving_pkg': CONDA_PROMPT_MODIFIER=(base) PYTHONPATH=/home/f1tenth_ws/build/autonomous_driving_pkg/prefix_override:/usr/lib/python3/dist-packages/colcon_core/task/python/colcon_distutils_commands:/home/f1tenth_ws/install/autonomous_driving_pkg/lib/python3.8/site-packages:${PYTHONPATH} _=/usr/bin/env /usr/bin/python3 -W ignore:setup.py install is deprecated setup.py egg_info --egg-base ../../build/autonomous_driving_pkg build --build-base /home/f1tenth_ws/build/autonomous_driving_pkg/build install --record /home/f1tenth_ws/build/autonomous_driving_pkg/install.log --install-scripts $base/lib/autonomous_driving_pkg --single-version-externally-managed install_data
[4.117s] /usr/local/lib/python3.8/dist-packages/setuptools/dist.py:447: SetuptoolsDeprecationWarning: Invalid dash-separated options
[4.118s] !!
[4.118s] 
[4.118s]         ********************************************************************************
[4.119s]         Usage of dash-separated 'script-dir' will not be supported in future
[4.119s]         versions. Please use the underscore name 'script_dir' instead.
[4.120s] 
[4.123s]         This deprecation is overdue, please update your project and remove deprecated
[4.124s]         calls to avoid build errors in the future.
[4.130s] 
[4.130s]         See https://setuptools.pypa.io/en/latest/userguide/declarative_config.html for details.
[4.131s]         ********************************************************************************
[4.131s] 
[4.132s] !!
[4.132s]   opt = self.warn_dash_deprecation(opt, section)
[4.148s] /usr/local/lib/python3.8/dist-packages/setuptools/_distutils/dist.py:268: UserWarning: Unknown distribution option: 'tests_require'
[4.148s]   warnings.warn(msg)
[4.322s] running egg_info
[4.354s] writing ../../build/autonomous_driving_pkg/autonomous_driving_pkg.egg-info/PKG-INFO
[4.355s] writing dependency_links to ../../build/autonomous_driving_pkg/autonomous_driving_pkg.egg-info/dependency_links.txt
[4.355s] writing entry points to ../../build/autonomous_driving_pkg/autonomous_driving_pkg.egg-info/entry_points.txt
[4.356s] writing requirements to ../../build/autonomous_driving_pkg/autonomous_driving_pkg.egg-info/requires.txt
[4.356s] writing top-level names to ../../build/autonomous_driving_pkg/autonomous_driving_pkg.egg-info/top_level.txt
[4.564s] reading manifest file '../../build/autonomous_driving_pkg/autonomous_driving_pkg.egg-info/SOURCES.txt'
[4.565s] writing manifest file '../../build/autonomous_driving_pkg/autonomous_driving_pkg.egg-info/SOURCES.txt'
[4.566s] running build
[4.566s] running build_py
[4.566s] copying autonomous_driving_pkg/__init__.py -> /home/f1tenth_ws/build/autonomous_driving_pkg/build/lib/autonomous_driving_pkg
[4.567s] copying autonomous_driving_pkg/euler_transform.py -> /home/f1tenth_ws/build/autonomous_driving_pkg/build/lib/autonomous_driving_pkg
[4.568s] copying autonomous_driving_pkg/pure_pursuit_controller.py -> /home/f1tenth_ws/build/autonomous_driving_pkg/build/lib/autonomous_driving_pkg
[4.568s] running install
[4.574s] running install_lib
[4.605s] running install_data
[4.606s] copying resource/autonomous_driving_pkg -> /home/f1tenth_ws/install/autonomous_driving_pkg/share/ament_index/resource_index/packages
[4.607s] copying package.xml -> /home/f1tenth_ws/install/autonomous_driving_pkg/share/autonomous_driving_pkg
[4.607s] running install_egg_info
[4.641s] removing '/home/f1tenth_ws/install/autonomous_driving_pkg/lib/python3.8/site-packages/autonomous_driving_pkg-0.0.0-py3.8.egg-info' (and everything under it)
[4.642s] Copying ../../build/autonomous_driving_pkg/autonomous_driving_pkg.egg-info to /home/f1tenth_ws/install/autonomous_driving_pkg/lib/python3.8/site-packages/autonomous_driving_pkg-0.0.0-py3.8.egg-info
[4.645s] running install_scripts
[4.709s] Installing pp_node script to /home/f1tenth_ws/install/autonomous_driving_pkg/lib/autonomous_driving_pkg
[4.710s] writing list of installed files to '/home/f1tenth_ws/build/autonomous_driving_pkg/install.log'
[4.739s] /usr/local/lib/python3.8/dist-packages/setuptools/dist.py:447: SetuptoolsDeprecationWarning: Invalid dash-separated options
[4.740s] !!
[4.741s] 
[4.741s]         ********************************************************************************
[4.742s]         Usage of dash-separated 'script-dir' will not be supported in future
[4.742s]         versions. Please use the underscore name 'script_dir' instead.
[4.743s] 
[4.743s]         This deprecation is overdue, please update your project and remove deprecated
[4.744s]         calls to avoid build errors in the future.
[4.744s] 
[4.746s]         See https://setuptools.pypa.io/en/latest/userguide/declarative_config.html for details.
[4.747s]         ********************************************************************************
[4.748s] 
[4.748s] !!
[4.749s]   opt = self.warn_dash_deprecation(opt, section)
[4.762s] /usr/local/lib/python3.8/dist-packages/setuptools/_distutils/dist.py:268: UserWarning: Unknown distribution option: 'tests_require'
[4.763s]   warnings.warn(msg)
[4.921s] running egg_info
[4.945s] writing ../../build/autonomous_driving_pkg/autonomous_driving_pkg.egg-info/PKG-INFO
[4.946s] writing dependency_links to ../../build/autonomous_driving_pkg/autonomous_driving_pkg.egg-info/dependency_links.txt
[4.946s] writing entry points to ../../build/autonomous_driving_pkg/autonomous_driving_pkg.egg-info/entry_points.txt
[4.947s] writing requirements to ../../build/autonomous_driving_pkg/autonomous_driving_pkg.egg-info/requires.txt
[4.947s] writing top-level names to ../../build/autonomous_driving_pkg/autonomous_driving_pkg.egg-info/top_level.txt
[4.994s] reading manifest file '../../build/autonomous_driving_pkg/autonomous_driving_pkg.egg-info/SOURCES.txt'
[4.995s] writing manifest file '../../build/autonomous_driving_pkg/autonomous_driving_pkg.egg-info/SOURCES.txt'
[4.996s] running build
[4.998s] running build_py
[5.006s] copying autonomous_driving_pkg/__init__.py -> /home/f1tenth_ws/build/autonomous_driving_pkg/build/lib/autonomous_driving_pkg
[5.007s] copying autonomous_driving_pkg/euler_transform.py -> /home/f1tenth_ws/build/autonomous_driving_pkg/build/lib/autonomous_driving_pkg
[5.007s] copying autonomous_driving_pkg/pure_pursuit_controller.py -> /home/f1tenth_ws/build/autonomous_driving_pkg/build/lib/autonomous_driving_pkg
[5.008s] running install
[5.019s] running install_lib
[5.025s] running install_data
[5.025s] copying resource/autonomous_driving_pkg -> /home/f1tenth_ws/install/autonomous_driving_pkg/share/ament_index/resource_index/packages
[5.026s] copying package.xml -> /home/f1tenth_ws/install/autonomous_driving_pkg/share/autonomous_driving_pkg
[5.026s] running install_egg_info
[5.061s] removing '/home/f1tenth_ws/install/autonomous_driving_pkg/lib/python3.8/site-packages/autonomous_driving_pkg-0.0.0-py3.8.egg-info' (and everything under it)
[5.068s] Copying ../../build/autonomous_driving_pkg/autonomous_driving_pkg.egg-info to /home/f1tenth_ws/install/autonomous_driving_pkg/lib/python3.8/site-packages/autonomous_driving_pkg-0.0.0-py3.8.egg-info
[5.069s] running install_scripts
[5.116s] Installing pp_node script to /home/f1tenth_ws/install/autonomous_driving_pkg/lib/autonomous_driving_pkg
[5.117s] writing list of installed files to '/home/f1tenth_ws/build/autonomous_driving_pkg/install.log'
[6.422s] Invoked command in '/home/f1tenth_ws/src/autonomous_driving_pkg' returned '0': CONDA_PROMPT_MODIFIER=(base) PYTHONPATH=/home/f1tenth_ws/build/autonomous_driving_pkg/prefix_override:/usr/lib/python3/dist-packages/colcon_core/task/python/colcon_distutils_commands:/home/f1tenth_ws/install/autonomous_driving_pkg/lib/python3.8/site-packages:${PYTHONPATH} _=/usr/bin/env /usr/bin/python3 -W ignore:setup.py install is deprecated setup.py egg_info --egg-base ../../build/autonomous_driving_pkg build --build-base /home/f1tenth_ws/build/autonomous_driving_pkg/build install --record /home/f1tenth_ws/build/autonomous_driving_pkg/install.log --install-scripts $base/lib/autonomous_driving_pkg --single-version-externally-managed install_data
