[0.199s] Invoking command in '/home/f1tenth_ws/build/ackermann_mux': _=/usr/bin/env /usr/bin/cmake --build /home/f1tenth_ws/build/ackermann_mux -- -j8 -l8
[1.467s] [100%] Built target ackermann_mux
[1.487s] Invoked command in '/home/f1tenth_ws/build/ackermann_mux' returned '0': _=/usr/bin/env /usr/bin/cmake --build /home/f1tenth_ws/build/ackermann_mux -- -j8 -l8
[1.692s] Invoking command in '/home/f1tenth_ws/build/ackermann_mux': _=/usr/bin/env /usr/bin/cmake --install /home/f1tenth_ws/build/ackermann_mux
[1.739s] -- Install configuration: ""
[1.758s] -- Up-to-date: /home/f1tenth_ws/install/ackermann_mux/lib/ackermann_mux/ackermann_mux
[1.759s] -- Up-to-date: /home/f1tenth_ws/install/ackermann_mux/share/ackermann_mux/launch
[1.760s] -- Up-to-date: /home/f1tenth_ws/install/ackermann_mux/share/ackermann_mux/launch/ackermann_mux_launch.py
[1.761s] -- Up-to-date: /home/f1tenth_ws/install/ackermann_mux/share/ackermann_mux/config
[1.762s] -- Up-to-date: /home/f1tenth_ws/install/ackermann_mux/share/ackermann_mux/config/ackermann_mux_locks.yaml
[1.763s] -- Up-to-date: /home/f1tenth_ws/install/ackermann_mux/share/ackermann_mux/config/ackermann_mux_topics.yaml
[1.764s] -- Up-to-date: /home/f1tenth_ws/install/ackermann_mux/share/ackermann_mux/config/joystick.yaml
[1.764s] -- Up-to-date: /home/f1tenth_ws/install/ackermann_mux/include
[1.765s] -- Up-to-date: /home/f1tenth_ws/install/ackermann_mux/include/ackermann_mux
[1.766s] -- Up-to-date: /home/f1tenth_ws/install/ackermann_mux/include/ackermann_mux/ackermann_mux.hpp
[1.767s] -- Up-to-date: /home/f1tenth_ws/install/ackermann_mux/include/ackermann_mux/ackermann_mux_diagnostics.hpp
[1.767s] -- Up-to-date: /home/f1tenth_ws/install/ackermann_mux/include/ackermann_mux/ackermann_mux_diagnostics_status.hpp
[1.768s] -- Up-to-date: /home/f1tenth_ws/install/ackermann_mux/include/ackermann_mux/params_helpers.hpp
[1.769s] -- Up-to-date: /home/f1tenth_ws/install/ackermann_mux/include/ackermann_mux/topic_handle.hpp
[1.770s] -- Up-to-date: /home/f1tenth_ws/install/ackermann_mux/include/ackermann_mux/utils.hpp
[1.770s] -- Up-to-date: /home/f1tenth_ws/install/ackermann_mux/share/ament_index/resource_index/package_run_dependencies/ackermann_mux
[1.771s] -- Up-to-date: /home/f1tenth_ws/install/ackermann_mux/share/ament_index/resource_index/parent_prefix_path/ackermann_mux
[1.771s] -- Up-to-date: /home/f1tenth_ws/install/ackermann_mux/share/ackermann_mux/environment/ament_prefix_path.sh
[1.772s] -- Up-to-date: /home/f1tenth_ws/install/ackermann_mux/share/ackermann_mux/environment/ament_prefix_path.dsv
[1.772s] -- Up-to-date: /home/f1tenth_ws/install/ackermann_mux/share/ackermann_mux/environment/path.sh
[1.773s] -- Up-to-date: /home/f1tenth_ws/install/ackermann_mux/share/ackermann_mux/environment/path.dsv
[1.773s] -- Up-to-date: /home/f1tenth_ws/install/ackermann_mux/share/ackermann_mux/local_setup.bash
[1.774s] -- Up-to-date: /home/f1tenth_ws/install/ackermann_mux/share/ackermann_mux/local_setup.sh
[1.774s] -- Up-to-date: /home/f1tenth_ws/install/ackermann_mux/share/ackermann_mux/local_setup.zsh
[1.775s] -- Up-to-date: /home/f1tenth_ws/install/ackermann_mux/share/ackermann_mux/local_setup.dsv
[1.775s] -- Installing: /home/f1tenth_ws/install/ackermann_mux/share/ackermann_mux/package.dsv
[1.775s] -- Up-to-date: /home/f1tenth_ws/install/ackermann_mux/share/ament_index/resource_index/packages/ackermann_mux
[1.776s] -- Up-to-date: /home/f1tenth_ws/install/ackermann_mux/share/ackermann_mux/cmake/ament_cmake_export_include_directories-extras.cmake
[1.780s] -- Up-to-date: /home/f1tenth_ws/install/ackermann_mux/share/ackermann_mux/cmake/ament_cmake_export_dependencies-extras.cmake
[1.782s] -- Up-to-date: /home/f1tenth_ws/install/ackermann_mux/share/ackermann_mux/cmake/ackermann_muxConfig.cmake
[1.783s] -- Up-to-date: /home/f1tenth_ws/install/ackermann_mux/share/ackermann_mux/cmake/ackermann_muxConfig-version.cmake
[1.784s] -- Up-to-date: /home/f1tenth_ws/install/ackermann_mux/share/ackermann_mux/package.xml
[1.784s] Invoked command in '/home/f1tenth_ws/build/ackermann_mux' returned '0': _=/usr/bin/env /usr/bin/cmake --install /home/f1tenth_ws/build/ackermann_mux
