[4.516s] Invoking command in '/home/f1tenth_ws/src/person_follow': CONDA_PROMPT_MODIFIER=(base) PYTHONPATH=/home/f1tenth_ws/build/person_follow/prefix_override:/usr/lib/python3/dist-packages/colcon_core/task/python/colcon_distutils_commands:/home/f1tenth_ws/install/person_follow/lib/python3.8/site-packages:${PYTHONPATH} _=/usr/bin/env /usr/bin/python3 -W ignore:setup.py install is deprecated setup.py egg_info --egg-base ../../build/person_follow build --build-base /home/f1tenth_ws/build/person_follow/build install --record /home/f1tenth_ws/build/person_follow/install.log --install-scripts $base/lib/person_follow --single-version-externally-managed install_data
[4.859s] /usr/local/lib/python3.8/dist-packages/setuptools/dist.py:447: SetuptoolsDeprecationWarning: Invalid dash-separated options
[4.859s] !!
[4.860s] 
[4.860s]         ********************************************************************************
[4.861s]         Usage of dash-separated 'script-dir' will not be supported in future
[4.861s]         versions. Please use the underscore name 'script_dir' instead.
[4.862s] 
[4.862s]         This deprecation is overdue, please update your project and remove deprecated
[4.863s]         calls to avoid build errors in the future.
[4.864s] 
[4.865s]         See https://setuptools.pypa.io/en/latest/userguide/declarative_config.html for details.
[4.865s]         ********************************************************************************
[4.866s] 
[4.867s] !!
[4.868s]   opt = self.warn_dash_deprecation(opt, section)
[4.882s] /usr/local/lib/python3.8/dist-packages/setuptools/_distutils/dist.py:268: UserWarning: Unknown distribution option: 'tests_require'
[4.883s]   warnings.warn(msg)
[5.017s] running egg_info
[5.038s] writing ../../build/person_follow/person_follow.egg-info/PKG-INFO
[5.039s] writing dependency_links to ../../build/person_follow/person_follow.egg-info/dependency_links.txt
[5.039s] writing entry points to ../../build/person_follow/person_follow.egg-info/entry_points.txt
[5.040s] writing requirements to ../../build/person_follow/person_follow.egg-info/requires.txt
[5.040s] writing top-level names to ../../build/person_follow/person_follow.egg-info/top_level.txt
[5.214s] reading manifest file '../../build/person_follow/person_follow.egg-info/SOURCES.txt'
[5.214s] writing manifest file '../../build/person_follow/person_follow.egg-info/SOURCES.txt'
[5.215s] running build
[5.216s] running build_py
[5.217s] copying person_follow/__init__.py -> /home/f1tenth_ws/build/person_follow/build/lib/person_follow
[5.218s] copying person_follow/person_follow.py -> /home/f1tenth_ws/build/person_follow/build/lib/person_follow
[5.218s] running install
[5.222s] running install_lib
[5.244s] running install_data
[5.244s] copying resource/person_follow -> /home/f1tenth_ws/install/person_follow/share/ament_index/resource_index/packages
[5.245s] copying package.xml -> /home/f1tenth_ws/install/person_follow/share/person_follow
[5.245s] running install_egg_info
[5.267s] removing '/home/f1tenth_ws/install/person_follow/lib/python3.8/site-packages/person_follow-0.0.0-py3.8.egg-info' (and everything under it)
[5.267s] Copying ../../build/person_follow/person_follow.egg-info to /home/f1tenth_ws/install/person_follow/lib/python3.8/site-packages/person_follow-0.0.0-py3.8.egg-info
[5.268s] running install_scripts
[5.320s] Installing person_follow script to /home/f1tenth_ws/install/person_follow/lib/person_follow
[5.320s] writing list of installed files to '/home/f1tenth_ws/build/person_follow/install.log'
[5.379s] Invoked command in '/home/f1tenth_ws/src/person_follow' returned '0': CONDA_PROMPT_MODIFIER=(base) PYTHONPATH=/home/f1tenth_ws/build/person_follow/prefix_override:/usr/lib/python3/dist-packages/colcon_core/task/python/colcon_distutils_commands:/home/f1tenth_ws/install/person_follow/lib/python3.8/site-packages:${PYTHONPATH} _=/usr/bin/env /usr/bin/python3 -W ignore:setup.py install is deprecated setup.py egg_info --egg-base ../../build/person_follow build --build-base /home/f1tenth_ws/build/person_follow/build install --record /home/f1tenth_ws/build/person_follow/install.log --install-scripts $base/lib/person_follow --single-version-externally-managed install_data
