[0.068s] Invoking command in '/home/f1tenth_ws/build/teleop_tools': AMENT_PREFIX_PATH=/home/f1tenth_ws/install/joy_teleop:/home/f1tenth_ws/install/teleop_tools_msgs:/home/f1tenth_ws/install/key_teleop CMAKE_PREFIX_PATH=/home/f1tenth_ws/install/teleop_tools_msgs LD_LIBRARY_PATH=/home/f1tenth_ws/install/teleop_tools_msgs/lib PYTHONPATH=/home/f1tenth_ws/install/joy_teleop/lib/python3.8/site-packages:/home/f1tenth_ws/install/teleop_tools_msgs/lib/python3.8/site-packages:/home/f1tenth_ws/install/key_teleop/lib/python3.8/site-packages _=/usr/bin/env /usr/bin/cmake --build /home/f1tenth_ws/build/teleop_tools -- -j8 -l8
[0.229s] Invoked command in '/home/f1tenth_ws/build/teleop_tools' returned '0': AMENT_PREFIX_PATH=/home/f1tenth_ws/install/joy_teleop:/home/f1tenth_ws/install/teleop_tools_msgs:/home/f1tenth_ws/install/key_teleop CMAKE_PREFIX_PATH=/home/f1tenth_ws/install/teleop_tools_msgs LD_LIBRARY_PATH=/home/f1tenth_ws/install/teleop_tools_msgs/lib PYTHONPATH=/home/f1tenth_ws/install/joy_teleop/lib/python3.8/site-packages:/home/f1tenth_ws/install/teleop_tools_msgs/lib/python3.8/site-packages:/home/f1tenth_ws/install/key_teleop/lib/python3.8/site-packages _=/usr/bin/env /usr/bin/cmake --build /home/f1tenth_ws/build/teleop_tools -- -j8 -l8
[0.381s] Invoking command in '/home/f1tenth_ws/build/teleop_tools': AMENT_PREFIX_PATH=/home/f1tenth_ws/install/joy_teleop:/home/f1tenth_ws/install/teleop_tools_msgs:/home/f1tenth_ws/install/key_teleop CMAKE_PREFIX_PATH=/home/f1tenth_ws/install/teleop_tools_msgs LD_LIBRARY_PATH=/home/f1tenth_ws/install/teleop_tools_msgs/lib PYTHONPATH=/home/f1tenth_ws/install/joy_teleop/lib/python3.8/site-packages:/home/f1tenth_ws/install/teleop_tools_msgs/lib/python3.8/site-packages:/home/f1tenth_ws/install/key_teleop/lib/python3.8/site-packages _=/usr/bin/env /usr/bin/cmake --install /home/f1tenth_ws/build/teleop_tools
[0.418s] -- Install configuration: ""
[0.419s] -- Up-to-date: /home/f1tenth_ws/install/teleop_tools/share/ament_index/resource_index/package_run_dependencies/teleop_tools
[0.420s] -- Up-to-date: /home/f1tenth_ws/install/teleop_tools/share/ament_index/resource_index/parent_prefix_path/teleop_tools
[0.420s] -- Up-to-date: /home/f1tenth_ws/install/teleop_tools/share/teleop_tools/environment/ament_prefix_path.sh
[0.421s] -- Up-to-date: /home/f1tenth_ws/install/teleop_tools/share/teleop_tools/environment/ament_prefix_path.dsv
[0.421s] -- Up-to-date: /home/f1tenth_ws/install/teleop_tools/share/teleop_tools/environment/path.sh
[0.422s] -- Up-to-date: /home/f1tenth_ws/install/teleop_tools/share/teleop_tools/environment/path.dsv
[0.423s] -- Up-to-date: /home/f1tenth_ws/install/teleop_tools/share/teleop_tools/local_setup.bash
[0.427s] -- Up-to-date: /home/f1tenth_ws/install/teleop_tools/share/teleop_tools/local_setup.sh
[0.429s] -- Up-to-date: /home/f1tenth_ws/install/teleop_tools/share/teleop_tools/local_setup.zsh
[0.430s] -- Up-to-date: /home/f1tenth_ws/install/teleop_tools/share/teleop_tools/local_setup.dsv
[0.431s] -- Installing: /home/f1tenth_ws/install/teleop_tools/share/teleop_tools/package.dsv
[0.431s] -- Up-to-date: /home/f1tenth_ws/install/teleop_tools/share/ament_index/resource_index/packages/teleop_tools
[0.432s] -- Up-to-date: /home/f1tenth_ws/install/teleop_tools/share/teleop_tools/cmake/teleop_toolsConfig.cmake
[0.433s] -- Up-to-date: /home/f1tenth_ws/install/teleop_tools/share/teleop_tools/cmake/teleop_toolsConfig-version.cmake
[0.434s] -- Up-to-date: /home/f1tenth_ws/install/teleop_tools/share/teleop_tools/package.xml
[0.435s] Invoked command in '/home/f1tenth_ws/build/teleop_tools' returned '0': AMENT_PREFIX_PATH=/home/f1tenth_ws/install/joy_teleop:/home/f1tenth_ws/install/teleop_tools_msgs:/home/f1tenth_ws/install/key_teleop CMAKE_PREFIX_PATH=/home/f1tenth_ws/install/teleop_tools_msgs LD_LIBRARY_PATH=/home/f1tenth_ws/install/teleop_tools_msgs/lib PYTHONPATH=/home/f1tenth_ws/install/joy_teleop/lib/python3.8/site-packages:/home/f1tenth_ws/install/teleop_tools_msgs/lib/python3.8/site-packages:/home/f1tenth_ws/install/key_teleop/lib/python3.8/site-packages _=/usr/bin/env /usr/bin/cmake --install /home/f1tenth_ws/build/teleop_tools
