[3.418s] Invoking command in '/home/f1tenth_ws/src/camera_nav': CONDA_PROMPT_MODIFIER=(base) PYTHONPATH=/home/f1tenth_ws/build/camera_nav/prefix_override:/usr/lib/python3/dist-packages/colcon_core/task/python/colcon_distutils_commands:/home/f1tenth_ws/install/camera_nav/lib/python3.8/site-packages:${PYTHONPATH} _=/usr/bin/env /usr/bin/python3 -W ignore:setup.py install is deprecated setup.py egg_info --egg-base ../../build/camera_nav build --build-base /home/f1tenth_ws/build/camera_nav/build install --record /home/f1tenth_ws/build/camera_nav/install.log --single-version-externally-managed install_data
[3.915s] /usr/local/lib/python3.8/dist-packages/setuptools/_distutils/dist.py:268: UserWarning: Unknown distribution option: 'tests_require'
[3.915s]   warnings.warn(msg)
[4.147s] running egg_info
[4.181s] writing ../../build/camera_nav/camera_nav.egg-info/PKG-INFO
[4.182s] writing dependency_links to ../../build/camera_nav/camera_nav.egg-info/dependency_links.txt
[4.182s] writing entry points to ../../build/camera_nav/camera_nav.egg-info/entry_points.txt
[4.183s] writing requirements to ../../build/camera_nav/camera_nav.egg-info/requires.txt
[4.183s] writing top-level names to ../../build/camera_nav/camera_nav.egg-info/top_level.txt
[4.416s] reading manifest file '../../build/camera_nav/camera_nav.egg-info/SOURCES.txt'
[4.418s] writing manifest file '../../build/camera_nav/camera_nav.egg-info/SOURCES.txt'
[4.419s] running build
[4.419s] running build_py
[4.420s] copying camera_nav/camera_nav_node.py -> /home/f1tenth_ws/build/camera_nav/build/lib/camera_nav
[4.420s] copying camera_nav/__init__.py -> /home/f1tenth_ws/build/camera_nav/build/lib/camera_nav
[4.421s] running install
[4.430s] running install_lib
[4.459s] running install_data
[4.460s] copying resource/camera_nav -> /home/f1tenth_ws/install/camera_nav/share/ament_index/resource_index/packages
[4.460s] copying package.xml -> /home/f1tenth_ws/install/camera_nav/share/camera_nav
[4.461s] running install_egg_info
[4.500s] removing '/home/f1tenth_ws/install/camera_nav/lib/python3.8/site-packages/camera_nav-0.0.0-py3.8.egg-info' (and everything under it)
[4.501s] Copying ../../build/camera_nav/camera_nav.egg-info to /home/f1tenth_ws/install/camera_nav/lib/python3.8/site-packages/camera_nav-0.0.0-py3.8.egg-info
[4.502s] running install_scripts
[4.583s] Installing camera_nav script to /home/f1tenth_ws/install/camera_nav/lib/camera_nav
[4.584s] writing list of installed files to '/home/f1tenth_ws/build/camera_nav/install.log'
[5.040s] Invoked command in '/home/f1tenth_ws/src/camera_nav' returned '0': CONDA_PROMPT_MODIFIER=(base) PYTHONPATH=/home/f1tenth_ws/build/camera_nav/prefix_override:/usr/lib/python3/dist-packages/colcon_core/task/python/colcon_distutils_commands:/home/f1tenth_ws/install/camera_nav/lib/python3.8/site-packages:${PYTHONPATH} _=/usr/bin/env /usr/bin/python3 -W ignore:setup.py install is deprecated setup.py egg_info --egg-base ../../build/camera_nav build --build-base /home/f1tenth_ws/build/camera_nav/build install --record /home/f1tenth_ws/build/camera_nav/install.log --single-version-externally-managed install_data
