[1.913s] Invoking command in '/home/f1tenth_ws/src/wall_following': CONDA_PROMPT_MODIFIER=(base) PYTHONPATH=/home/f1tenth_ws/build/wall_following/prefix_override:/usr/lib/python3/dist-packages/colcon_core/task/python/colcon_distutils_commands:/home/f1tenth_ws/install/wall_following/lib/python3.8/site-packages:${PYTHONPATH} _=/usr/bin/env /usr/bin/python3 -W ignore:setup.py install is deprecated setup.py egg_info --egg-base ../../build/wall_following build --build-base /home/f1tenth_ws/build/wall_following/build install --record /home/f1tenth_ws/build/wall_following/install.log --install-scripts $base/lib/wall_following --single-version-externally-managed install_data
[2.127s] /usr/local/lib/python3.8/dist-packages/setuptools/dist.py:447: SetuptoolsDeprecationWarning: Invalid dash-separated options
[2.127s] !!
[2.128s] 
[2.128s]         ********************************************************************************
[2.128s]         Usage of dash-separated 'script-dir' will not be supported in future
[2.129s]         versions. Please use the underscore name 'script_dir' instead.
[2.132s] 
[2.133s]         This deprecation is overdue, please update your project and remove deprecated
[2.133s]         calls to avoid build errors in the future.
[2.134s] 
[2.134s]         See https://setuptools.pypa.io/en/latest/userguide/declarative_config.html for details.
[2.135s]         ********************************************************************************
[2.135s] 
[2.135s] !!
[2.136s]   opt = self.warn_dash_deprecation(opt, section)
[2.144s] /usr/local/lib/python3.8/dist-packages/setuptools/_distutils/dist.py:268: UserWarning: Unknown distribution option: 'tests_require'
[2.144s]   warnings.warn(msg)
[2.250s] running egg_info
[2.266s] writing ../../build/wall_following/wall_following.egg-info/PKG-INFO
[2.267s] writing dependency_links to ../../build/wall_following/wall_following.egg-info/dependency_links.txt
[2.267s] writing entry points to ../../build/wall_following/wall_following.egg-info/entry_points.txt
[2.267s] writing requirements to ../../build/wall_following/wall_following.egg-info/requires.txt
[2.268s] writing top-level names to ../../build/wall_following/wall_following.egg-info/top_level.txt
[2.398s] reading manifest file '../../build/wall_following/wall_following.egg-info/SOURCES.txt'
[2.400s] writing manifest file '../../build/wall_following/wall_following.egg-info/SOURCES.txt'
[2.402s] running build
[2.403s] running build_py
[2.404s] copying wall_following/__init__.py -> /home/f1tenth_ws/build/wall_following/build/lib/wall_following
[2.404s] copying wall_following/wall_following.py -> /home/f1tenth_ws/build/wall_following/build/lib/wall_following
[2.405s] running install
[2.405s] running install_lib
[2.419s] running install_data
[2.420s] copying resource/wall_following -> /home/f1tenth_ws/install/wall_following/share/ament_index/resource_index/packages
[2.421s] copying package.xml -> /home/f1tenth_ws/install/wall_following/share/wall_following
[2.422s] running install_egg_info
[2.439s] removing '/home/f1tenth_ws/install/wall_following/lib/python3.8/site-packages/wall_following-0.0.0-py3.8.egg-info' (and everything under it)
[2.439s] Copying ../../build/wall_following/wall_following.egg-info to /home/f1tenth_ws/install/wall_following/lib/python3.8/site-packages/wall_following-0.0.0-py3.8.egg-info
[2.440s] running install_scripts
[2.481s] Installing wall_following script to /home/f1tenth_ws/install/wall_following/lib/wall_following
[2.481s] writing list of installed files to '/home/f1tenth_ws/build/wall_following/install.log'
[2.531s] Invoked command in '/home/f1tenth_ws/src/wall_following' returned '0': CONDA_PROMPT_MODIFIER=(base) PYTHONPATH=/home/f1tenth_ws/build/wall_following/prefix_override:/usr/lib/python3/dist-packages/colcon_core/task/python/colcon_distutils_commands:/home/f1tenth_ws/install/wall_following/lib/python3.8/site-packages:${PYTHONPATH} _=/usr/bin/env /usr/bin/python3 -W ignore:setup.py install is deprecated setup.py egg_info --egg-base ../../build/wall_following build --build-base /home/f1tenth_ws/build/wall_following/build install --record /home/f1tenth_ws/build/wall_following/install.log --install-scripts $base/lib/wall_following --single-version-externally-managed install_data
