[1.277s] Invoking command in '/home/f1tenth_ws/src/wall_following': PYTHONPATH=/home/f1tenth_ws/build/wall_following/prefix_override:/usr/lib/python3/dist-packages/colcon_core/task/python/colcon_distutils_commands:/home/f1tenth_ws/install/wall_following/lib/python3.8/site-packages: _=/usr/bin/env /usr/bin/python3 -W ignore:setup.py install is deprecated setup.py egg_info --egg-base ../../build/wall_following build --build-base /home/f1tenth_ws/build/wall_following/build install --record /home/f1tenth_ws/build/wall_following/install.log --install-scripts $base/lib/wall_following --single-version-externally-managed install_data
[1.471s] /usr/local/lib/python3.8/dist-packages/setuptools/dist.py:447: SetuptoolsDeprecationWarning: Invalid dash-separated options
[1.472s] !!
[1.473s] 
[1.474s]         ********************************************************************************
[1.479s]         Usage of dash-separated 'script-dir' will not be supported in future
[1.489s]         versions. Please use the underscore name 'script_dir' instead.
[1.494s] 
[1.496s]         By 2024-Sep-26, you need to update your project and remove deprecated calls
[1.497s]         or your builds will no longer be supported.
[1.498s] 
[1.499s]         See https://setuptools.pypa.io/en/latest/userguide/declarative_config.html for details.
[1.500s]         ********************************************************************************
[1.502s] 
[1.503s] !!
[1.504s]   opt = self.warn_dash_deprecation(opt, section)
[1.508s] /usr/local/lib/python3.8/dist-packages/setuptools/_distutils/dist.py:268: UserWarning: Unknown distribution option: 'tests_require'
[1.509s]   warnings.warn(msg)
[1.561s] running egg_info
[1.570s] writing ../../build/wall_following/wall_following.egg-info/PKG-INFO
[1.571s] writing dependency_links to ../../build/wall_following/wall_following.egg-info/dependency_links.txt
[1.572s] writing entry points to ../../build/wall_following/wall_following.egg-info/entry_points.txt
[1.573s] writing requirements to ../../build/wall_following/wall_following.egg-info/requires.txt
[1.573s] writing top-level names to ../../build/wall_following/wall_following.egg-info/top_level.txt
[1.684s] reading manifest file '../../build/wall_following/wall_following.egg-info/SOURCES.txt'
[1.685s] writing manifest file '../../build/wall_following/wall_following.egg-info/SOURCES.txt'
[1.685s] running build
[1.686s] running build_py
[1.686s] copying wall_following/__init__.py -> /home/f1tenth_ws/build/wall_following/build/lib/wall_following
[1.687s] copying wall_following/wall_following.py -> /home/f1tenth_ws/build/wall_following/build/lib/wall_following
[1.687s] running install
[1.688s] running install_lib
[1.696s] running install_data
[1.697s] copying resource/wall_following -> /home/f1tenth_ws/install/wall_following/share/ament_index/resource_index/packages
[1.697s] copying package.xml -> /home/f1tenth_ws/install/wall_following/share/wall_following
[1.698s] running install_egg_info
[1.723s] removing '/home/f1tenth_ws/install/wall_following/lib/python3.8/site-packages/wall_following-0.0.0-py3.8.egg-info' (and everything under it)
[1.729s] Copying ../../build/wall_following/wall_following.egg-info to /home/f1tenth_ws/install/wall_following/lib/python3.8/site-packages/wall_following-0.0.0-py3.8.egg-info
[1.729s] running install_scripts
[1.741s] Installing wall_following script to /home/f1tenth_ws/install/wall_following/lib/wall_following
[1.742s] writing list of installed files to '/home/f1tenth_ws/build/wall_following/install.log'
[1.820s] Invoked command in '/home/f1tenth_ws/src/wall_following' returned '0': PYTHONPATH=/home/f1tenth_ws/build/wall_following/prefix_override:/usr/lib/python3/dist-packages/colcon_core/task/python/colcon_distutils_commands:/home/f1tenth_ws/install/wall_following/lib/python3.8/site-packages: _=/usr/bin/env /usr/bin/python3 -W ignore:setup.py install is deprecated setup.py egg_info --egg-base ../../build/wall_following build --build-base /home/f1tenth_ws/build/wall_following/build install --record /home/f1tenth_ws/build/wall_following/install.log --install-scripts $base/lib/wall_following --single-version-externally-managed install_data
