[4.308s] Invoking command in '/home/f1tenth_ws/src/f1tenth_system/teleop_tools/key_teleop': PYTHONPATH=/home/f1tenth_ws/build/key_teleop/prefix_override:/usr/lib/python3/dist-packages/colcon_core/task/python/colcon_distutils_commands:/home/f1tenth_ws/install/key_teleop/lib/python3.8/site-packages:${PYTHONPATH} _=/usr/bin/env /usr/bin/python3 -W ignore:setup.py install is deprecated setup.py egg_info --egg-base ../../../../build/key_teleop build --build-base /home/f1tenth_ws/build/key_teleop/build install --record /home/f1tenth_ws/build/key_teleop/install.log --install-scripts $base/lib/key_teleop --single-version-externally-managed install_data
[4.740s] /usr/local/lib/python3.8/dist-packages/setuptools/dist.py:447: SetuptoolsDeprecationWarning: Invalid dash-separated options
[4.740s] !!
[4.740s] 
[4.740s]         ********************************************************************************
[4.740s]         Usage of dash-separated 'script-dir' will not be supported in future
[4.741s]         versions. Please use the underscore name 'script_dir' instead.
[4.741s] 
[4.741s]         By 2024-Sep-26, you need to update your project and remove deprecated calls
[4.741s]         or your builds will no longer be supported.
[4.741s] 
[4.741s]         See https://setuptools.pypa.io/en/latest/userguide/declarative_config.html for details.
[4.741s]         ********************************************************************************
[4.741s] 
[4.741s] !!
[4.741s]   opt = self.warn_dash_deprecation(opt, section)
[4.796s] /usr/local/lib/python3.8/dist-packages/setuptools/_distutils/dist.py:268: UserWarning: Unknown distribution option: 'tests_require'
[4.797s]   warnings.warn(msg)
[5.150s] running egg_info
[5.193s] writing ../../../../build/key_teleop/key_teleop.egg-info/PKG-INFO
[5.194s] writing dependency_links to ../../../../build/key_teleop/key_teleop.egg-info/dependency_links.txt
[5.194s] writing entry points to ../../../../build/key_teleop/key_teleop.egg-info/entry_points.txt
[5.195s] writing requirements to ../../../../build/key_teleop/key_teleop.egg-info/requires.txt
[5.195s] writing top-level names to ../../../../build/key_teleop/key_teleop.egg-info/top_level.txt
[5.557s] reading manifest file '../../../../build/key_teleop/key_teleop.egg-info/SOURCES.txt'
[5.558s] adding license file 'LICENSE'
[5.583s] writing manifest file '../../../../build/key_teleop/key_teleop.egg-info/SOURCES.txt'
[5.583s] running build
[5.584s] running build_py
[5.584s] copying key_teleop/__init__.py -> /home/f1tenth_ws/build/key_teleop/build/lib/key_teleop
[5.585s] copying key_teleop/key_teleop.py -> /home/f1tenth_ws/build/key_teleop/build/lib/key_teleop
[5.585s] running install
[5.592s] running install_lib
[5.625s] running install_data
[5.625s] copying config/key_teleop.yaml -> /home/f1tenth_ws/install/key_teleop/share/key_teleop/config
[5.626s] running install_egg_info
[5.652s] removing '/home/f1tenth_ws/install/key_teleop/lib/python3.8/site-packages/key_teleop-0.3.0-py3.8.egg-info' (and everything under it)
[5.653s] Copying ../../../../build/key_teleop/key_teleop.egg-info to /home/f1tenth_ws/install/key_teleop/lib/python3.8/site-packages/key_teleop-0.3.0-py3.8.egg-info
[5.655s] running install_scripts
[5.728s] Installing key_teleop script to /home/f1tenth_ws/install/key_teleop/lib/key_teleop
[5.731s] writing list of installed files to '/home/f1tenth_ws/build/key_teleop/install.log'
[6.404s] Invoked command in '/home/f1tenth_ws/src/f1tenth_system/teleop_tools/key_teleop' returned '0': PYTHONPATH=/home/f1tenth_ws/build/key_teleop/prefix_override:/usr/lib/python3/dist-packages/colcon_core/task/python/colcon_distutils_commands:/home/f1tenth_ws/install/key_teleop/lib/python3.8/site-packages:${PYTHONPATH} _=/usr/bin/env /usr/bin/python3 -W ignore:setup.py install is deprecated setup.py egg_info --egg-base ../../../../build/key_teleop build --build-base /home/f1tenth_ws/build/key_teleop/build install --record /home/f1tenth_ws/build/key_teleop/install.log --install-scripts $base/lib/key_teleop --single-version-externally-managed install_data
