[3.649s] Invoking command in '/home/f1tenth_ws/src/f1tenth_system/teleop_tools/key_teleop': CONDA_PROMPT_MODIFIER=(base) PYTHONPATH=/home/f1tenth_ws/build/key_teleop/prefix_override:/usr/lib/python3/dist-packages/colcon_core/task/python/colcon_distutils_commands:/home/f1tenth_ws/install/key_teleop/lib/python3.8/site-packages:${PYTHONPATH} _=/usr/bin/env /usr/bin/python3 -W ignore:setup.py install is deprecated setup.py egg_info --egg-base ../../../../build/key_teleop build --build-base /home/f1tenth_ws/build/key_teleop/build install --record /home/f1tenth_ws/build/key_teleop/install.log --install-scripts $base/lib/key_teleop --single-version-externally-managed install_data
[3.998s] /usr/local/lib/python3.8/dist-packages/setuptools/dist.py:447: SetuptoolsDeprecationWarning: Invalid dash-separated options
[4.000s] !!
[4.000s] 
[4.001s]         ********************************************************************************
[4.001s]         Usage of dash-separated 'script-dir' will not be supported in future
[4.001s]         versions. Please use the underscore name 'script_dir' instead.
[4.002s] 
[4.004s]         This deprecation is overdue, please update your project and remove deprecated
[4.005s]         calls to avoid build errors in the future.
[4.005s] 
[4.005s]         See https://setuptools.pypa.io/en/latest/userguide/declarative_config.html for details.
[4.006s]         ********************************************************************************
[4.006s] 
[4.007s] !!
[4.010s]   opt = self.warn_dash_deprecation(opt, section)
[4.018s] /usr/local/lib/python3.8/dist-packages/setuptools/_distutils/dist.py:268: UserWarning: Unknown distribution option: 'tests_require'
[4.019s]   warnings.warn(msg)
[4.145s] running egg_info
[4.166s] writing ../../../../build/key_teleop/key_teleop.egg-info/PKG-INFO
[4.166s] writing dependency_links to ../../../../build/key_teleop/key_teleop.egg-info/dependency_links.txt
[4.167s] writing entry points to ../../../../build/key_teleop/key_teleop.egg-info/entry_points.txt
[4.167s] writing requirements to ../../../../build/key_teleop/key_teleop.egg-info/requires.txt
[4.168s] writing top-level names to ../../../../build/key_teleop/key_teleop.egg-info/top_level.txt
[4.342s] reading manifest file '../../../../build/key_teleop/key_teleop.egg-info/SOURCES.txt'
[4.345s] adding license file 'LICENSE'
[4.346s] writing manifest file '../../../../build/key_teleop/key_teleop.egg-info/SOURCES.txt'
[4.346s] running build
[4.346s] running build_py
[4.350s] copying key_teleop/__init__.py -> /home/f1tenth_ws/build/key_teleop/build/lib/key_teleop
[4.351s] copying key_teleop/key_teleop.py -> /home/f1tenth_ws/build/key_teleop/build/lib/key_teleop
[4.352s] running install
[4.352s] running install_lib
[4.363s] running install_data
[4.364s] copying package.xml -> /home/f1tenth_ws/install/key_teleop/share/key_teleop
[4.364s] copying config/key_teleop.yaml -> /home/f1tenth_ws/install/key_teleop/share/key_teleop/config
[4.365s] copying resource/key_teleop -> /home/f1tenth_ws/install/key_teleop/share/ament_index/resource_index/packages
[4.365s] running install_egg_info
[4.381s] removing '/home/f1tenth_ws/install/key_teleop/lib/python3.8/site-packages/key_teleop-0.3.0-py3.8.egg-info' (and everything under it)
[4.397s] Copying ../../../../build/key_teleop/key_teleop.egg-info to /home/f1tenth_ws/install/key_teleop/lib/python3.8/site-packages/key_teleop-0.3.0-py3.8.egg-info
[4.397s] running install_scripts
[4.439s] Installing key_teleop script to /home/f1tenth_ws/install/key_teleop/lib/key_teleop
[4.441s] writing list of installed files to '/home/f1tenth_ws/build/key_teleop/install.log'
[4.568s] Invoked command in '/home/f1tenth_ws/src/f1tenth_system/teleop_tools/key_teleop' returned '0': CONDA_PROMPT_MODIFIER=(base) PYTHONPATH=/home/f1tenth_ws/build/key_teleop/prefix_override:/usr/lib/python3/dist-packages/colcon_core/task/python/colcon_distutils_commands:/home/f1tenth_ws/install/key_teleop/lib/python3.8/site-packages:${PYTHONPATH} _=/usr/bin/env /usr/bin/python3 -W ignore:setup.py install is deprecated setup.py egg_info --egg-base ../../../../build/key_teleop build --build-base /home/f1tenth_ws/build/key_teleop/build install --record /home/f1tenth_ws/build/key_teleop/install.log --install-scripts $base/lib/key_teleop --single-version-externally-managed install_data
