[0.102s] Invoking command in '/home/f1tenth_ws/build/vesc': AMENT_PREFIX_PATH=/home/f1tenth_ws/install/vesc_driver:/home/f1tenth_ws/install/vesc_ackermann:/home/f1tenth_ws/install/vesc_msgs CMAKE_PREFIX_PATH=/home/f1tenth_ws/install/vesc_driver:/home/f1tenth_ws/install/vesc_ackermann:/home/f1tenth_ws/install/vesc_msgs LD_LIBRARY_PATH=/home/f1tenth_ws/install/vesc_driver/lib:/home/f1tenth_ws/install/vesc_ackermann/lib:/home/f1tenth_ws/install/vesc_msgs/lib PYTHONPATH=/home/f1tenth_ws/install/vesc_msgs/lib/python3.8/site-packages _=/usr/bin/env /usr/bin/cmake --build /home/f1tenth_ws/build/vesc -- -j8 -l8
[0.289s] Invoked command in '/home/f1tenth_ws/build/vesc' returned '0': AMENT_PREFIX_PATH=/home/f1tenth_ws/install/vesc_driver:/home/f1tenth_ws/install/vesc_ackermann:/home/f1tenth_ws/install/vesc_msgs CMAKE_PREFIX_PATH=/home/f1tenth_ws/install/vesc_driver:/home/f1tenth_ws/install/vesc_ackermann:/home/f1tenth_ws/install/vesc_msgs LD_LIBRARY_PATH=/home/f1tenth_ws/install/vesc_driver/lib:/home/f1tenth_ws/install/vesc_ackermann/lib:/home/f1tenth_ws/install/vesc_msgs/lib PYTHONPATH=/home/f1tenth_ws/install/vesc_msgs/lib/python3.8/site-packages _=/usr/bin/env /usr/bin/cmake --build /home/f1tenth_ws/build/vesc -- -j8 -l8
[0.420s] Invoking command in '/home/f1tenth_ws/build/vesc': AMENT_PREFIX_PATH=/home/f1tenth_ws/install/vesc_driver:/home/f1tenth_ws/install/vesc_ackermann:/home/f1tenth_ws/install/vesc_msgs CMAKE_PREFIX_PATH=/home/f1tenth_ws/install/vesc_driver:/home/f1tenth_ws/install/vesc_ackermann:/home/f1tenth_ws/install/vesc_msgs LD_LIBRARY_PATH=/home/f1tenth_ws/install/vesc_driver/lib:/home/f1tenth_ws/install/vesc_ackermann/lib:/home/f1tenth_ws/install/vesc_msgs/lib PYTHONPATH=/home/f1tenth_ws/install/vesc_msgs/lib/python3.8/site-packages _=/usr/bin/env /usr/bin/cmake --install /home/f1tenth_ws/build/vesc
[0.439s] -- Install configuration: ""
[0.440s] -- Up-to-date: /home/f1tenth_ws/install/vesc/share/ament_index/resource_index/package_run_dependencies/vesc
[0.440s] -- Up-to-date: /home/f1tenth_ws/install/vesc/share/ament_index/resource_index/parent_prefix_path/vesc
[0.441s] -- Up-to-date: /home/f1tenth_ws/install/vesc/share/vesc/environment/ament_prefix_path.sh
[0.441s] -- Up-to-date: /home/f1tenth_ws/install/vesc/share/vesc/environment/ament_prefix_path.dsv
[0.442s] -- Up-to-date: /home/f1tenth_ws/install/vesc/share/vesc/environment/path.sh
[0.442s] -- Up-to-date: /home/f1tenth_ws/install/vesc/share/vesc/environment/path.dsv
[0.443s] -- Up-to-date: /home/f1tenth_ws/install/vesc/share/vesc/local_setup.bash
[0.444s] -- Up-to-date: /home/f1tenth_ws/install/vesc/share/vesc/local_setup.sh
[0.446s] -- Up-to-date: /home/f1tenth_ws/install/vesc/share/vesc/local_setup.zsh
[0.448s] -- Up-to-date: /home/f1tenth_ws/install/vesc/share/vesc/local_setup.dsv
[0.454s] -- Installing: /home/f1tenth_ws/install/vesc/share/vesc/package.dsv
[0.455s] -- Up-to-date: /home/f1tenth_ws/install/vesc/share/ament_index/resource_index/packages/vesc
[0.456s] -- Up-to-date: /home/f1tenth_ws/install/vesc/share/vesc/cmake/vescConfig.cmake
[0.456s] -- Up-to-date: /home/f1tenth_ws/install/vesc/share/vesc/cmake/vescConfig-version.cmake
[0.458s] -- Up-to-date: /home/f1tenth_ws/install/vesc/share/vesc/package.xml
[0.459s] Invoked command in '/home/f1tenth_ws/build/vesc' returned '0': AMENT_PREFIX_PATH=/home/f1tenth_ws/install/vesc_driver:/home/f1tenth_ws/install/vesc_ackermann:/home/f1tenth_ws/install/vesc_msgs CMAKE_PREFIX_PATH=/home/f1tenth_ws/install/vesc_driver:/home/f1tenth_ws/install/vesc_ackermann:/home/f1tenth_ws/install/vesc_msgs LD_LIBRARY_PATH=/home/f1tenth_ws/install/vesc_driver/lib:/home/f1tenth_ws/install/vesc_ackermann/lib:/home/f1tenth_ws/install/vesc_msgs/lib PYTHONPATH=/home/f1tenth_ws/install/vesc_msgs/lib/python3.8/site-packages _=/usr/bin/env /usr/bin/cmake --install /home/f1tenth_ws/build/vesc
