[3.898s] Invoking command in '/home/f1tenth_ws/src/f1tenth_system/teleop_tools/key_teleop': CONDA_PROMPT_MODIFIER=(base) PYTHONPATH=/home/f1tenth_ws/build/key_teleop/prefix_override:/usr/lib/python3/dist-packages/colcon_core/task/python/colcon_distutils_commands:/home/f1tenth_ws/install/key_teleop/lib/python3.8/site-packages:${PYTHONPATH} _=/usr/bin/env /usr/bin/python3 -W ignore:setup.py install is deprecated setup.py egg_info --egg-base ../../../../build/key_teleop build --build-base /home/f1tenth_ws/build/key_teleop/build install --record /home/f1tenth_ws/build/key_teleop/install.log --install-scripts $base/lib/key_teleop --single-version-externally-managed install_data
[4.265s] /usr/local/lib/python3.8/dist-packages/setuptools/dist.py:447: SetuptoolsDeprecationWarning: Invalid dash-separated options
[4.265s] !!
[4.266s] 
[4.266s]         ********************************************************************************
[4.267s]         Usage of dash-separated 'script-dir' will not be supported in future
[4.267s]         versions. Please use the underscore name 'script_dir' instead.
[4.287s] 
[4.287s]         This deprecation is overdue, please update your project and remove deprecated
[4.288s]         calls to avoid build errors in the future.
[4.288s] 
[4.289s]         See https://setuptools.pypa.io/en/latest/userguide/declarative_config.html for details.
[4.289s]         ********************************************************************************
[4.290s] 
[4.290s] !!
[4.291s]   opt = self.warn_dash_deprecation(opt, section)
[4.321s] /usr/local/lib/python3.8/dist-packages/setuptools/_distutils/dist.py:268: UserWarning: Unknown distribution option: 'tests_require'
[4.321s]   warnings.warn(msg)
[4.631s] running egg_info
[4.689s] writing ../../../../build/key_teleop/key_teleop.egg-info/PKG-INFO
[4.690s] writing dependency_links to ../../../../build/key_teleop/key_teleop.egg-info/dependency_links.txt
[4.691s] writing entry points to ../../../../build/key_teleop/key_teleop.egg-info/entry_points.txt
[4.692s] writing requirements to ../../../../build/key_teleop/key_teleop.egg-info/requires.txt
[4.693s] writing top-level names to ../../../../build/key_teleop/key_teleop.egg-info/top_level.txt
[4.974s] reading manifest file '../../../../build/key_teleop/key_teleop.egg-info/SOURCES.txt'
[4.979s] adding license file 'LICENSE'
[4.979s] writing manifest file '../../../../build/key_teleop/key_teleop.egg-info/SOURCES.txt'
[4.981s] running build
[4.981s] running build_py
[4.982s] copying key_teleop/__init__.py -> /home/f1tenth_ws/build/key_teleop/build/lib/key_teleop
[4.982s] copying key_teleop/key_teleop.py -> /home/f1tenth_ws/build/key_teleop/build/lib/key_teleop
[4.983s] running install
[4.985s] running install_lib
[5.013s] running install_data
[5.013s] copying package.xml -> /home/f1tenth_ws/install/key_teleop/share/key_teleop
[5.014s] copying config/key_teleop.yaml -> /home/f1tenth_ws/install/key_teleop/share/key_teleop/config
[5.014s] copying resource/key_teleop -> /home/f1tenth_ws/install/key_teleop/share/ament_index/resource_index/packages
[5.015s] running install_egg_info
[5.039s] removing '/home/f1tenth_ws/install/key_teleop/lib/python3.8/site-packages/key_teleop-0.3.0-py3.8.egg-info' (and everything under it)
[5.040s] Copying ../../../../build/key_teleop/key_teleop.egg-info to /home/f1tenth_ws/install/key_teleop/lib/python3.8/site-packages/key_teleop-0.3.0-py3.8.egg-info
[5.042s] running install_scripts
[5.104s] Installing key_teleop script to /home/f1tenth_ws/install/key_teleop/lib/key_teleop
[5.104s] writing list of installed files to '/home/f1tenth_ws/build/key_teleop/install.log'
[5.724s] Invoked command in '/home/f1tenth_ws/src/f1tenth_system/teleop_tools/key_teleop' returned '0': CONDA_PROMPT_MODIFIER=(base) PYTHONPATH=/home/f1tenth_ws/build/key_teleop/prefix_override:/usr/lib/python3/dist-packages/colcon_core/task/python/colcon_distutils_commands:/home/f1tenth_ws/install/key_teleop/lib/python3.8/site-packages:${PYTHONPATH} _=/usr/bin/env /usr/bin/python3 -W ignore:setup.py install is deprecated setup.py egg_info --egg-base ../../../../build/key_teleop build --build-base /home/f1tenth_ws/build/key_teleop/build install --record /home/f1tenth_ws/build/key_teleop/install.log --install-scripts $base/lib/key_teleop --single-version-externally-managed install_data
