[2.169s] Invoking command in '/home/f1tenth_ws/src/wall_following': CONDA_PROMPT_MODIFIER=(base) PYTHONPATH=/home/f1tenth_ws/build/wall_following/prefix_override:/usr/lib/python3/dist-packages/colcon_core/task/python/colcon_distutils_commands:/home/f1tenth_ws/install/wall_following/lib/python3.8/site-packages:${PYTHONPATH} _=/usr/bin/env /usr/bin/python3 -W ignore:setup.py install is deprecated setup.py egg_info --egg-base ../../build/wall_following build --build-base /home/f1tenth_ws/build/wall_following/build install --record /home/f1tenth_ws/build/wall_following/install.log --install-scripts $base/lib/wall_following --single-version-externally-managed install_data
[2.366s] /usr/local/lib/python3.8/dist-packages/setuptools/dist.py:447: SetuptoolsDeprecationWarning: Invalid dash-separated options
[2.367s] !!
[2.367s] 
[2.368s]         ********************************************************************************
[2.368s]         Usage of dash-separated 'script-dir' will not be supported in future
[2.368s]         versions. Please use the underscore name 'script_dir' instead.
[2.369s] 
[2.369s]         This deprecation is overdue, please update your project and remove deprecated
[2.369s]         calls to avoid build errors in the future.
[2.370s] 
[2.370s]         See https://setuptools.pypa.io/en/latest/userguide/declarative_config.html for details.
[2.371s]         ********************************************************************************
[2.372s] 
[2.373s] !!
[2.373s]   opt = self.warn_dash_deprecation(opt, section)
[2.383s] /usr/local/lib/python3.8/dist-packages/setuptools/_distutils/dist.py:268: UserWarning: Unknown distribution option: 'tests_require'
[2.383s]   warnings.warn(msg)
[2.493s] running egg_info
[2.509s] writing ../../build/wall_following/wall_following.egg-info/PKG-INFO
[2.510s] writing dependency_links to ../../build/wall_following/wall_following.egg-info/dependency_links.txt
[2.510s] writing entry points to ../../build/wall_following/wall_following.egg-info/entry_points.txt
[2.511s] writing requirements to ../../build/wall_following/wall_following.egg-info/requires.txt
[2.511s] writing top-level names to ../../build/wall_following/wall_following.egg-info/top_level.txt
[2.644s] reading manifest file '../../build/wall_following/wall_following.egg-info/SOURCES.txt'
[2.645s] writing manifest file '../../build/wall_following/wall_following.egg-info/SOURCES.txt'
[2.646s] running build
[2.648s] running build_py
[2.649s] copying wall_following/__init__.py -> /home/f1tenth_ws/build/wall_following/build/lib/wall_following
[2.650s] copying wall_following/wall_following.py -> /home/f1tenth_ws/build/wall_following/build/lib/wall_following
[2.657s] running install
[2.658s] running install_lib
[2.667s] running install_data
[2.668s] copying resource/wall_following -> /home/f1tenth_ws/install/wall_following/share/ament_index/resource_index/packages
[2.668s] copying package.xml -> /home/f1tenth_ws/install/wall_following/share/wall_following
[2.669s] running install_egg_info
[2.686s] removing '/home/f1tenth_ws/install/wall_following/lib/python3.8/site-packages/wall_following-0.0.0-py3.8.egg-info' (and everything under it)
[2.686s] Copying ../../build/wall_following/wall_following.egg-info to /home/f1tenth_ws/install/wall_following/lib/python3.8/site-packages/wall_following-0.0.0-py3.8.egg-info
[2.687s] running install_scripts
[2.732s] Installing wall_following script to /home/f1tenth_ws/install/wall_following/lib/wall_following
[2.733s] writing list of installed files to '/home/f1tenth_ws/build/wall_following/install.log'
[2.785s] Invoked command in '/home/f1tenth_ws/src/wall_following' returned '0': CONDA_PROMPT_MODIFIER=(base) PYTHONPATH=/home/f1tenth_ws/build/wall_following/prefix_override:/usr/lib/python3/dist-packages/colcon_core/task/python/colcon_distutils_commands:/home/f1tenth_ws/install/wall_following/lib/python3.8/site-packages:${PYTHONPATH} _=/usr/bin/env /usr/bin/python3 -W ignore:setup.py install is deprecated setup.py egg_info --egg-base ../../build/wall_following build --build-base /home/f1tenth_ws/build/wall_following/build install --record /home/f1tenth_ws/build/wall_following/install.log --install-scripts $base/lib/wall_following --single-version-externally-managed install_data
