[4.458s] Invoking command in '/home/f1tenth_ws/src/f1tenth_system/teleop_tools/key_teleop': CONDA_PROMPT_MODIFIER=(base) PYTHONPATH=/home/f1tenth_ws/src/build/key_teleop/prefix_override:/usr/lib/python3/dist-packages/colcon_core/task/python/colcon_distutils_commands:/home/f1tenth_ws/src/install/key_teleop/lib/python3.8/site-packages:${PYTHONPATH} _=/usr/bin/env /usr/bin/python3 -W ignore:setup.py install is deprecated setup.py egg_info --egg-base ../../../build/key_teleop build --build-base /home/f1tenth_ws/src/build/key_teleop/build install --record /home/f1tenth_ws/src/build/key_teleop/install.log --install-scripts $base/lib/key_teleop --single-version-externally-managed install_data
[4.898s] /usr/local/lib/python3.8/dist-packages/setuptools/dist.py:447: SetuptoolsDeprecationWarning: Invalid dash-separated options
[4.900s] !!
[4.902s] 
[4.903s]         ********************************************************************************
[4.903s]         Usage of dash-separated 'script-dir' will not be supported in future
[4.903s]         versions. Please use the underscore name 'script_dir' instead.
[4.903s] 
[4.903s]         This deprecation is overdue, please update your project and remove deprecated
[4.903s]         calls to avoid build errors in the future.
[4.903s] 
[4.903s]         See https://setuptools.pypa.io/en/latest/userguide/declarative_config.html for details.
[4.903s]         ********************************************************************************
[4.903s] 
[4.903s] !!
[4.904s]   opt = self.warn_dash_deprecation(opt, section)
[4.930s] /usr/local/lib/python3.8/dist-packages/setuptools/_distutils/dist.py:268: UserWarning: Unknown distribution option: 'tests_require'
[4.931s]   warnings.warn(msg)
[5.109s] running egg_info
[5.146s] writing ../../../build/key_teleop/key_teleop.egg-info/PKG-INFO
[5.167s] writing dependency_links to ../../../build/key_teleop/key_teleop.egg-info/dependency_links.txt
[5.167s] writing entry points to ../../../build/key_teleop/key_teleop.egg-info/entry_points.txt
[5.168s] writing requirements to ../../../build/key_teleop/key_teleop.egg-info/requires.txt
[5.169s] writing top-level names to ../../../build/key_teleop/key_teleop.egg-info/top_level.txt
[5.445s] reading manifest file '../../../build/key_teleop/key_teleop.egg-info/SOURCES.txt'
[5.455s] adding license file 'LICENSE'
[5.456s] writing manifest file '../../../build/key_teleop/key_teleop.egg-info/SOURCES.txt'
[5.460s] running build
[5.460s] running build_py
[5.489s] copying key_teleop/__init__.py -> /home/f1tenth_ws/src/build/key_teleop/build/lib/key_teleop
[5.489s] copying key_teleop/key_teleop.py -> /home/f1tenth_ws/src/build/key_teleop/build/lib/key_teleop
[5.490s] running install
[5.491s] running install_lib
[5.550s] running install_data
[5.550s] copying package.xml -> /home/f1tenth_ws/src/install/key_teleop/share/key_teleop
[5.551s] copying config/key_teleop.yaml -> /home/f1tenth_ws/src/install/key_teleop/share/key_teleop/config
[5.551s] copying resource/key_teleop -> /home/f1tenth_ws/src/install/key_teleop/share/ament_index/resource_index/packages
[5.552s] running install_egg_info
[5.582s] removing '/home/f1tenth_ws/src/install/key_teleop/lib/python3.8/site-packages/key_teleop-0.3.0-py3.8.egg-info' (and everything under it)
[5.583s] Copying ../../../build/key_teleop/key_teleop.egg-info to /home/f1tenth_ws/src/install/key_teleop/lib/python3.8/site-packages/key_teleop-0.3.0-py3.8.egg-info
[5.601s] running install_scripts
[5.724s] Installing key_teleop script to /home/f1tenth_ws/src/install/key_teleop/lib/key_teleop
[5.725s] writing list of installed files to '/home/f1tenth_ws/src/build/key_teleop/install.log'
[5.856s] Invoked command in '/home/f1tenth_ws/src/f1tenth_system/teleop_tools/key_teleop' returned '0': CONDA_PROMPT_MODIFIER=(base) PYTHONPATH=/home/f1tenth_ws/src/build/key_teleop/prefix_override:/usr/lib/python3/dist-packages/colcon_core/task/python/colcon_distutils_commands:/home/f1tenth_ws/src/install/key_teleop/lib/python3.8/site-packages:${PYTHONPATH} _=/usr/bin/env /usr/bin/python3 -W ignore:setup.py install is deprecated setup.py egg_info --egg-base ../../../build/key_teleop build --build-base /home/f1tenth_ws/src/build/key_teleop/build install --record /home/f1tenth_ws/src/build/key_teleop/install.log --install-scripts $base/lib/key_teleop --single-version-externally-managed install_data
