[2.737s] Invoking command in '/home/f1tenth_ws/src/voice_control': PYTHONPATH=/home/f1tenth_ws/build/voice_control/prefix_override:/usr/lib/python3/dist-packages/colcon_core/task/python/colcon_distutils_commands:/home/f1tenth_ws/install/voice_control/lib/python3.8/site-packages:${PYTHONPATH} _=/usr/bin/env /usr/bin/python3 -W ignore:setup.py install is deprecated setup.py egg_info --egg-base ../../build/voice_control build --build-base /home/f1tenth_ws/build/voice_control/build install --record /home/f1tenth_ws/build/voice_control/install.log --install-scripts $base/lib/voice_control --single-version-externally-managed install_data
[3.053s] running egg_info
[3.054s] creating ../../build/voice_control/voice_control.egg-info
[3.055s] writing ../../build/voice_control/voice_control.egg-info/PKG-INFO
[3.055s] writing dependency_links to ../../build/voice_control/voice_control.egg-info/dependency_links.txt
[3.056s] writing entry points to ../../build/voice_control/voice_control.egg-info/entry_points.txt
[3.056s] writing requirements to ../../build/voice_control/voice_control.egg-info/requires.txt
[3.057s] writing top-level names to ../../build/voice_control/voice_control.egg-info/top_level.txt
[3.063s] writing manifest file '../../build/voice_control/voice_control.egg-info/SOURCES.txt'
[3.138s] reading manifest file '../../build/voice_control/voice_control.egg-info/SOURCES.txt'
[3.139s] writing manifest file '../../build/voice_control/voice_control.egg-info/SOURCES.txt'
[3.139s] running build
[3.140s] running build_py
[3.140s] creating /home/f1tenth_ws/build/voice_control/build
[3.140s] creating /home/f1tenth_ws/build/voice_control/build/lib
[3.141s] creating /home/f1tenth_ws/build/voice_control/build/lib/voice_control
[3.141s] copying voice_control/__init__.py -> /home/f1tenth_ws/build/voice_control/build/lib/voice_control
[3.142s] copying voice_control/voice_command_node.py -> /home/f1tenth_ws/build/voice_control/build/lib/voice_control
[3.142s] copying voice_control/command_mapper_node.py -> /home/f1tenth_ws/build/voice_control/build/lib/voice_control
[3.143s] running install
[3.143s] running install_lib
[3.144s] creating /home/f1tenth_ws/install/voice_control/lib/python3.8/site-packages/voice_control
[3.145s] copying /home/f1tenth_ws/build/voice_control/build/lib/voice_control/__init__.py -> /home/f1tenth_ws/install/voice_control/lib/python3.8/site-packages/voice_control
[3.146s] copying /home/f1tenth_ws/build/voice_control/build/lib/voice_control/voice_command_node.py -> /home/f1tenth_ws/install/voice_control/lib/python3.8/site-packages/voice_control
[3.146s] copying /home/f1tenth_ws/build/voice_control/build/lib/voice_control/command_mapper_node.py -> /home/f1tenth_ws/install/voice_control/lib/python3.8/site-packages/voice_control
[3.152s] byte-compiling /home/f1tenth_ws/install/voice_control/lib/python3.8/site-packages/voice_control/__init__.py to __init__.cpython-38.pyc
[3.154s] byte-compiling /home/f1tenth_ws/install/voice_control/lib/python3.8/site-packages/voice_control/voice_command_node.py to voice_command_node.cpython-38.pyc
[3.154s] byte-compiling /home/f1tenth_ws/install/voice_control/lib/python3.8/site-packages/voice_control/command_mapper_node.py to command_mapper_node.cpython-38.pyc
[3.155s] running install_data
[3.155s] creating /home/f1tenth_ws/install/voice_control/share/ament_index
[3.156s] creating /home/f1tenth_ws/install/voice_control/share/ament_index/resource_index
[3.156s] creating /home/f1tenth_ws/install/voice_control/share/ament_index/resource_index/packages
[3.157s] copying resource/voice_control -> /home/f1tenth_ws/install/voice_control/share/ament_index/resource_index/packages
[3.157s] copying package.xml -> /home/f1tenth_ws/install/voice_control/share/voice_control
[3.158s] running install_egg_info
[3.160s] Copying ../../build/voice_control/voice_control.egg-info to /home/f1tenth_ws/install/voice_control/lib/python3.8/site-packages/voice_control-0.0.0-py3.8.egg-info
[3.161s] running install_scripts
[3.161s] writing list of installed files to '/home/f1tenth_ws/build/voice_control/install.log'
[3.198s] Invoked command in '/home/f1tenth_ws/src/voice_control' returned '0': PYTHONPATH=/home/f1tenth_ws/build/voice_control/prefix_override:/usr/lib/python3/dist-packages/colcon_core/task/python/colcon_distutils_commands:/home/f1tenth_ws/install/voice_control/lib/python3.8/site-packages:${PYTHONPATH} _=/usr/bin/env /usr/bin/python3 -W ignore:setup.py install is deprecated setup.py egg_info --egg-base ../../build/voice_control build --build-base /home/f1tenth_ws/build/voice_control/build install --record /home/f1tenth_ws/build/voice_control/install.log --install-scripts $base/lib/voice_control --single-version-externally-managed install_data
