[3.575s] Invoking command in '/home/f1tenth_ws/src/person_follow': PYTHONPATH=/home/f1tenth_ws/build/person_follow/prefix_override:/usr/lib/python3/dist-packages/colcon_core/task/python/colcon_distutils_commands:/home/f1tenth_ws/install/person_follow/lib/python3.8/site-packages:${PYTHONPATH} _=/usr/bin/env /usr/bin/python3 -W ignore:setup.py install is deprecated setup.py egg_info --egg-base ../../build/person_follow build --build-base /home/f1tenth_ws/build/person_follow/build install --record /home/f1tenth_ws/build/person_follow/install.log --install-scripts $base/lib/person_follow --single-version-externally-managed install_data
[4.410s] /usr/local/lib/python3.8/dist-packages/setuptools/dist.py:447: SetuptoolsDeprecationWarning: Invalid dash-separated options
[4.411s] !!
[4.413s] 
[4.414s]         ********************************************************************************
[4.415s]         Usage of dash-separated 'script-dir' will not be supported in future
[4.415s]         versions. Please use the underscore name 'script_dir' instead.
[4.416s] 
[4.419s]         By 2024-Sep-26, you need to update your project and remove deprecated calls
[4.420s]         or your builds will no longer be supported.
[4.420s] 
[4.421s]         See https://setuptools.pypa.io/en/latest/userguide/declarative_config.html for details.
[4.422s]         ********************************************************************************
[4.422s] 
[4.423s] !!
[4.424s]   opt = self.warn_dash_deprecation(opt, section)
[4.434s] /usr/local/lib/python3.8/dist-packages/setuptools/_distutils/dist.py:268: UserWarning: Unknown distribution option: 'tests_require'
[4.439s]   warnings.warn(msg)
[4.598s] running egg_info
[4.627s] writing ../../build/person_follow/person_follow.egg-info/PKG-INFO
[4.628s] writing dependency_links to ../../build/person_follow/person_follow.egg-info/dependency_links.txt
[4.629s] writing entry points to ../../build/person_follow/person_follow.egg-info/entry_points.txt
[4.629s] writing requirements to ../../build/person_follow/person_follow.egg-info/requires.txt
[4.630s] writing top-level names to ../../build/person_follow/person_follow.egg-info/top_level.txt
[4.841s] reading manifest file '../../build/person_follow/person_follow.egg-info/SOURCES.txt'
[4.844s] writing manifest file '../../build/person_follow/person_follow.egg-info/SOURCES.txt'
[4.845s] running build
[4.845s] running build_py
[4.846s] copying person_follow/__init__.py -> /home/f1tenth_ws/build/person_follow/build/lib/person_follow
[4.846s] copying person_follow/person_follow.py -> /home/f1tenth_ws/build/person_follow/build/lib/person_follow
[4.847s] running install
[4.852s] running install_lib
[4.879s] running install_data
[4.880s] copying resource/person_follow -> /home/f1tenth_ws/install/person_follow/share/ament_index/resource_index/packages
[4.881s] copying package.xml -> /home/f1tenth_ws/install/person_follow/share/person_follow
[4.881s] running install_egg_info
[4.911s] removing '/home/f1tenth_ws/install/person_follow/lib/python3.8/site-packages/person_follow-0.0.0-py3.8.egg-info' (and everything under it)
[4.912s] Copying ../../build/person_follow/person_follow.egg-info to /home/f1tenth_ws/install/person_follow/lib/python3.8/site-packages/person_follow-0.0.0-py3.8.egg-info
[4.914s] running install_scripts
[4.994s] Installing person_follow script to /home/f1tenth_ws/install/person_follow/lib/person_follow
[4.996s] writing list of installed files to '/home/f1tenth_ws/build/person_follow/install.log'
[5.119s] Invoked command in '/home/f1tenth_ws/src/person_follow' returned '0': PYTHONPATH=/home/f1tenth_ws/build/person_follow/prefix_override:/usr/lib/python3/dist-packages/colcon_core/task/python/colcon_distutils_commands:/home/f1tenth_ws/install/person_follow/lib/python3.8/site-packages:${PYTHONPATH} _=/usr/bin/env /usr/bin/python3 -W ignore:setup.py install is deprecated setup.py egg_info --egg-base ../../build/person_follow build --build-base /home/f1tenth_ws/build/person_follow/build install --record /home/f1tenth_ws/build/person_follow/install.log --install-scripts $base/lib/person_follow --single-version-externally-managed install_data
