[4.560s] Invoking command in '/home/f1tenth_ws/src/voice_control': CONDA_PROMPT_MODIFIER=(base) PYTHONPATH=/home/f1tenth_ws/build/voice_control/prefix_override:/usr/lib/python3/dist-packages/colcon_core/task/python/colcon_distutils_commands:/home/f1tenth_ws/install/voice_control/lib/python3.8/site-packages:${PYTHONPATH} _=/usr/bin/env /usr/bin/python3 -W ignore:setup.py install is deprecated setup.py egg_info --egg-base ../../build/voice_control build --build-base /home/f1tenth_ws/build/voice_control/build install --record /home/f1tenth_ws/build/voice_control/install.log --install-scripts $base/lib/voice_control --single-version-externally-managed install_data
[5.132s] /usr/local/lib/python3.8/dist-packages/setuptools/dist.py:447: SetuptoolsDeprecationWarning: Invalid dash-separated options
[5.133s] !!
[5.133s] 
[5.134s]         ********************************************************************************
[5.135s]         Usage of dash-separated 'script-dir' will not be supported in future
[5.136s]         versions. Please use the underscore name 'script_dir' instead.
[5.136s] 
[5.137s]         This deprecation is overdue, please update your project and remove deprecated
[5.137s]         calls to avoid build errors in the future.
[5.138s] 
[5.158s]         See https://setuptools.pypa.io/en/latest/userguide/declarative_config.html for details.
[5.159s]         ********************************************************************************
[5.159s] 
[5.159s] !!
[5.159s]   opt = self.warn_dash_deprecation(opt, section)
[5.173s] /usr/local/lib/python3.8/dist-packages/setuptools/_distutils/dist.py:268: UserWarning: Unknown distribution option: 'tests_require'
[5.173s]   warnings.warn(msg)
[5.613s] running egg_info
[5.643s] writing ../../build/voice_control/voice_control.egg-info/PKG-INFO
[5.644s] writing dependency_links to ../../build/voice_control/voice_control.egg-info/dependency_links.txt
[5.645s] writing entry points to ../../build/voice_control/voice_control.egg-info/entry_points.txt
[5.649s] writing requirements to ../../build/voice_control/voice_control.egg-info/requires.txt
[5.650s] writing top-level names to ../../build/voice_control/voice_control.egg-info/top_level.txt
[6.143s] reading manifest file '../../build/voice_control/voice_control.egg-info/SOURCES.txt'
[6.168s] writing manifest file '../../build/voice_control/voice_control.egg-info/SOURCES.txt'
[6.170s] running build
[6.172s] running build_py
[6.173s] copying voice_control/__init__.py -> /home/f1tenth_ws/build/voice_control/build/lib/voice_control
[6.182s] copying voice_control/voice_command_node.py -> /home/f1tenth_ws/build/voice_control/build/lib/voice_control
[6.186s] copying voice_control/to_text.py -> /home/f1tenth_ws/build/voice_control/build/lib/voice_control
[6.187s] running install
[6.188s] running install_lib
[6.194s] running install_data
[6.195s] copying resource/voice_control -> /home/f1tenth_ws/install/voice_control/share/ament_index/resource_index/packages
[6.196s] copying package.xml -> /home/f1tenth_ws/install/voice_control/share/voice_control
[6.196s] running install_egg_info
[6.287s] removing '/home/f1tenth_ws/install/voice_control/lib/python3.8/site-packages/voice_control-0.0.0-py3.8.egg-info' (and everything under it)
[6.287s] Copying ../../build/voice_control/voice_control.egg-info to /home/f1tenth_ws/install/voice_control/lib/python3.8/site-packages/voice_control-0.0.0-py3.8.egg-info
[6.287s] running install_scripts
[6.409s] Installing voice_command_node script to /home/f1tenth_ws/install/voice_control/lib/voice_control
[6.410s] writing list of installed files to '/home/f1tenth_ws/build/voice_control/install.log'
[6.662s] Invoked command in '/home/f1tenth_ws/src/voice_control' returned '0': CONDA_PROMPT_MODIFIER=(base) PYTHONPATH=/home/f1tenth_ws/build/voice_control/prefix_override:/usr/lib/python3/dist-packages/colcon_core/task/python/colcon_distutils_commands:/home/f1tenth_ws/install/voice_control/lib/python3.8/site-packages:${PYTHONPATH} _=/usr/bin/env /usr/bin/python3 -W ignore:setup.py install is deprecated setup.py egg_info --egg-base ../../build/voice_control build --build-base /home/f1tenth_ws/build/voice_control/build install --record /home/f1tenth_ws/build/voice_control/install.log --install-scripts $base/lib/voice_control --single-version-externally-managed install_data
