[3.190s] Invoking command in '/home/f1tenth_ws/src/person_follow': PYTHONPATH=/home/f1tenth_ws/build/person_follow/prefix_override:/usr/lib/python3/dist-packages/colcon_core/task/python/colcon_distutils_commands:/home/f1tenth_ws/install/person_follow/lib/python3.8/site-packages:${PYTHONPATH} _=/usr/bin/env /usr/bin/python3 -W ignore:setup.py install is deprecated setup.py egg_info --egg-base ../../build/person_follow build --build-base /home/f1tenth_ws/build/person_follow/build install --record /home/f1tenth_ws/build/person_follow/install.log --install-scripts $base/lib/person_follow --single-version-externally-managed install_data
[3.605s] /usr/local/lib/python3.8/dist-packages/setuptools/dist.py:447: SetuptoolsDeprecationWarning: Invalid dash-separated options
[3.607s] !!
[3.609s] 
[3.610s]         ********************************************************************************
[3.610s]         Usage of dash-separated 'script-dir' will not be supported in future
[3.611s]         versions. Please use the underscore name 'script_dir' instead.
[3.618s] 
[3.631s]         By 2024-Sep-26, you need to update your project and remove deprecated calls
[3.631s]         or your builds will no longer be supported.
[3.631s] 
[3.631s]         See https://setuptools.pypa.io/en/latest/userguide/declarative_config.html for details.
[3.631s]         ********************************************************************************
[3.632s] 
[3.632s] !!
[3.632s]   opt = self.warn_dash_deprecation(opt, section)
[3.632s] /usr/local/lib/python3.8/dist-packages/setuptools/_distutils/dist.py:268: UserWarning: Unknown distribution option: 'tests_require'
[3.632s]   warnings.warn(msg)
[3.872s] running egg_info
[3.946s] writing ../../build/person_follow/person_follow.egg-info/PKG-INFO
[3.949s] writing dependency_links to ../../build/person_follow/person_follow.egg-info/dependency_links.txt
[3.954s] writing entry points to ../../build/person_follow/person_follow.egg-info/entry_points.txt
[3.955s] writing requirements to ../../build/person_follow/person_follow.egg-info/requires.txt
[3.958s] writing top-level names to ../../build/person_follow/person_follow.egg-info/top_level.txt
[4.256s] reading manifest file '../../build/person_follow/person_follow.egg-info/SOURCES.txt'
[4.257s] writing manifest file '../../build/person_follow/person_follow.egg-info/SOURCES.txt'
[4.258s] running build
[4.258s] running build_py
[4.259s] copying person_follow/__init__.py -> /home/f1tenth_ws/build/person_follow/build/lib/person_follow
[4.260s] copying person_follow/person_follow.py -> /home/f1tenth_ws/build/person_follow/build/lib/person_follow
[4.261s] running install
[4.262s] running install_lib
[4.285s] running install_data
[4.287s] copying resource/person_follow -> /home/f1tenth_ws/install/person_follow/share/ament_index/resource_index/packages
[4.288s] copying package.xml -> /home/f1tenth_ws/install/person_follow/share/person_follow
[4.289s] running install_egg_info
[4.296s] removing '/home/f1tenth_ws/install/person_follow/lib/python3.8/site-packages/person_follow-0.0.0-py3.8.egg-info' (and everything under it)
[4.297s] Copying ../../build/person_follow/person_follow.egg-info to /home/f1tenth_ws/install/person_follow/lib/python3.8/site-packages/person_follow-0.0.0-py3.8.egg-info
[4.302s] running install_scripts
[4.346s] Installing person_follow script to /home/f1tenth_ws/install/person_follow/lib/person_follow
[4.348s] writing list of installed files to '/home/f1tenth_ws/build/person_follow/install.log'
[4.415s] Invoked command in '/home/f1tenth_ws/src/person_follow' returned '0': PYTHONPATH=/home/f1tenth_ws/build/person_follow/prefix_override:/usr/lib/python3/dist-packages/colcon_core/task/python/colcon_distutils_commands:/home/f1tenth_ws/install/person_follow/lib/python3.8/site-packages:${PYTHONPATH} _=/usr/bin/env /usr/bin/python3 -W ignore:setup.py install is deprecated setup.py egg_info --egg-base ../../build/person_follow build --build-base /home/f1tenth_ws/build/person_follow/build install --record /home/f1tenth_ws/build/person_follow/install.log --install-scripts $base/lib/person_follow --single-version-externally-managed install_data
