[1.372s] Invoking command in '/home/f1tenth_ws/src/wall_following': CONDA_PROMPT_MODIFIER=(base) PYTHONPATH=/home/f1tenth_ws/build/wall_following/prefix_override:/usr/lib/python3/dist-packages/colcon_core/task/python/colcon_distutils_commands:/home/f1tenth_ws/install/wall_following/lib/python3.8/site-packages: _=/usr/bin/env /usr/bin/python3 -W ignore:setup.py install is deprecated setup.py egg_info --egg-base ../../build/wall_following build --build-base /home/f1tenth_ws/build/wall_following/build install --record /home/f1tenth_ws/build/wall_following/install.log --install-scripts $base/lib/wall_following --single-version-externally-managed install_data
[1.567s] /usr/local/lib/python3.8/dist-packages/setuptools/dist.py:447: SetuptoolsDeprecationWarning: Invalid dash-separated options
[1.571s] !!
[1.572s] 
[1.574s]         ********************************************************************************
[1.578s]         Usage of dash-separated 'script-dir' will not be supported in future
[1.579s]         versions. Please use the underscore name 'script_dir' instead.
[1.580s] 
[1.581s]         This deprecation is overdue, please update your project and remove deprecated
[1.581s]         calls to avoid build errors in the future.
[1.582s] 
[1.582s]         See https://setuptools.pypa.io/en/latest/userguide/declarative_config.html for details.
[1.583s]         ********************************************************************************
[1.584s] 
[1.586s] !!
[1.586s]   opt = self.warn_dash_deprecation(opt, section)
[1.589s] /usr/local/lib/python3.8/dist-packages/setuptools/_distutils/dist.py:268: UserWarning: Unknown distribution option: 'tests_require'
[1.589s]   warnings.warn(msg)
[1.677s] running egg_info
[1.686s] writing ../../build/wall_following/wall_following.egg-info/PKG-INFO
[1.690s] writing dependency_links to ../../build/wall_following/wall_following.egg-info/dependency_links.txt
[1.690s] writing entry points to ../../build/wall_following/wall_following.egg-info/entry_points.txt
[1.691s] writing requirements to ../../build/wall_following/wall_following.egg-info/requires.txt
[1.691s] writing top-level names to ../../build/wall_following/wall_following.egg-info/top_level.txt
[1.789s] reading manifest file '../../build/wall_following/wall_following.egg-info/SOURCES.txt'
[1.790s] writing manifest file '../../build/wall_following/wall_following.egg-info/SOURCES.txt'
[1.792s] running build
[1.792s] running build_py
[1.793s] copying wall_following/__init__.py -> /home/f1tenth_ws/build/wall_following/build/lib/wall_following
[1.794s] copying wall_following/wall_following.py -> /home/f1tenth_ws/build/wall_following/build/lib/wall_following
[1.795s] running install
[1.796s] running install_lib
[1.813s] running install_data
[1.815s] copying resource/wall_following -> /home/f1tenth_ws/install/wall_following/share/ament_index/resource_index/packages
[1.816s] copying package.xml -> /home/f1tenth_ws/install/wall_following/share/wall_following
[1.817s] running install_egg_info
[1.822s] removing '/home/f1tenth_ws/install/wall_following/lib/python3.8/site-packages/wall_following-0.0.0-py3.8.egg-info' (and everything under it)
[1.822s] Copying ../../build/wall_following/wall_following.egg-info to /home/f1tenth_ws/install/wall_following/lib/python3.8/site-packages/wall_following-0.0.0-py3.8.egg-info
[1.825s] running install_scripts
[1.858s] Installing wall_following script to /home/f1tenth_ws/install/wall_following/lib/wall_following
[1.858s] writing list of installed files to '/home/f1tenth_ws/build/wall_following/install.log'
[1.942s] Invoked command in '/home/f1tenth_ws/src/wall_following' returned '0': CONDA_PROMPT_MODIFIER=(base) PYTHONPATH=/home/f1tenth_ws/build/wall_following/prefix_override:/usr/lib/python3/dist-packages/colcon_core/task/python/colcon_distutils_commands:/home/f1tenth_ws/install/wall_following/lib/python3.8/site-packages: _=/usr/bin/env /usr/bin/python3 -W ignore:setup.py install is deprecated setup.py egg_info --egg-base ../../build/wall_following build --build-base /home/f1tenth_ws/build/wall_following/build install --record /home/f1tenth_ws/build/wall_following/install.log --install-scripts $base/lib/wall_following --single-version-externally-managed install_data
