[0.076s] Invoking command in '/home/f1tenth_ws/build/vesc_ackermann': AMENT_PREFIX_PATH=/home/f1tenth_ws/install/vesc_msgs CMAKE_PREFIX_PATH=/home/f1tenth_ws/install/vesc_msgs CONDA_PROMPT_MODIFIER=(base) LD_LIBRARY_PATH=/home/f1tenth_ws/install/vesc_msgs/lib PYTHONPATH=/home/f1tenth_ws/install/vesc_msgs/lib/python3.8/site-packages _=/usr/bin/env /usr/bin/cmake --build /home/f1tenth_ws/build/vesc_ackermann -- -j8 -l8
[0.400s] [ 28%] Built target vesc_to_odom_node
[0.413s] [ 57%] Built target ackermann_to_vesc_node
[0.475s] [100%] Built target vesc_ackermann
[0.557s] Invoked command in '/home/f1tenth_ws/build/vesc_ackermann' returned '0': AMENT_PREFIX_PATH=/home/f1tenth_ws/install/vesc_msgs CMAKE_PREFIX_PATH=/home/f1tenth_ws/install/vesc_msgs CONDA_PROMPT_MODIFIER=(base) LD_LIBRARY_PATH=/home/f1tenth_ws/install/vesc_msgs/lib PYTHONPATH=/home/f1tenth_ws/install/vesc_msgs/lib/python3.8/site-packages _=/usr/bin/env /usr/bin/cmake --build /home/f1tenth_ws/build/vesc_ackermann -- -j8 -l8
[0.821s] Invoking command in '/home/f1tenth_ws/build/vesc_ackermann': AMENT_PREFIX_PATH=/home/f1tenth_ws/install/vesc_msgs CMAKE_PREFIX_PATH=/home/f1tenth_ws/install/vesc_msgs CONDA_PROMPT_MODIFIER=(base) LD_LIBRARY_PATH=/home/f1tenth_ws/install/vesc_msgs/lib PYTHONPATH=/home/f1tenth_ws/install/vesc_msgs/lib/python3.8/site-packages _=/usr/bin/env /usr/bin/cmake --install /home/f1tenth_ws/build/vesc_ackermann
[0.875s] -- Install configuration: ""
[0.875s] -- Up-to-date: /home/f1tenth_ws/install/vesc_ackermann/lib/vesc_ackermann/ackermann_to_vesc_node
[0.876s] -- Up-to-date: /home/f1tenth_ws/install/vesc_ackermann/lib/vesc_ackermann/vesc_to_odom_node
[0.877s] -- Up-to-date: /home/f1tenth_ws/install/vesc_ackermann/include
[0.877s] -- Up-to-date: /home/f1tenth_ws/install/vesc_ackermann/include/vesc_ackermann
[0.878s] -- Up-to-date: /home/f1tenth_ws/install/vesc_ackermann/include/vesc_ackermann/ackermann_to_vesc.hpp
[0.878s] -- Up-to-date: /home/f1tenth_ws/install/vesc_ackermann/include/vesc_ackermann/vesc_to_odom.hpp
[0.879s] -- Up-to-date: /home/f1tenth_ws/install/vesc_ackermann/share/vesc_ackermann/environment/library_path.sh
[0.879s] -- Up-to-date: /home/f1tenth_ws/install/vesc_ackermann/share/vesc_ackermann/environment/library_path.dsv
[0.880s] -- Up-to-date: /home/f1tenth_ws/install/vesc_ackermann/lib/libvesc_ackermann.so
[0.880s] -- Up-to-date: /home/f1tenth_ws/install/vesc_ackermann/share/vesc_ackermann/launch
[0.881s] -- Up-to-date: /home/f1tenth_ws/install/vesc_ackermann/share/vesc_ackermann/launch/ackermann_to_vesc_node.launch.xml
[0.888s] -- Up-to-date: /home/f1tenth_ws/install/vesc_ackermann/share/vesc_ackermann/launch/vesc_to_odom_node.launch.xml
[0.892s] -- Up-to-date: /home/f1tenth_ws/install/vesc_ackermann/share/ament_index/resource_index/package_run_dependencies/vesc_ackermann
[0.893s] -- Up-to-date: /home/f1tenth_ws/install/vesc_ackermann/share/ament_index/resource_index/parent_prefix_path/vesc_ackermann
[0.893s] -- Up-to-date: /home/f1tenth_ws/install/vesc_ackermann/share/vesc_ackermann/environment/ament_prefix_path.sh
[0.894s] -- Up-to-date: /home/f1tenth_ws/install/vesc_ackermann/share/vesc_ackermann/environment/ament_prefix_path.dsv
[0.895s] -- Up-to-date: /home/f1tenth_ws/install/vesc_ackermann/share/vesc_ackermann/environment/path.sh
[0.895s] -- Up-to-date: /home/f1tenth_ws/install/vesc_ackermann/share/vesc_ackermann/environment/path.dsv
[0.896s] -- Up-to-date: /home/f1tenth_ws/install/vesc_ackermann/share/vesc_ackermann/local_setup.bash
[0.897s] -- Up-to-date: /home/f1tenth_ws/install/vesc_ackermann/share/vesc_ackermann/local_setup.sh
[0.897s] -- Up-to-date: /home/f1tenth_ws/install/vesc_ackermann/share/vesc_ackermann/local_setup.zsh
[0.898s] -- Up-to-date: /home/f1tenth_ws/install/vesc_ackermann/share/vesc_ackermann/local_setup.dsv
[0.899s] -- Installing: /home/f1tenth_ws/install/vesc_ackermann/share/vesc_ackermann/package.dsv
[0.900s] -- Up-to-date: /home/f1tenth_ws/install/vesc_ackermann/share/ament_index/resource_index/packages/vesc_ackermann
[0.900s] -- Up-to-date: /home/f1tenth_ws/install/vesc_ackermann/share/ament_index/resource_index/rclcpp_components/vesc_ackermann
[0.901s] -- Up-to-date: /home/f1tenth_ws/install/vesc_ackermann/share/vesc_ackermann/cmake/ament_cmake_export_dependencies-extras.cmake
[0.901s] -- Up-to-date: /home/f1tenth_ws/install/vesc_ackermann/share/vesc_ackermann/cmake/ament_cmake_export_include_directories-extras.cmake
[0.902s] -- Up-to-date: /home/f1tenth_ws/install/vesc_ackermann/share/vesc_ackermann/cmake/ament_cmake_export_libraries-extras.cmake
[0.903s] -- Up-to-date: /home/f1tenth_ws/install/vesc_ackermann/share/vesc_ackermann/cmake/vesc_ackermannConfig.cmake
[0.904s] -- Up-to-date: /home/f1tenth_ws/install/vesc_ackermann/share/vesc_ackermann/cmake/vesc_ackermannConfig-version.cmake
[0.905s] -- Up-to-date: /home/f1tenth_ws/install/vesc_ackermann/share/vesc_ackermann/package.xml
[0.905s] Invoked command in '/home/f1tenth_ws/build/vesc_ackermann' returned '0': AMENT_PREFIX_PATH=/home/f1tenth_ws/install/vesc_msgs CMAKE_PREFIX_PATH=/home/f1tenth_ws/install/vesc_msgs CONDA_PROMPT_MODIFIER=(base) LD_LIBRARY_PATH=/home/f1tenth_ws/install/vesc_msgs/lib PYTHONPATH=/home/f1tenth_ws/install/vesc_msgs/lib/python3.8/site-packages _=/usr/bin/env /usr/bin/cmake --install /home/f1tenth_ws/build/vesc_ackermann
