[5.741s] Invoking command in '/home/f1tenth_ws/src/f1tenth_system/teleop_tools/key_teleop': PYTHONPATH=/home/f1tenth_ws/src/build/key_teleop/prefix_override:/usr/lib/python3/dist-packages/colcon_core/task/python/colcon_distutils_commands:/home/f1tenth_ws/src/install/key_teleop/lib/python3.8/site-packages:${PYTHONPATH} _=/usr/bin/env /usr/bin/python3 -W ignore:setup.py install is deprecated setup.py egg_info --egg-base ../../../build/key_teleop build --build-base /home/f1tenth_ws/src/build/key_teleop/build install --record /home/f1tenth_ws/src/build/key_teleop/install.log --install-scripts $base/lib/key_teleop --single-version-externally-managed install_data
[6.328s] /usr/local/lib/python3.8/dist-packages/setuptools/dist.py:447: SetuptoolsDeprecationWarning: Invalid dash-separated options
[6.328s] !!
[6.329s] 
[6.329s]         ********************************************************************************
[6.329s]         Usage of dash-separated 'script-dir' will not be supported in future
[6.329s]         versions. Please use the underscore name 'script_dir' instead.
[6.329s] 
[6.329s]         By 2024-Sep-26, you need to update your project and remove deprecated calls
[6.329s]         or your builds will no longer be supported.
[6.329s] 
[6.330s]         See https://setuptools.pypa.io/en/latest/userguide/declarative_config.html for details.
[6.330s]         ********************************************************************************
[6.330s] 
[6.330s] !!
[6.330s]   opt = self.warn_dash_deprecation(opt, section)
[6.381s] /usr/local/lib/python3.8/dist-packages/setuptools/_distutils/dist.py:268: UserWarning: Unknown distribution option: 'tests_require'
[6.381s]   warnings.warn(msg)
[6.722s] running egg_info
[6.776s] writing ../../../build/key_teleop/key_teleop.egg-info/PKG-INFO
[6.780s] writing dependency_links to ../../../build/key_teleop/key_teleop.egg-info/dependency_links.txt
[6.780s] writing entry points to ../../../build/key_teleop/key_teleop.egg-info/entry_points.txt
[6.780s] writing requirements to ../../../build/key_teleop/key_teleop.egg-info/requires.txt
[6.780s] writing top-level names to ../../../build/key_teleop/key_teleop.egg-info/top_level.txt
[7.241s] reading manifest file '../../../build/key_teleop/key_teleop.egg-info/SOURCES.txt'
[7.258s] adding license file 'LICENSE'
[7.258s] writing manifest file '../../../build/key_teleop/key_teleop.egg-info/SOURCES.txt'
[7.258s] running build
[7.259s] running build_py
[7.259s] copying key_teleop/__init__.py -> /home/f1tenth_ws/src/build/key_teleop/build/lib/key_teleop
[7.259s] copying key_teleop/key_teleop.py -> /home/f1tenth_ws/src/build/key_teleop/build/lib/key_teleop
[7.259s] running install
[7.259s] running install_lib
[7.317s] running install_data
[7.318s] copying package.xml -> /home/f1tenth_ws/src/install/key_teleop/share/key_teleop
[7.318s] copying config/key_teleop.yaml -> /home/f1tenth_ws/src/install/key_teleop/share/key_teleop/config
[7.319s] copying resource/key_teleop -> /home/f1tenth_ws/src/install/key_teleop/share/ament_index/resource_index/packages
[7.322s] running install_egg_info
[7.369s] removing '/home/f1tenth_ws/src/install/key_teleop/lib/python3.8/site-packages/key_teleop-0.3.0-py3.8.egg-info' (and everything under it)
[7.370s] Copying ../../../build/key_teleop/key_teleop.egg-info to /home/f1tenth_ws/src/install/key_teleop/lib/python3.8/site-packages/key_teleop-0.3.0-py3.8.egg-info
[7.372s] running install_scripts
[7.519s] Installing key_teleop script to /home/f1tenth_ws/src/install/key_teleop/lib/key_teleop
[7.537s] writing list of installed files to '/home/f1tenth_ws/src/build/key_teleop/install.log'
[7.935s] Invoked command in '/home/f1tenth_ws/src/f1tenth_system/teleop_tools/key_teleop' returned '0': PYTHONPATH=/home/f1tenth_ws/src/build/key_teleop/prefix_override:/usr/lib/python3/dist-packages/colcon_core/task/python/colcon_distutils_commands:/home/f1tenth_ws/src/install/key_teleop/lib/python3.8/site-packages:${PYTHONPATH} _=/usr/bin/env /usr/bin/python3 -W ignore:setup.py install is deprecated setup.py egg_info --egg-base ../../../build/key_teleop build --build-base /home/f1tenth_ws/src/build/key_teleop/build install --record /home/f1tenth_ws/src/build/key_teleop/install.log --install-scripts $base/lib/key_teleop --single-version-externally-managed install_data
