/usr/local/lib/python3.8/dist-packages/setuptools/dist.py:447: SetuptoolsDeprecationWarning: Invalid dash-separated options
!!

        ********************************************************************************
        Usage of dash-separated 'script-dir' will not be supported in future
        versions. Please use the underscore name 'script_dir' instead.

        By 2024-Sep-26, you need to update your project and remove deprecated calls
        or your builds will no longer be supported.

        See https://setuptools.pypa.io/en/latest/userguide/declarative_config.html for details.
        ********************************************************************************

!!
  opt = self.warn_dash_deprecation(opt, section)
/usr/local/lib/python3.8/dist-packages/setuptools/_distutils/dist.py:268: UserWarning: Unknown distribution option: 'tests_require'
  warnings.warn(msg)
running egg_info
writing ../../../build/f1tenth_stack/f1tenth_stack.egg-info/PKG-INFO
writing dependency_links to ../../../build/f1tenth_stack/f1tenth_stack.egg-info/dependency_links.txt
writing entry points to ../../../build/f1tenth_stack/f1tenth_stack.egg-info/entry_points.txt
writing requirements to ../../../build/f1tenth_stack/f1tenth_stack.egg-info/requires.txt
writing top-level names to ../../../build/f1tenth_stack/f1tenth_stack.egg-info/top_level.txt
reading manifest file '../../../build/f1tenth_stack/f1tenth_stack.egg-info/SOURCES.txt'
writing manifest file '../../../build/f1tenth_stack/f1tenth_stack.egg-info/SOURCES.txt'
running build
running build_py
copying f1tenth_stack/__init__.py -> /home/f1tenth_ws/build/f1tenth_stack/build/lib/f1tenth_stack
copying f1tenth_stack/tf_publisher.py -> /home/f1tenth_ws/build/f1tenth_stack/build/lib/f1tenth_stack
copying f1tenth_stack/throttle_interpolator.py -> /home/f1tenth_ws/build/f1tenth_stack/build/lib/f1tenth_stack
running install
running install_lib
running install_data
copying resource/f1tenth_stack -> /home/f1tenth_ws/install/f1tenth_stack/share/ament_index/resource_index/packages
copying package.xml -> /home/f1tenth_ws/install/f1tenth_stack/share/f1tenth_stack
copying launch/bringup_launch.py -> /home/f1tenth_ws/install/f1tenth_stack/share/f1tenth_stack/launch
copying config/f1tenth_online_async.yaml -> /home/f1tenth_ws/install/f1tenth_stack/share/f1tenth_stack/config
copying config/joy_teleop.yaml -> /home/f1tenth_ws/install/f1tenth_stack/share/f1tenth_stack/config
copying config/mux.yaml -> /home/f1tenth_ws/install/f1tenth_stack/share/f1tenth_stack/config
copying config/sensors.yaml -> /home/f1tenth_ws/install/f1tenth_stack/share/f1tenth_stack/config
copying config/vesc.yaml -> /home/f1tenth_ws/install/f1tenth_stack/share/f1tenth_stack/config
running install_egg_info
removing '/home/f1tenth_ws/install/f1tenth_stack/lib/python3.8/site-packages/f1tenth_stack-0.0.1-py3.8.egg-info' (and everything under it)
Copying ../../../build/f1tenth_stack/f1tenth_stack.egg-info to /home/f1tenth_ws/install/f1tenth_stack/lib/python3.8/site-packages/f1tenth_stack-0.0.1-py3.8.egg-info
running install_scripts
error: error in setup script: command 'build_scripts' has no such option 'script-dir'
