[1.547s] Invoking command in '/home/f1tenth_ws/src/f1tenth_system/f1tenth_stack': AMENT_PREFIX_PATH=/home/f1tenth_ws/install/joy_teleop:/home/f1tenth_ws/install/voice_control:/home/f1tenth_ws/install/f1tenth_stack:/home/f1tenth_ws/install/vesc:/home/f1tenth_ws/install/vesc_driver:/home/f1tenth_ws/install/vesc_ackermann:/home/f1tenth_ws/install/vesc_msgs:/home/f1tenth_ws/install/teleop_tools:/home/f1tenth_ws/install/teleop_tools_msgs:/home/f1tenth_ws/install/mouse_teleop:/home/f1tenth_ws/install/key_teleop:/home/f1tenth_ws/install/joystick_ros2:/home/f1tenth_ws/install/ament_uncrustify:/home/f1tenth_ws/install/ament_pycodestyle:/home/f1tenth_ws/install/ament_package:/home/f1tenth_ws/install/ament_lint:/home/f1tenth_ws/install/ament_cppcheck:/home/f1tenth_ws/install/ackermann_mux:/opt/ros/foxy CMAKE_PREFIX_PATH=/home/f1tenth_ws/install/vesc:/home/f1tenth_ws/install/vesc_driver:/home/f1tenth_ws/install/vesc_ackermann:/home/f1tenth_ws/install/vesc_msgs:/home/f1tenth_ws/install/teleop_tools_msgs:/home/f1tenth_ws/install/ackermann_mux:/home/f1tenth_ws/install/teleop_tools PYTHONPATH=/home/f1tenth_ws/build/f1tenth_stack/prefix_override:/usr/lib/python3/dist-packages/colcon_core/task/python/colcon_distutils_commands:/home/f1tenth_ws/install/f1tenth_stack/lib/python3.8/site-packages:/home/f1tenth_ws/install/joy_teleop/lib/python3.8/site-packages:/home/f1tenth_ws/install/vesc_msgs/lib/python3.8/site-packages:/home/f1tenth_ws/install/teleop_tools_msgs/lib/python3.8/site-packages:/home/f1tenth_ws/install/voice_control/lib/python3.8/site-packages:/home/f1tenth_ws/install/f1tenth_stack/lib/python3.8/site-packages:/home/f1tenth_ws/install/mouse_teleop/lib/python3.8/site-packages:/home/f1tenth_ws/install/key_teleop/lib/python3.8/site-packages:/home/f1tenth_ws/install/joystick_ros2/lib/python3.8/site-packages:/home/f1tenth_ws/install/ament_uncrustify/lib/python3.8/site-packages:/home/f1tenth_ws/install/ament_pycodestyle/lib/python3.8/site-packages:/home/f1tenth_ws/install/ament_package/lib/python3.8/site-packages:/home/f1tenth_ws/install/ament_lint/lib/python3.8/site-packages:/home/f1tenth_ws/install/ament_cppcheck/lib/python3.8/site-packages:/opt/ros/foxy/lib/python3.8/site-packages _=/usr/bin/env /usr/bin/python3 -W ignore:setup.py install is deprecated setup.py egg_info --egg-base ../../../build/f1tenth_stack build --build-base /home/f1tenth_ws/build/f1tenth_stack/build install --record /home/f1tenth_ws/build/f1tenth_stack/install.log --install-scripts $base/lib/f1tenth_stack --single-version-externally-managed install_data
[1.754s] /usr/local/lib/python3.8/dist-packages/setuptools/dist.py:447: SetuptoolsDeprecationWarning: Invalid dash-separated options
[1.756s] !!
[1.757s] 
[1.758s]         ********************************************************************************
[1.760s]         Usage of dash-separated 'script-dir' will not be supported in future
[1.761s]         versions. Please use the underscore name 'script_dir' instead.
[1.762s] 
[1.763s]         By 2024-Sep-26, you need to update your project and remove deprecated calls
[1.764s]         or your builds will no longer be supported.
[1.765s] 
[1.767s]         See https://setuptools.pypa.io/en/latest/userguide/declarative_config.html for details.
[1.775s]         ********************************************************************************
[1.775s] 
[1.776s] !!
[1.776s]   opt = self.warn_dash_deprecation(opt, section)
[1.777s] /usr/local/lib/python3.8/dist-packages/setuptools/_distutils/dist.py:268: UserWarning: Unknown distribution option: 'tests_require'
[1.777s]   warnings.warn(msg)
[1.864s] running egg_info
[1.879s] writing ../../../build/f1tenth_stack/f1tenth_stack.egg-info/PKG-INFO
[1.880s] writing dependency_links to ../../../build/f1tenth_stack/f1tenth_stack.egg-info/dependency_links.txt
[1.881s] writing entry points to ../../../build/f1tenth_stack/f1tenth_stack.egg-info/entry_points.txt
[1.883s] writing requirements to ../../../build/f1tenth_stack/f1tenth_stack.egg-info/requires.txt
[1.884s] writing top-level names to ../../../build/f1tenth_stack/f1tenth_stack.egg-info/top_level.txt
[2.005s] reading manifest file '../../../build/f1tenth_stack/f1tenth_stack.egg-info/SOURCES.txt'
[2.007s] writing manifest file '../../../build/f1tenth_stack/f1tenth_stack.egg-info/SOURCES.txt'
[2.012s] running build
[2.013s] running build_py
[2.014s] copying f1tenth_stack/__init__.py -> /home/f1tenth_ws/build/f1tenth_stack/build/lib/f1tenth_stack
[2.016s] copying f1tenth_stack/tf_publisher.py -> /home/f1tenth_ws/build/f1tenth_stack/build/lib/f1tenth_stack
[2.017s] copying f1tenth_stack/throttle_interpolator.py -> /home/f1tenth_ws/build/f1tenth_stack/build/lib/f1tenth_stack
[2.018s] running install
[2.019s] running install_lib
[2.028s] running install_data
[2.029s] copying resource/f1tenth_stack -> /home/f1tenth_ws/install/f1tenth_stack/share/ament_index/resource_index/packages
[2.031s] copying package.xml -> /home/f1tenth_ws/install/f1tenth_stack/share/f1tenth_stack
[2.032s] copying launch/bringup_launch.py -> /home/f1tenth_ws/install/f1tenth_stack/share/f1tenth_stack/launch
[2.033s] copying config/f1tenth_online_async.yaml -> /home/f1tenth_ws/install/f1tenth_stack/share/f1tenth_stack/config
[2.034s] copying config/joy_teleop.yaml -> /home/f1tenth_ws/install/f1tenth_stack/share/f1tenth_stack/config
[2.036s] copying config/mux.yaml -> /home/f1tenth_ws/install/f1tenth_stack/share/f1tenth_stack/config
[2.038s] copying config/sensors.yaml -> /home/f1tenth_ws/install/f1tenth_stack/share/f1tenth_stack/config
[2.039s] copying config/vesc.yaml -> /home/f1tenth_ws/install/f1tenth_stack/share/f1tenth_stack/config
[2.040s] running install_egg_info
[2.044s] removing '/home/f1tenth_ws/install/f1tenth_stack/lib/python3.8/site-packages/f1tenth_stack-0.0.1-py3.8.egg-info' (and everything under it)
[2.046s] Copying ../../../build/f1tenth_stack/f1tenth_stack.egg-info to /home/f1tenth_ws/install/f1tenth_stack/lib/python3.8/site-packages/f1tenth_stack-0.0.1-py3.8.egg-info
[2.047s] running install_scripts
[2.085s] error: error in setup script: command 'build_scripts' has no such option 'script-dir'
[2.134s] Invoked command in '/home/f1tenth_ws/src/f1tenth_system/f1tenth_stack' returned '1': AMENT_PREFIX_PATH=/home/f1tenth_ws/install/joy_teleop:/home/f1tenth_ws/install/voice_control:/home/f1tenth_ws/install/f1tenth_stack:/home/f1tenth_ws/install/vesc:/home/f1tenth_ws/install/vesc_driver:/home/f1tenth_ws/install/vesc_ackermann:/home/f1tenth_ws/install/vesc_msgs:/home/f1tenth_ws/install/teleop_tools:/home/f1tenth_ws/install/teleop_tools_msgs:/home/f1tenth_ws/install/mouse_teleop:/home/f1tenth_ws/install/key_teleop:/home/f1tenth_ws/install/joystick_ros2:/home/f1tenth_ws/install/ament_uncrustify:/home/f1tenth_ws/install/ament_pycodestyle:/home/f1tenth_ws/install/ament_package:/home/f1tenth_ws/install/ament_lint:/home/f1tenth_ws/install/ament_cppcheck:/home/f1tenth_ws/install/ackermann_mux:/opt/ros/foxy CMAKE_PREFIX_PATH=/home/f1tenth_ws/install/vesc:/home/f1tenth_ws/install/vesc_driver:/home/f1tenth_ws/install/vesc_ackermann:/home/f1tenth_ws/install/vesc_msgs:/home/f1tenth_ws/install/teleop_tools_msgs:/home/f1tenth_ws/install/ackermann_mux:/home/f1tenth_ws/install/teleop_tools PYTHONPATH=/home/f1tenth_ws/build/f1tenth_stack/prefix_override:/usr/lib/python3/dist-packages/colcon_core/task/python/colcon_distutils_commands:/home/f1tenth_ws/install/f1tenth_stack/lib/python3.8/site-packages:/home/f1tenth_ws/install/joy_teleop/lib/python3.8/site-packages:/home/f1tenth_ws/install/vesc_msgs/lib/python3.8/site-packages:/home/f1tenth_ws/install/teleop_tools_msgs/lib/python3.8/site-packages:/home/f1tenth_ws/install/voice_control/lib/python3.8/site-packages:/home/f1tenth_ws/install/f1tenth_stack/lib/python3.8/site-packages:/home/f1tenth_ws/install/mouse_teleop/lib/python3.8/site-packages:/home/f1tenth_ws/install/key_teleop/lib/python3.8/site-packages:/home/f1tenth_ws/install/joystick_ros2/lib/python3.8/site-packages:/home/f1tenth_ws/install/ament_uncrustify/lib/python3.8/site-packages:/home/f1tenth_ws/install/ament_pycodestyle/lib/python3.8/site-packages:/home/f1tenth_ws/install/ament_package/lib/python3.8/site-packages:/home/f1tenth_ws/install/ament_lint/lib/python3.8/site-packages:/home/f1tenth_ws/install/ament_cppcheck/lib/python3.8/site-packages:/opt/ros/foxy/lib/python3.8/site-packages _=/usr/bin/env /usr/bin/python3 -W ignore:setup.py install is deprecated setup.py egg_info --egg-base ../../../build/f1tenth_stack build --build-base /home/f1tenth_ws/build/f1tenth_stack/build install --record /home/f1tenth_ws/build/f1tenth_stack/install.log --install-scripts $base/lib/f1tenth_stack --single-version-externally-managed install_data
