[2.182s] Invoking command in '/home/f1tenth_ws/src/ament_lint/ament_uncrustify': PYTHONPATH=/home/f1tenth_ws/build/ament_uncrustify/prefix_override:/usr/lib/python3/dist-packages/colcon_core/task/python/colcon_distutils_commands:/home/f1tenth_ws/install/ament_uncrustify/lib/python3.8/site-packages: _=/usr/bin/env /usr/bin/python3 -W ignore:setup.py install is deprecated setup.py egg_info --egg-base ../../../build/ament_uncrustify build --build-base /home/f1tenth_ws/build/ament_uncrustify/build install --record /home/f1tenth_ws/build/ament_uncrustify/install.log --single-version-externally-managed install_data
[2.493s] running egg_info
[2.493s] creating ../../../build/ament_uncrustify/ament_uncrustify.egg-info
[2.494s] writing ../../../build/ament_uncrustify/ament_uncrustify.egg-info/PKG-INFO
[2.494s] writing dependency_links to ../../../build/ament_uncrustify/ament_uncrustify.egg-info/dependency_links.txt
[2.495s] writing entry points to ../../../build/ament_uncrustify/ament_uncrustify.egg-info/entry_points.txt
[2.495s] writing requirements to ../../../build/ament_uncrustify/ament_uncrustify.egg-info/requires.txt
[2.496s] writing top-level names to ../../../build/ament_uncrustify/ament_uncrustify.egg-info/top_level.txt
[2.497s] writing manifest file '../../../build/ament_uncrustify/ament_uncrustify.egg-info/SOURCES.txt'
[2.543s] reading manifest file '../../../build/ament_uncrustify/ament_uncrustify.egg-info/SOURCES.txt'
[2.544s] writing manifest file '../../../build/ament_uncrustify/ament_uncrustify.egg-info/SOURCES.txt'
[2.545s] running build
[2.547s] running build_py
[2.551s] creating /home/f1tenth_ws/build/ament_uncrustify/build
[2.551s] creating /home/f1tenth_ws/build/ament_uncrustify/build/lib
[2.553s] creating /home/f1tenth_ws/build/ament_uncrustify/build/lib/ament_uncrustify
[2.556s] copying ament_uncrustify/__init__.py -> /home/f1tenth_ws/build/ament_uncrustify/build/lib/ament_uncrustify
[2.558s] copying ament_uncrustify/main.py -> /home/f1tenth_ws/build/ament_uncrustify/build/lib/ament_uncrustify
[2.560s] creating /home/f1tenth_ws/build/ament_uncrustify/build/lib/ament_uncrustify/configuration
[2.562s] copying ament_uncrustify/configuration/ament_code_style.cfg -> /home/f1tenth_ws/build/ament_uncrustify/build/lib/ament_uncrustify/configuration
[2.563s] running install
[2.565s] running install_lib
[2.570s] creating /home/f1tenth_ws/install/ament_uncrustify/lib/python3.8/site-packages/ament_uncrustify
[2.575s] copying /home/f1tenth_ws/build/ament_uncrustify/build/lib/ament_uncrustify/__init__.py -> /home/f1tenth_ws/install/ament_uncrustify/lib/python3.8/site-packages/ament_uncrustify
[2.577s] copying /home/f1tenth_ws/build/ament_uncrustify/build/lib/ament_uncrustify/main.py -> /home/f1tenth_ws/install/ament_uncrustify/lib/python3.8/site-packages/ament_uncrustify
[2.579s] creating /home/f1tenth_ws/install/ament_uncrustify/lib/python3.8/site-packages/ament_uncrustify/configuration
[2.583s] copying /home/f1tenth_ws/build/ament_uncrustify/build/lib/ament_uncrustify/configuration/ament_code_style.cfg -> /home/f1tenth_ws/install/ament_uncrustify/lib/python3.8/site-packages/ament_uncrustify/configuration
[2.584s] byte-compiling /home/f1tenth_ws/install/ament_uncrustify/lib/python3.8/site-packages/ament_uncrustify/__init__.py to __init__.cpython-38.pyc
[2.586s] byte-compiling /home/f1tenth_ws/install/ament_uncrustify/lib/python3.8/site-packages/ament_uncrustify/main.py to main.cpython-38.pyc
[2.588s] running install_data
[2.590s] copying package.xml -> /home/f1tenth_ws/install/ament_uncrustify/share/ament_uncrustify
[2.593s] creating /home/f1tenth_ws/install/ament_uncrustify/share/ament_index
[2.595s] creating /home/f1tenth_ws/install/ament_uncrustify/share/ament_index/resource_index
[2.596s] creating /home/f1tenth_ws/install/ament_uncrustify/share/ament_index/resource_index/packages
[2.598s] copying resource/ament_uncrustify -> /home/f1tenth_ws/install/ament_uncrustify/share/ament_index/resource_index/packages
[2.600s] running install_egg_info
[2.602s] Copying ../../../build/ament_uncrustify/ament_uncrustify.egg-info to /home/f1tenth_ws/install/ament_uncrustify/lib/python3.8/site-packages/ament_uncrustify-0.9.8-py3.8.egg-info
[2.605s] running install_scripts
[2.738s] Installing ament_uncrustify script to /home/f1tenth_ws/install/ament_uncrustify/bin
[2.738s] writing list of installed files to '/home/f1tenth_ws/build/ament_uncrustify/install.log'
[2.854s] Invoked command in '/home/f1tenth_ws/src/ament_lint/ament_uncrustify' returned '0': PYTHONPATH=/home/f1tenth_ws/build/ament_uncrustify/prefix_override:/usr/lib/python3/dist-packages/colcon_core/task/python/colcon_distutils_commands:/home/f1tenth_ws/install/ament_uncrustify/lib/python3.8/site-packages: _=/usr/bin/env /usr/bin/python3 -W ignore:setup.py install is deprecated setup.py egg_info --egg-base ../../../build/ament_uncrustify build --build-base /home/f1tenth_ws/build/ament_uncrustify/build install --record /home/f1tenth_ws/build/ament_uncrustify/install.log --single-version-externally-managed install_data
