[1.063s] Invoking command in '/home/f1tenth_ws/build/vesc_driver': AMENT_PREFIX_PATH=/home/f1tenth_ws/install/vesc_msgs CMAKE_PREFIX_PATH=/home/f1tenth_ws/install/vesc_msgs CONDA_PROMPT_MODIFIER=(base) LD_LIBRARY_PATH=/home/f1tenth_ws/install/vesc_msgs/lib PYTHONPATH=/home/f1tenth_ws/install/vesc_msgs/lib/python3.8/site-packages _=/usr/bin/env /usr/bin/cmake --build /home/f1tenth_ws/build/vesc_driver -- -j8 -l8
[1.289s] [ 20%] Built target vesc_driver_node
[1.348s] [ 70%] Built target vesc_driver
[1.487s] [100%] Built target vesc_device_namer
[1.563s] Invoked command in '/home/f1tenth_ws/build/vesc_driver' returned '0': AMENT_PREFIX_PATH=/home/f1tenth_ws/install/vesc_msgs CMAKE_PREFIX_PATH=/home/f1tenth_ws/install/vesc_msgs CONDA_PROMPT_MODIFIER=(base) LD_LIBRARY_PATH=/home/f1tenth_ws/install/vesc_msgs/lib PYTHONPATH=/home/f1tenth_ws/install/vesc_msgs/lib/python3.8/site-packages _=/usr/bin/env /usr/bin/cmake --build /home/f1tenth_ws/build/vesc_driver -- -j8 -l8
[1.847s] Invoking command in '/home/f1tenth_ws/build/vesc_driver': AMENT_PREFIX_PATH=/home/f1tenth_ws/install/vesc_msgs CMAKE_PREFIX_PATH=/home/f1tenth_ws/install/vesc_msgs CONDA_PROMPT_MODIFIER=(base) LD_LIBRARY_PATH=/home/f1tenth_ws/install/vesc_msgs/lib PYTHONPATH=/home/f1tenth_ws/install/vesc_msgs/lib/python3.8/site-packages _=/usr/bin/env /usr/bin/cmake --install /home/f1tenth_ws/build/vesc_driver
[1.881s] -- Install configuration: ""
[1.884s] -- Up-to-date: /home/f1tenth_ws/install/vesc_driver/lib/vesc_driver/vesc_driver_node
[1.885s] -- Up-to-date: /home/f1tenth_ws/install/vesc_driver/include
[1.886s] -- Up-to-date: /home/f1tenth_ws/install/vesc_driver/include/vesc_driver
[1.887s] -- Up-to-date: /home/f1tenth_ws/install/vesc_driver/include/vesc_driver/crc.hpp
[1.889s] -- Up-to-date: /home/f1tenth_ws/install/vesc_driver/include/vesc_driver/datatypes.hpp
[1.890s] -- Up-to-date: /home/f1tenth_ws/install/vesc_driver/include/vesc_driver/vesc_device_uuid_lookup.hpp
[1.892s] -- Up-to-date: /home/f1tenth_ws/install/vesc_driver/include/vesc_driver/vesc_driver.hpp
[1.894s] -- Up-to-date: /home/f1tenth_ws/install/vesc_driver/include/vesc_driver/vesc_interface.hpp
[1.903s] -- Up-to-date: /home/f1tenth_ws/install/vesc_driver/include/vesc_driver/vesc_packet.hpp
[1.906s] -- Up-to-date: /home/f1tenth_ws/install/vesc_driver/include/vesc_driver/vesc_packet_factory.hpp
[1.907s] -- Up-to-date: /home/f1tenth_ws/install/vesc_driver/share/vesc_driver/environment/library_path.sh
[1.912s] -- Up-to-date: /home/f1tenth_ws/install/vesc_driver/share/vesc_driver/environment/library_path.dsv
[1.913s] -- Up-to-date: /home/f1tenth_ws/install/vesc_driver/lib/libvesc_driver.so
[1.914s] -- Up-to-date: /home/f1tenth_ws/install/vesc_driver/lib/vesc_driver/vesc_device_namer
[1.915s] -- Up-to-date: /home/f1tenth_ws/install/vesc_driver/share/vesc_driver/launch
[1.915s] -- Up-to-date: /home/f1tenth_ws/install/vesc_driver/share/vesc_driver/launch/vesc_driver_node.launch.py
[1.917s] -- Up-to-date: /home/f1tenth_ws/install/vesc_driver/share/vesc_driver/params
[1.918s] -- Up-to-date: /home/f1tenth_ws/install/vesc_driver/share/vesc_driver/params/vesc_config.yaml
[1.919s] -- Up-to-date: /home/f1tenth_ws/install/vesc_driver/share/ament_index/resource_index/package_run_dependencies/vesc_driver
[1.921s] -- Up-to-date: /home/f1tenth_ws/install/vesc_driver/share/ament_index/resource_index/parent_prefix_path/vesc_driver
[1.922s] -- Up-to-date: /home/f1tenth_ws/install/vesc_driver/share/vesc_driver/environment/ament_prefix_path.sh
[1.922s] -- Up-to-date: /home/f1tenth_ws/install/vesc_driver/share/vesc_driver/environment/ament_prefix_path.dsv
[1.923s] -- Up-to-date: /home/f1tenth_ws/install/vesc_driver/share/vesc_driver/environment/path.sh
[1.924s] -- Up-to-date: /home/f1tenth_ws/install/vesc_driver/share/vesc_driver/environment/path.dsv
[1.925s] -- Up-to-date: /home/f1tenth_ws/install/vesc_driver/share/vesc_driver/local_setup.bash
[1.926s] -- Up-to-date: /home/f1tenth_ws/install/vesc_driver/share/vesc_driver/local_setup.sh
[1.927s] -- Up-to-date: /home/f1tenth_ws/install/vesc_driver/share/vesc_driver/local_setup.zsh
[1.928s] -- Up-to-date: /home/f1tenth_ws/install/vesc_driver/share/vesc_driver/local_setup.dsv
[1.928s] -- Installing: /home/f1tenth_ws/install/vesc_driver/share/vesc_driver/package.dsv
[1.929s] -- Up-to-date: /home/f1tenth_ws/install/vesc_driver/share/ament_index/resource_index/packages/vesc_driver
[1.931s] -- Up-to-date: /home/f1tenth_ws/install/vesc_driver/share/ament_index/resource_index/rclcpp_components/vesc_driver
[1.932s] -- Up-to-date: /home/f1tenth_ws/install/vesc_driver/share/vesc_driver/cmake/ament_cmake_export_dependencies-extras.cmake
[1.933s] -- Up-to-date: /home/f1tenth_ws/install/vesc_driver/share/vesc_driver/cmake/ament_cmake_export_include_directories-extras.cmake
[1.934s] -- Up-to-date: /home/f1tenth_ws/install/vesc_driver/share/vesc_driver/cmake/ament_cmake_export_libraries-extras.cmake
[1.935s] -- Up-to-date: /home/f1tenth_ws/install/vesc_driver/share/vesc_driver/cmake/vesc_driverConfig.cmake
[1.938s] -- Up-to-date: /home/f1tenth_ws/install/vesc_driver/share/vesc_driver/cmake/vesc_driverConfig-version.cmake
[1.939s] -- Up-to-date: /home/f1tenth_ws/install/vesc_driver/share/vesc_driver/package.xml
[1.940s] Invoked command in '/home/f1tenth_ws/build/vesc_driver' returned '0': AMENT_PREFIX_PATH=/home/f1tenth_ws/install/vesc_msgs CMAKE_PREFIX_PATH=/home/f1tenth_ws/install/vesc_msgs CONDA_PROMPT_MODIFIER=(base) LD_LIBRARY_PATH=/home/f1tenth_ws/install/vesc_msgs/lib PYTHONPATH=/home/f1tenth_ws/install/vesc_msgs/lib/python3.8/site-packages _=/usr/bin/env /usr/bin/cmake --install /home/f1tenth_ws/build/vesc_driver
