[0.343s] Invoking command in '/home/f1tenth_ws/src/build/teleop_tools_msgs': CMAKE_PREFIX_PATH=${CMAKE_PREFIX_PATH}:/home/f1tenth_ws/install/voice_control:/home/f1tenth_ws/install/f1tenth_stack:/home/f1tenth_ws/install/joy_teleop:/home/f1tenth_ws/install/mouse_teleop:/home/f1tenth_ws/install/key_teleop:/home/f1tenth_ws/install/joystick_ros2:/home/f1tenth_ws/install/automatic_braking:/home/f1tenth_ws/install/ament_uncrustify:/home/f1tenth_ws/install/ament_pycodestyle:/home/f1tenth_ws/install/ament_package:/home/f1tenth_ws/install/ament_lint:/home/f1tenth_ws/install/ament_cppcheck:/opt/ros/foxy _=/usr/bin/env /usr/bin/cmake /home/f1tenth_ws/src/f1tenth_system/teleop_tools/teleop_tools_msgs -DCMAKE_INSTALL_PREFIX=/home/f1tenth_ws/src/install/teleop_tools_msgs
[2.041s] -- The C compiler identification is GNU 9.4.0
[2.044s] -- The CXX compiler identification is GNU 9.4.0
[2.053s] -- Check for working C compiler: /usr/bin/cc
[2.054s] -- Check for working C compiler: /usr/bin/cc -- works
[2.056s] -- Detecting C compiler ABI info
[2.057s] -- Detecting C compiler ABI info - done
[2.057s] -- Detecting C compile features
[2.058s] -- Detecting C compile features - done
[2.058s] -- Check for working CXX compiler: /usr/bin/c++
[2.060s] -- Check for working CXX compiler: /usr/bin/c++ -- works
[2.062s] -- Detecting CXX compiler ABI info
[2.288s] -- Detecting CXX compiler ABI info - done
[2.301s] -- Detecting CXX compile features
[2.302s] -- Detecting CXX compile features - done
[2.326s] -- Found ament_cmake: 0.9.12 (/opt/ros/foxy/share/ament_cmake/cmake)
[2.433s] -- Found PythonInterp: /usr/bin/python3 (found suitable version "3.8.10", minimum required is "3") 
[2.433s] -- Using PYTHON_EXECUTABLE: /usr/bin/python3
[2.898s] -- Found rosidl_default_generators: 1.0.1 (/opt/ros/foxy/share/rosidl_default_generators/cmake)
[2.913s] -- Using all available rosidl_typesupport_c: rosidl_typesupport_fastrtps_c;rosidl_typesupport_introspection_c
[2.941s] -- Found rosidl_adapter: 1.3.1 (/opt/ros/foxy/share/rosidl_adapter/cmake)
[3.816s] -- Found OpenSSL: /usr/lib/aarch64-linux-gnu/libcrypto.so (found version "1.1.1f")  
[3.870s] -- Found FastRTPS: /opt/ros/foxy/include  
[4.137s] -- Using all available rosidl_typesupport_cpp: rosidl_typesupport_fastrtps_cpp;rosidl_typesupport_introspection_cpp
[4.215s] -- Found ament_lint_auto: 0.9.8 (/opt/ros/foxy/share/ament_lint_auto/cmake)
[4.671s] -- Found PythonInterp: /usr/bin/python3 (found version "3.8.10") 
[4.984s] -- Found ament_cmake_ros: 0.9.2 (/opt/ros/foxy/share/ament_cmake_ros/cmake)
[5.231s] -- Using all available rosidl_typesupport_c: rosidl_typesupport_fastrtps_c;rosidl_typesupport_introspection_c
[5.271s] -- Using all available rosidl_typesupport_cpp: rosidl_typesupport_fastrtps_cpp;rosidl_typesupport_introspection_cpp
[5.343s] -- Found PythonInterp: /usr/bin/python3 (found suitable version "3.8.10", minimum required is "3.5") 
[5.353s] -- Found python_cmake_module: 0.8.1 (/opt/ros/foxy/share/python_cmake_module/cmake)
[5.453s] -- Found PythonLibs: /usr/lib/aarch64-linux-gnu/libpython3.8.so (found suitable version "3.8.10", minimum required is "3.5") 
[5.455s] -- Using PYTHON_EXECUTABLE: /usr/bin/python3
[5.456s] -- Using PYTHON_INCLUDE_DIRS: /usr/include/python3.8
[5.457s] -- Using PYTHON_LIBRARIES: /usr/lib/aarch64-linux-gnu/libpython3.8.so
[5.518s] -- Found PythonExtra: .so  
[5.828s] -- Added test 'copyright' to check source files copyright and LICENSE
[5.832s] -- Added test 'lint_cmake' to check CMake code style
[5.835s] -- Added test 'xmllint' to check XML markup files
[5.855s] -- Configuring done
[5.929s] -- Generating done
[5.934s] -- Build files have been written to: /home/f1tenth_ws/src/build/teleop_tools_msgs
[5.955s] Invoked command in '/home/f1tenth_ws/src/build/teleop_tools_msgs' returned '0': CMAKE_PREFIX_PATH=${CMAKE_PREFIX_PATH}:/home/f1tenth_ws/install/voice_control:/home/f1tenth_ws/install/f1tenth_stack:/home/f1tenth_ws/install/joy_teleop:/home/f1tenth_ws/install/mouse_teleop:/home/f1tenth_ws/install/key_teleop:/home/f1tenth_ws/install/joystick_ros2:/home/f1tenth_ws/install/automatic_braking:/home/f1tenth_ws/install/ament_uncrustify:/home/f1tenth_ws/install/ament_pycodestyle:/home/f1tenth_ws/install/ament_package:/home/f1tenth_ws/install/ament_lint:/home/f1tenth_ws/install/ament_cppcheck:/opt/ros/foxy _=/usr/bin/env /usr/bin/cmake /home/f1tenth_ws/src/f1tenth_system/teleop_tools/teleop_tools_msgs -DCMAKE_INSTALL_PREFIX=/home/f1tenth_ws/src/install/teleop_tools_msgs
[5.975s] Invoking command in '/home/f1tenth_ws/src/build/teleop_tools_msgs': CMAKE_PREFIX_PATH=${CMAKE_PREFIX_PATH}:/home/f1tenth_ws/install/voice_control:/home/f1tenth_ws/install/f1tenth_stack:/home/f1tenth_ws/install/joy_teleop:/home/f1tenth_ws/install/mouse_teleop:/home/f1tenth_ws/install/key_teleop:/home/f1tenth_ws/install/joystick_ros2:/home/f1tenth_ws/install/automatic_braking:/home/f1tenth_ws/install/ament_uncrustify:/home/f1tenth_ws/install/ament_pycodestyle:/home/f1tenth_ws/install/ament_package:/home/f1tenth_ws/install/ament_lint:/home/f1tenth_ws/install/ament_cppcheck:/opt/ros/foxy _=/usr/bin/env /usr/bin/cmake --build /home/f1tenth_ws/src/build/teleop_tools_msgs -- -j8 -l8
[6.165s] [35m[1mScanning dependencies of target teleop_tools_msgs__cpp[0m
[6.187s] [  3%] [34m[1mGenerating C code for ROS interfaces[0m
[6.213s] [  6%] [34m[1mGenerating C++ code for ROS interfaces[0m
[6.759s] [35m[1mScanning dependencies of target teleop_tools_msgs__rosidl_generator_c[0m
[6.806s] [  6%] Built target teleop_tools_msgs__cpp
[6.825s] [  9%] [32mBuilding C object CMakeFiles/teleop_tools_msgs__rosidl_generator_c.dir/rosidl_generator_c/teleop_tools_msgs/action/detail/increment__functions.c.o[0m
[6.854s] [ 12%] [34m[1mGenerating C++ type support dispatch for ROS interfaces[0m
[6.874s] [ 16%] [34m[1mGenerating C++ type support for eProsima Fast-RTPS[0m
[6.883s] [ 19%] [34m[1mGenerating C++ introspection for ROS interfaces[0m
[7.224s] [ 22%] [32m[1mLinking C shared library libteleop_tools_msgs__rosidl_generator_c.so[0m
[7.456s] [35m[1mScanning dependencies of target teleop_tools_msgs__rosidl_typesupport_cpp[0m
[7.465s] [ 22%] Built target teleop_tools_msgs__rosidl_generator_c
[7.550s] [ 25%] [34m[1mGenerating C type support dispatch for ROS interfaces[0m
[7.556s] [ 29%] [32mBuilding CXX object CMakeFiles/teleop_tools_msgs__rosidl_typesupport_cpp.dir/rosidl_typesupport_cpp/teleop_tools_msgs/action/increment__type_support.cpp.o[0m
[7.561s] [ 32%] [34m[1mGenerating C introspection for ROS interfaces[0m
[7.807s] [35m[1mScanning dependencies of target teleop_tools_msgs__rosidl_typesupport_introspection_cpp[0m
[7.932s] [ 35%] [32mBuilding CXX object CMakeFiles/teleop_tools_msgs__rosidl_typesupport_introspection_cpp.dir/rosidl_typesupport_introspection_cpp/teleop_tools_msgs/action/detail/increment__type_support.cpp.o[0m
[8.003s] [35m[1mScanning dependencies of target teleop_tools_msgs__rosidl_typesupport_fastrtps_cpp[0m
[8.173s] [ 38%] [32mBuilding CXX object CMakeFiles/teleop_tools_msgs__rosidl_typesupport_fastrtps_cpp.dir/rosidl_typesupport_fastrtps_cpp/teleop_tools_msgs/action/detail/dds_fastrtps/increment__type_support.cpp.o[0m
[8.465s] [35m[1mScanning dependencies of target teleop_tools_msgs__rosidl_typesupport_c[0m
[8.545s] [ 41%] [32mBuilding CXX object CMakeFiles/teleop_tools_msgs__rosidl_typesupport_c.dir/rosidl_typesupport_c/teleop_tools_msgs/action/increment__type_support.cpp.o[0m
[8.651s] [35m[1mScanning dependencies of target teleop_tools_msgs__rosidl_typesupport_introspection_c[0m
[8.721s] [ 45%] [32m[1mLinking CXX shared library libteleop_tools_msgs__rosidl_typesupport_cpp.so[0m
[8.754s] [ 48%] [32mBuilding C object CMakeFiles/teleop_tools_msgs__rosidl_typesupport_introspection_c.dir/rosidl_typesupport_introspection_c/teleop_tools_msgs/action/detail/increment__type_support.c.o[0m
[8.772s] [ 51%] [32m[1mLinking CXX shared library libteleop_tools_msgs__rosidl_typesupport_c.so[0m
[8.951s] [ 51%] Built target teleop_tools_msgs__rosidl_typesupport_cpp
[8.979s] [ 51%] Built target teleop_tools_msgs__rosidl_typesupport_c
[9.047s] [ 54%] [32m[1mLinking C shared library libteleop_tools_msgs__rosidl_typesupport_introspection_c.so[0m
[9.213s] [ 54%] Built target teleop_tools_msgs__rosidl_typesupport_introspection_c
[9.653s] [ 58%] [32m[1mLinking CXX shared library libteleop_tools_msgs__rosidl_typesupport_introspection_cpp.so[0m
[10.033s] [ 58%] Built target teleop_tools_msgs__rosidl_typesupport_introspection_cpp
[10.076s] [ 61%] [32m[1mLinking CXX shared library libteleop_tools_msgs__rosidl_typesupport_fastrtps_cpp.so[0m
[10.530s] [ 61%] Built target teleop_tools_msgs__rosidl_typesupport_fastrtps_cpp
[10.598s] [ 64%] [34m[1mGenerating C type support for eProsima Fast-RTPS[0m
[11.786s] [35m[1mScanning dependencies of target teleop_tools_msgs__rosidl_typesupport_fastrtps_c[0m
[11.897s] [ 67%] [32mBuilding CXX object CMakeFiles/teleop_tools_msgs__rosidl_typesupport_fastrtps_c.dir/rosidl_typesupport_fastrtps_c/teleop_tools_msgs/action/detail/increment__type_support_c.cpp.o[0m
[12.651s] [ 70%] [32m[1mLinking CXX shared library libteleop_tools_msgs__rosidl_typesupport_fastrtps_c.so[0m
[13.292s] [ 70%] Built target teleop_tools_msgs__rosidl_typesupport_fastrtps_c
[13.353s] [35m[1mScanning dependencies of target teleop_tools_msgs[0m
[13.425s] [ 70%] Built target teleop_tools_msgs
[13.491s] [35m[1mScanning dependencies of target teleop_tools_msgs__py[0m
[13.562s] [ 74%] [34m[1mGenerating Python code for ROS interfaces[0m
[13.806s] Traceback (most recent call last):
[13.807s]   File "/opt/ros/foxy/share/rosidl_generator_py/cmake/../../../lib/rosidl_generator_py/rosidl_generator_py", line 40, in <module>
[13.808s]     sys.exit(main())
[13.809s]   File "/opt/ros/foxy/share/rosidl_generator_py/cmake/../../../lib/rosidl_generator_py/rosidl_generator_py", line 36, in main
[13.809s]     return generate_py(args.generator_arguments_file, args.typesupport_impls.split(';'))
[13.810s]   File "/opt/ros/foxy/lib/python3.8/site-packages/rosidl_generator_py/generate_py_impl.py", line 61, in generate_py
[13.811s]     generate_files(generator_arguments_file, mapping)
[13.813s]   File "/opt/ros/foxy/lib/python3.8/site-packages/rosidl_cmake/__init__.py", line 74, in generate_files
[13.814s]     idl_file = parse_idl_file(locator)
[13.814s]   File "/opt/ros/foxy/lib/python3.8/site-packages/rosidl_parser/parser.py", line 64, in parse_idl_file
[13.815s]     content = parse_idl_string(string, png_file=png_file)
[13.815s]   File "/opt/ros/foxy/lib/python3.8/site-packages/rosidl_parser/parser.py", line 72, in parse_idl_string
[13.816s]     tree = get_ast_from_idl_string(idl_string)
[13.817s]   File "/opt/ros/foxy/lib/python3.8/site-packages/rosidl_parser/parser.py", line 88, in get_ast_from_idl_string
[13.817s]     _parser = Lark(grammar, start='specification')
[13.817s]   File "/usr/lib/python3/dist-packages/lark/lark.py", line 213, in __init__
[13.818s]     self.parser = self._build_parser()
[13.819s]   File "/usr/lib/python3/dist-packages/lark/lark.py", line 233, in _build_parser
[13.819s]     return self.parser_class(self.lexer_conf, parser_conf, options=self.options)
[13.820s]   File "/usr/lib/python3/dist-packages/lark/parser_frontends.py", line 165, in __init__
[13.821s]     self.parser = xearley.Parser(parser_conf,
[13.822s]   File "/usr/lib/python3/dist-packages/lark/parsers/xearley.py", line 28, in __init__
[13.826s]     BaseParser.__init__(self, parser_conf, term_matcher, resolve_ambiguity, debug)
[13.826s]   File "/usr/lib/python3/dist-packages/lark/parsers/earley.py", line 25, in __init__
[13.827s]     analysis = GrammarAnalyzer(parser_conf)
[13.828s]   File "/usr/lib/python3/dist-packages/lark/parsers/grammar_analysis.py", line 161, in __init__
[13.828s]     self.FIRST, self.FOLLOW, self.NULLABLE = calculate_sets(rules)
[13.828s]   File "/usr/lib/python3/dist-packages/lark/parsers/grammar_analysis.py", line 113, in calculate_sets
[13.829s]     if update_set(FOLLOW[sym], FOLLOW[rule.origin]):
[13.830s]   File "/usr/lib/python3/dist-packages/lark/grammar.py", line 15, in __eq__
[13.831s]     return self.is_term == other.is_term and self.name == other.name
[13.833s] KeyboardInterrupt
[13.856s] make[2]: *** [teleop_tools_msgs__py/CMakeFiles/teleop_tools_msgs__py.dir/build.make:86: rosidl_generator_py/teleop_tools_msgs/_teleop_tools_msgs_s.ep.rosidl_typesupport_fastrtps_c.c] Interrupt
[13.858s] make[1]: *** [CMakeFiles/Makefile2:553: teleop_tools_msgs__py/CMakeFiles/teleop_tools_msgs__py.dir/all] Interrupt
[13.860s] make: *** [Makefile:141: all] Interrupt
[13.864s] Invoked command in '/home/f1tenth_ws/src/build/teleop_tools_msgs' returned '-2': CMAKE_PREFIX_PATH=${CMAKE_PREFIX_PATH}:/home/f1tenth_ws/install/voice_control:/home/f1tenth_ws/install/f1tenth_stack:/home/f1tenth_ws/install/joy_teleop:/home/f1tenth_ws/install/mouse_teleop:/home/f1tenth_ws/install/key_teleop:/home/f1tenth_ws/install/joystick_ros2:/home/f1tenth_ws/install/automatic_braking:/home/f1tenth_ws/install/ament_uncrustify:/home/f1tenth_ws/install/ament_pycodestyle:/home/f1tenth_ws/install/ament_package:/home/f1tenth_ws/install/ament_lint:/home/f1tenth_ws/install/ament_cppcheck:/opt/ros/foxy _=/usr/bin/env /usr/bin/cmake --build /home/f1tenth_ws/src/build/teleop_tools_msgs -- -j8 -l8
