[1.695s] Invoking command in '/home/f1tenth_ws/src/voice_control': PYTHONPATH=/home/f1tenth_ws/build/voice_control/prefix_override:/usr/lib/python3/dist-packages/colcon_core/task/python/colcon_distutils_commands:/home/f1tenth_ws/install/voice_control/lib/python3.8/site-packages:${PYTHONPATH} _=/usr/bin/env /usr/bin/python3 -W ignore:setup.py install is deprecated setup.py egg_info --egg-base ../../build/voice_control build --build-base /home/f1tenth_ws/build/voice_control/build install --record /home/f1tenth_ws/build/voice_control/install.log --install-scripts $base/lib/voice_control --single-version-externally-managed install_data
[1.883s] /usr/local/lib/python3.8/dist-packages/setuptools/dist.py:447: SetuptoolsDeprecationWarning: Invalid dash-separated options
[1.884s] !!
[1.884s] 
[1.885s]         ********************************************************************************
[1.885s]         Usage of dash-separated 'script-dir' will not be supported in future
[1.886s]         versions. Please use the underscore name 'script_dir' instead.
[1.887s] 
[1.887s]         By 2024-Sep-26, you need to update your project and remove deprecated calls
[1.888s]         or your builds will no longer be supported.
[1.891s] 
[1.891s]         See https://setuptools.pypa.io/en/latest/userguide/declarative_config.html for details.
[1.892s]         ********************************************************************************
[1.892s] 
[1.893s] !!
[1.893s]   opt = self.warn_dash_deprecation(opt, section)
[1.900s] /usr/local/lib/python3.8/dist-packages/setuptools/_distutils/dist.py:268: UserWarning: Unknown distribution option: 'tests_require'
[1.901s]   warnings.warn(msg)
[2.001s] running egg_info
[2.020s] writing ../../build/voice_control/voice_control.egg-info/PKG-INFO
[2.021s] writing dependency_links to ../../build/voice_control/voice_control.egg-info/dependency_links.txt
[2.023s] writing entry points to ../../build/voice_control/voice_control.egg-info/entry_points.txt
[2.023s] writing requirements to ../../build/voice_control/voice_control.egg-info/requires.txt
[2.024s] writing top-level names to ../../build/voice_control/voice_control.egg-info/top_level.txt
[2.164s] reading manifest file '../../build/voice_control/voice_control.egg-info/SOURCES.txt'
[2.172s] writing manifest file '../../build/voice_control/voice_control.egg-info/SOURCES.txt'
[2.172s] running build
[2.174s] running build_py
[2.175s] copying voice_control/__init__.py -> /home/f1tenth_ws/build/voice_control/build/lib/voice_control
[2.175s] copying voice_control/voice_command_node.py -> /home/f1tenth_ws/build/voice_control/build/lib/voice_control
[2.176s] copying voice_control/to_text.py -> /home/f1tenth_ws/build/voice_control/build/lib/voice_control
[2.176s] running install
[2.176s] running install_lib
[2.191s] running install_data
[2.191s] copying package.xml -> /home/f1tenth_ws/install/voice_control/share/voice_control
[2.192s] running install_egg_info
[2.213s] removing '/home/f1tenth_ws/install/voice_control/lib/python3.8/site-packages/voice_control-0.0.0-py3.8.egg-info' (and everything under it)
[2.215s] Copying ../../build/voice_control/voice_control.egg-info to /home/f1tenth_ws/install/voice_control/lib/python3.8/site-packages/voice_control-0.0.0-py3.8.egg-info
[2.216s] running install_scripts
[2.280s] Installing voice_command_node script to /home/f1tenth_ws/install/voice_control/lib/voice_control
[2.281s] writing list of installed files to '/home/f1tenth_ws/build/voice_control/install.log'
[2.356s] Invoked command in '/home/f1tenth_ws/src/voice_control' returned '0': PYTHONPATH=/home/f1tenth_ws/build/voice_control/prefix_override:/usr/lib/python3/dist-packages/colcon_core/task/python/colcon_distutils_commands:/home/f1tenth_ws/install/voice_control/lib/python3.8/site-packages:${PYTHONPATH} _=/usr/bin/env /usr/bin/python3 -W ignore:setup.py install is deprecated setup.py egg_info --egg-base ../../build/voice_control build --build-base /home/f1tenth_ws/build/voice_control/build install --record /home/f1tenth_ws/build/voice_control/install.log --install-scripts $base/lib/voice_control --single-version-externally-managed install_data
