[4.298s] Invoking command in '/home/f1tenth_ws/src/person_follow': PYTHONPATH=/home/f1tenth_ws/build/person_follow/prefix_override:/usr/lib/python3/dist-packages/colcon_core/task/python/colcon_distutils_commands:/home/f1tenth_ws/install/person_follow/lib/python3.8/site-packages:${PYTHONPATH} _=/usr/bin/env /usr/bin/python3 -W ignore:setup.py install is deprecated setup.py egg_info --egg-base ../../build/person_follow build --build-base /home/f1tenth_ws/build/person_follow/build install --record /home/f1tenth_ws/build/person_follow/install.log --install-scripts $base/lib/person_follow --single-version-externally-managed install_data
[4.522s] /usr/local/lib/python3.8/dist-packages/setuptools/dist.py:447: SetuptoolsDeprecationWarning: Invalid dash-separated options
[4.523s] !!
[4.523s] 
[4.524s]         ********************************************************************************
[4.524s]         Usage of dash-separated 'script-dir' will not be supported in future
[4.525s]         versions. Please use the underscore name 'script_dir' instead.
[4.525s] 
[4.526s]         By 2024-Sep-26, you need to update your project and remove deprecated calls
[4.526s]         or your builds will no longer be supported.
[4.527s] 
[4.527s]         See https://setuptools.pypa.io/en/latest/userguide/declarative_config.html for details.
[4.528s]         ********************************************************************************
[4.528s] 
[4.528s] !!
[4.529s]   opt = self.warn_dash_deprecation(opt, section)
[4.546s] /usr/local/lib/python3.8/dist-packages/setuptools/_distutils/dist.py:268: UserWarning: Unknown distribution option: 'tests_require'
[4.546s]   warnings.warn(msg)
[4.688s] running egg_info
[4.689s] creating ../../build/person_follow/person_follow.egg-info
[4.710s] writing ../../build/person_follow/person_follow.egg-info/PKG-INFO
[4.712s] writing dependency_links to ../../build/person_follow/person_follow.egg-info/dependency_links.txt
[4.712s] writing entry points to ../../build/person_follow/person_follow.egg-info/entry_points.txt
[4.713s] writing requirements to ../../build/person_follow/person_follow.egg-info/requires.txt
[4.713s] writing top-level names to ../../build/person_follow/person_follow.egg-info/top_level.txt
[4.848s] writing manifest file '../../build/person_follow/person_follow.egg-info/SOURCES.txt'
[4.899s] reading manifest file '../../build/person_follow/person_follow.egg-info/SOURCES.txt'
[4.901s] writing manifest file '../../build/person_follow/person_follow.egg-info/SOURCES.txt'
[4.902s] running build
[4.903s] running build_py
[4.904s] creating /home/f1tenth_ws/build/person_follow/build
[4.905s] creating /home/f1tenth_ws/build/person_follow/build/lib
[4.905s] creating /home/f1tenth_ws/build/person_follow/build/lib/person_follow
[4.908s] copying person_follow/__init__.py -> /home/f1tenth_ws/build/person_follow/build/lib/person_follow
[4.909s] copying person_follow/person_follow.py -> /home/f1tenth_ws/build/person_follow/build/lib/person_follow
[4.910s] running install
[4.911s] running install_lib
[4.932s] creating /home/f1tenth_ws/install/person_follow/lib/python3.8/site-packages/person_follow
[4.932s] copying /home/f1tenth_ws/build/person_follow/build/lib/person_follow/__init__.py -> /home/f1tenth_ws/install/person_follow/lib/python3.8/site-packages/person_follow
[4.933s] copying /home/f1tenth_ws/build/person_follow/build/lib/person_follow/person_follow.py -> /home/f1tenth_ws/install/person_follow/lib/python3.8/site-packages/person_follow
[4.933s] byte-compiling /home/f1tenth_ws/install/person_follow/lib/python3.8/site-packages/person_follow/__init__.py to __init__.cpython-38.pyc
[4.934s] byte-compiling /home/f1tenth_ws/install/person_follow/lib/python3.8/site-packages/person_follow/person_follow.py to person_follow.cpython-38.pyc
[4.935s] running install_data
[4.936s] creating /home/f1tenth_ws/install/person_follow/share/ament_index
[4.936s] creating /home/f1tenth_ws/install/person_follow/share/ament_index/resource_index
[4.937s] creating /home/f1tenth_ws/install/person_follow/share/ament_index/resource_index/packages
[4.937s] copying resource/person_follow -> /home/f1tenth_ws/install/person_follow/share/ament_index/resource_index/packages
[4.938s] copying package.xml -> /home/f1tenth_ws/install/person_follow/share/person_follow
[4.938s] running install_egg_info
[4.960s] Copying ../../build/person_follow/person_follow.egg-info to /home/f1tenth_ws/install/person_follow/lib/python3.8/site-packages/person_follow-0.0.0-py3.8.egg-info
[4.961s] running install_scripts
[5.023s] Installing person_follow script to /home/f1tenth_ws/install/person_follow/lib/person_follow
[5.023s] writing list of installed files to '/home/f1tenth_ws/build/person_follow/install.log'
[5.244s] Invoked command in '/home/f1tenth_ws/src/person_follow' returned '0': PYTHONPATH=/home/f1tenth_ws/build/person_follow/prefix_override:/usr/lib/python3/dist-packages/colcon_core/task/python/colcon_distutils_commands:/home/f1tenth_ws/install/person_follow/lib/python3.8/site-packages:${PYTHONPATH} _=/usr/bin/env /usr/bin/python3 -W ignore:setup.py install is deprecated setup.py egg_info --egg-base ../../build/person_follow build --build-base /home/f1tenth_ws/build/person_follow/build install --record /home/f1tenth_ws/build/person_follow/install.log --install-scripts $base/lib/person_follow --single-version-externally-managed install_data
