[3.382s] Invoking command in '/home/f1tenth_ws/src/f1tenth_system/teleop_tools/key_teleop': PYTHONPATH=/home/f1tenth_ws/build/key_teleop/prefix_override:/usr/lib/python3/dist-packages/colcon_core/task/python/colcon_distutils_commands:/home/f1tenth_ws/install/key_teleop/lib/python3.8/site-packages:${PYTHONPATH} _=/usr/bin/env /usr/bin/python3 -W ignore:setup.py install is deprecated setup.py egg_info --egg-base ../../../../build/key_teleop build --build-base /home/f1tenth_ws/build/key_teleop/build install --record /home/f1tenth_ws/build/key_teleop/install.log --install-scripts $base/lib/key_teleop --single-version-externally-managed install_data
[3.917s] /usr/local/lib/python3.8/dist-packages/setuptools/dist.py:447: SetuptoolsDeprecationWarning: Invalid dash-separated options
[3.920s] !!
[3.920s] 
[3.921s]         ********************************************************************************
[3.922s]         Usage of dash-separated 'script-dir' will not be supported in future
[3.923s]         versions. Please use the underscore name 'script_dir' instead.
[3.926s] 
[3.928s]         By 2024-Sep-26, you need to update your project and remove deprecated calls
[3.929s]         or your builds will no longer be supported.
[3.929s] 
[3.930s]         See https://setuptools.pypa.io/en/latest/userguide/declarative_config.html for details.
[3.930s]         ********************************************************************************
[3.930s] 
[3.931s] !!
[3.933s]   opt = self.warn_dash_deprecation(opt, section)
[3.974s] /usr/local/lib/python3.8/dist-packages/setuptools/_distutils/dist.py:268: UserWarning: Unknown distribution option: 'tests_require'
[3.974s]   warnings.warn(msg)
[4.197s] running egg_info
[4.223s] writing ../../../../build/key_teleop/key_teleop.egg-info/PKG-INFO
[4.224s] writing dependency_links to ../../../../build/key_teleop/key_teleop.egg-info/dependency_links.txt
[4.225s] writing entry points to ../../../../build/key_teleop/key_teleop.egg-info/entry_points.txt
[4.225s] writing requirements to ../../../../build/key_teleop/key_teleop.egg-info/requires.txt
[4.226s] writing top-level names to ../../../../build/key_teleop/key_teleop.egg-info/top_level.txt
[4.430s] reading manifest file '../../../../build/key_teleop/key_teleop.egg-info/SOURCES.txt'
[4.430s] adding license file 'LICENSE'
[4.435s] writing manifest file '../../../../build/key_teleop/key_teleop.egg-info/SOURCES.txt'
[4.435s] running build
[4.436s] running build_py
[4.436s] copying key_teleop/__init__.py -> /home/f1tenth_ws/build/key_teleop/build/lib/key_teleop
[4.437s] copying key_teleop/key_teleop.py -> /home/f1tenth_ws/build/key_teleop/build/lib/key_teleop
[4.437s] running install
[4.439s] running install_lib
[4.467s] running install_data
[4.468s] copying config/key_teleop.yaml -> /home/f1tenth_ws/install/key_teleop/share/key_teleop/config
[4.468s] running install_egg_info
[4.495s] removing '/home/f1tenth_ws/install/key_teleop/lib/python3.8/site-packages/key_teleop-0.3.0-py3.8.egg-info' (and everything under it)
[4.495s] Copying ../../../../build/key_teleop/key_teleop.egg-info to /home/f1tenth_ws/install/key_teleop/lib/python3.8/site-packages/key_teleop-0.3.0-py3.8.egg-info
[4.497s] running install_scripts
[4.562s] Installing key_teleop script to /home/f1tenth_ws/install/key_teleop/lib/key_teleop
[4.562s] writing list of installed files to '/home/f1tenth_ws/build/key_teleop/install.log'
[5.021s] Invoked command in '/home/f1tenth_ws/src/f1tenth_system/teleop_tools/key_teleop' returned '0': PYTHONPATH=/home/f1tenth_ws/build/key_teleop/prefix_override:/usr/lib/python3/dist-packages/colcon_core/task/python/colcon_distutils_commands:/home/f1tenth_ws/install/key_teleop/lib/python3.8/site-packages:${PYTHONPATH} _=/usr/bin/env /usr/bin/python3 -W ignore:setup.py install is deprecated setup.py egg_info --egg-base ../../../../build/key_teleop build --build-base /home/f1tenth_ws/build/key_teleop/build install --record /home/f1tenth_ws/build/key_teleop/install.log --install-scripts $base/lib/key_teleop --single-version-externally-managed install_data
