[2.983s] Invoking command in '/home/f1tenth_ws/src/follow_gap': CONDA_PROMPT_MODIFIER=(base) PYTHONPATH=/home/f1tenth_ws/build/follow_gap/prefix_override:/usr/lib/python3/dist-packages/colcon_core/task/python/colcon_distutils_commands:/home/f1tenth_ws/install/follow_gap/lib/python3.8/site-packages:${PYTHONPATH} _=/usr/bin/env /usr/bin/python3 -W ignore:setup.py install is deprecated setup.py egg_info --egg-base ../../build/follow_gap build --build-base /home/f1tenth_ws/build/follow_gap/build install --record /home/f1tenth_ws/build/follow_gap/install.log --install-scripts $base/lib/follow_gap --single-version-externally-managed install_data
[3.397s] /usr/local/lib/python3.8/dist-packages/setuptools/dist.py:447: SetuptoolsDeprecationWarning: Invalid dash-separated options
[3.398s] !!
[3.398s] 
[3.399s]         ********************************************************************************
[3.401s]         Usage of dash-separated 'script-dir' will not be supported in future
[3.401s]         versions. Please use the underscore name 'script_dir' instead.
[3.402s] 
[3.402s]         This deprecation is overdue, please update your project and remove deprecated
[3.403s]         calls to avoid build errors in the future.
[3.406s] 
[3.406s]         See https://setuptools.pypa.io/en/latest/userguide/declarative_config.html for details.
[3.407s]         ********************************************************************************
[3.408s] 
[3.408s] !!
[3.409s]   opt = self.warn_dash_deprecation(opt, section)
[3.425s] /usr/local/lib/python3.8/dist-packages/setuptools/_distutils/dist.py:268: UserWarning: Unknown distribution option: 'tests_require'
[3.426s]   warnings.warn(msg)
[3.610s] running egg_info
[3.642s] writing ../../build/follow_gap/follow_gap.egg-info/PKG-INFO
[3.643s] writing dependency_links to ../../build/follow_gap/follow_gap.egg-info/dependency_links.txt
[3.643s] writing entry points to ../../build/follow_gap/follow_gap.egg-info/entry_points.txt
[3.644s] writing requirements to ../../build/follow_gap/follow_gap.egg-info/requires.txt
[3.645s] writing top-level names to ../../build/follow_gap/follow_gap.egg-info/top_level.txt
[3.862s] reading manifest file '../../build/follow_gap/follow_gap.egg-info/SOURCES.txt'
[3.865s] writing manifest file '../../build/follow_gap/follow_gap.egg-info/SOURCES.txt'
[3.865s] running build
[3.866s] running build_py
[3.866s] copying follow_gap/__init__.py -> /home/f1tenth_ws/build/follow_gap/build/lib/follow_gap
[3.867s] copying follow_gap/follow_gap.py -> /home/f1tenth_ws/build/follow_gap/build/lib/follow_gap
[3.868s] running install
[3.873s] running install_lib
[3.900s] running install_data
[3.901s] copying resource/follow_gap -> /home/f1tenth_ws/install/follow_gap/share/ament_index/resource_index/packages
[3.902s] copying package.xml -> /home/f1tenth_ws/install/follow_gap/share/follow_gap
[3.902s] running install_egg_info
[3.945s] removing '/home/f1tenth_ws/install/follow_gap/lib/python3.8/site-packages/follow_gap-0.0.0-py3.8.egg-info' (and everything under it)
[3.946s] Copying ../../build/follow_gap/follow_gap.egg-info to /home/f1tenth_ws/install/follow_gap/lib/python3.8/site-packages/follow_gap-0.0.0-py3.8.egg-info
[3.947s] running install_scripts
[3.993s] Installing follow_gap script to /home/f1tenth_ws/install/follow_gap/lib/follow_gap
[4.005s] writing list of installed files to '/home/f1tenth_ws/build/follow_gap/install.log'
[4.246s] Invoked command in '/home/f1tenth_ws/src/follow_gap' returned '0': CONDA_PROMPT_MODIFIER=(base) PYTHONPATH=/home/f1tenth_ws/build/follow_gap/prefix_override:/usr/lib/python3/dist-packages/colcon_core/task/python/colcon_distutils_commands:/home/f1tenth_ws/install/follow_gap/lib/python3.8/site-packages:${PYTHONPATH} _=/usr/bin/env /usr/bin/python3 -W ignore:setup.py install is deprecated setup.py egg_info --egg-base ../../build/follow_gap build --build-base /home/f1tenth_ws/build/follow_gap/build install --record /home/f1tenth_ws/build/follow_gap/install.log --install-scripts $base/lib/follow_gap --single-version-externally-managed install_data
