[2.615s] Invoking command in '/home/f1tenth_ws/src/voice_control': PYTHONPATH=/home/f1tenth_ws/build/voice_control/prefix_override:/usr/lib/python3/dist-packages/colcon_core/task/python/colcon_distutils_commands:/home/f1tenth_ws/install/voice_control/lib/python3.8/site-packages:${PYTHONPATH} _=/usr/bin/env /usr/bin/python3 -W ignore:setup.py install is deprecated setup.py egg_info --egg-base ../../build/voice_control build --build-base /home/f1tenth_ws/build/voice_control/build install --record /home/f1tenth_ws/build/voice_control/install.log --install-scripts $base/lib/voice_control --single-version-externally-managed install_data
[2.868s] /usr/local/lib/python3.8/dist-packages/setuptools/dist.py:447: SetuptoolsDeprecationWarning: Invalid dash-separated options
[2.869s] !!
[2.870s] 
[2.871s]         ********************************************************************************
[2.876s]         Usage of dash-separated 'script-dir' will not be supported in future
[2.877s]         versions. Please use the underscore name 'script_dir' instead.
[2.877s] 
[2.877s]         By 2024-Sep-26, you need to update your project and remove deprecated calls
[2.877s]         or your builds will no longer be supported.
[2.878s] 
[2.879s]         See https://setuptools.pypa.io/en/latest/userguide/declarative_config.html for details.
[2.879s]         ********************************************************************************
[2.880s] 
[2.880s] !!
[2.881s]   opt = self.warn_dash_deprecation(opt, section)
[2.893s] /usr/local/lib/python3.8/dist-packages/setuptools/_distutils/dist.py:268: UserWarning: Unknown distribution option: 'tests_require'
[2.894s]   warnings.warn(msg)
[3.106s] running egg_info
[3.123s] writing ../../build/voice_control/voice_control.egg-info/PKG-INFO
[3.124s] writing dependency_links to ../../build/voice_control/voice_control.egg-info/dependency_links.txt
[3.124s] writing entry points to ../../build/voice_control/voice_control.egg-info/entry_points.txt
[3.124s] writing requirements to ../../build/voice_control/voice_control.egg-info/requires.txt
[3.124s] writing top-level names to ../../build/voice_control/voice_control.egg-info/top_level.txt
[3.267s] reading manifest file '../../build/voice_control/voice_control.egg-info/SOURCES.txt'
[3.268s] writing manifest file '../../build/voice_control/voice_control.egg-info/SOURCES.txt'
[3.268s] running build
[3.269s] running build_py
[3.270s] copying voice_control/__init__.py -> /home/f1tenth_ws/build/voice_control/build/lib/voice_control
[3.270s] copying voice_control/voice_command_node.py -> /home/f1tenth_ws/build/voice_control/build/lib/voice_control
[3.270s] copying voice_control/to_text.py -> /home/f1tenth_ws/build/voice_control/build/lib/voice_control
[3.271s] running install
[3.275s] running install_lib
[3.296s] running install_data
[3.296s] copying package.xml -> /home/f1tenth_ws/install/voice_control/share/voice_control
[3.297s] running install_egg_info
[3.316s] removing '/home/f1tenth_ws/install/voice_control/lib/python3.8/site-packages/voice_control-0.0.0-py3.8.egg-info' (and everything under it)
[3.317s] Copying ../../build/voice_control/voice_control.egg-info to /home/f1tenth_ws/install/voice_control/lib/python3.8/site-packages/voice_control-0.0.0-py3.8.egg-info
[3.317s] running install_scripts
[3.367s] Installing voice_command_node script to /home/f1tenth_ws/install/voice_control/lib/voice_control
[3.369s] writing list of installed files to '/home/f1tenth_ws/build/voice_control/install.log'
[3.458s] Invoked command in '/home/f1tenth_ws/src/voice_control' returned '0': PYTHONPATH=/home/f1tenth_ws/build/voice_control/prefix_override:/usr/lib/python3/dist-packages/colcon_core/task/python/colcon_distutils_commands:/home/f1tenth_ws/install/voice_control/lib/python3.8/site-packages:${PYTHONPATH} _=/usr/bin/env /usr/bin/python3 -W ignore:setup.py install is deprecated setup.py egg_info --egg-base ../../build/voice_control build --build-base /home/f1tenth_ws/build/voice_control/build install --record /home/f1tenth_ws/build/voice_control/install.log --install-scripts $base/lib/voice_control --single-version-externally-managed install_data
