[1.734s] Invoking command in '/home/f1tenth_ws/src/autonomous_driving_pkg': CONDA_PROMPT_MODIFIER=(base) PYTHONPATH=/home/f1tenth_ws/src/build/autonomous_driving_pkg/prefix_override:/usr/lib/python3/dist-packages/colcon_core/task/python/colcon_distutils_commands:/home/f1tenth_ws/src/install/autonomous_driving_pkg/lib/python3.8/site-packages:${PYTHONPATH} _=/usr/bin/env /usr/bin/python3 -W ignore:setup.py install is deprecated setup.py egg_info --egg-base ../build/autonomous_driving_pkg build --build-base /home/f1tenth_ws/src/build/autonomous_driving_pkg/build install --record /home/f1tenth_ws/src/build/autonomous_driving_pkg/install.log --install-scripts $base/lib/autonomous_driving_pkg --single-version-externally-managed install_data
[2.032s] /usr/local/lib/python3.8/dist-packages/setuptools/dist.py:447: SetuptoolsDeprecationWarning: Invalid dash-separated options
[2.033s] !!
[2.035s] 
[2.036s]         ********************************************************************************
[2.037s]         Usage of dash-separated 'script-dir' will not be supported in future
[2.040s]         versions. Please use the underscore name 'script_dir' instead.
[2.042s] 
[2.043s]         This deprecation is overdue, please update your project and remove deprecated
[2.045s]         calls to avoid build errors in the future.
[2.046s] 
[2.047s]         See https://setuptools.pypa.io/en/latest/userguide/declarative_config.html for details.
[2.047s]         ********************************************************************************
[2.048s] 
[2.048s] !!
[2.049s]   opt = self.warn_dash_deprecation(opt, section)
[2.056s] /usr/local/lib/python3.8/dist-packages/setuptools/_distutils/dist.py:268: UserWarning: Unknown distribution option: 'tests_require'
[2.057s]   warnings.warn(msg)
[2.215s] running egg_info
[2.236s] writing ../build/autonomous_driving_pkg/autonomous_driving_pkg.egg-info/PKG-INFO
[2.238s] writing dependency_links to ../build/autonomous_driving_pkg/autonomous_driving_pkg.egg-info/dependency_links.txt
[2.239s] writing entry points to ../build/autonomous_driving_pkg/autonomous_driving_pkg.egg-info/entry_points.txt
[2.240s] writing requirements to ../build/autonomous_driving_pkg/autonomous_driving_pkg.egg-info/requires.txt
[2.242s] writing top-level names to ../build/autonomous_driving_pkg/autonomous_driving_pkg.egg-info/top_level.txt
[2.438s] reading manifest file '../build/autonomous_driving_pkg/autonomous_driving_pkg.egg-info/SOURCES.txt'
[2.441s] writing manifest file '../build/autonomous_driving_pkg/autonomous_driving_pkg.egg-info/SOURCES.txt'
[2.445s] running build
[2.446s] running build_py
[2.448s] copying autonomous_driving_pkg/__init__.py -> /home/f1tenth_ws/src/build/autonomous_driving_pkg/build/lib/autonomous_driving_pkg
[2.449s] copying autonomous_driving_pkg/euler_transform.py -> /home/f1tenth_ws/src/build/autonomous_driving_pkg/build/lib/autonomous_driving_pkg
[2.451s] copying autonomous_driving_pkg/pure_pursuit_controller.py -> /home/f1tenth_ws/src/build/autonomous_driving_pkg/build/lib/autonomous_driving_pkg
[2.452s] copying autonomous_driving_pkg/controller_node.py -> /home/f1tenth_ws/src/build/autonomous_driving_pkg/build/lib/autonomous_driving_pkg
[2.454s] copying autonomous_driving_pkg/person_follow.py -> /home/f1tenth_ws/src/build/autonomous_driving_pkg/build/lib/autonomous_driving_pkg
[2.455s] copying autonomous_driving_pkg/follow_the_gap.py -> /home/f1tenth_ws/src/build/autonomous_driving_pkg/build/lib/autonomous_driving_pkg
[2.456s] copying autonomous_driving_pkg/altrnate_waypoint_follower.py -> /home/f1tenth_ws/src/build/autonomous_driving_pkg/build/lib/autonomous_driving_pkg
[2.457s] copying autonomous_driving_pkg/waypoint_follower.py -> /home/f1tenth_ws/src/build/autonomous_driving_pkg/build/lib/autonomous_driving_pkg
[2.459s] copying autonomous_driving_pkg/return_to_origin.py -> /home/f1tenth_ws/src/build/autonomous_driving_pkg/build/lib/autonomous_driving_pkg
[2.460s] copying autonomous_driving_pkg/camera_publisher.py -> /home/f1tenth_ws/src/build/autonomous_driving_pkg/build/lib/autonomous_driving_pkg
[2.461s] running install
[2.462s] running install_lib
[2.474s] copying /home/f1tenth_ws/src/build/autonomous_driving_pkg/build/lib/autonomous_driving_pkg/pure_pursuit_controller.py -> /home/f1tenth_ws/src/install/autonomous_driving_pkg/lib/python3.8/site-packages/autonomous_driving_pkg
[2.475s] copying /home/f1tenth_ws/src/build/autonomous_driving_pkg/build/lib/autonomous_driving_pkg/controller_node.py -> /home/f1tenth_ws/src/install/autonomous_driving_pkg/lib/python3.8/site-packages/autonomous_driving_pkg
[2.475s] copying /home/f1tenth_ws/src/build/autonomous_driving_pkg/build/lib/autonomous_driving_pkg/person_follow.py -> /home/f1tenth_ws/src/install/autonomous_driving_pkg/lib/python3.8/site-packages/autonomous_driving_pkg
[2.476s] copying /home/f1tenth_ws/src/build/autonomous_driving_pkg/build/lib/autonomous_driving_pkg/follow_the_gap.py -> /home/f1tenth_ws/src/install/autonomous_driving_pkg/lib/python3.8/site-packages/autonomous_driving_pkg
[2.477s] copying /home/f1tenth_ws/src/build/autonomous_driving_pkg/build/lib/autonomous_driving_pkg/altrnate_waypoint_follower.py -> /home/f1tenth_ws/src/install/autonomous_driving_pkg/lib/python3.8/site-packages/autonomous_driving_pkg
[2.477s] copying /home/f1tenth_ws/src/build/autonomous_driving_pkg/build/lib/autonomous_driving_pkg/waypoint_follower.py -> /home/f1tenth_ws/src/install/autonomous_driving_pkg/lib/python3.8/site-packages/autonomous_driving_pkg
[2.479s] copying /home/f1tenth_ws/src/build/autonomous_driving_pkg/build/lib/autonomous_driving_pkg/return_to_origin.py -> /home/f1tenth_ws/src/install/autonomous_driving_pkg/lib/python3.8/site-packages/autonomous_driving_pkg
[2.481s] copying /home/f1tenth_ws/src/build/autonomous_driving_pkg/build/lib/autonomous_driving_pkg/camera_publisher.py -> /home/f1tenth_ws/src/install/autonomous_driving_pkg/lib/python3.8/site-packages/autonomous_driving_pkg
[2.483s] byte-compiling /home/f1tenth_ws/src/install/autonomous_driving_pkg/lib/python3.8/site-packages/autonomous_driving_pkg/pure_pursuit_controller.py to pure_pursuit_controller.cpython-38.pyc
[2.484s] byte-compiling /home/f1tenth_ws/src/install/autonomous_driving_pkg/lib/python3.8/site-packages/autonomous_driving_pkg/controller_node.py to controller_node.cpython-38.pyc
[2.486s] byte-compiling /home/f1tenth_ws/src/install/autonomous_driving_pkg/lib/python3.8/site-packages/autonomous_driving_pkg/person_follow.py to person_follow.cpython-38.pyc
[2.487s] byte-compiling /home/f1tenth_ws/src/install/autonomous_driving_pkg/lib/python3.8/site-packages/autonomous_driving_pkg/follow_the_gap.py to follow_the_gap.cpython-38.pyc
[2.489s] byte-compiling /home/f1tenth_ws/src/install/autonomous_driving_pkg/lib/python3.8/site-packages/autonomous_driving_pkg/altrnate_waypoint_follower.py to altrnate_waypoint_follower.cpython-38.pyc
[2.491s] byte-compiling /home/f1tenth_ws/src/install/autonomous_driving_pkg/lib/python3.8/site-packages/autonomous_driving_pkg/waypoint_follower.py to waypoint_follower.cpython-38.pyc
[2.492s] byte-compiling /home/f1tenth_ws/src/install/autonomous_driving_pkg/lib/python3.8/site-packages/autonomous_driving_pkg/return_to_origin.py to return_to_origin.cpython-38.pyc
[2.494s] byte-compiling /home/f1tenth_ws/src/install/autonomous_driving_pkg/lib/python3.8/site-packages/autonomous_driving_pkg/camera_publisher.py to camera_publisher.cpython-38.pyc
[2.494s] running install_data
[2.495s] copying resource/autonomous_driving_pkg -> /home/f1tenth_ws/src/install/autonomous_driving_pkg/share/ament_index/resource_index/packages
[2.496s] copying package.xml -> /home/f1tenth_ws/src/install/autonomous_driving_pkg/share/autonomous_driving_pkg
[2.496s] creating /home/f1tenth_ws/src/install/autonomous_driving_pkg/share/autonomous_driving_pkg/waypoints
[2.497s] running install_egg_info
[2.522s] removing '/home/f1tenth_ws/src/install/autonomous_driving_pkg/lib/python3.8/site-packages/autonomous_driving_pkg-0.0.0-py3.8.egg-info' (and everything under it)
[2.523s] Copying ../build/autonomous_driving_pkg/autonomous_driving_pkg.egg-info to /home/f1tenth_ws/src/install/autonomous_driving_pkg/lib/python3.8/site-packages/autonomous_driving_pkg-0.0.0-py3.8.egg-info
[2.524s] running install_scripts
[2.587s] Installing camera_publisher script to /home/f1tenth_ws/src/install/autonomous_driving_pkg/lib/autonomous_driving_pkg
[2.589s] Installing follow_the_gap script to /home/f1tenth_ws/src/install/autonomous_driving_pkg/lib/autonomous_driving_pkg
[2.591s] Installing person_follow script to /home/f1tenth_ws/src/install/autonomous_driving_pkg/lib/autonomous_driving_pkg
[2.592s] Installing pp_node script to /home/f1tenth_ws/src/install/autonomous_driving_pkg/lib/autonomous_driving_pkg
[2.595s] Installing return_to_origin script to /home/f1tenth_ws/src/install/autonomous_driving_pkg/lib/autonomous_driving_pkg
[2.597s] Installing waypoint_follower script to /home/f1tenth_ws/src/install/autonomous_driving_pkg/lib/autonomous_driving_pkg
[2.598s] writing list of installed files to '/home/f1tenth_ws/src/build/autonomous_driving_pkg/install.log'
[2.651s] Invoked command in '/home/f1tenth_ws/src/autonomous_driving_pkg' returned '0': CONDA_PROMPT_MODIFIER=(base) PYTHONPATH=/home/f1tenth_ws/src/build/autonomous_driving_pkg/prefix_override:/usr/lib/python3/dist-packages/colcon_core/task/python/colcon_distutils_commands:/home/f1tenth_ws/src/install/autonomous_driving_pkg/lib/python3.8/site-packages:${PYTHONPATH} _=/usr/bin/env /usr/bin/python3 -W ignore:setup.py install is deprecated setup.py egg_info --egg-base ../build/autonomous_driving_pkg build --build-base /home/f1tenth_ws/src/build/autonomous_driving_pkg/build install --record /home/f1tenth_ws/src/build/autonomous_driving_pkg/install.log --install-scripts $base/lib/autonomous_driving_pkg --single-version-externally-managed install_data
