[3.664s] Invoking command in '/home/f1tenth_ws/src/automatic_braking': PYTHONPATH=/home/f1tenth_ws/build/automatic_braking/prefix_override:/usr/lib/python3/dist-packages/colcon_core/task/python/colcon_distutils_commands:/home/f1tenth_ws/install/automatic_braking/lib/python3.8/site-packages:${PYTHONPATH} _=/usr/bin/env /usr/bin/python3 -W ignore:setup.py install is deprecated setup.py egg_info --egg-base ../../build/automatic_braking build --build-base /home/f1tenth_ws/build/automatic_braking/build install --record /home/f1tenth_ws/build/automatic_braking/install.log --install-scripts $base/lib/automatic_braking --single-version-externally-managed install_data
[3.787s] /usr/local/lib/python3.8/dist-packages/setuptools/dist.py:447: SetuptoolsDeprecationWarning: Invalid dash-separated options
[3.788s] !!
[3.788s] 
[3.789s]         ********************************************************************************
[3.790s]         Usage of dash-separated 'script-dir' will not be supported in future
[3.790s]         versions. Please use the underscore name 'script_dir' instead.
[3.791s] 
[3.791s]         By 2024-Sep-26, you need to update your project and remove deprecated calls
[3.793s]         or your builds will no longer be supported.
[3.794s] 
[3.795s]         See https://setuptools.pypa.io/en/latest/userguide/declarative_config.html for details.
[3.795s]         ********************************************************************************
[3.796s] 
[3.797s] !!
[3.797s]   opt = self.warn_dash_deprecation(opt, section)
[3.816s] /usr/local/lib/python3.8/dist-packages/setuptools/_distutils/dist.py:268: UserWarning: Unknown distribution option: 'tests_require'
[3.816s]   warnings.warn(msg)
[3.976s] running egg_info
[3.977s] creating ../../build/automatic_braking/automatic_braking.egg-info
[4.002s] writing ../../build/automatic_braking/automatic_braking.egg-info/PKG-INFO
[4.003s] writing dependency_links to ../../build/automatic_braking/automatic_braking.egg-info/dependency_links.txt
[4.009s] writing entry points to ../../build/automatic_braking/automatic_braking.egg-info/entry_points.txt
[4.010s] writing requirements to ../../build/automatic_braking/automatic_braking.egg-info/requires.txt
[4.010s] writing top-level names to ../../build/automatic_braking/automatic_braking.egg-info/top_level.txt
[4.154s] writing manifest file '../../build/automatic_braking/automatic_braking.egg-info/SOURCES.txt'
[4.210s] reading manifest file '../../build/automatic_braking/automatic_braking.egg-info/SOURCES.txt'
[4.213s] writing manifest file '../../build/automatic_braking/automatic_braking.egg-info/SOURCES.txt'
[4.214s] running build
[4.216s] running build_py
[4.216s] creating /home/f1tenth_ws/build/automatic_braking/build
[4.217s] creating /home/f1tenth_ws/build/automatic_braking/build/lib
[4.217s] creating /home/f1tenth_ws/build/automatic_braking/build/lib/automatic_braking
[4.218s] copying automatic_braking/__init__.py -> /home/f1tenth_ws/build/automatic_braking/build/lib/automatic_braking
[4.219s] copying automatic_braking/automatic_braking.py -> /home/f1tenth_ws/build/automatic_braking/build/lib/automatic_braking
[4.219s] copying automatic_braking/__init__.py -> /home/f1tenth_ws/build/automatic_braking/build/lib/automatic_braking
[4.219s] copying automatic_braking/automatic_braking.py -> /home/f1tenth_ws/build/automatic_braking/build/lib/automatic_braking
[4.224s] running install
[4.224s] running install_lib
[4.247s] creating /home/f1tenth_ws/install/automatic_braking/lib/python3.8/site-packages/automatic_braking
[4.248s] copying /home/f1tenth_ws/build/automatic_braking/build/lib/automatic_braking/__init__.py -> /home/f1tenth_ws/install/automatic_braking/lib/python3.8/site-packages/automatic_braking
[4.248s] copying /home/f1tenth_ws/build/automatic_braking/build/lib/automatic_braking/automatic_braking.py -> /home/f1tenth_ws/install/automatic_braking/lib/python3.8/site-packages/automatic_braking
[4.249s] byte-compiling /home/f1tenth_ws/install/automatic_braking/lib/python3.8/site-packages/automatic_braking/__init__.py to __init__.cpython-38.pyc
[4.260s] byte-compiling /home/f1tenth_ws/install/automatic_braking/lib/python3.8/site-packages/automatic_braking/automatic_braking.py to automatic_braking.cpython-38.pyc
[4.261s] running install_data
[4.262s] running install_egg_info
[4.283s] Copying ../../build/automatic_braking/automatic_braking.egg-info to /home/f1tenth_ws/install/automatic_braking/lib/python3.8/site-packages/automatic_braking-0.0.0-py3.8.egg-info
[4.283s] running install_scripts
[4.362s] Installing automatic_braking script to /home/f1tenth_ws/install/automatic_braking/lib/automatic_braking
[4.363s] writing list of installed files to '/home/f1tenth_ws/build/automatic_braking/install.log'
[4.602s] Invoked command in '/home/f1tenth_ws/src/automatic_braking' returned '0': PYTHONPATH=/home/f1tenth_ws/build/automatic_braking/prefix_override:/usr/lib/python3/dist-packages/colcon_core/task/python/colcon_distutils_commands:/home/f1tenth_ws/install/automatic_braking/lib/python3.8/site-packages:${PYTHONPATH} _=/usr/bin/env /usr/bin/python3 -W ignore:setup.py install is deprecated setup.py egg_info --egg-base ../../build/automatic_braking build --build-base /home/f1tenth_ws/build/automatic_braking/build install --record /home/f1tenth_ws/build/automatic_braking/install.log --install-scripts $base/lib/automatic_braking --single-version-externally-managed install_data
