[3.705s] Invoking command in '/home/f1tenth_ws/src/follow_gap': CONDA_PROMPT_MODIFIER=(base) PYTHONPATH=/home/f1tenth_ws/build/follow_gap/prefix_override:/usr/lib/python3/dist-packages/colcon_core/task/python/colcon_distutils_commands:/home/f1tenth_ws/install/follow_gap/lib/python3.8/site-packages:${PYTHONPATH} _=/usr/bin/env /usr/bin/python3 -W ignore:setup.py install is deprecated setup.py egg_info --egg-base ../../build/follow_gap build --build-base /home/f1tenth_ws/build/follow_gap/build install --record /home/f1tenth_ws/build/follow_gap/install.log --install-scripts $base/lib/follow_gap --single-version-externally-managed install_data
[3.966s] /usr/local/lib/python3.8/dist-packages/setuptools/dist.py:447: SetuptoolsDeprecationWarning: Invalid dash-separated options
[3.966s] !!
[3.967s] 
[3.967s]         ********************************************************************************
[3.968s]         Usage of dash-separated 'script-dir' will not be supported in future
[3.968s]         versions. Please use the underscore name 'script_dir' instead.
[3.968s] 
[3.969s]         This deprecation is overdue, please update your project and remove deprecated
[3.969s]         calls to avoid build errors in the future.
[3.970s] 
[3.971s]         See https://setuptools.pypa.io/en/latest/userguide/declarative_config.html for details.
[3.971s]         ********************************************************************************
[3.972s] 
[3.972s] !!
[3.973s]   opt = self.warn_dash_deprecation(opt, section)
[3.993s] /usr/local/lib/python3.8/dist-packages/setuptools/_distutils/dist.py:268: UserWarning: Unknown distribution option: 'tests_require'
[3.993s]   warnings.warn(msg)
[4.179s] running egg_info
[4.207s] writing ../../build/follow_gap/follow_gap.egg-info/PKG-INFO
[4.208s] writing dependency_links to ../../build/follow_gap/follow_gap.egg-info/dependency_links.txt
[4.209s] writing entry points to ../../build/follow_gap/follow_gap.egg-info/entry_points.txt
[4.209s] writing requirements to ../../build/follow_gap/follow_gap.egg-info/requires.txt
[4.212s] writing top-level names to ../../build/follow_gap/follow_gap.egg-info/top_level.txt
[4.420s] reading manifest file '../../build/follow_gap/follow_gap.egg-info/SOURCES.txt'
[4.421s] writing manifest file '../../build/follow_gap/follow_gap.egg-info/SOURCES.txt'
[4.421s] running build
[4.421s] running build_py
[4.422s] copying follow_gap/__init__.py -> /home/f1tenth_ws/build/follow_gap/build/lib/follow_gap
[4.422s] copying follow_gap/follow_gap.py -> /home/f1tenth_ws/build/follow_gap/build/lib/follow_gap
[4.423s] running install
[4.426s] running install_lib
[4.455s] running install_data
[4.456s] copying resource/follow_gap -> /home/f1tenth_ws/install/follow_gap/share/ament_index/resource_index/packages
[4.456s] copying package.xml -> /home/f1tenth_ws/install/follow_gap/share/follow_gap
[4.456s] running install_egg_info
[4.486s] removing '/home/f1tenth_ws/install/follow_gap/lib/python3.8/site-packages/follow_gap-0.0.0-py3.8.egg-info' (and everything under it)
[4.486s] Copying ../../build/follow_gap/follow_gap.egg-info to /home/f1tenth_ws/install/follow_gap/lib/python3.8/site-packages/follow_gap-0.0.0-py3.8.egg-info
[4.488s] running install_scripts
[4.559s] Installing follow_gap script to /home/f1tenth_ws/install/follow_gap/lib/follow_gap
[4.560s] writing list of installed files to '/home/f1tenth_ws/build/follow_gap/install.log'
[4.984s] Invoked command in '/home/f1tenth_ws/src/follow_gap' returned '0': CONDA_PROMPT_MODIFIER=(base) PYTHONPATH=/home/f1tenth_ws/build/follow_gap/prefix_override:/usr/lib/python3/dist-packages/colcon_core/task/python/colcon_distutils_commands:/home/f1tenth_ws/install/follow_gap/lib/python3.8/site-packages:${PYTHONPATH} _=/usr/bin/env /usr/bin/python3 -W ignore:setup.py install is deprecated setup.py egg_info --egg-base ../../build/follow_gap build --build-base /home/f1tenth_ws/build/follow_gap/build install --record /home/f1tenth_ws/build/follow_gap/install.log --install-scripts $base/lib/follow_gap --single-version-externally-managed install_data
