[0.078s] Invoking command in '/home/f1tenth_ws/build/teleop_tools': AMENT_PREFIX_PATH=/home/f1tenth_ws/install/joy_teleop:/home/f1tenth_ws/install/teleop_tools_msgs:/home/f1tenth_ws/install/key_teleop CMAKE_PREFIX_PATH=/home/f1tenth_ws/install/teleop_tools_msgs LD_LIBRARY_PATH=/home/f1tenth_ws/install/teleop_tools_msgs/lib PYTHONPATH=/home/f1tenth_ws/install/joy_teleop/lib/python3.8/site-packages:/home/f1tenth_ws/install/teleop_tools_msgs/lib/python3.8/site-packages:/home/f1tenth_ws/install/key_teleop/lib/python3.8/site-packages _=/usr/bin/env /usr/bin/cmake --build /home/f1tenth_ws/build/teleop_tools -- -j8 -l8
[0.233s] Invoked command in '/home/f1tenth_ws/build/teleop_tools' returned '0': AMENT_PREFIX_PATH=/home/f1tenth_ws/install/joy_teleop:/home/f1tenth_ws/install/teleop_tools_msgs:/home/f1tenth_ws/install/key_teleop CMAKE_PREFIX_PATH=/home/f1tenth_ws/install/teleop_tools_msgs LD_LIBRARY_PATH=/home/f1tenth_ws/install/teleop_tools_msgs/lib PYTHONPATH=/home/f1tenth_ws/install/joy_teleop/lib/python3.8/site-packages:/home/f1tenth_ws/install/teleop_tools_msgs/lib/python3.8/site-packages:/home/f1tenth_ws/install/key_teleop/lib/python3.8/site-packages _=/usr/bin/env /usr/bin/cmake --build /home/f1tenth_ws/build/teleop_tools -- -j8 -l8
[0.360s] Invoking command in '/home/f1tenth_ws/build/teleop_tools': AMENT_PREFIX_PATH=/home/f1tenth_ws/install/joy_teleop:/home/f1tenth_ws/install/teleop_tools_msgs:/home/f1tenth_ws/install/key_teleop CMAKE_PREFIX_PATH=/home/f1tenth_ws/install/teleop_tools_msgs LD_LIBRARY_PATH=/home/f1tenth_ws/install/teleop_tools_msgs/lib PYTHONPATH=/home/f1tenth_ws/install/joy_teleop/lib/python3.8/site-packages:/home/f1tenth_ws/install/teleop_tools_msgs/lib/python3.8/site-packages:/home/f1tenth_ws/install/key_teleop/lib/python3.8/site-packages _=/usr/bin/env /usr/bin/cmake --install /home/f1tenth_ws/build/teleop_tools
[0.395s] -- Install configuration: ""
[0.396s] -- Up-to-date: /home/f1tenth_ws/install/teleop_tools/share/ament_index/resource_index/package_run_dependencies/teleop_tools
[0.396s] -- Up-to-date: /home/f1tenth_ws/install/teleop_tools/share/ament_index/resource_index/parent_prefix_path/teleop_tools
[0.397s] -- Up-to-date: /home/f1tenth_ws/install/teleop_tools/share/teleop_tools/environment/ament_prefix_path.sh
[0.398s] -- Up-to-date: /home/f1tenth_ws/install/teleop_tools/share/teleop_tools/environment/ament_prefix_path.dsv
[0.398s] -- Up-to-date: /home/f1tenth_ws/install/teleop_tools/share/teleop_tools/environment/path.sh
[0.399s] -- Up-to-date: /home/f1tenth_ws/install/teleop_tools/share/teleop_tools/environment/path.dsv
[0.400s] -- Up-to-date: /home/f1tenth_ws/install/teleop_tools/share/teleop_tools/local_setup.bash
[0.401s] -- Up-to-date: /home/f1tenth_ws/install/teleop_tools/share/teleop_tools/local_setup.sh
[0.407s] -- Up-to-date: /home/f1tenth_ws/install/teleop_tools/share/teleop_tools/local_setup.zsh
[0.409s] -- Up-to-date: /home/f1tenth_ws/install/teleop_tools/share/teleop_tools/local_setup.dsv
[0.410s] -- Installing: /home/f1tenth_ws/install/teleop_tools/share/teleop_tools/package.dsv
[0.411s] -- Up-to-date: /home/f1tenth_ws/install/teleop_tools/share/ament_index/resource_index/packages/teleop_tools
[0.412s] -- Up-to-date: /home/f1tenth_ws/install/teleop_tools/share/teleop_tools/cmake/teleop_toolsConfig.cmake
[0.413s] -- Up-to-date: /home/f1tenth_ws/install/teleop_tools/share/teleop_tools/cmake/teleop_toolsConfig-version.cmake
[0.414s] -- Up-to-date: /home/f1tenth_ws/install/teleop_tools/share/teleop_tools/package.xml
[0.415s] Invoked command in '/home/f1tenth_ws/build/teleop_tools' returned '0': AMENT_PREFIX_PATH=/home/f1tenth_ws/install/joy_teleop:/home/f1tenth_ws/install/teleop_tools_msgs:/home/f1tenth_ws/install/key_teleop CMAKE_PREFIX_PATH=/home/f1tenth_ws/install/teleop_tools_msgs LD_LIBRARY_PATH=/home/f1tenth_ws/install/teleop_tools_msgs/lib PYTHONPATH=/home/f1tenth_ws/install/joy_teleop/lib/python3.8/site-packages:/home/f1tenth_ws/install/teleop_tools_msgs/lib/python3.8/site-packages:/home/f1tenth_ws/install/key_teleop/lib/python3.8/site-packages _=/usr/bin/env /usr/bin/cmake --install /home/f1tenth_ws/build/teleop_tools
