[2.015s] Invoking command in '/home/f1tenth_ws/src/voice_control': PYTHONPATH=/home/f1tenth_ws/build/voice_control/prefix_override:/usr/lib/python3/dist-packages/colcon_core/task/python/colcon_distutils_commands:/home/f1tenth_ws/install/voice_control/lib/python3.8/site-packages:${PYTHONPATH} _=/usr/bin/env /usr/bin/python3 -W ignore:setup.py install is deprecated setup.py egg_info --egg-base ../../build/voice_control build --build-base /home/f1tenth_ws/build/voice_control/build install --record /home/f1tenth_ws/build/voice_control/install.log --install-scripts $base/lib/voice_control --single-version-externally-managed install_data
[2.298s] /usr/local/lib/python3.8/dist-packages/setuptools/dist.py:447: SetuptoolsDeprecationWarning: Invalid dash-separated options
[2.299s] !!
[2.300s] 
[2.300s]         ********************************************************************************
[2.301s]         Usage of dash-separated 'script-dir' will not be supported in future
[2.301s]         versions. Please use the underscore name 'script_dir' instead.
[2.302s] 
[2.302s]         By 2024-Sep-26, you need to update your project and remove deprecated calls
[2.303s]         or your builds will no longer be supported.
[2.303s] 
[2.304s]         See https://setuptools.pypa.io/en/latest/userguide/declarative_config.html for details.
[2.304s]         ********************************************************************************
[2.304s] 
[2.305s] !!
[2.305s]   opt = self.warn_dash_deprecation(opt, section)
[2.328s] /usr/local/lib/python3.8/dist-packages/setuptools/_distutils/dist.py:268: UserWarning: Unknown distribution option: 'tests_require'
[2.329s]   warnings.warn(msg)
[2.488s] running egg_info
[2.509s] writing ../../build/voice_control/voice_control.egg-info/PKG-INFO
[2.510s] writing dependency_links to ../../build/voice_control/voice_control.egg-info/dependency_links.txt
[2.511s] writing entry points to ../../build/voice_control/voice_control.egg-info/entry_points.txt
[2.512s] writing requirements to ../../build/voice_control/voice_control.egg-info/requires.txt
[2.514s] writing top-level names to ../../build/voice_control/voice_control.egg-info/top_level.txt
[2.697s] reading manifest file '../../build/voice_control/voice_control.egg-info/SOURCES.txt'
[2.700s] writing manifest file '../../build/voice_control/voice_control.egg-info/SOURCES.txt'
[2.701s] running build
[2.702s] running build_py
[2.703s] copying voice_control/__init__.py -> /home/f1tenth_ws/build/voice_control/build/lib/voice_control
[2.703s] copying voice_control/voice_command_node.py -> /home/f1tenth_ws/build/voice_control/build/lib/voice_control
[2.704s] copying voice_control/to_text.py -> /home/f1tenth_ws/build/voice_control/build/lib/voice_control
[2.705s] running install
[2.706s] running install_lib
[2.769s] running install_data
[2.770s] copying package.xml -> /home/f1tenth_ws/install/voice_control/share/voice_control
[2.770s] running install_egg_info
[2.770s] removing '/home/f1tenth_ws/install/voice_control/lib/python3.8/site-packages/voice_control-0.0.0-py3.8.egg-info' (and everything under it)
[2.770s] Copying ../../build/voice_control/voice_control.egg-info to /home/f1tenth_ws/install/voice_control/lib/python3.8/site-packages/voice_control-0.0.0-py3.8.egg-info
[2.770s] running install_scripts
[2.852s] Installing voice_command_node script to /home/f1tenth_ws/install/voice_control/lib/voice_control
[2.852s] writing list of installed files to '/home/f1tenth_ws/build/voice_control/install.log'
[2.922s] Invoked command in '/home/f1tenth_ws/src/voice_control' returned '0': PYTHONPATH=/home/f1tenth_ws/build/voice_control/prefix_override:/usr/lib/python3/dist-packages/colcon_core/task/python/colcon_distutils_commands:/home/f1tenth_ws/install/voice_control/lib/python3.8/site-packages:${PYTHONPATH} _=/usr/bin/env /usr/bin/python3 -W ignore:setup.py install is deprecated setup.py egg_info --egg-base ../../build/voice_control build --build-base /home/f1tenth_ws/build/voice_control/build install --record /home/f1tenth_ws/build/voice_control/install.log --install-scripts $base/lib/voice_control --single-version-externally-managed install_data
