[2.357s] Invoking command in '/home/f1tenth_ws/src/person_follow': CONDA_PROMPT_MODIFIER=(base) PYTHONPATH=/home/f1tenth_ws/build/person_follow/prefix_override:/usr/lib/python3/dist-packages/colcon_core/task/python/colcon_distutils_commands:/home/f1tenth_ws/install/person_follow/lib/python3.8/site-packages:${PYTHONPATH} _=/usr/bin/env /usr/bin/python3 -W ignore:setup.py install is deprecated setup.py egg_info --egg-base ../../build/person_follow build --build-base /home/f1tenth_ws/build/person_follow/build install --record /home/f1tenth_ws/build/person_follow/install.log --install-scripts $base/lib/person_follow --single-version-externally-managed install_data
[2.629s] /usr/local/lib/python3.8/dist-packages/setuptools/dist.py:447: SetuptoolsDeprecationWarning: Invalid dash-separated options
[2.631s] !!
[2.631s] 
[2.632s]         ********************************************************************************
[2.633s]         Usage of dash-separated 'script-dir' will not be supported in future
[2.633s]         versions. Please use the underscore name 'script_dir' instead.
[2.633s] 
[2.635s]         This deprecation is overdue, please update your project and remove deprecated
[2.635s]         calls to avoid build errors in the future.
[2.636s] 
[2.637s]         See https://setuptools.pypa.io/en/latest/userguide/declarative_config.html for details.
[2.637s]         ********************************************************************************
[2.638s] 
[2.639s] !!
[2.640s]   opt = self.warn_dash_deprecation(opt, section)
[2.653s] /usr/local/lib/python3.8/dist-packages/setuptools/_distutils/dist.py:268: UserWarning: Unknown distribution option: 'tests_require'
[2.654s]   warnings.warn(msg)
[2.816s] running egg_info
[2.841s] writing ../../build/person_follow/person_follow.egg-info/PKG-INFO
[2.843s] writing dependency_links to ../../build/person_follow/person_follow.egg-info/dependency_links.txt
[2.845s] writing entry points to ../../build/person_follow/person_follow.egg-info/entry_points.txt
[2.846s] writing requirements to ../../build/person_follow/person_follow.egg-info/requires.txt
[2.848s] writing top-level names to ../../build/person_follow/person_follow.egg-info/top_level.txt
[3.045s] reading manifest file '../../build/person_follow/person_follow.egg-info/SOURCES.txt'
[3.047s] writing manifest file '../../build/person_follow/person_follow.egg-info/SOURCES.txt'
[3.048s] running build
[3.050s] running build_py
[3.051s] copying person_follow/__init__.py -> /home/f1tenth_ws/build/person_follow/build/lib/person_follow
[3.052s] copying person_follow/person_follow.py -> /home/f1tenth_ws/build/person_follow/build/lib/person_follow
[3.054s] running install
[3.057s] running install_lib
[3.077s] running install_data
[3.077s] copying resource/person_follow -> /home/f1tenth_ws/install/person_follow/share/ament_index/resource_index/packages
[3.080s] copying package.xml -> /home/f1tenth_ws/install/person_follow/share/person_follow
[3.080s] running install_egg_info
[3.107s] removing '/home/f1tenth_ws/install/person_follow/lib/python3.8/site-packages/person_follow-0.0.0-py3.8.egg-info' (and everything under it)
[3.108s] Copying ../../build/person_follow/person_follow.egg-info to /home/f1tenth_ws/install/person_follow/lib/python3.8/site-packages/person_follow-0.0.0-py3.8.egg-info
[3.110s] running install_scripts
[3.151s] Installing person_follow script to /home/f1tenth_ws/install/person_follow/lib/person_follow
[3.155s] writing list of installed files to '/home/f1tenth_ws/build/person_follow/install.log'
[3.228s] Invoked command in '/home/f1tenth_ws/src/person_follow' returned '0': CONDA_PROMPT_MODIFIER=(base) PYTHONPATH=/home/f1tenth_ws/build/person_follow/prefix_override:/usr/lib/python3/dist-packages/colcon_core/task/python/colcon_distutils_commands:/home/f1tenth_ws/install/person_follow/lib/python3.8/site-packages:${PYTHONPATH} _=/usr/bin/env /usr/bin/python3 -W ignore:setup.py install is deprecated setup.py egg_info --egg-base ../../build/person_follow build --build-base /home/f1tenth_ws/build/person_follow/build install --record /home/f1tenth_ws/build/person_follow/install.log --install-scripts $base/lib/person_follow --single-version-externally-managed install_data
