[3.851s] Invoking command in '/home/f1tenth_ws/build/automatic_braking': CONDA_PROMPT_MODIFIER=(base) PYTHONPATH=/home/f1tenth_ws/build/automatic_braking/prefix_override:/usr/lib/python3/dist-packages/colcon_core/task/python/colcon_distutils_commands:/home/f1tenth_ws/install/automatic_braking/lib/python3.8/site-packages:${PYTHONPATH} _=/usr/bin/env /usr/bin/python3 -W ignore:setup.py install is deprecated setup.py develop --editable --build-directory /home/f1tenth_ws/build/automatic_braking/build --no-deps symlink_data --force
[4.641s] /usr/local/lib/python3.8/dist-packages/setuptools/_distutils/dist.py:268: UserWarning: Unknown distribution option: 'tests_require'
[4.642s]   warnings.warn(msg)
[4.915s] /usr/local/lib/python3.8/dist-packages/setuptools/dist.py:447: SetuptoolsDeprecationWarning: Invalid dash-separated options
[4.916s] !!
[4.917s] 
[4.918s]         ********************************************************************************
[4.923s]         Usage of dash-separated 'script-dir' will not be supported in future
[4.926s]         versions. Please use the underscore name 'script_dir' instead.
[4.927s] 
[4.927s]         This deprecation is overdue, please update your project and remove deprecated
[4.929s]         calls to avoid build errors in the future.
[4.930s] 
[4.931s]         See https://setuptools.pypa.io/en/latest/userguide/declarative_config.html for details.
[4.931s]         ********************************************************************************
[4.932s] 
[4.933s] !!
[4.934s]   opt = self.warn_dash_deprecation(opt, section)
[5.255s] /usr/local/lib/python3.8/dist-packages/setuptools/command/develop.py:42: EasyInstallDeprecationWarning: easy_install command is deprecated.
[5.256s] !!
[5.256s] 
[5.257s]         ********************************************************************************
[5.257s]         Please avoid running ``setup.py`` and ``easy_install``.
[5.258s]         Instead, use pypa/build, pypa/installer or other
[5.258s]         standards-based tools.
[5.258s] 
[5.259s]         See https://github.com/pypa/setuptools/issues/917 for details.
[5.259s]         ********************************************************************************
[5.260s] 
[5.260s] !!
[5.261s]   easy_install.initialize_options(self)
[6.178s] Invoked command in '/home/f1tenth_ws/build/automatic_braking' returned '0': CONDA_PROMPT_MODIFIER=(base) PYTHONPATH=/home/f1tenth_ws/build/automatic_braking/prefix_override:/usr/lib/python3/dist-packages/colcon_core/task/python/colcon_distutils_commands:/home/f1tenth_ws/install/automatic_braking/lib/python3.8/site-packages:${PYTHONPATH} _=/usr/bin/env /usr/bin/python3 -W ignore:setup.py install is deprecated setup.py develop --editable --build-directory /home/f1tenth_ws/build/automatic_braking/build --no-deps symlink_data --force
