/usr/local/lib/python3.8/dist-packages/setuptools/dist.py:447: SetuptoolsDeprecationWarning: Invalid dash-separated options
!!

        ********************************************************************************
        Usage of dash-separated 'script-dir' will not be supported in future
        versions. Please use the underscore name 'script_dir' instead.

        By 2024-Sep-26, you need to update your project and remove deprecated calls
        or your builds will no longer be supported.

        See https://setuptools.pypa.io/en/latest/userguide/declarative_config.html for details.
        ********************************************************************************

!!
  opt = self.warn_dash_deprecation(opt, section)
/usr/local/lib/python3.8/dist-packages/setuptools/_distutils/dist.py:268: UserWarning: Unknown distribution option: 'tests_require'
  warnings.warn(msg)
running egg_info
writing ../../../../build/mouse_teleop/mouse_teleop.egg-info/PKG-INFO
writing dependency_links to ../../../../build/mouse_teleop/mouse_teleop.egg-info/dependency_links.txt
writing entry points to ../../../../build/mouse_teleop/mouse_teleop.egg-info/entry_points.txt
writing requirements to ../../../../build/mouse_teleop/mouse_teleop.egg-info/requires.txt
writing top-level names to ../../../../build/mouse_teleop/mouse_teleop.egg-info/top_level.txt
reading manifest file '../../../../build/mouse_teleop/mouse_teleop.egg-info/SOURCES.txt'
adding license file 'LICENSE'
writing manifest file '../../../../build/mouse_teleop/mouse_teleop.egg-info/SOURCES.txt'
running build
running build_py
copying mouse_teleop/__init__.py -> /home/f1tenth_ws/build/mouse_teleop/build/lib/mouse_teleop
copying mouse_teleop/mouse_teleop.py -> /home/f1tenth_ws/build/mouse_teleop/build/lib/mouse_teleop
running install
running install_lib
running install_data
copying config/mouse_teleop.yaml -> /home/f1tenth_ws/install/mouse_teleop/share/mouse_teleop/config
copying launch/mouse_teleop.launch.py -> /home/f1tenth_ws/install/mouse_teleop/share/mouse_teleop/launch
running install_egg_info
removing '/home/f1tenth_ws/install/mouse_teleop/lib/python3.8/site-packages/mouse_teleop-0.3.0-py3.8.egg-info' (and everything under it)
Copying ../../../../build/mouse_teleop/mouse_teleop.egg-info to /home/f1tenth_ws/install/mouse_teleop/lib/python3.8/site-packages/mouse_teleop-0.3.0-py3.8.egg-info
running install_scripts
Installing mouse_teleop script to /home/f1tenth_ws/install/mouse_teleop/lib/mouse_teleop
writing list of installed files to '/home/f1tenth_ws/build/mouse_teleop/install.log'
