[3.586s] Invoking command in '/home/f1tenth_ws/src/f1tenth_system/teleop_tools/key_teleop': PYTHONPATH=/home/f1tenth_ws/build/key_teleop/prefix_override:/usr/lib/python3/dist-packages/colcon_core/task/python/colcon_distutils_commands:/home/f1tenth_ws/install/key_teleop/lib/python3.8/site-packages:${PYTHONPATH} _=/usr/bin/env /usr/bin/python3 -W ignore:setup.py install is deprecated setup.py egg_info --egg-base ../../../../build/key_teleop build --build-base /home/f1tenth_ws/build/key_teleop/build install --record /home/f1tenth_ws/build/key_teleop/install.log --install-scripts $base/lib/key_teleop --single-version-externally-managed install_data
[3.869s] /usr/local/lib/python3.8/dist-packages/setuptools/dist.py:447: SetuptoolsDeprecationWarning: Invalid dash-separated options
[3.870s] !!
[3.870s] 
[3.871s]         ********************************************************************************
[3.871s]         Usage of dash-separated 'script-dir' will not be supported in future
[3.872s]         versions. Please use the underscore name 'script_dir' instead.
[3.875s] 
[3.876s]         By 2024-Sep-26, you need to update your project and remove deprecated calls
[3.876s]         or your builds will no longer be supported.
[3.877s] 
[3.877s]         See https://setuptools.pypa.io/en/latest/userguide/declarative_config.html for details.
[3.877s]         ********************************************************************************
[3.878s] 
[3.878s] !!
[3.879s]   opt = self.warn_dash_deprecation(opt, section)
[3.888s] /usr/local/lib/python3.8/dist-packages/setuptools/_distutils/dist.py:268: UserWarning: Unknown distribution option: 'tests_require'
[3.888s]   warnings.warn(msg)
[4.011s] running egg_info
[4.035s] writing ../../../../build/key_teleop/key_teleop.egg-info/PKG-INFO
[4.036s] writing dependency_links to ../../../../build/key_teleop/key_teleop.egg-info/dependency_links.txt
[4.036s] writing entry points to ../../../../build/key_teleop/key_teleop.egg-info/entry_points.txt
[4.037s] writing requirements to ../../../../build/key_teleop/key_teleop.egg-info/requires.txt
[4.037s] writing top-level names to ../../../../build/key_teleop/key_teleop.egg-info/top_level.txt
[4.412s] reading manifest file '../../../../build/key_teleop/key_teleop.egg-info/SOURCES.txt'
[4.414s] adding license file 'LICENSE'
[4.415s] writing manifest file '../../../../build/key_teleop/key_teleop.egg-info/SOURCES.txt'
[4.417s] running build
[4.418s] running build_py
[4.419s] copying key_teleop/__init__.py -> /home/f1tenth_ws/build/key_teleop/build/lib/key_teleop
[4.419s] copying key_teleop/key_teleop.py -> /home/f1tenth_ws/build/key_teleop/build/lib/key_teleop
[4.420s] running install
[4.425s] running install_lib
[4.452s] running install_data
[4.453s] copying config/key_teleop.yaml -> /home/f1tenth_ws/install/key_teleop/share/key_teleop/config
[4.454s] running install_egg_info
[4.475s] removing '/home/f1tenth_ws/install/key_teleop/lib/python3.8/site-packages/key_teleop-0.3.0-py3.8.egg-info' (and everything under it)
[4.476s] Copying ../../../../build/key_teleop/key_teleop.egg-info to /home/f1tenth_ws/install/key_teleop/lib/python3.8/site-packages/key_teleop-0.3.0-py3.8.egg-info
[4.479s] running install_scripts
[4.549s] Installing key_teleop script to /home/f1tenth_ws/install/key_teleop/lib/key_teleop
[4.550s] writing list of installed files to '/home/f1tenth_ws/build/key_teleop/install.log'
[4.639s] Invoked command in '/home/f1tenth_ws/src/f1tenth_system/teleop_tools/key_teleop' returned '0': PYTHONPATH=/home/f1tenth_ws/build/key_teleop/prefix_override:/usr/lib/python3/dist-packages/colcon_core/task/python/colcon_distutils_commands:/home/f1tenth_ws/install/key_teleop/lib/python3.8/site-packages:${PYTHONPATH} _=/usr/bin/env /usr/bin/python3 -W ignore:setup.py install is deprecated setup.py egg_info --egg-base ../../../../build/key_teleop build --build-base /home/f1tenth_ws/build/key_teleop/build install --record /home/f1tenth_ws/build/key_teleop/install.log --install-scripts $base/lib/key_teleop --single-version-externally-managed install_data
