[1.689s] Invoking command in '/home/f1tenth_ws/src/wall_following': PYTHONPATH=/home/f1tenth_ws/build/wall_following/prefix_override:/usr/lib/python3/dist-packages/colcon_core/task/python/colcon_distutils_commands:/home/f1tenth_ws/install/wall_following/lib/python3.8/site-packages:${PYTHONPATH} _=/usr/bin/env /usr/bin/python3 -W ignore:setup.py install is deprecated setup.py egg_info --egg-base ../../build/wall_following build --build-base /home/f1tenth_ws/build/wall_following/build install --record /home/f1tenth_ws/build/wall_following/install.log --install-scripts $base/lib/wall_following --single-version-externally-managed install_data
[1.904s] /usr/local/lib/python3.8/dist-packages/setuptools/dist.py:447: SetuptoolsDeprecationWarning: Invalid dash-separated options
[1.905s] !!
[1.906s] 
[1.907s]         ********************************************************************************
[1.908s]         Usage of dash-separated 'script-dir' will not be supported in future
[1.911s]         versions. Please use the underscore name 'script_dir' instead.
[1.912s] 
[1.912s]         By 2024-Sep-26, you need to update your project and remove deprecated calls
[1.913s]         or your builds will no longer be supported.
[1.914s] 
[1.915s]         See https://setuptools.pypa.io/en/latest/userguide/declarative_config.html for details.
[1.915s]         ********************************************************************************
[1.916s] 
[1.916s] !!
[1.917s]   opt = self.warn_dash_deprecation(opt, section)
[1.918s] /usr/local/lib/python3.8/dist-packages/setuptools/_distutils/dist.py:268: UserWarning: Unknown distribution option: 'tests_require'
[1.918s]   warnings.warn(msg)
[2.024s] running egg_info
[2.041s] writing ../../build/wall_following/wall_following.egg-info/PKG-INFO
[2.042s] writing dependency_links to ../../build/wall_following/wall_following.egg-info/dependency_links.txt
[2.042s] writing entry points to ../../build/wall_following/wall_following.egg-info/entry_points.txt
[2.043s] writing requirements to ../../build/wall_following/wall_following.egg-info/requires.txt
[2.043s] writing top-level names to ../../build/wall_following/wall_following.egg-info/top_level.txt
[2.174s] reading manifest file '../../build/wall_following/wall_following.egg-info/SOURCES.txt'
[2.175s] writing manifest file '../../build/wall_following/wall_following.egg-info/SOURCES.txt'
[2.176s] running build
[2.176s] running build_py
[2.177s] copying wall_following/__init__.py -> /home/f1tenth_ws/build/wall_following/build/lib/wall_following
[2.177s] copying wall_following/wall_following.py -> /home/f1tenth_ws/build/wall_following/build/lib/wall_following
[2.178s] running install
[2.180s] running install_lib
[2.199s] running install_data
[2.200s] copying resource/wall_following -> /home/f1tenth_ws/install/wall_following/share/ament_index/resource_index/packages
[2.200s] copying package.xml -> /home/f1tenth_ws/install/wall_following/share/wall_following
[2.201s] running install_egg_info
[2.218s] removing '/home/f1tenth_ws/install/wall_following/lib/python3.8/site-packages/wall_following-0.0.0-py3.8.egg-info' (and everything under it)
[2.219s] Copying ../../build/wall_following/wall_following.egg-info to /home/f1tenth_ws/install/wall_following/lib/python3.8/site-packages/wall_following-0.0.0-py3.8.egg-info
[2.219s] running install_scripts
[2.263s] Installing wall_following script to /home/f1tenth_ws/install/wall_following/lib/wall_following
[2.264s] writing list of installed files to '/home/f1tenth_ws/build/wall_following/install.log'
[2.397s] Invoked command in '/home/f1tenth_ws/src/wall_following' returned '0': PYTHONPATH=/home/f1tenth_ws/build/wall_following/prefix_override:/usr/lib/python3/dist-packages/colcon_core/task/python/colcon_distutils_commands:/home/f1tenth_ws/install/wall_following/lib/python3.8/site-packages:${PYTHONPATH} _=/usr/bin/env /usr/bin/python3 -W ignore:setup.py install is deprecated setup.py egg_info --egg-base ../../build/wall_following build --build-base /home/f1tenth_ws/build/wall_following/build install --record /home/f1tenth_ws/build/wall_following/install.log --install-scripts $base/lib/wall_following --single-version-externally-managed install_data
