[2.222s] Invoking command in '/home/f1tenth_ws/src/voice_control': CONDA_PROMPT_MODIFIER=(base) PYTHONPATH=/home/f1tenth_ws/build/voice_control/prefix_override:/usr/lib/python3/dist-packages/colcon_core/task/python/colcon_distutils_commands:/home/f1tenth_ws/install/voice_control/lib/python3.8/site-packages:${PYTHONPATH} _=/usr/bin/env /usr/bin/python3 -W ignore:setup.py install is deprecated setup.py egg_info --egg-base ../../build/voice_control build --build-base /home/f1tenth_ws/build/voice_control/build install --record /home/f1tenth_ws/build/voice_control/install.log --install-scripts $base/lib/voice_control --single-version-externally-managed install_data
[2.424s] /usr/local/lib/python3.8/dist-packages/setuptools/dist.py:447: SetuptoolsDeprecationWarning: Invalid dash-separated options
[2.425s] !!
[2.425s] 
[2.426s]         ********************************************************************************
[2.426s]         Usage of dash-separated 'script-dir' will not be supported in future
[2.426s]         versions. Please use the underscore name 'script_dir' instead.
[2.427s] 
[2.427s]         This deprecation is overdue, please update your project and remove deprecated
[2.428s]         calls to avoid build errors in the future.
[2.429s] 
[2.429s]         See https://setuptools.pypa.io/en/latest/userguide/declarative_config.html for details.
[2.430s]         ********************************************************************************
[2.430s] 
[2.431s] !!
[2.432s]   opt = self.warn_dash_deprecation(opt, section)
[2.445s] /usr/local/lib/python3.8/dist-packages/setuptools/_distutils/dist.py:268: UserWarning: Unknown distribution option: 'tests_require'
[2.446s]   warnings.warn(msg)
[2.565s] running egg_info
[2.570s] writing ../../build/voice_control/voice_control.egg-info/PKG-INFO
[2.571s] writing dependency_links to ../../build/voice_control/voice_control.egg-info/dependency_links.txt
[2.571s] writing entry points to ../../build/voice_control/voice_control.egg-info/entry_points.txt
[2.572s] writing requirements to ../../build/voice_control/voice_control.egg-info/requires.txt
[2.572s] writing top-level names to ../../build/voice_control/voice_control.egg-info/top_level.txt
[2.720s] reading manifest file '../../build/voice_control/voice_control.egg-info/SOURCES.txt'
[2.720s] writing manifest file '../../build/voice_control/voice_control.egg-info/SOURCES.txt'
[2.721s] running build
[2.721s] running build_py
[2.722s] copying voice_control/__init__.py -> /home/f1tenth_ws/build/voice_control/build/lib/voice_control
[2.722s] copying voice_control/voice_command_node.py -> /home/f1tenth_ws/build/voice_control/build/lib/voice_control
[2.723s] copying voice_control/to_text.py -> /home/f1tenth_ws/build/voice_control/build/lib/voice_control
[2.723s] running install
[2.726s] running install_lib
[2.733s] running install_data
[2.734s] copying resource/voice_control -> /home/f1tenth_ws/install/voice_control/share/ament_index/resource_index/packages
[2.734s] copying package.xml -> /home/f1tenth_ws/install/voice_control/share/voice_control
[2.735s] running install_egg_info
[2.753s] removing '/home/f1tenth_ws/install/voice_control/lib/python3.8/site-packages/voice_control-0.0.0-py3.8.egg-info' (and everything under it)
[2.754s] Copying ../../build/voice_control/voice_control.egg-info to /home/f1tenth_ws/install/voice_control/lib/python3.8/site-packages/voice_control-0.0.0-py3.8.egg-info
[2.755s] running install_scripts
[2.801s] Installing voice_command_node script to /home/f1tenth_ws/install/voice_control/lib/voice_control
[2.807s] writing list of installed files to '/home/f1tenth_ws/build/voice_control/install.log'
[2.888s] Invoked command in '/home/f1tenth_ws/src/voice_control' returned '0': CONDA_PROMPT_MODIFIER=(base) PYTHONPATH=/home/f1tenth_ws/build/voice_control/prefix_override:/usr/lib/python3/dist-packages/colcon_core/task/python/colcon_distutils_commands:/home/f1tenth_ws/install/voice_control/lib/python3.8/site-packages:${PYTHONPATH} _=/usr/bin/env /usr/bin/python3 -W ignore:setup.py install is deprecated setup.py egg_info --egg-base ../../build/voice_control build --build-base /home/f1tenth_ws/build/voice_control/build install --record /home/f1tenth_ws/build/voice_control/install.log --install-scripts $base/lib/voice_control --single-version-externally-managed install_data
