[1.312s] Invoking command in '/home/f1tenth_ws/build/autonomous_driving_pkg': CONDA_PROMPT_MODIFIER=(base) PYTHONPATH=/home/f1tenth_ws/build/autonomous_driving_pkg/prefix_override:/usr/lib/python3/dist-packages/colcon_core/task/python/colcon_distutils_commands:/home/f1tenth_ws/install/autonomous_driving_pkg/lib/python3.8/site-packages:${PYTHONPATH} _=/usr/bin/env /usr/bin/python3 -W ignore:setup.py install is deprecated setup.py develop --editable --build-directory /home/f1tenth_ws/build/autonomous_driving_pkg/build --no-deps symlink_data
[1.564s] /usr/local/lib/python3.8/dist-packages/setuptools/dist.py:447: SetuptoolsDeprecationWarning: Invalid dash-separated options
[1.566s] !!
[1.567s] 
[1.568s]         ********************************************************************************
[1.569s]         Usage of dash-separated 'script-dir' will not be supported in future
[1.571s]         versions. Please use the underscore name 'script_dir' instead.
[1.572s] 
[1.573s]         This deprecation is overdue, please update your project and remove deprecated
[1.574s]         calls to avoid build errors in the future.
[1.575s] 
[1.576s]         See https://setuptools.pypa.io/en/latest/userguide/declarative_config.html for details.
[1.577s]         ********************************************************************************
[1.579s] 
[1.579s] !!
[1.580s]   opt = self.warn_dash_deprecation(opt, section)
[1.580s] /usr/local/lib/python3.8/dist-packages/setuptools/_distutils/dist.py:268: UserWarning: Unknown distribution option: 'tests_require'
[1.581s]   warnings.warn(msg)
[1.750s] running develop
[1.752s] /usr/local/lib/python3.8/dist-packages/setuptools/command/develop.py:42: EasyInstallDeprecationWarning: easy_install command is deprecated.
[1.753s] !!
[1.754s] 
[1.755s]         ********************************************************************************
[1.756s]         Please avoid running ``setup.py`` and ``easy_install``.
[1.757s]         Instead, use pypa/build, pypa/installer or other
[1.758s]         standards-based tools.
[1.760s] 
[1.761s]         See https://github.com/pypa/setuptools/issues/917 for details.
[1.762s]         ********************************************************************************
[1.763s] 
[1.764s] !!
[1.765s]   easy_install.initialize_options(self)
[1.956s] running egg_info
[1.972s] writing autonomous_driving_pkg.egg-info/PKG-INFO
[1.974s] writing dependency_links to autonomous_driving_pkg.egg-info/dependency_links.txt
[1.975s] writing entry points to autonomous_driving_pkg.egg-info/entry_points.txt
[1.976s] writing requirements to autonomous_driving_pkg.egg-info/requires.txt
[1.977s] writing top-level names to autonomous_driving_pkg.egg-info/top_level.txt
[2.010s] reading manifest file 'autonomous_driving_pkg.egg-info/SOURCES.txt'
[2.012s] writing manifest file 'autonomous_driving_pkg.egg-info/SOURCES.txt'
[2.071s] running build_ext
[2.074s] Creating /home/f1tenth_ws/install/autonomous_driving_pkg/lib/python3.8/site-packages/autonomous-driving-pkg.egg-link (link to .)
[2.075s] Installing follow_the_gap script to /home/f1tenth_ws/install/autonomous_driving_pkg/lib/autonomous_driving_pkg
[2.077s] Installing pp_node script to /home/f1tenth_ws/install/autonomous_driving_pkg/lib/autonomous_driving_pkg
[2.078s] Installing return_to_origin script to /home/f1tenth_ws/install/autonomous_driving_pkg/lib/autonomous_driving_pkg
[2.079s] Installing waypoint_follower script to /home/f1tenth_ws/install/autonomous_driving_pkg/lib/autonomous_driving_pkg
[2.081s] 
[2.082s] Installed /home/f1tenth_ws/build/autonomous_driving_pkg
[2.083s] running symlink_data
[2.138s] Invoked command in '/home/f1tenth_ws/build/autonomous_driving_pkg' returned '0': CONDA_PROMPT_MODIFIER=(base) PYTHONPATH=/home/f1tenth_ws/build/autonomous_driving_pkg/prefix_override:/usr/lib/python3/dist-packages/colcon_core/task/python/colcon_distutils_commands:/home/f1tenth_ws/install/autonomous_driving_pkg/lib/python3.8/site-packages:${PYTHONPATH} _=/usr/bin/env /usr/bin/python3 -W ignore:setup.py install is deprecated setup.py develop --editable --build-directory /home/f1tenth_ws/build/autonomous_driving_pkg/build --no-deps symlink_data
