[3.150s] Invoking command in '/home/f1tenth_ws/src/follow_gap': CONDA_PROMPT_MODIFIER=(base) PYTHONPATH=/home/f1tenth_ws/build/follow_gap/prefix_override:/usr/lib/python3/dist-packages/colcon_core/task/python/colcon_distutils_commands:/home/f1tenth_ws/install/follow_gap/lib/python3.8/site-packages: _=/usr/bin/env /usr/bin/python3 -W ignore:setup.py install is deprecated setup.py egg_info --egg-base ../../build/follow_gap build --build-base /home/f1tenth_ws/build/follow_gap/build install --record /home/f1tenth_ws/build/follow_gap/install.log --install-scripts $base/lib/follow_gap --single-version-externally-managed install_data
[3.853s] /usr/local/lib/python3.8/dist-packages/setuptools/dist.py:447: SetuptoolsDeprecationWarning: Invalid dash-separated options
[3.854s] !!
[3.854s] 
[3.855s]         ********************************************************************************
[3.856s]         Usage of dash-separated 'script-dir' will not be supported in future
[3.857s]         versions. Please use the underscore name 'script_dir' instead.
[3.859s] 
[3.859s]         This deprecation is overdue, please update your project and remove deprecated
[3.860s]         calls to avoid build errors in the future.
[3.861s] 
[3.862s]         See https://setuptools.pypa.io/en/latest/userguide/declarative_config.html for details.
[3.863s]         ********************************************************************************
[3.864s] 
[3.865s] !!
[3.867s]   opt = self.warn_dash_deprecation(opt, section)
[3.868s] /usr/local/lib/python3.8/dist-packages/setuptools/_distutils/dist.py:268: UserWarning: Unknown distribution option: 'tests_require'
[3.869s]   warnings.warn(msg)
[3.957s] running egg_info
[3.973s] writing ../../build/follow_gap/follow_gap.egg-info/PKG-INFO
[3.974s] writing dependency_links to ../../build/follow_gap/follow_gap.egg-info/dependency_links.txt
[3.976s] writing entry points to ../../build/follow_gap/follow_gap.egg-info/entry_points.txt
[3.977s] writing requirements to ../../build/follow_gap/follow_gap.egg-info/requires.txt
[3.978s] writing top-level names to ../../build/follow_gap/follow_gap.egg-info/top_level.txt
[4.107s] reading manifest file '../../build/follow_gap/follow_gap.egg-info/SOURCES.txt'
[4.109s] writing manifest file '../../build/follow_gap/follow_gap.egg-info/SOURCES.txt'
[4.110s] running build
[4.110s] running build_py
[4.111s] copying follow_gap/__init__.py -> /home/f1tenth_ws/build/follow_gap/build/lib/follow_gap
[4.111s] copying follow_gap/follow_gap.py -> /home/f1tenth_ws/build/follow_gap/build/lib/follow_gap
[4.112s] running install
[4.113s] running install_lib
[4.128s] running install_data
[4.128s] copying resource/follow_gap -> /home/f1tenth_ws/install/follow_gap/share/ament_index/resource_index/packages
[4.130s] copying package.xml -> /home/f1tenth_ws/install/follow_gap/share/follow_gap
[4.131s] running install_egg_info
[4.148s] removing '/home/f1tenth_ws/install/follow_gap/lib/python3.8/site-packages/follow_gap-0.0.0-py3.8.egg-info' (and everything under it)
[4.149s] Copying ../../build/follow_gap/follow_gap.egg-info to /home/f1tenth_ws/install/follow_gap/lib/python3.8/site-packages/follow_gap-0.0.0-py3.8.egg-info
[4.151s] running install_scripts
[4.194s] Installing follow_gap script to /home/f1tenth_ws/install/follow_gap/lib/follow_gap
[4.195s] writing list of installed files to '/home/f1tenth_ws/build/follow_gap/install.log'
[4.376s] Invoked command in '/home/f1tenth_ws/src/follow_gap' returned '0': CONDA_PROMPT_MODIFIER=(base) PYTHONPATH=/home/f1tenth_ws/build/follow_gap/prefix_override:/usr/lib/python3/dist-packages/colcon_core/task/python/colcon_distutils_commands:/home/f1tenth_ws/install/follow_gap/lib/python3.8/site-packages: _=/usr/bin/env /usr/bin/python3 -W ignore:setup.py install is deprecated setup.py egg_info --egg-base ../../build/follow_gap build --build-base /home/f1tenth_ws/build/follow_gap/build install --record /home/f1tenth_ws/build/follow_gap/install.log --install-scripts $base/lib/follow_gap --single-version-externally-managed install_data
