[2.400s] Invoking command in '/home/f1tenth_ws/src/person_follow': CONDA_PROMPT_MODIFIER=(base) PYTHONPATH=/home/f1tenth_ws/build/person_follow/prefix_override:/usr/lib/python3/dist-packages/colcon_core/task/python/colcon_distutils_commands:/home/f1tenth_ws/install/person_follow/lib/python3.8/site-packages:${PYTHONPATH} _=/usr/bin/env /usr/bin/python3 -W ignore:setup.py install is deprecated setup.py egg_info --egg-base ../../build/person_follow build --build-base /home/f1tenth_ws/build/person_follow/build install --record /home/f1tenth_ws/build/person_follow/install.log --install-scripts $base/lib/person_follow --single-version-externally-managed install_data
[2.679s] /usr/local/lib/python3.8/dist-packages/setuptools/dist.py:447: SetuptoolsDeprecationWarning: Invalid dash-separated options
[2.680s] !!
[2.680s] 
[2.681s]         ********************************************************************************
[2.681s]         Usage of dash-separated 'script-dir' will not be supported in future
[2.682s]         versions. Please use the underscore name 'script_dir' instead.
[2.682s] 
[2.684s]         This deprecation is overdue, please update your project and remove deprecated
[2.684s]         calls to avoid build errors in the future.
[2.685s] 
[2.685s]         See https://setuptools.pypa.io/en/latest/userguide/declarative_config.html for details.
[2.686s]         ********************************************************************************
[2.686s] 
[2.686s] !!
[2.687s]   opt = self.warn_dash_deprecation(opt, section)
[2.703s] /usr/local/lib/python3.8/dist-packages/setuptools/_distutils/dist.py:268: UserWarning: Unknown distribution option: 'tests_require'
[2.703s]   warnings.warn(msg)
[2.871s] running egg_info
[2.894s] writing ../../build/person_follow/person_follow.egg-info/PKG-INFO
[2.895s] writing dependency_links to ../../build/person_follow/person_follow.egg-info/dependency_links.txt
[2.895s] writing entry points to ../../build/person_follow/person_follow.egg-info/entry_points.txt
[2.896s] writing requirements to ../../build/person_follow/person_follow.egg-info/requires.txt
[2.897s] writing top-level names to ../../build/person_follow/person_follow.egg-info/top_level.txt
[3.082s] reading manifest file '../../build/person_follow/person_follow.egg-info/SOURCES.txt'
[3.084s] writing manifest file '../../build/person_follow/person_follow.egg-info/SOURCES.txt'
[3.084s] running build
[3.085s] running build_py
[3.085s] copying person_follow/__init__.py -> /home/f1tenth_ws/build/person_follow/build/lib/person_follow
[3.085s] copying person_follow/person_follow.py -> /home/f1tenth_ws/build/person_follow/build/lib/person_follow
[3.086s] running install
[3.091s] running install_lib
[3.118s] running install_data
[3.119s] copying resource/person_follow -> /home/f1tenth_ws/install/person_follow/share/ament_index/resource_index/packages
[3.119s] copying package.xml -> /home/f1tenth_ws/install/person_follow/share/person_follow
[3.121s] running install_egg_info
[3.145s] removing '/home/f1tenth_ws/install/person_follow/lib/python3.8/site-packages/person_follow-0.0.0-py3.8.egg-info' (and everything under it)
[3.146s] Copying ../../build/person_follow/person_follow.egg-info to /home/f1tenth_ws/install/person_follow/lib/python3.8/site-packages/person_follow-0.0.0-py3.8.egg-info
[3.146s] running install_scripts
[3.214s] Installing person_follow script to /home/f1tenth_ws/install/person_follow/lib/person_follow
[3.215s] writing list of installed files to '/home/f1tenth_ws/build/person_follow/install.log'
[3.271s] Invoked command in '/home/f1tenth_ws/src/person_follow' returned '0': CONDA_PROMPT_MODIFIER=(base) PYTHONPATH=/home/f1tenth_ws/build/person_follow/prefix_override:/usr/lib/python3/dist-packages/colcon_core/task/python/colcon_distutils_commands:/home/f1tenth_ws/install/person_follow/lib/python3.8/site-packages:${PYTHONPATH} _=/usr/bin/env /usr/bin/python3 -W ignore:setup.py install is deprecated setup.py egg_info --egg-base ../../build/person_follow build --build-base /home/f1tenth_ws/build/person_follow/build install --record /home/f1tenth_ws/build/person_follow/install.log --install-scripts $base/lib/person_follow --single-version-externally-managed install_data
