/usr/local/lib/python3.8/dist-packages/setuptools/dist.py:447: SetuptoolsDeprecationWarning: Invalid dash-separated options
!!

        ********************************************************************************
        Usage of dash-separated 'script-dir' will not be supported in future
        versions. Please use the underscore name 'script_dir' instead.

        This deprecation is overdue, please update your project and remove deprecated
        calls to avoid build errors in the future.

        See https://setuptools.pypa.io/en/latest/userguide/declarative_config.html for details.
        ********************************************************************************

!!
  opt = self.warn_dash_deprecation(opt, section)
/usr/local/lib/python3.8/dist-packages/setuptools/_distutils/dist.py:268: UserWarning: Unknown distribution option: 'tests_require'
  warnings.warn(msg)
running develop
/usr/local/lib/python3.8/dist-packages/setuptools/command/develop.py:42: EasyInstallDeprecationWarning: easy_install command is deprecated.
!!

        ********************************************************************************
        Please avoid running ``setup.py`` and ``easy_install``.
        Instead, use pypa/build, pypa/installer or other
        standards-based tools.

        See https://github.com/pypa/setuptools/issues/917 for details.
        ********************************************************************************

!!
  easy_install.initialize_options(self)
running egg_info
writing follow_gap.egg-info/PKG-INFO
writing dependency_links to follow_gap.egg-info/dependency_links.txt
writing entry points to follow_gap.egg-info/entry_points.txt
writing requirements to follow_gap.egg-info/requires.txt
writing top-level names to follow_gap.egg-info/top_level.txt
reading manifest file 'follow_gap.egg-info/SOURCES.txt'
writing manifest file 'follow_gap.egg-info/SOURCES.txt'
running build_ext
Creating /home/f1tenth_ws/install/follow_gap/lib/python3.8/site-packages/follow-gap.egg-link (link to .)
Installing follow_gap script to /home/f1tenth_ws/install/follow_gap/lib/follow_gap

Installed /home/f1tenth_ws/build/follow_gap
running symlink_data
symbolically linking /home/f1tenth_ws/build/follow_gap/resource/follow_gap -> /home/f1tenth_ws/install/follow_gap/share/ament_index/resource_index/packages
symbolically linking /home/f1tenth_ws/build/follow_gap/package.xml -> /home/f1tenth_ws/install/follow_gap/share/follow_gap
