[1.668s] Invoking command in '/home/f1tenth_ws/src/wall_following': PYTHONPATH=/home/f1tenth_ws/build/wall_following/prefix_override:/usr/lib/python3/dist-packages/colcon_core/task/python/colcon_distutils_commands:/home/f1tenth_ws/install/wall_following/lib/python3.8/site-packages:${PYTHONPATH} _=/usr/bin/env /usr/bin/python3 -W ignore:setup.py install is deprecated setup.py egg_info --egg-base ../../build/wall_following build --build-base /home/f1tenth_ws/build/wall_following/build install --record /home/f1tenth_ws/build/wall_following/install.log --install-scripts $base/lib/wall_following --single-version-externally-managed install_data
[1.871s] /usr/local/lib/python3.8/dist-packages/setuptools/dist.py:447: SetuptoolsDeprecationWarning: Invalid dash-separated options
[1.871s] !!
[1.872s] 
[1.872s]         ********************************************************************************
[1.873s]         Usage of dash-separated 'script-dir' will not be supported in future
[1.873s]         versions. Please use the underscore name 'script_dir' instead.
[1.877s] 
[1.878s]         By 2024-Sep-26, you need to update your project and remove deprecated calls
[1.878s]         or your builds will no longer be supported.
[1.879s] 
[1.879s]         See https://setuptools.pypa.io/en/latest/userguide/declarative_config.html for details.
[1.880s]         ********************************************************************************
[1.880s] 
[1.881s] !!
[1.881s]   opt = self.warn_dash_deprecation(opt, section)
[1.888s] /usr/local/lib/python3.8/dist-packages/setuptools/_distutils/dist.py:268: UserWarning: Unknown distribution option: 'tests_require'
[1.889s]   warnings.warn(msg)
[1.995s] running egg_info
[2.011s] writing ../../build/wall_following/wall_following.egg-info/PKG-INFO
[2.012s] writing dependency_links to ../../build/wall_following/wall_following.egg-info/dependency_links.txt
[2.013s] writing entry points to ../../build/wall_following/wall_following.egg-info/entry_points.txt
[2.013s] writing requirements to ../../build/wall_following/wall_following.egg-info/requires.txt
[2.013s] writing top-level names to ../../build/wall_following/wall_following.egg-info/top_level.txt
[2.155s] reading manifest file '../../build/wall_following/wall_following.egg-info/SOURCES.txt'
[2.156s] writing manifest file '../../build/wall_following/wall_following.egg-info/SOURCES.txt'
[2.156s] running build
[2.157s] running build_py
[2.158s] copying wall_following/__init__.py -> /home/f1tenth_ws/build/wall_following/build/lib/wall_following
[2.159s] copying wall_following/wall_following.py -> /home/f1tenth_ws/build/wall_following/build/lib/wall_following
[2.161s] running install
[2.163s] running install_lib
[2.177s] running install_data
[2.178s] copying resource/wall_following -> /home/f1tenth_ws/install/wall_following/share/ament_index/resource_index/packages
[2.178s] copying package.xml -> /home/f1tenth_ws/install/wall_following/share/wall_following
[2.181s] running install_egg_info
[2.195s] removing '/home/f1tenth_ws/install/wall_following/lib/python3.8/site-packages/wall_following-0.0.0-py3.8.egg-info' (and everything under it)
[2.196s] Copying ../../build/wall_following/wall_following.egg-info to /home/f1tenth_ws/install/wall_following/lib/python3.8/site-packages/wall_following-0.0.0-py3.8.egg-info
[2.196s] running install_scripts
[2.240s] Installing wall_following script to /home/f1tenth_ws/install/wall_following/lib/wall_following
[2.242s] writing list of installed files to '/home/f1tenth_ws/build/wall_following/install.log'
[2.508s] Invoked command in '/home/f1tenth_ws/src/wall_following' returned '0': PYTHONPATH=/home/f1tenth_ws/build/wall_following/prefix_override:/usr/lib/python3/dist-packages/colcon_core/task/python/colcon_distutils_commands:/home/f1tenth_ws/install/wall_following/lib/python3.8/site-packages:${PYTHONPATH} _=/usr/bin/env /usr/bin/python3 -W ignore:setup.py install is deprecated setup.py egg_info --egg-base ../../build/wall_following build --build-base /home/f1tenth_ws/build/wall_following/build install --record /home/f1tenth_ws/build/wall_following/install.log --install-scripts $base/lib/wall_following --single-version-externally-managed install_data
