[2.371s] Invoking command in '/home/f1tenth_ws/src/wall_following': PYTHONPATH=/home/f1tenth_ws/build/wall_following/prefix_override:/usr/lib/python3/dist-packages/colcon_core/task/python/colcon_distutils_commands:/home/f1tenth_ws/install/wall_following/lib/python3.8/site-packages:${PYTHONPATH} _=/usr/bin/env /usr/bin/python3 -W ignore:setup.py install is deprecated setup.py egg_info --egg-base ../../build/wall_following build --build-base /home/f1tenth_ws/build/wall_following/build install --record /home/f1tenth_ws/build/wall_following/install.log --install-scripts $base/lib/wall_following --single-version-externally-managed install_data
[2.616s] /usr/local/lib/python3.8/dist-packages/setuptools/dist.py:447: SetuptoolsDeprecationWarning: Invalid dash-separated options
[2.619s] !!
[2.619s] 
[2.620s]         ********************************************************************************
[2.620s]         Usage of dash-separated 'script-dir' will not be supported in future
[2.621s]         versions. Please use the underscore name 'script_dir' instead.
[2.621s] 
[2.621s]         By 2024-Sep-26, you need to update your project and remove deprecated calls
[2.622s]         or your builds will no longer be supported.
[2.624s] 
[2.624s]         See https://setuptools.pypa.io/en/latest/userguide/declarative_config.html for details.
[2.625s]         ********************************************************************************
[2.625s] 
[2.625s] !!
[2.626s]   opt = self.warn_dash_deprecation(opt, section)
[2.638s] /usr/local/lib/python3.8/dist-packages/setuptools/_distutils/dist.py:268: UserWarning: Unknown distribution option: 'tests_require'
[2.639s]   warnings.warn(msg)
[2.801s] running egg_info
[2.822s] writing ../../build/wall_following/wall_following.egg-info/PKG-INFO
[2.826s] writing dependency_links to ../../build/wall_following/wall_following.egg-info/dependency_links.txt
[2.831s] writing entry points to ../../build/wall_following/wall_following.egg-info/entry_points.txt
[2.834s] writing requirements to ../../build/wall_following/wall_following.egg-info/requires.txt
[2.835s] writing top-level names to ../../build/wall_following/wall_following.egg-info/top_level.txt
[3.026s] reading manifest file '../../build/wall_following/wall_following.egg-info/SOURCES.txt'
[3.027s] writing manifest file '../../build/wall_following/wall_following.egg-info/SOURCES.txt'
[3.027s] running build
[3.027s] running build_py
[3.028s] copying wall_following/__init__.py -> /home/f1tenth_ws/build/wall_following/build/lib/wall_following
[3.028s] copying wall_following/wall_following.py -> /home/f1tenth_ws/build/wall_following/build/lib/wall_following
[3.029s] running install
[3.032s] running install_lib
[3.050s] running install_data
[3.051s] copying resource/wall_following -> /home/f1tenth_ws/install/wall_following/share/ament_index/resource_index/packages
[3.052s] copying package.xml -> /home/f1tenth_ws/install/wall_following/share/wall_following
[3.052s] running install_egg_info
[3.069s] removing '/home/f1tenth_ws/install/wall_following/lib/python3.8/site-packages/wall_following-0.0.0-py3.8.egg-info' (and everything under it)
[3.070s] Copying ../../build/wall_following/wall_following.egg-info to /home/f1tenth_ws/install/wall_following/lib/python3.8/site-packages/wall_following-0.0.0-py3.8.egg-info
[3.072s] running install_scripts
[3.117s] Installing wall_following script to /home/f1tenth_ws/install/wall_following/lib/wall_following
[3.118s] writing list of installed files to '/home/f1tenth_ws/build/wall_following/install.log'
[3.170s] Invoked command in '/home/f1tenth_ws/src/wall_following' returned '0': PYTHONPATH=/home/f1tenth_ws/build/wall_following/prefix_override:/usr/lib/python3/dist-packages/colcon_core/task/python/colcon_distutils_commands:/home/f1tenth_ws/install/wall_following/lib/python3.8/site-packages:${PYTHONPATH} _=/usr/bin/env /usr/bin/python3 -W ignore:setup.py install is deprecated setup.py egg_info --egg-base ../../build/wall_following build --build-base /home/f1tenth_ws/build/wall_following/build install --record /home/f1tenth_ws/build/wall_following/install.log --install-scripts $base/lib/wall_following --single-version-externally-managed install_data
