[0.070s] Invoking command in '/home/f1tenth_ws/build/vesc_driver': AMENT_PREFIX_PATH=/home/f1tenth_ws/install/vesc_msgs CMAKE_PREFIX_PATH=/home/f1tenth_ws/install/vesc_msgs LD_LIBRARY_PATH=/home/f1tenth_ws/install/vesc_msgs/lib PYTHONPATH=/home/f1tenth_ws/install/vesc_msgs/lib/python3.8/site-packages _=/usr/bin/env /usr/bin/cmake --build /home/f1tenth_ws/build/vesc_driver -- -j8 -l8
[0.333s] [ 20%] Built target vesc_driver_node
[0.355s] [ 70%] Built target vesc_driver
[0.458s] [100%] Built target vesc_device_namer
[0.502s] Invoked command in '/home/f1tenth_ws/build/vesc_driver' returned '0': AMENT_PREFIX_PATH=/home/f1tenth_ws/install/vesc_msgs CMAKE_PREFIX_PATH=/home/f1tenth_ws/install/vesc_msgs LD_LIBRARY_PATH=/home/f1tenth_ws/install/vesc_msgs/lib PYTHONPATH=/home/f1tenth_ws/install/vesc_msgs/lib/python3.8/site-packages _=/usr/bin/env /usr/bin/cmake --build /home/f1tenth_ws/build/vesc_driver -- -j8 -l8
[0.798s] Invoking command in '/home/f1tenth_ws/build/vesc_driver': AMENT_PREFIX_PATH=/home/f1tenth_ws/install/vesc_msgs CMAKE_PREFIX_PATH=/home/f1tenth_ws/install/vesc_msgs LD_LIBRARY_PATH=/home/f1tenth_ws/install/vesc_msgs/lib PYTHONPATH=/home/f1tenth_ws/install/vesc_msgs/lib/python3.8/site-packages _=/usr/bin/env /usr/bin/cmake --install /home/f1tenth_ws/build/vesc_driver
[0.839s] -- Install configuration: ""
[0.857s] -- Up-to-date: /home/f1tenth_ws/install/vesc_driver/lib/vesc_driver/vesc_driver_node
[0.858s] -- Up-to-date: /home/f1tenth_ws/install/vesc_driver/include
[0.859s] -- Up-to-date: /home/f1tenth_ws/install/vesc_driver/include/vesc_driver
[0.859s] -- Up-to-date: /home/f1tenth_ws/install/vesc_driver/include/vesc_driver/crc.hpp
[0.860s] -- Up-to-date: /home/f1tenth_ws/install/vesc_driver/include/vesc_driver/datatypes.hpp
[0.861s] -- Up-to-date: /home/f1tenth_ws/install/vesc_driver/include/vesc_driver/vesc_device_uuid_lookup.hpp
[0.861s] -- Up-to-date: /home/f1tenth_ws/install/vesc_driver/include/vesc_driver/vesc_driver.hpp
[0.862s] -- Up-to-date: /home/f1tenth_ws/install/vesc_driver/include/vesc_driver/vesc_interface.hpp
[0.863s] -- Up-to-date: /home/f1tenth_ws/install/vesc_driver/include/vesc_driver/vesc_packet.hpp
[0.864s] -- Up-to-date: /home/f1tenth_ws/install/vesc_driver/include/vesc_driver/vesc_packet_factory.hpp
[0.864s] -- Up-to-date: /home/f1tenth_ws/install/vesc_driver/share/vesc_driver/environment/library_path.sh
[0.865s] -- Up-to-date: /home/f1tenth_ws/install/vesc_driver/share/vesc_driver/environment/library_path.dsv
[0.866s] -- Up-to-date: /home/f1tenth_ws/install/vesc_driver/lib/libvesc_driver.so
[0.867s] -- Up-to-date: /home/f1tenth_ws/install/vesc_driver/lib/vesc_driver/vesc_device_namer
[0.869s] -- Up-to-date: /home/f1tenth_ws/install/vesc_driver/share/vesc_driver/launch
[0.870s] -- Up-to-date: /home/f1tenth_ws/install/vesc_driver/share/vesc_driver/launch/vesc_driver_node.launch.py
[0.870s] -- Up-to-date: /home/f1tenth_ws/install/vesc_driver/share/vesc_driver/params
[0.871s] -- Up-to-date: /home/f1tenth_ws/install/vesc_driver/share/vesc_driver/params/vesc_config.yaml
[0.872s] -- Up-to-date: /home/f1tenth_ws/install/vesc_driver/share/ament_index/resource_index/package_run_dependencies/vesc_driver
[0.872s] -- Up-to-date: /home/f1tenth_ws/install/vesc_driver/share/ament_index/resource_index/parent_prefix_path/vesc_driver
[0.873s] -- Up-to-date: /home/f1tenth_ws/install/vesc_driver/share/vesc_driver/environment/ament_prefix_path.sh
[0.873s] -- Up-to-date: /home/f1tenth_ws/install/vesc_driver/share/vesc_driver/environment/ament_prefix_path.dsv
[0.874s] -- Up-to-date: /home/f1tenth_ws/install/vesc_driver/share/vesc_driver/environment/path.sh
[0.876s] -- Up-to-date: /home/f1tenth_ws/install/vesc_driver/share/vesc_driver/environment/path.dsv
[0.878s] -- Up-to-date: /home/f1tenth_ws/install/vesc_driver/share/vesc_driver/local_setup.bash
[0.878s] -- Up-to-date: /home/f1tenth_ws/install/vesc_driver/share/vesc_driver/local_setup.sh
[0.879s] -- Up-to-date: /home/f1tenth_ws/install/vesc_driver/share/vesc_driver/local_setup.zsh
[0.880s] -- Up-to-date: /home/f1tenth_ws/install/vesc_driver/share/vesc_driver/local_setup.dsv
[0.881s] -- Installing: /home/f1tenth_ws/install/vesc_driver/share/vesc_driver/package.dsv
[0.882s] -- Up-to-date: /home/f1tenth_ws/install/vesc_driver/share/ament_index/resource_index/packages/vesc_driver
[0.883s] -- Up-to-date: /home/f1tenth_ws/install/vesc_driver/share/ament_index/resource_index/rclcpp_components/vesc_driver
[0.886s] -- Up-to-date: /home/f1tenth_ws/install/vesc_driver/share/vesc_driver/cmake/ament_cmake_export_dependencies-extras.cmake
[0.887s] -- Up-to-date: /home/f1tenth_ws/install/vesc_driver/share/vesc_driver/cmake/ament_cmake_export_include_directories-extras.cmake
[0.889s] -- Up-to-date: /home/f1tenth_ws/install/vesc_driver/share/vesc_driver/cmake/ament_cmake_export_libraries-extras.cmake
[0.891s] -- Up-to-date: /home/f1tenth_ws/install/vesc_driver/share/vesc_driver/cmake/vesc_driverConfig.cmake
[0.894s] -- Up-to-date: /home/f1tenth_ws/install/vesc_driver/share/vesc_driver/cmake/vesc_driverConfig-version.cmake
[0.896s] -- Up-to-date: /home/f1tenth_ws/install/vesc_driver/share/vesc_driver/package.xml
[0.901s] Invoked command in '/home/f1tenth_ws/build/vesc_driver' returned '0': AMENT_PREFIX_PATH=/home/f1tenth_ws/install/vesc_msgs CMAKE_PREFIX_PATH=/home/f1tenth_ws/install/vesc_msgs LD_LIBRARY_PATH=/home/f1tenth_ws/install/vesc_msgs/lib PYTHONPATH=/home/f1tenth_ws/install/vesc_msgs/lib/python3.8/site-packages _=/usr/bin/env /usr/bin/cmake --install /home/f1tenth_ws/build/vesc_driver
