[1.549s] Invoking command in '/home/f1tenth_ws/src/f1tenth_system/teleop_tools/key_teleop': PYTHONPATH=/home/f1tenth_ws/build/key_teleop/prefix_override:/usr/lib/python3/dist-packages/colcon_core/task/python/colcon_distutils_commands:/home/f1tenth_ws/install/key_teleop/lib/python3.8/site-packages:${PYTHONPATH} _=/usr/bin/env /usr/bin/python3 -W ignore:setup.py install is deprecated setup.py egg_info --egg-base ../../../../build/key_teleop build --build-base /home/f1tenth_ws/build/key_teleop/build install --record /home/f1tenth_ws/build/key_teleop/install.log --install-scripts $base/lib/key_teleop --single-version-externally-managed install_data
[1.826s] running egg_info
[1.827s] writing ../../../../build/key_teleop/key_teleop.egg-info/PKG-INFO
[1.827s] writing dependency_links to ../../../../build/key_teleop/key_teleop.egg-info/dependency_links.txt
[1.828s] writing entry points to ../../../../build/key_teleop/key_teleop.egg-info/entry_points.txt
[1.829s] writing requirements to ../../../../build/key_teleop/key_teleop.egg-info/requires.txt
[1.829s] writing top-level names to ../../../../build/key_teleop/key_teleop.egg-info/top_level.txt
[1.866s] reading manifest file '../../../../build/key_teleop/key_teleop.egg-info/SOURCES.txt'
[1.867s] writing manifest file '../../../../build/key_teleop/key_teleop.egg-info/SOURCES.txt'
[1.867s] running build
[1.868s] running build_py
[1.869s] running install
[1.869s] running install_lib
[1.870s] running install_data
[1.871s] running install_egg_info
[1.874s] removing '/home/f1tenth_ws/install/key_teleop/lib/python3.8/site-packages/key_teleop-0.3.0-py3.8.egg-info' (and everything under it)
[1.874s] Copying ../../../../build/key_teleop/key_teleop.egg-info to /home/f1tenth_ws/install/key_teleop/lib/python3.8/site-packages/key_teleop-0.3.0-py3.8.egg-info
[1.875s] running install_scripts
[1.896s] Installing key_teleop script to /home/f1tenth_ws/install/key_teleop/lib/key_teleop
[1.897s] writing list of installed files to '/home/f1tenth_ws/build/key_teleop/install.log'
[1.943s] Invoked command in '/home/f1tenth_ws/src/f1tenth_system/teleop_tools/key_teleop' returned '0': PYTHONPATH=/home/f1tenth_ws/build/key_teleop/prefix_override:/usr/lib/python3/dist-packages/colcon_core/task/python/colcon_distutils_commands:/home/f1tenth_ws/install/key_teleop/lib/python3.8/site-packages:${PYTHONPATH} _=/usr/bin/env /usr/bin/python3 -W ignore:setup.py install is deprecated setup.py egg_info --egg-base ../../../../build/key_teleop build --build-base /home/f1tenth_ws/build/key_teleop/build install --record /home/f1tenth_ws/build/key_teleop/install.log --install-scripts $base/lib/key_teleop --single-version-externally-managed install_data
