[2.707s] Invoking command in '/home/f1tenth_ws/src/wall_following': PYTHONPATH=/home/f1tenth_ws/build/wall_following/prefix_override:/usr/lib/python3/dist-packages/colcon_core/task/python/colcon_distutils_commands:/home/f1tenth_ws/install/wall_following/lib/python3.8/site-packages:${PYTHONPATH} _=/usr/bin/env /usr/bin/python3 -W ignore:setup.py install is deprecated setup.py egg_info --egg-base ../../build/wall_following build --build-base /home/f1tenth_ws/build/wall_following/build install --record /home/f1tenth_ws/build/wall_following/install.log --install-scripts $base/lib/wall_following --single-version-externally-managed install_data
[2.960s] /usr/local/lib/python3.8/dist-packages/setuptools/dist.py:447: SetuptoolsDeprecationWarning: Invalid dash-separated options
[2.960s] !!
[2.961s] 
[2.961s]         ********************************************************************************
[2.962s]         Usage of dash-separated 'script-dir' will not be supported in future
[2.962s]         versions. Please use the underscore name 'script_dir' instead.
[2.963s] 
[2.963s]         This deprecation is overdue, please update your project and remove deprecated
[2.963s]         calls to avoid build errors in the future.
[2.964s] 
[2.966s]         See https://setuptools.pypa.io/en/latest/userguide/declarative_config.html for details.
[2.966s]         ********************************************************************************
[2.966s] 
[2.967s] !!
[2.968s]   opt = self.warn_dash_deprecation(opt, section)
[2.993s] /usr/local/lib/python3.8/dist-packages/setuptools/_distutils/dist.py:268: UserWarning: Unknown distribution option: 'tests_require'
[2.993s]   warnings.warn(msg)
[3.146s] running egg_info
[3.181s] writing ../../build/wall_following/wall_following.egg-info/PKG-INFO
[3.183s] writing dependency_links to ../../build/wall_following/wall_following.egg-info/dependency_links.txt
[3.183s] writing entry points to ../../build/wall_following/wall_following.egg-info/entry_points.txt
[3.184s] writing requirements to ../../build/wall_following/wall_following.egg-info/requires.txt
[3.184s] writing top-level names to ../../build/wall_following/wall_following.egg-info/top_level.txt
[3.329s] reading manifest file '../../build/wall_following/wall_following.egg-info/SOURCES.txt'
[3.330s] writing manifest file '../../build/wall_following/wall_following.egg-info/SOURCES.txt'
[3.330s] running build
[3.331s] running build_py
[3.331s] copying wall_following/__init__.py -> /home/f1tenth_ws/build/wall_following/build/lib/wall_following
[3.331s] copying wall_following/wall_following.py -> /home/f1tenth_ws/build/wall_following/build/lib/wall_following
[3.332s] running install
[3.335s] running install_lib
[3.354s] running install_data
[3.354s] copying resource/wall_following -> /home/f1tenth_ws/install/wall_following/share/ament_index/resource_index/packages
[3.359s] copying package.xml -> /home/f1tenth_ws/install/wall_following/share/wall_following
[3.361s] running install_egg_info
[3.371s] removing '/home/f1tenth_ws/install/wall_following/lib/python3.8/site-packages/wall_following-0.0.0-py3.8.egg-info' (and everything under it)
[3.372s] Copying ../../build/wall_following/wall_following.egg-info to /home/f1tenth_ws/install/wall_following/lib/python3.8/site-packages/wall_following-0.0.0-py3.8.egg-info
[3.374s] running install_scripts
[3.428s] Installing wall_following script to /home/f1tenth_ws/install/wall_following/lib/wall_following
[3.430s] writing list of installed files to '/home/f1tenth_ws/build/wall_following/install.log'
[3.471s] Invoked command in '/home/f1tenth_ws/src/wall_following' returned '0': PYTHONPATH=/home/f1tenth_ws/build/wall_following/prefix_override:/usr/lib/python3/dist-packages/colcon_core/task/python/colcon_distutils_commands:/home/f1tenth_ws/install/wall_following/lib/python3.8/site-packages:${PYTHONPATH} _=/usr/bin/env /usr/bin/python3 -W ignore:setup.py install is deprecated setup.py egg_info --egg-base ../../build/wall_following build --build-base /home/f1tenth_ws/build/wall_following/build install --record /home/f1tenth_ws/build/wall_following/install.log --install-scripts $base/lib/wall_following --single-version-externally-managed install_data
