[3.242s] Invoking command in '/home/f1tenth_ws/src/f1tenth_system/teleop_tools/key_teleop': CONDA_PROMPT_MODIFIER=(base) PYTHONPATH=/home/f1tenth_ws/build/key_teleop/prefix_override:/usr/lib/python3/dist-packages/colcon_core/task/python/colcon_distutils_commands:/home/f1tenth_ws/install/key_teleop/lib/python3.8/site-packages:${PYTHONPATH} _=/usr/bin/env /usr/bin/python3 -W ignore:setup.py install is deprecated setup.py egg_info --egg-base ../../../../build/key_teleop build --build-base /home/f1tenth_ws/build/key_teleop/build install --record /home/f1tenth_ws/build/key_teleop/install.log --install-scripts $base/lib/key_teleop --single-version-externally-managed install_data
[3.506s] /usr/local/lib/python3.8/dist-packages/setuptools/dist.py:447: SetuptoolsDeprecationWarning: Invalid dash-separated options
[3.507s] !!
[3.507s] 
[3.509s]         ********************************************************************************
[3.511s]         Usage of dash-separated 'script-dir' will not be supported in future
[3.512s]         versions. Please use the underscore name 'script_dir' instead.
[3.513s] 
[3.514s]         This deprecation is overdue, please update your project and remove deprecated
[3.514s]         calls to avoid build errors in the future.
[3.518s] 
[3.519s]         See https://setuptools.pypa.io/en/latest/userguide/declarative_config.html for details.
[3.520s]         ********************************************************************************
[3.520s] 
[3.521s] !!
[3.521s]   opt = self.warn_dash_deprecation(opt, section)
[3.537s] /usr/local/lib/python3.8/dist-packages/setuptools/_distutils/dist.py:268: UserWarning: Unknown distribution option: 'tests_require'
[3.537s]   warnings.warn(msg)
[3.718s] running egg_info
[3.748s] writing ../../../../build/key_teleop/key_teleop.egg-info/PKG-INFO
[3.780s] writing dependency_links to ../../../../build/key_teleop/key_teleop.egg-info/dependency_links.txt
[3.788s] writing entry points to ../../../../build/key_teleop/key_teleop.egg-info/entry_points.txt
[3.788s] writing requirements to ../../../../build/key_teleop/key_teleop.egg-info/requires.txt
[3.789s] writing top-level names to ../../../../build/key_teleop/key_teleop.egg-info/top_level.txt
[4.004s] reading manifest file '../../../../build/key_teleop/key_teleop.egg-info/SOURCES.txt'
[4.004s] adding license file 'LICENSE'
[4.004s] writing manifest file '../../../../build/key_teleop/key_teleop.egg-info/SOURCES.txt'
[4.004s] running build
[4.004s] running build_py
[4.004s] copying key_teleop/__init__.py -> /home/f1tenth_ws/build/key_teleop/build/lib/key_teleop
[4.004s] copying key_teleop/key_teleop.py -> /home/f1tenth_ws/build/key_teleop/build/lib/key_teleop
[4.005s] running install
[4.007s] running install_lib
[4.059s] running install_data
[4.060s] copying package.xml -> /home/f1tenth_ws/install/key_teleop/share/key_teleop
[4.061s] copying config/key_teleop.yaml -> /home/f1tenth_ws/install/key_teleop/share/key_teleop/config
[4.061s] copying resource/key_teleop -> /home/f1tenth_ws/install/key_teleop/share/ament_index/resource_index/packages
[4.061s] running install_egg_info
[4.086s] removing '/home/f1tenth_ws/install/key_teleop/lib/python3.8/site-packages/key_teleop-0.3.0-py3.8.egg-info' (and everything under it)
[4.087s] Copying ../../../../build/key_teleop/key_teleop.egg-info to /home/f1tenth_ws/install/key_teleop/lib/python3.8/site-packages/key_teleop-0.3.0-py3.8.egg-info
[4.087s] running install_scripts
[4.160s] Installing key_teleop script to /home/f1tenth_ws/install/key_teleop/lib/key_teleop
[4.161s] writing list of installed files to '/home/f1tenth_ws/build/key_teleop/install.log'
[4.806s] Invoked command in '/home/f1tenth_ws/src/f1tenth_system/teleop_tools/key_teleop' returned '0': CONDA_PROMPT_MODIFIER=(base) PYTHONPATH=/home/f1tenth_ws/build/key_teleop/prefix_override:/usr/lib/python3/dist-packages/colcon_core/task/python/colcon_distutils_commands:/home/f1tenth_ws/install/key_teleop/lib/python3.8/site-packages:${PYTHONPATH} _=/usr/bin/env /usr/bin/python3 -W ignore:setup.py install is deprecated setup.py egg_info --egg-base ../../../../build/key_teleop build --build-base /home/f1tenth_ws/build/key_teleop/build install --record /home/f1tenth_ws/build/key_teleop/install.log --install-scripts $base/lib/key_teleop --single-version-externally-managed install_data
