[0.226s] Invoking command in '/home/f1tenth_ws/build/vesc_msgs': CMAKE_PREFIX_PATH=${CMAKE_PREFIX_PATH}:/home/f1tenth_ws/install/joystick_ros2:/home/f1tenth_ws/install/f1tenth_stack:/home/f1tenth_ws/install/joy_teleop:/home/f1tenth_ws/install/mouse_teleop:/home/f1tenth_ws/install/key_teleop:/home/f1tenth_ws/install/ament_uncrustify:/home/f1tenth_ws/install/ament_pycodestyle:/home/f1tenth_ws/install/ament_package:/home/f1tenth_ws/install/ament_lint:/home/f1tenth_ws/install/ament_cppcheck:/opt/ros/foxy _=/usr/bin/env /usr/bin/cmake --build /home/f1tenth_ws/build/vesc_msgs -- -j8 -l8
[1.133s] [ 10%] Built target vesc_msgs__rosidl_generator_c
[1.137s] [ 12%] Built target vesc_msgs__cpp
[1.154s] [ 23%] Built target vesc_msgs__rosidl_typesupport_c
[1.155s] [ 34%] Built target vesc_msgs__rosidl_typesupport_introspection_c
[1.157s] [ 45%] Built target vesc_msgs__rosidl_typesupport_fastrtps_cpp
[1.158s] [ 56%] Built target vesc_msgs__rosidl_typesupport_cpp
[1.159s] [ 67%] Built target vesc_msgs__rosidl_typesupport_introspection_cpp
[1.160s] [ 78%] Built target vesc_msgs__rosidl_typesupport_fastrtps_c
[1.165s] [ 78%] Built target vesc_msgs
[1.168s] [ 80%] Built target vesc_msgs__py
[1.169s] [ 89%] Built target vesc_msgs__python
[1.236s] [ 92%] Built target vesc_msgs__rosidl_typesupport_c__pyext
[1.271s] [100%] Built target vesc_msgs__rosidl_typesupport_introspection_c__pyext
[1.272s] [100%] Built target vesc_msgs__rosidl_typesupport_fastrtps_c__pyext
[1.646s] Invoked command in '/home/f1tenth_ws/build/vesc_msgs' returned '0': CMAKE_PREFIX_PATH=${CMAKE_PREFIX_PATH}:/home/f1tenth_ws/install/joystick_ros2:/home/f1tenth_ws/install/f1tenth_stack:/home/f1tenth_ws/install/joy_teleop:/home/f1tenth_ws/install/mouse_teleop:/home/f1tenth_ws/install/key_teleop:/home/f1tenth_ws/install/ament_uncrustify:/home/f1tenth_ws/install/ament_pycodestyle:/home/f1tenth_ws/install/ament_package:/home/f1tenth_ws/install/ament_lint:/home/f1tenth_ws/install/ament_cppcheck:/opt/ros/foxy _=/usr/bin/env /usr/bin/cmake --build /home/f1tenth_ws/build/vesc_msgs -- -j8 -l8
[2.887s] Invoking command in '/home/f1tenth_ws/build/vesc_msgs': CMAKE_PREFIX_PATH=${CMAKE_PREFIX_PATH}:/home/f1tenth_ws/install/joystick_ros2:/home/f1tenth_ws/install/f1tenth_stack:/home/f1tenth_ws/install/joy_teleop:/home/f1tenth_ws/install/mouse_teleop:/home/f1tenth_ws/install/key_teleop:/home/f1tenth_ws/install/ament_uncrustify:/home/f1tenth_ws/install/ament_pycodestyle:/home/f1tenth_ws/install/ament_package:/home/f1tenth_ws/install/ament_lint:/home/f1tenth_ws/install/ament_cppcheck:/opt/ros/foxy _=/usr/bin/env /usr/bin/cmake --install /home/f1tenth_ws/build/vesc_msgs
[2.919s] -- Install configuration: ""
[2.925s] -- Up-to-date: /home/f1tenth_ws/install/vesc_msgs/share/ament_index/resource_index/rosidl_interfaces/vesc_msgs
[2.926s] -- Up-to-date: /home/f1tenth_ws/install/vesc_msgs/include/vesc_msgs
[2.927s] -- Up-to-date: /home/f1tenth_ws/install/vesc_msgs/include/vesc_msgs/msg
[2.928s] -- Up-to-date: /home/f1tenth_ws/install/vesc_msgs/include/vesc_msgs/msg/vesc_state.h
[2.928s] -- Up-to-date: /home/f1tenth_ws/install/vesc_msgs/include/vesc_msgs/msg/detail
[2.929s] -- Up-to-date: /home/f1tenth_ws/install/vesc_msgs/include/vesc_msgs/msg/detail/vesc_state__functions.c
[2.930s] -- Up-to-date: /home/f1tenth_ws/install/vesc_msgs/include/vesc_msgs/msg/detail/vesc_state__functions.h
[2.930s] -- Up-to-date: /home/f1tenth_ws/install/vesc_msgs/include/vesc_msgs/msg/detail/vesc_state__struct.h
[2.931s] -- Up-to-date: /home/f1tenth_ws/install/vesc_msgs/include/vesc_msgs/msg/detail/vesc_state__type_support.h
[2.931s] -- Up-to-date: /home/f1tenth_ws/install/vesc_msgs/include/vesc_msgs/msg/detail/vesc_state_stamped__functions.c
[2.932s] -- Up-to-date: /home/f1tenth_ws/install/vesc_msgs/include/vesc_msgs/msg/detail/vesc_state_stamped__functions.h
[2.933s] -- Up-to-date: /home/f1tenth_ws/install/vesc_msgs/include/vesc_msgs/msg/detail/vesc_state_stamped__struct.h
[2.933s] -- Up-to-date: /home/f1tenth_ws/install/vesc_msgs/include/vesc_msgs/msg/detail/vesc_state_stamped__type_support.h
[2.934s] -- Up-to-date: /home/f1tenth_ws/install/vesc_msgs/include/vesc_msgs/msg/detail/vesc_imu__functions.c
[2.934s] -- Up-to-date: /home/f1tenth_ws/install/vesc_msgs/include/vesc_msgs/msg/detail/vesc_imu__functions.h
[2.935s] -- Up-to-date: /home/f1tenth_ws/install/vesc_msgs/include/vesc_msgs/msg/detail/vesc_imu__struct.h
[2.935s] -- Up-to-date: /home/f1tenth_ws/install/vesc_msgs/include/vesc_msgs/msg/detail/vesc_imu__type_support.h
[2.936s] -- Up-to-date: /home/f1tenth_ws/install/vesc_msgs/include/vesc_msgs/msg/detail/vesc_imu_stamped__functions.c
[2.936s] -- Up-to-date: /home/f1tenth_ws/install/vesc_msgs/include/vesc_msgs/msg/detail/vesc_imu_stamped__functions.h
[2.937s] -- Up-to-date: /home/f1tenth_ws/install/vesc_msgs/include/vesc_msgs/msg/detail/vesc_imu_stamped__struct.h
[2.937s] -- Up-to-date: /home/f1tenth_ws/install/vesc_msgs/include/vesc_msgs/msg/detail/vesc_imu_stamped__type_support.h
[2.938s] -- Up-to-date: /home/f1tenth_ws/install/vesc_msgs/include/vesc_msgs/msg/rosidl_generator_c__visibility_control.h
[2.939s] -- Up-to-date: /home/f1tenth_ws/install/vesc_msgs/include/vesc_msgs/msg/vesc_state_stamped.h
[2.939s] -- Up-to-date: /home/f1tenth_ws/install/vesc_msgs/include/vesc_msgs/msg/vesc_imu.h
[2.940s] -- Up-to-date: /home/f1tenth_ws/install/vesc_msgs/include/vesc_msgs/msg/vesc_imu_stamped.h
[2.941s] -- Up-to-date: /home/f1tenth_ws/install/vesc_msgs/share/vesc_msgs/environment/library_path.sh
[2.941s] -- Up-to-date: /home/f1tenth_ws/install/vesc_msgs/share/vesc_msgs/environment/library_path.dsv
[2.942s] -- Up-to-date: /home/f1tenth_ws/install/vesc_msgs/lib/libvesc_msgs__rosidl_generator_c.so
[2.943s] -- Up-to-date: /home/f1tenth_ws/install/vesc_msgs/include/vesc_msgs
[2.943s] -- Up-to-date: /home/f1tenth_ws/install/vesc_msgs/include/vesc_msgs/msg
[2.944s] -- Up-to-date: /home/f1tenth_ws/install/vesc_msgs/include/vesc_msgs/msg/detail
[2.944s] -- Up-to-date: /home/f1tenth_ws/install/vesc_msgs/include/vesc_msgs/msg/detail/vesc_state__rosidl_typesupport_fastrtps_c.h
[2.944s] -- Up-to-date: /home/f1tenth_ws/install/vesc_msgs/include/vesc_msgs/msg/detail/vesc_state_stamped__rosidl_typesupport_fastrtps_c.h
[2.944s] -- Up-to-date: /home/f1tenth_ws/install/vesc_msgs/include/vesc_msgs/msg/detail/vesc_imu__rosidl_typesupport_fastrtps_c.h
[2.944s] -- Up-to-date: /home/f1tenth_ws/install/vesc_msgs/include/vesc_msgs/msg/detail/vesc_imu_stamped__rosidl_typesupport_fastrtps_c.h
[2.945s] -- Up-to-date: /home/f1tenth_ws/install/vesc_msgs/include/vesc_msgs/msg/rosidl_typesupport_fastrtps_c__visibility_control.h
[2.946s] -- Up-to-date: /home/f1tenth_ws/install/vesc_msgs/lib/libvesc_msgs__rosidl_typesupport_fastrtps_c.so
[2.950s] -- Up-to-date: /home/f1tenth_ws/install/vesc_msgs/include/vesc_msgs
[2.954s] -- Up-to-date: /home/f1tenth_ws/install/vesc_msgs/include/vesc_msgs/msg
[2.954s] -- Up-to-date: /home/f1tenth_ws/install/vesc_msgs/include/vesc_msgs/msg/detail
[2.954s] -- Up-to-date: /home/f1tenth_ws/install/vesc_msgs/include/vesc_msgs/msg/detail/vesc_state__rosidl_typesupport_fastrtps_cpp.hpp
[2.954s] -- Up-to-date: /home/f1tenth_ws/install/vesc_msgs/include/vesc_msgs/msg/detail/dds_fastrtps
[2.955s] -- Up-to-date: /home/f1tenth_ws/install/vesc_msgs/include/vesc_msgs/msg/detail/vesc_state_stamped__rosidl_typesupport_fastrtps_cpp.hpp
[2.955s] -- Up-to-date: /home/f1tenth_ws/install/vesc_msgs/include/vesc_msgs/msg/detail/vesc_imu__rosidl_typesupport_fastrtps_cpp.hpp
[2.955s] -- Up-to-date: /home/f1tenth_ws/install/vesc_msgs/include/vesc_msgs/msg/detail/vesc_imu_stamped__rosidl_typesupport_fastrtps_cpp.hpp
[2.955s] -- Up-to-date: /home/f1tenth_ws/install/vesc_msgs/include/vesc_msgs/msg/rosidl_typesupport_fastrtps_cpp__visibility_control.h
[2.955s] -- Up-to-date: /home/f1tenth_ws/install/vesc_msgs/lib/libvesc_msgs__rosidl_typesupport_fastrtps_cpp.so
[2.955s] -- Up-to-date: /home/f1tenth_ws/install/vesc_msgs/include/vesc_msgs
[2.955s] -- Up-to-date: /home/f1tenth_ws/install/vesc_msgs/include/vesc_msgs/msg
[2.956s] -- Up-to-date: /home/f1tenth_ws/install/vesc_msgs/include/vesc_msgs/msg/detail
[2.956s] -- Up-to-date: /home/f1tenth_ws/install/vesc_msgs/include/vesc_msgs/msg/detail/vesc_state__rosidl_typesupport_introspection_c.h
[2.956s] -- Up-to-date: /home/f1tenth_ws/install/vesc_msgs/include/vesc_msgs/msg/detail/vesc_state__type_support.c
[2.956s] -- Up-to-date: /home/f1tenth_ws/install/vesc_msgs/include/vesc_msgs/msg/detail/vesc_state_stamped__rosidl_typesupport_introspection_c.h
[2.956s] -- Up-to-date: /home/f1tenth_ws/install/vesc_msgs/include/vesc_msgs/msg/detail/vesc_state_stamped__type_support.c
[2.957s] -- Up-to-date: /home/f1tenth_ws/install/vesc_msgs/include/vesc_msgs/msg/detail/vesc_imu__rosidl_typesupport_introspection_c.h
[2.959s] -- Up-to-date: /home/f1tenth_ws/install/vesc_msgs/include/vesc_msgs/msg/detail/vesc_imu__type_support.c
[2.960s] -- Up-to-date: /home/f1tenth_ws/install/vesc_msgs/include/vesc_msgs/msg/detail/vesc_imu_stamped__rosidl_typesupport_introspection_c.h
[2.960s] -- Up-to-date: /home/f1tenth_ws/install/vesc_msgs/include/vesc_msgs/msg/detail/vesc_imu_stamped__type_support.c
[2.961s] -- Up-to-date: /home/f1tenth_ws/install/vesc_msgs/include/vesc_msgs/msg/rosidl_typesupport_introspection_c__visibility_control.h
[2.962s] -- Up-to-date: /home/f1tenth_ws/install/vesc_msgs/lib/libvesc_msgs__rosidl_typesupport_introspection_c.so
[2.963s] -- Up-to-date: /home/f1tenth_ws/install/vesc_msgs/lib/libvesc_msgs__rosidl_typesupport_c.so
[2.963s] -- Up-to-date: /home/f1tenth_ws/install/vesc_msgs/include/vesc_msgs
[2.965s] -- Up-to-date: /home/f1tenth_ws/install/vesc_msgs/include/vesc_msgs/msg
[2.968s] -- Up-to-date: /home/f1tenth_ws/install/vesc_msgs/include/vesc_msgs/msg/vesc_state.hpp
[2.970s] -- Up-to-date: /home/f1tenth_ws/install/vesc_msgs/include/vesc_msgs/msg/detail
[2.970s] -- Up-to-date: /home/f1tenth_ws/install/vesc_msgs/include/vesc_msgs/msg/detail/vesc_state__builder.hpp
[2.971s] -- Up-to-date: /home/f1tenth_ws/install/vesc_msgs/include/vesc_msgs/msg/detail/vesc_state__struct.hpp
[2.972s] -- Up-to-date: /home/f1tenth_ws/install/vesc_msgs/include/vesc_msgs/msg/detail/vesc_state__traits.hpp
[2.973s] -- Up-to-date: /home/f1tenth_ws/install/vesc_msgs/include/vesc_msgs/msg/detail/vesc_state__type_support.hpp
[2.974s] -- Up-to-date: /home/f1tenth_ws/install/vesc_msgs/include/vesc_msgs/msg/detail/vesc_state_stamped__builder.hpp
[2.975s] -- Up-to-date: /home/f1tenth_ws/install/vesc_msgs/include/vesc_msgs/msg/detail/vesc_state_stamped__struct.hpp
[2.976s] -- Up-to-date: /home/f1tenth_ws/install/vesc_msgs/include/vesc_msgs/msg/detail/vesc_state_stamped__traits.hpp
[2.977s] -- Up-to-date: /home/f1tenth_ws/install/vesc_msgs/include/vesc_msgs/msg/detail/vesc_state_stamped__type_support.hpp
[2.978s] -- Up-to-date: /home/f1tenth_ws/install/vesc_msgs/include/vesc_msgs/msg/detail/vesc_imu__builder.hpp
[2.980s] -- Up-to-date: /home/f1tenth_ws/install/vesc_msgs/include/vesc_msgs/msg/detail/vesc_imu__struct.hpp
[2.981s] -- Up-to-date: /home/f1tenth_ws/install/vesc_msgs/include/vesc_msgs/msg/detail/vesc_imu__traits.hpp
[2.981s] -- Up-to-date: /home/f1tenth_ws/install/vesc_msgs/include/vesc_msgs/msg/detail/vesc_imu__type_support.hpp
[2.982s] -- Up-to-date: /home/f1tenth_ws/install/vesc_msgs/include/vesc_msgs/msg/detail/vesc_imu_stamped__builder.hpp
[2.983s] -- Up-to-date: /home/f1tenth_ws/install/vesc_msgs/include/vesc_msgs/msg/detail/vesc_imu_stamped__struct.hpp
[2.983s] -- Up-to-date: /home/f1tenth_ws/install/vesc_msgs/include/vesc_msgs/msg/detail/vesc_imu_stamped__traits.hpp
[2.985s] -- Up-to-date: /home/f1tenth_ws/install/vesc_msgs/include/vesc_msgs/msg/detail/vesc_imu_stamped__type_support.hpp
[2.986s] -- Up-to-date: /home/f1tenth_ws/install/vesc_msgs/include/vesc_msgs/msg/rosidl_generator_cpp__visibility_control.hpp
[2.992s] -- Up-to-date: /home/f1tenth_ws/install/vesc_msgs/include/vesc_msgs/msg/vesc_state_stamped.hpp
[2.992s] -- Up-to-date: /home/f1tenth_ws/install/vesc_msgs/include/vesc_msgs/msg/vesc_imu.hpp
[2.993s] -- Up-to-date: /home/f1tenth_ws/install/vesc_msgs/include/vesc_msgs/msg/vesc_imu_stamped.hpp
[2.994s] -- Up-to-date: /home/f1tenth_ws/install/vesc_msgs/include/vesc_msgs
[2.994s] -- Up-to-date: /home/f1tenth_ws/install/vesc_msgs/include/vesc_msgs/msg
[2.996s] -- Up-to-date: /home/f1tenth_ws/install/vesc_msgs/include/vesc_msgs/msg/detail
[2.996s] -- Up-to-date: /home/f1tenth_ws/install/vesc_msgs/include/vesc_msgs/msg/detail/vesc_state__rosidl_typesupport_introspection_cpp.hpp
[2.997s] -- Up-to-date: /home/f1tenth_ws/install/vesc_msgs/include/vesc_msgs/msg/detail/vesc_state__type_support.cpp
[2.998s] -- Up-to-date: /home/f1tenth_ws/install/vesc_msgs/include/vesc_msgs/msg/detail/vesc_state_stamped__rosidl_typesupport_introspection_cpp.hpp
[2.998s] -- Up-to-date: /home/f1tenth_ws/install/vesc_msgs/include/vesc_msgs/msg/detail/vesc_state_stamped__type_support.cpp
[2.999s] -- Up-to-date: /home/f1tenth_ws/install/vesc_msgs/include/vesc_msgs/msg/detail/vesc_imu__rosidl_typesupport_introspection_cpp.hpp
[2.999s] -- Up-to-date: /home/f1tenth_ws/install/vesc_msgs/include/vesc_msgs/msg/detail/vesc_imu__type_support.cpp
[3.000s] -- Up-to-date: /home/f1tenth_ws/install/vesc_msgs/include/vesc_msgs/msg/detail/vesc_imu_stamped__rosidl_typesupport_introspection_cpp.hpp
[3.001s] -- Up-to-date: /home/f1tenth_ws/install/vesc_msgs/include/vesc_msgs/msg/detail/vesc_imu_stamped__type_support.cpp
[3.001s] -- Up-to-date: /home/f1tenth_ws/install/vesc_msgs/lib/libvesc_msgs__rosidl_typesupport_introspection_cpp.so
[3.002s] -- Up-to-date: /home/f1tenth_ws/install/vesc_msgs/lib/libvesc_msgs__rosidl_typesupport_cpp.so
[3.003s] -- Up-to-date: /home/f1tenth_ws/install/vesc_msgs/share/vesc_msgs/environment/pythonpath.sh
[3.004s] -- Up-to-date: /home/f1tenth_ws/install/vesc_msgs/share/vesc_msgs/environment/pythonpath.dsv
[3.004s] -- Up-to-date: /home/f1tenth_ws/install/vesc_msgs/lib/python3.8/site-packages/vesc_msgs/__init__.py
[3.007s] -- Up-to-date: /home/f1tenth_ws/install/vesc_msgs/lib/python3.8/site-packages/vesc_msgs/msg
[3.008s] -- Up-to-date: /home/f1tenth_ws/install/vesc_msgs/lib/python3.8/site-packages/vesc_msgs/msg/_vesc_state.py
[3.010s] -- Up-to-date: /home/f1tenth_ws/install/vesc_msgs/lib/python3.8/site-packages/vesc_msgs/msg/_vesc_state_s.c
[3.011s] -- Up-to-date: /home/f1tenth_ws/install/vesc_msgs/lib/python3.8/site-packages/vesc_msgs/msg/_vesc_state_stamped.py
[3.012s] -- Up-to-date: /home/f1tenth_ws/install/vesc_msgs/lib/python3.8/site-packages/vesc_msgs/msg/_vesc_state_stamped_s.c
[3.013s] -- Up-to-date: /home/f1tenth_ws/install/vesc_msgs/lib/python3.8/site-packages/vesc_msgs/msg/_vesc_imu.py
[3.014s] -- Up-to-date: /home/f1tenth_ws/install/vesc_msgs/lib/python3.8/site-packages/vesc_msgs/msg/_vesc_imu_s.c
[3.017s] -- Up-to-date: /home/f1tenth_ws/install/vesc_msgs/lib/python3.8/site-packages/vesc_msgs/msg/_vesc_imu_stamped.py
[3.017s] -- Up-to-date: /home/f1tenth_ws/install/vesc_msgs/lib/python3.8/site-packages/vesc_msgs/msg/_vesc_imu_stamped_s.c
[3.018s] -- Up-to-date: /home/f1tenth_ws/install/vesc_msgs/lib/python3.8/site-packages/vesc_msgs/msg/__init__.py
[3.019s] -- Up-to-date: /home/f1tenth_ws/install/vesc_msgs/lib/python3.8/site-packages/vesc_msgs/vesc_msgs_s__rosidl_typesupport_fastrtps_c.cpython-38-aarch64-linux-gnu.so
[3.020s] -- Up-to-date: /home/f1tenth_ws/install/vesc_msgs/lib/python3.8/site-packages/vesc_msgs/vesc_msgs_s__rosidl_typesupport_introspection_c.cpython-38-aarch64-linux-gnu.so
[3.021s] -- Up-to-date: /home/f1tenth_ws/install/vesc_msgs/lib/python3.8/site-packages/vesc_msgs/vesc_msgs_s__rosidl_typesupport_c.cpython-38-aarch64-linux-gnu.so
[3.023s] -- Up-to-date: /home/f1tenth_ws/install/vesc_msgs/lib/libvesc_msgs__python.so
[3.024s] -- Up-to-date: /home/f1tenth_ws/install/vesc_msgs/share/vesc_msgs/msg/VescState.idl
[3.025s] -- Up-to-date: /home/f1tenth_ws/install/vesc_msgs/share/vesc_msgs/msg/VescStateStamped.idl
[3.025s] -- Up-to-date: /home/f1tenth_ws/install/vesc_msgs/share/vesc_msgs/msg/VescImu.idl
[3.026s] -- Up-to-date: /home/f1tenth_ws/install/vesc_msgs/share/vesc_msgs/msg/VescImuStamped.idl
[3.027s] -- Up-to-date: /home/f1tenth_ws/install/vesc_msgs/share/vesc_msgs/msg/VescState.msg
[3.028s] -- Up-to-date: /home/f1tenth_ws/install/vesc_msgs/share/vesc_msgs/msg/VescStateStamped.msg
[3.028s] -- Up-to-date: /home/f1tenth_ws/install/vesc_msgs/share/vesc_msgs/msg/VescImu.msg
[3.029s] -- Up-to-date: /home/f1tenth_ws/install/vesc_msgs/share/vesc_msgs/msg/VescImuStamped.msg
[3.029s] -- Up-to-date: /home/f1tenth_ws/install/vesc_msgs/share/ament_index/resource_index/package_run_dependencies/vesc_msgs
[3.029s] -- Up-to-date: /home/f1tenth_ws/install/vesc_msgs/share/ament_index/resource_index/parent_prefix_path/vesc_msgs
[3.030s] -- Up-to-date: /home/f1tenth_ws/install/vesc_msgs/share/vesc_msgs/environment/ament_prefix_path.sh
[3.030s] -- Up-to-date: /home/f1tenth_ws/install/vesc_msgs/share/vesc_msgs/environment/ament_prefix_path.dsv
[3.031s] -- Up-to-date: /home/f1tenth_ws/install/vesc_msgs/share/vesc_msgs/environment/path.sh
[3.032s] -- Up-to-date: /home/f1tenth_ws/install/vesc_msgs/share/vesc_msgs/environment/path.dsv
[3.033s] -- Up-to-date: /home/f1tenth_ws/install/vesc_msgs/share/vesc_msgs/local_setup.bash
[3.034s] -- Up-to-date: /home/f1tenth_ws/install/vesc_msgs/share/vesc_msgs/local_setup.sh
[3.035s] -- Up-to-date: /home/f1tenth_ws/install/vesc_msgs/share/vesc_msgs/local_setup.zsh
[3.037s] -- Up-to-date: /home/f1tenth_ws/install/vesc_msgs/share/vesc_msgs/local_setup.dsv
[3.038s] -- Installing: /home/f1tenth_ws/install/vesc_msgs/share/vesc_msgs/package.dsv
[3.039s] -- Up-to-date: /home/f1tenth_ws/install/vesc_msgs/share/ament_index/resource_index/packages/vesc_msgs
[3.040s] -- Up-to-date: /home/f1tenth_ws/install/vesc_msgs/share/vesc_msgs/cmake/vesc_msgs__rosidl_generator_cExport.cmake
[3.040s] -- Up-to-date: /home/f1tenth_ws/install/vesc_msgs/share/vesc_msgs/cmake/vesc_msgs__rosidl_generator_cExport-noconfig.cmake
[3.041s] -- Up-to-date: /home/f1tenth_ws/install/vesc_msgs/share/vesc_msgs/cmake/vesc_msgs__rosidl_typesupport_introspection_cExport.cmake
[3.042s] -- Up-to-date: /home/f1tenth_ws/install/vesc_msgs/share/vesc_msgs/cmake/vesc_msgs__rosidl_typesupport_introspection_cExport-noconfig.cmake
[3.043s] -- Up-to-date: /home/f1tenth_ws/install/vesc_msgs/share/vesc_msgs/cmake/vesc_msgs__rosidl_typesupport_cExport.cmake
[3.045s] -- Up-to-date: /home/f1tenth_ws/install/vesc_msgs/share/vesc_msgs/cmake/vesc_msgs__rosidl_typesupport_cExport-noconfig.cmake
[3.047s] -- Up-to-date: /home/f1tenth_ws/install/vesc_msgs/share/vesc_msgs/cmake/vesc_msgs__rosidl_generator_cppExport.cmake
[3.049s] -- Up-to-date: /home/f1tenth_ws/install/vesc_msgs/share/vesc_msgs/cmake/vesc_msgs__rosidl_typesupport_introspection_cppExport.cmake
[3.049s] -- Up-to-date: /home/f1tenth_ws/install/vesc_msgs/share/vesc_msgs/cmake/vesc_msgs__rosidl_typesupport_introspection_cppExport-noconfig.cmake
[3.050s] -- Up-to-date: /home/f1tenth_ws/install/vesc_msgs/share/vesc_msgs/cmake/vesc_msgs__rosidl_typesupport_cppExport.cmake
[3.052s] -- Up-to-date: /home/f1tenth_ws/install/vesc_msgs/share/vesc_msgs/cmake/vesc_msgs__rosidl_typesupport_cppExport-noconfig.cmake
[3.053s] -- Up-to-date: /home/f1tenth_ws/install/vesc_msgs/share/vesc_msgs/cmake/rosidl_cmake-extras.cmake
[3.054s] -- Up-to-date: /home/f1tenth_ws/install/vesc_msgs/share/vesc_msgs/cmake/ament_cmake_export_dependencies-extras.cmake
[3.055s] -- Up-to-date: /home/f1tenth_ws/install/vesc_msgs/share/vesc_msgs/cmake/ament_cmake_export_libraries-extras.cmake
[3.056s] -- Up-to-date: /home/f1tenth_ws/install/vesc_msgs/share/vesc_msgs/cmake/ament_cmake_export_targets-extras.cmake
[3.056s] -- Up-to-date: /home/f1tenth_ws/install/vesc_msgs/share/vesc_msgs/cmake/ament_cmake_export_include_directories-extras.cmake
[3.057s] -- Up-to-date: /home/f1tenth_ws/install/vesc_msgs/share/vesc_msgs/cmake/rosidl_cmake_export_typesupport_libraries-extras.cmake
[3.058s] -- Up-to-date: /home/f1tenth_ws/install/vesc_msgs/share/vesc_msgs/cmake/rosidl_cmake_export_typesupport_targets-extras.cmake
[3.059s] -- Up-to-date: /home/f1tenth_ws/install/vesc_msgs/share/vesc_msgs/cmake/vesc_msgsConfig.cmake
[3.060s] -- Up-to-date: /home/f1tenth_ws/install/vesc_msgs/share/vesc_msgs/cmake/vesc_msgsConfig-version.cmake
[3.061s] -- Up-to-date: /home/f1tenth_ws/install/vesc_msgs/share/vesc_msgs/package.xml
[3.106s] Invoked command in '/home/f1tenth_ws/build/vesc_msgs' returned '0': CMAKE_PREFIX_PATH=${CMAKE_PREFIX_PATH}:/home/f1tenth_ws/install/joystick_ros2:/home/f1tenth_ws/install/f1tenth_stack:/home/f1tenth_ws/install/joy_teleop:/home/f1tenth_ws/install/mouse_teleop:/home/f1tenth_ws/install/key_teleop:/home/f1tenth_ws/install/ament_uncrustify:/home/f1tenth_ws/install/ament_pycodestyle:/home/f1tenth_ws/install/ament_package:/home/f1tenth_ws/install/ament_lint:/home/f1tenth_ws/install/ament_cppcheck:/opt/ros/foxy _=/usr/bin/env /usr/bin/cmake --install /home/f1tenth_ws/build/vesc_msgs
