[3.016s] Invoking command in '/home/f1tenth_ws/src/follow_gap': CONDA_PROMPT_MODIFIER=(base) PYTHONPATH=/home/f1tenth_ws/build/follow_gap/prefix_override:/usr/lib/python3/dist-packages/colcon_core/task/python/colcon_distutils_commands:/home/f1tenth_ws/install/follow_gap/lib/python3.8/site-packages: _=/usr/bin/env /usr/bin/python3 -W ignore:setup.py install is deprecated setup.py egg_info --egg-base ../../build/follow_gap build --build-base /home/f1tenth_ws/build/follow_gap/build install --record /home/f1tenth_ws/build/follow_gap/install.log --install-scripts $base/lib/follow_gap --single-version-externally-managed install_data
[3.286s] /usr/local/lib/python3.8/dist-packages/setuptools/dist.py:447: SetuptoolsDeprecationWarning: Invalid dash-separated options
[3.287s] !!
[3.287s] 
[3.287s]         ********************************************************************************
[3.289s]         Usage of dash-separated 'script-dir' will not be supported in future
[3.289s]         versions. Please use the underscore name 'script_dir' instead.
[3.290s] 
[3.290s]         This deprecation is overdue, please update your project and remove deprecated
[3.290s]         calls to avoid build errors in the future.
[3.291s] 
[3.291s]         See https://setuptools.pypa.io/en/latest/userguide/declarative_config.html for details.
[3.292s]         ********************************************************************************
[3.292s] 
[3.293s] !!
[3.293s]   opt = self.warn_dash_deprecation(opt, section)
[3.310s] /usr/local/lib/python3.8/dist-packages/setuptools/_distutils/dist.py:268: UserWarning: Unknown distribution option: 'tests_require'
[3.311s]   warnings.warn(msg)
[3.432s] running egg_info
[3.450s] writing ../../build/follow_gap/follow_gap.egg-info/PKG-INFO
[3.458s] writing dependency_links to ../../build/follow_gap/follow_gap.egg-info/dependency_links.txt
[3.458s] writing entry points to ../../build/follow_gap/follow_gap.egg-info/entry_points.txt
[3.459s] writing requirements to ../../build/follow_gap/follow_gap.egg-info/requires.txt
[3.459s] writing top-level names to ../../build/follow_gap/follow_gap.egg-info/top_level.txt
[3.620s] reading manifest file '../../build/follow_gap/follow_gap.egg-info/SOURCES.txt'
[3.621s] writing manifest file '../../build/follow_gap/follow_gap.egg-info/SOURCES.txt'
[3.621s] running build
[3.622s] running build_py
[3.623s] copying follow_gap/__init__.py -> /home/f1tenth_ws/build/follow_gap/build/lib/follow_gap
[3.626s] copying follow_gap/follow_gap.py -> /home/f1tenth_ws/build/follow_gap/build/lib/follow_gap
[3.626s] running install
[3.630s] running install_lib
[3.656s] running install_data
[3.656s] copying resource/follow_gap -> /home/f1tenth_ws/install/follow_gap/share/ament_index/resource_index/packages
[3.657s] copying package.xml -> /home/f1tenth_ws/install/follow_gap/share/follow_gap
[3.657s] running install_egg_info
[3.677s] removing '/home/f1tenth_ws/install/follow_gap/lib/python3.8/site-packages/follow_gap-0.0.0-py3.8.egg-info' (and everything under it)
[3.678s] Copying ../../build/follow_gap/follow_gap.egg-info to /home/f1tenth_ws/install/follow_gap/lib/python3.8/site-packages/follow_gap-0.0.0-py3.8.egg-info
[3.684s] running install_scripts
[3.735s] Installing follow_gap script to /home/f1tenth_ws/install/follow_gap/lib/follow_gap
[3.741s] writing list of installed files to '/home/f1tenth_ws/build/follow_gap/install.log'
[3.896s] Invoked command in '/home/f1tenth_ws/src/follow_gap' returned '0': CONDA_PROMPT_MODIFIER=(base) PYTHONPATH=/home/f1tenth_ws/build/follow_gap/prefix_override:/usr/lib/python3/dist-packages/colcon_core/task/python/colcon_distutils_commands:/home/f1tenth_ws/install/follow_gap/lib/python3.8/site-packages: _=/usr/bin/env /usr/bin/python3 -W ignore:setup.py install is deprecated setup.py egg_info --egg-base ../../build/follow_gap build --build-base /home/f1tenth_ws/build/follow_gap/build install --record /home/f1tenth_ws/build/follow_gap/install.log --install-scripts $base/lib/follow_gap --single-version-externally-managed install_data
