[3.759s] Invoking command in '/home/f1tenth_ws/src/f1tenth_system/teleop_tools/key_teleop': CONDA_PROMPT_MODIFIER=(base) PYTHONPATH=/home/f1tenth_ws/build/key_teleop/prefix_override:/usr/lib/python3/dist-packages/colcon_core/task/python/colcon_distutils_commands:/home/f1tenth_ws/install/key_teleop/lib/python3.8/site-packages:${PYTHONPATH} _=/usr/bin/env /usr/bin/python3 -W ignore:setup.py install is deprecated setup.py egg_info --egg-base ../../../../build/key_teleop build --build-base /home/f1tenth_ws/build/key_teleop/build install --record /home/f1tenth_ws/build/key_teleop/install.log --install-scripts $base/lib/key_teleop --single-version-externally-managed install_data
[4.085s] /usr/local/lib/python3.8/dist-packages/setuptools/dist.py:447: SetuptoolsDeprecationWarning: Invalid dash-separated options
[4.085s] !!
[4.086s] 
[4.086s]         ********************************************************************************
[4.087s]         Usage of dash-separated 'script-dir' will not be supported in future
[4.087s]         versions. Please use the underscore name 'script_dir' instead.
[4.088s] 
[4.088s]         This deprecation is overdue, please update your project and remove deprecated
[4.089s]         calls to avoid build errors in the future.
[4.089s] 
[4.090s]         See https://setuptools.pypa.io/en/latest/userguide/declarative_config.html for details.
[4.091s]         ********************************************************************************
[4.097s] 
[4.098s] !!
[4.101s]   opt = self.warn_dash_deprecation(opt, section)
[4.164s] /usr/local/lib/python3.8/dist-packages/setuptools/_distutils/dist.py:268: UserWarning: Unknown distribution option: 'tests_require'
[4.164s]   warnings.warn(msg)
[4.346s] running egg_info
[4.369s] writing ../../../../build/key_teleop/key_teleop.egg-info/PKG-INFO
[4.370s] writing dependency_links to ../../../../build/key_teleop/key_teleop.egg-info/dependency_links.txt
[4.370s] writing entry points to ../../../../build/key_teleop/key_teleop.egg-info/entry_points.txt
[4.371s] writing requirements to ../../../../build/key_teleop/key_teleop.egg-info/requires.txt
[4.371s] writing top-level names to ../../../../build/key_teleop/key_teleop.egg-info/top_level.txt
[4.583s] reading manifest file '../../../../build/key_teleop/key_teleop.egg-info/SOURCES.txt'
[4.583s] adding license file 'LICENSE'
[4.583s] writing manifest file '../../../../build/key_teleop/key_teleop.egg-info/SOURCES.txt'
[4.584s] running build
[4.584s] running build_py
[4.585s] copying key_teleop/__init__.py -> /home/f1tenth_ws/build/key_teleop/build/lib/key_teleop
[4.586s] copying key_teleop/key_teleop.py -> /home/f1tenth_ws/build/key_teleop/build/lib/key_teleop
[4.586s] running install
[4.587s] running install_lib
[4.615s] running install_data
[4.616s] copying package.xml -> /home/f1tenth_ws/install/key_teleop/share/key_teleop
[4.617s] copying config/key_teleop.yaml -> /home/f1tenth_ws/install/key_teleop/share/key_teleop/config
[4.618s] copying resource/key_teleop -> /home/f1tenth_ws/install/key_teleop/share/ament_index/resource_index/packages
[4.618s] running install_egg_info
[4.645s] removing '/home/f1tenth_ws/install/key_teleop/lib/python3.8/site-packages/key_teleop-0.3.0-py3.8.egg-info' (and everything under it)
[4.646s] Copying ../../../../build/key_teleop/key_teleop.egg-info to /home/f1tenth_ws/install/key_teleop/lib/python3.8/site-packages/key_teleop-0.3.0-py3.8.egg-info
[4.649s] running install_scripts
[4.719s] Installing key_teleop script to /home/f1tenth_ws/install/key_teleop/lib/key_teleop
[4.720s] writing list of installed files to '/home/f1tenth_ws/build/key_teleop/install.log'
[5.091s] Invoked command in '/home/f1tenth_ws/src/f1tenth_system/teleop_tools/key_teleop' returned '0': CONDA_PROMPT_MODIFIER=(base) PYTHONPATH=/home/f1tenth_ws/build/key_teleop/prefix_override:/usr/lib/python3/dist-packages/colcon_core/task/python/colcon_distutils_commands:/home/f1tenth_ws/install/key_teleop/lib/python3.8/site-packages:${PYTHONPATH} _=/usr/bin/env /usr/bin/python3 -W ignore:setup.py install is deprecated setup.py egg_info --egg-base ../../../../build/key_teleop build --build-base /home/f1tenth_ws/build/key_teleop/build install --record /home/f1tenth_ws/build/key_teleop/install.log --install-scripts $base/lib/key_teleop --single-version-externally-managed install_data
