/usr/local/lib/python3.8/dist-packages/setuptools/dist.py:447: SetuptoolsDeprecationWarning: Invalid dash-separated options
!!

        ********************************************************************************
        Usage of dash-separated 'script-dir' will not be supported in future
        versions. Please use the underscore name 'script_dir' instead.

        This deprecation is overdue, please update your project and remove deprecated
        calls to avoid build errors in the future.

        See https://setuptools.pypa.io/en/latest/userguide/declarative_config.html for details.
        ********************************************************************************

!!
  opt = self.warn_dash_deprecation(opt, section)
/usr/local/lib/python3.8/dist-packages/setuptools/_distutils/dist.py:268: UserWarning: Unknown distribution option: 'tests_require'
  warnings.warn(msg)
running egg_info
writing ../../build/person_follow/person_follow.egg-info/PKG-INFO
writing dependency_links to ../../build/person_follow/person_follow.egg-info/dependency_links.txt
writing entry points to ../../build/person_follow/person_follow.egg-info/entry_points.txt
writing requirements to ../../build/person_follow/person_follow.egg-info/requires.txt
writing top-level names to ../../build/person_follow/person_follow.egg-info/top_level.txt
reading manifest file '../../build/person_follow/person_follow.egg-info/SOURCES.txt'
writing manifest file '../../build/person_follow/person_follow.egg-info/SOURCES.txt'
running build
running build_py
copying person_follow/__init__.py -> /home/f1tenth_ws/build/person_follow/build/lib/person_follow
copying person_follow/person_follow.py -> /home/f1tenth_ws/build/person_follow/build/lib/person_follow
running install
running install_lib
running install_data
copying resource/person_follow -> /home/f1tenth_ws/install/person_follow/share/ament_index/resource_index/packages
copying package.xml -> /home/f1tenth_ws/install/person_follow/share/person_follow
running install_egg_info
removing '/home/f1tenth_ws/install/person_follow/lib/python3.8/site-packages/person_follow-0.0.0-py3.8.egg-info' (and everything under it)
Copying ../../build/person_follow/person_follow.egg-info to /home/f1tenth_ws/install/person_follow/lib/python3.8/site-packages/person_follow-0.0.0-py3.8.egg-info
running install_scripts
Installing person_follow script to /home/f1tenth_ws/install/person_follow/lib/person_follow
writing list of installed files to '/home/f1tenth_ws/build/person_follow/install.log'
