[3.488s] Invoking command in '/home/f1tenth_ws/src/f1tenth_system/teleop_tools/key_teleop': PYTHONPATH=/home/f1tenth_ws/build/key_teleop/prefix_override:/usr/lib/python3/dist-packages/colcon_core/task/python/colcon_distutils_commands:/home/f1tenth_ws/install/key_teleop/lib/python3.8/site-packages:${PYTHONPATH} _=/usr/bin/env /usr/bin/python3 -W ignore:setup.py install is deprecated setup.py egg_info --egg-base ../../../../build/key_teleop build --build-base /home/f1tenth_ws/build/key_teleop/build install --record /home/f1tenth_ws/build/key_teleop/install.log --install-scripts $base/lib/key_teleop --single-version-externally-managed install_data
[3.839s] /usr/local/lib/python3.8/dist-packages/setuptools/dist.py:447: SetuptoolsDeprecationWarning: Invalid dash-separated options
[3.840s] !!
[3.844s] 
[3.847s]         ********************************************************************************
[3.848s]         Usage of dash-separated 'script-dir' will not be supported in future
[3.850s]         versions. Please use the underscore name 'script_dir' instead.
[3.851s] 
[3.862s]         By 2024-Sep-26, you need to update your project and remove deprecated calls
[3.885s]         or your builds will no longer be supported.
[3.887s] 
[3.888s]         See https://setuptools.pypa.io/en/latest/userguide/declarative_config.html for details.
[3.888s]         ********************************************************************************
[3.889s] 
[3.889s] !!
[3.889s]   opt = self.warn_dash_deprecation(opt, section)
[3.896s] /usr/local/lib/python3.8/dist-packages/setuptools/_distutils/dist.py:268: UserWarning: Unknown distribution option: 'tests_require'
[3.896s]   warnings.warn(msg)
[4.127s] running egg_info
[4.152s] writing ../../../../build/key_teleop/key_teleop.egg-info/PKG-INFO
[4.155s] writing dependency_links to ../../../../build/key_teleop/key_teleop.egg-info/dependency_links.txt
[4.155s] writing entry points to ../../../../build/key_teleop/key_teleop.egg-info/entry_points.txt
[4.156s] writing requirements to ../../../../build/key_teleop/key_teleop.egg-info/requires.txt
[4.159s] writing top-level names to ../../../../build/key_teleop/key_teleop.egg-info/top_level.txt
[4.419s] reading manifest file '../../../../build/key_teleop/key_teleop.egg-info/SOURCES.txt'
[4.420s] adding license file 'LICENSE'
[4.423s] writing manifest file '../../../../build/key_teleop/key_teleop.egg-info/SOURCES.txt'
[4.425s] running build
[4.426s] running build_py
[4.431s] copying key_teleop/__init__.py -> /home/f1tenth_ws/build/key_teleop/build/lib/key_teleop
[4.433s] copying key_teleop/key_teleop.py -> /home/f1tenth_ws/build/key_teleop/build/lib/key_teleop
[4.435s] running install
[4.436s] running install_lib
[4.463s] running install_data
[4.465s] copying config/key_teleop.yaml -> /home/f1tenth_ws/install/key_teleop/share/key_teleop/config
[4.467s] running install_egg_info
[4.505s] removing '/home/f1tenth_ws/install/key_teleop/lib/python3.8/site-packages/key_teleop-0.3.0-py3.8.egg-info' (and everything under it)
[4.506s] Copying ../../../../build/key_teleop/key_teleop.egg-info to /home/f1tenth_ws/install/key_teleop/lib/python3.8/site-packages/key_teleop-0.3.0-py3.8.egg-info
[4.507s] running install_scripts
[4.590s] Installing key_teleop script to /home/f1tenth_ws/install/key_teleop/lib/key_teleop
[4.591s] writing list of installed files to '/home/f1tenth_ws/build/key_teleop/install.log'
[5.004s] Invoked command in '/home/f1tenth_ws/src/f1tenth_system/teleop_tools/key_teleop' returned '0': PYTHONPATH=/home/f1tenth_ws/build/key_teleop/prefix_override:/usr/lib/python3/dist-packages/colcon_core/task/python/colcon_distutils_commands:/home/f1tenth_ws/install/key_teleop/lib/python3.8/site-packages:${PYTHONPATH} _=/usr/bin/env /usr/bin/python3 -W ignore:setup.py install is deprecated setup.py egg_info --egg-base ../../../../build/key_teleop build --build-base /home/f1tenth_ws/build/key_teleop/build install --record /home/f1tenth_ws/build/key_teleop/install.log --install-scripts $base/lib/key_teleop --single-version-externally-managed install_data
