[3.651s] Invoking command in '/home/f1tenth_ws/src/f1tenth_system/teleop_tools/key_teleop': CONDA_PROMPT_MODIFIER=(base) PYTHONPATH=/home/f1tenth_ws/build/key_teleop/prefix_override:/usr/lib/python3/dist-packages/colcon_core/task/python/colcon_distutils_commands:/home/f1tenth_ws/install/key_teleop/lib/python3.8/site-packages:${PYTHONPATH} _=/usr/bin/env /usr/bin/python3 -W ignore:setup.py install is deprecated setup.py egg_info --egg-base ../../../../build/key_teleop build --build-base /home/f1tenth_ws/build/key_teleop/build install --record /home/f1tenth_ws/build/key_teleop/install.log --install-scripts $base/lib/key_teleop --single-version-externally-managed install_data
[3.858s] /usr/local/lib/python3.8/dist-packages/setuptools/dist.py:447: SetuptoolsDeprecationWarning: Invalid dash-separated options
[3.859s] !!
[3.859s] 
[3.860s]         ********************************************************************************
[3.860s]         Usage of dash-separated 'script-dir' will not be supported in future
[3.869s]         versions. Please use the underscore name 'script_dir' instead.
[3.870s] 
[3.870s]         This deprecation is overdue, please update your project and remove deprecated
[3.871s]         calls to avoid build errors in the future.
[3.871s] 
[3.872s]         See https://setuptools.pypa.io/en/latest/userguide/declarative_config.html for details.
[3.872s]         ********************************************************************************
[3.872s] 
[3.873s] !!
[3.873s]   opt = self.warn_dash_deprecation(opt, section)
[3.884s] /usr/local/lib/python3.8/dist-packages/setuptools/_distutils/dist.py:268: UserWarning: Unknown distribution option: 'tests_require'
[3.885s]   warnings.warn(msg)
[4.020s] running egg_info
[4.033s] writing ../../../../build/key_teleop/key_teleop.egg-info/PKG-INFO
[4.034s] writing dependency_links to ../../../../build/key_teleop/key_teleop.egg-info/dependency_links.txt
[4.034s] writing entry points to ../../../../build/key_teleop/key_teleop.egg-info/entry_points.txt
[4.035s] writing requirements to ../../../../build/key_teleop/key_teleop.egg-info/requires.txt
[4.035s] writing top-level names to ../../../../build/key_teleop/key_teleop.egg-info/top_level.txt
[4.277s] reading manifest file '../../../../build/key_teleop/key_teleop.egg-info/SOURCES.txt'
[4.279s] adding license file 'LICENSE'
[4.279s] writing manifest file '../../../../build/key_teleop/key_teleop.egg-info/SOURCES.txt'
[4.280s] running build
[4.281s] running build_py
[4.287s] copying key_teleop/__init__.py -> /home/f1tenth_ws/build/key_teleop/build/lib/key_teleop
[4.288s] copying key_teleop/key_teleop.py -> /home/f1tenth_ws/build/key_teleop/build/lib/key_teleop
[4.289s] running install
[4.290s] running install_lib
[4.314s] running install_data
[4.315s] copying config/key_teleop.yaml -> /home/f1tenth_ws/install/key_teleop/share/key_teleop/config
[4.315s] running install_egg_info
[4.340s] removing '/home/f1tenth_ws/install/key_teleop/lib/python3.8/site-packages/key_teleop-0.3.0-py3.8.egg-info' (and everything under it)
[4.340s] Copying ../../../../build/key_teleop/key_teleop.egg-info to /home/f1tenth_ws/install/key_teleop/lib/python3.8/site-packages/key_teleop-0.3.0-py3.8.egg-info
[4.342s] running install_scripts
[4.412s] Installing key_teleop script to /home/f1tenth_ws/install/key_teleop/lib/key_teleop
[4.412s] writing list of installed files to '/home/f1tenth_ws/build/key_teleop/install.log'
[4.955s] Invoked command in '/home/f1tenth_ws/src/f1tenth_system/teleop_tools/key_teleop' returned '0': CONDA_PROMPT_MODIFIER=(base) PYTHONPATH=/home/f1tenth_ws/build/key_teleop/prefix_override:/usr/lib/python3/dist-packages/colcon_core/task/python/colcon_distutils_commands:/home/f1tenth_ws/install/key_teleop/lib/python3.8/site-packages:${PYTHONPATH} _=/usr/bin/env /usr/bin/python3 -W ignore:setup.py install is deprecated setup.py egg_info --egg-base ../../../../build/key_teleop build --build-base /home/f1tenth_ws/build/key_teleop/build install --record /home/f1tenth_ws/build/key_teleop/install.log --install-scripts $base/lib/key_teleop --single-version-externally-managed install_data
