[0.341s] Invoking command in '/home/f1tenth_ws/src/build/ackermann_mux': CMAKE_PREFIX_PATH=${CMAKE_PREFIX_PATH}:/home/f1tenth_ws/install/voice_control:/home/f1tenth_ws/install/f1tenth_stack:/home/f1tenth_ws/install/joy_teleop:/home/f1tenth_ws/install/mouse_teleop:/home/f1tenth_ws/install/key_teleop:/home/f1tenth_ws/install/joystick_ros2:/home/f1tenth_ws/install/automatic_braking:/home/f1tenth_ws/install/ament_uncrustify:/home/f1tenth_ws/install/ament_pycodestyle:/home/f1tenth_ws/install/ament_package:/home/f1tenth_ws/install/ament_lint:/home/f1tenth_ws/install/ament_cppcheck:/opt/ros/foxy _=/usr/bin/env /usr/bin/cmake /home/f1tenth_ws/src/f1tenth_system/ackermann_mux -DCMAKE_INSTALL_PREFIX=/home/f1tenth_ws/src/install/ackermann_mux
[2.046s] -- The C compiler identification is GNU 9.4.0
[2.047s] -- The CXX compiler identification is GNU 9.4.0
[2.048s] -- Check for working C compiler: /usr/bin/cc
[2.050s] -- Check for working C compiler: /usr/bin/cc -- works
[2.051s] -- Detecting C compiler ABI info
[2.052s] -- Detecting C compiler ABI info - done
[2.059s] -- Detecting C compile features
[2.061s] -- Detecting C compile features - done
[2.061s] -- Check for working CXX compiler: /usr/bin/c++
[2.062s] -- Check for working CXX compiler: /usr/bin/c++ -- works
[2.062s] -- Detecting CXX compiler ABI info
[2.344s] -- Detecting CXX compiler ABI info - done
[2.393s] -- Detecting CXX compile features
[2.397s] -- Detecting CXX compile features - done
[2.422s] -- Found ament_cmake: 0.9.12 (/opt/ros/foxy/share/ament_cmake/cmake)
[2.576s] -- Found PythonInterp: /usr/bin/python3 (found suitable version "3.8.10", minimum required is "3") 
[2.578s] -- Using PYTHON_EXECUTABLE: /usr/bin/python3
[2.971s] -- Found rclcpp: 2.4.3 (/opt/ros/foxy/share/rclcpp/cmake)
[3.170s] -- Using all available rosidl_typesupport_c: rosidl_typesupport_fastrtps_c;rosidl_typesupport_introspection_c
[3.201s] -- Found rosidl_adapter: 1.3.1 (/opt/ros/foxy/share/rosidl_adapter/cmake)
[3.915s] -- Found OpenSSL: /usr/lib/aarch64-linux-gnu/libcrypto.so (found version "1.1.1f")  
[3.954s] -- Found FastRTPS: /opt/ros/foxy/include  
[4.247s] -- Using all available rosidl_typesupport_cpp: rosidl_typesupport_fastrtps_cpp;rosidl_typesupport_introspection_cpp
[4.408s] -- Found rmw_implementation_cmake: 1.0.4 (/opt/ros/foxy/share/rmw_implementation_cmake/cmake)
[4.419s] -- Using RMW implementation 'rmw_fastrtps_cpp' as default
[4.442s] -- Looking for pthread.h
[4.810s] -- Looking for pthread.h - found
[4.812s] -- Performing Test CMAKE_HAVE_LIBC_PTHREAD
[5.215s] -- Performing Test CMAKE_HAVE_LIBC_PTHREAD - Failed
[5.218s] -- Looking for pthread_create in pthreads
[5.594s] -- Looking for pthread_create in pthreads - not found
[5.595s] -- Looking for pthread_create in pthread
[6.023s] -- Looking for pthread_create in pthread - found
[6.027s] -- Found Threads: TRUE  
[6.231s] -- Found ackermann_msgs: 2.0.2 (/opt/ros/foxy/share/ackermann_msgs/cmake)
[6.287s] -- Found diagnostic_updater: 3.1.2 (/opt/ros/foxy/share/diagnostic_updater/cmake)
[6.379s] -- Found ament_lint_auto: 0.9.8 (/opt/ros/foxy/share/ament_lint_auto/cmake)
[6.622s] -- Found python_cmake_module: 0.8.1 (/opt/ros/foxy/share/python_cmake_module/cmake)
[6.698s] -- Found PythonInterp: /usr/bin/python3 (found suitable version "3.8.10", minimum required is "3.5") 
[6.709s] -- Found PythonLibs: /usr/lib/aarch64-linux-gnu/libpython3.8.so (found suitable version "3.8.10", minimum required is "3.5") 
[6.710s] -- Using PYTHON_EXECUTABLE: /usr/bin/python3
[6.710s] -- Using PYTHON_INCLUDE_DIRS: /usr/include/python3.8
[6.711s] -- Using PYTHON_LIBRARIES: /usr/lib/aarch64-linux-gnu/libpython3.8.so
[6.770s] -- Found PythonExtra: .so  
[6.808s] -- Added test 'xmllint' to check XML markup files
[6.811s] -- Added test 'copyright' to check source files copyright and LICENSE
[6.814s] -- Added test 'cppcheck' to perform static code analysis on C / C++ code
[6.815s] -- Configured cppcheck include dirs: /home/f1tenth_ws/src/f1tenth_system/ackermann_mux/include
[6.815s] -- Configured cppcheck exclude dirs and/or files: 
[6.819s] -- Added test 'cpplint' to check C / C++ code against the Google style
[6.819s] -- Configured cpplint exclude dirs and/or files: 
[6.820s] -- Added test 'flake8' to check Python code syntax and style conventions
[6.822s] -- Added test 'lint_cmake' to check CMake code style
[6.823s] -- Added test 'pep257' to check Python code against some of the style conventions in PEP 257
[6.828s] -- Added test 'uncrustify' to check C / C++ code style
[6.828s] -- Configured uncrustify additional arguments: 
[6.839s] -- Configuring done
[6.852s] -- Generating done
[6.854s] -- Build files have been written to: /home/f1tenth_ws/src/build/ackermann_mux
[6.874s] Invoked command in '/home/f1tenth_ws/src/build/ackermann_mux' returned '0': CMAKE_PREFIX_PATH=${CMAKE_PREFIX_PATH}:/home/f1tenth_ws/install/voice_control:/home/f1tenth_ws/install/f1tenth_stack:/home/f1tenth_ws/install/joy_teleop:/home/f1tenth_ws/install/mouse_teleop:/home/f1tenth_ws/install/key_teleop:/home/f1tenth_ws/install/joystick_ros2:/home/f1tenth_ws/install/automatic_braking:/home/f1tenth_ws/install/ament_uncrustify:/home/f1tenth_ws/install/ament_pycodestyle:/home/f1tenth_ws/install/ament_package:/home/f1tenth_ws/install/ament_lint:/home/f1tenth_ws/install/ament_cppcheck:/opt/ros/foxy _=/usr/bin/env /usr/bin/cmake /home/f1tenth_ws/src/f1tenth_system/ackermann_mux -DCMAKE_INSTALL_PREFIX=/home/f1tenth_ws/src/install/ackermann_mux
[6.887s] Invoking command in '/home/f1tenth_ws/src/build/ackermann_mux': CMAKE_PREFIX_PATH=${CMAKE_PREFIX_PATH}:/home/f1tenth_ws/install/voice_control:/home/f1tenth_ws/install/f1tenth_stack:/home/f1tenth_ws/install/joy_teleop:/home/f1tenth_ws/install/mouse_teleop:/home/f1tenth_ws/install/key_teleop:/home/f1tenth_ws/install/joystick_ros2:/home/f1tenth_ws/install/automatic_braking:/home/f1tenth_ws/install/ament_uncrustify:/home/f1tenth_ws/install/ament_pycodestyle:/home/f1tenth_ws/install/ament_package:/home/f1tenth_ws/install/ament_lint:/home/f1tenth_ws/install/ament_cppcheck:/opt/ros/foxy _=/usr/bin/env /usr/bin/cmake --build /home/f1tenth_ws/src/build/ackermann_mux -- -j8 -l8
[7.059s] [35m[1mScanning dependencies of target ackermann_mux[0m
[7.368s] [ 25%] [32mBuilding CXX object CMakeFiles/ackermann_mux.dir/src/ackermann_mux.cpp.o[0m
[7.374s] [ 50%] [32mBuilding CXX object CMakeFiles/ackermann_mux.dir/src/ackermann_mux_node.cpp.o[0m
[7.396s] [ 75%] [32mBuilding CXX object CMakeFiles/ackermann_mux.dir/src/ackermann_mux_diagnostics.cpp.o[0m
[13.803s] make[2]: *** [CMakeFiles/ackermann_mux.dir/build.make:63: CMakeFiles/ackermann_mux.dir/src/ackermann_mux.cpp.o] Interrupt
[13.806s] make[2]: *** wait: No child processes.  Stop.
[13.807s] make[2]: *** Waiting for unfinished jobs....
[13.808s] make[2]: *** wait: No child processes.  Stop.
[13.817s] make[1]: *** [CMakeFiles/Makefile2:78: CMakeFiles/ackermann_mux.dir/all] Error 2
[13.829s] make: *** [Makefile:141: all] Interrupt
[13.971s] Invoked command in '/home/f1tenth_ws/src/build/ackermann_mux' returned '-2': CMAKE_PREFIX_PATH=${CMAKE_PREFIX_PATH}:/home/f1tenth_ws/install/voice_control:/home/f1tenth_ws/install/f1tenth_stack:/home/f1tenth_ws/install/joy_teleop:/home/f1tenth_ws/install/mouse_teleop:/home/f1tenth_ws/install/key_teleop:/home/f1tenth_ws/install/joystick_ros2:/home/f1tenth_ws/install/automatic_braking:/home/f1tenth_ws/install/ament_uncrustify:/home/f1tenth_ws/install/ament_pycodestyle:/home/f1tenth_ws/install/ament_package:/home/f1tenth_ws/install/ament_lint:/home/f1tenth_ws/install/ament_cppcheck:/opt/ros/foxy _=/usr/bin/env /usr/bin/cmake --build /home/f1tenth_ws/src/build/ackermann_mux -- -j8 -l8
