[3.080s] Invoking command in '/home/f1tenth_ws/src/f1tenth_system/teleop_tools/key_teleop': PYTHONPATH=/home/f1tenth_ws/build/key_teleop/prefix_override:/usr/lib/python3/dist-packages/colcon_core/task/python/colcon_distutils_commands:/home/f1tenth_ws/install/key_teleop/lib/python3.8/site-packages:${PYTHONPATH} _=/usr/bin/env /usr/bin/python3 -W ignore:setup.py install is deprecated setup.py egg_info --egg-base ../../../../build/key_teleop build --build-base /home/f1tenth_ws/build/key_teleop/build install --record /home/f1tenth_ws/build/key_teleop/install.log --install-scripts $base/lib/key_teleop --single-version-externally-managed install_data
[3.394s] /usr/local/lib/python3.8/dist-packages/setuptools/dist.py:447: SetuptoolsDeprecationWarning: Invalid dash-separated options
[3.394s] !!
[3.396s] 
[3.396s]         ********************************************************************************
[3.397s]         Usage of dash-separated 'script-dir' will not be supported in future
[3.397s]         versions. Please use the underscore name 'script_dir' instead.
[3.397s] 
[3.398s]         By 2024-Sep-26, you need to update your project and remove deprecated calls
[3.399s]         or your builds will no longer be supported.
[3.400s] 
[3.400s]         See https://setuptools.pypa.io/en/latest/userguide/declarative_config.html for details.
[3.400s]         ********************************************************************************
[3.401s] 
[3.401s] !!
[3.402s]   opt = self.warn_dash_deprecation(opt, section)
[3.434s] /usr/local/lib/python3.8/dist-packages/setuptools/_distutils/dist.py:268: UserWarning: Unknown distribution option: 'tests_require'
[3.438s]   warnings.warn(msg)
[3.608s] running egg_info
[3.634s] writing ../../../../build/key_teleop/key_teleop.egg-info/PKG-INFO
[3.635s] writing dependency_links to ../../../../build/key_teleop/key_teleop.egg-info/dependency_links.txt
[3.636s] writing entry points to ../../../../build/key_teleop/key_teleop.egg-info/entry_points.txt
[3.637s] writing requirements to ../../../../build/key_teleop/key_teleop.egg-info/requires.txt
[3.637s] writing top-level names to ../../../../build/key_teleop/key_teleop.egg-info/top_level.txt
[3.857s] reading manifest file '../../../../build/key_teleop/key_teleop.egg-info/SOURCES.txt'
[3.858s] adding license file 'LICENSE'
[3.868s] writing manifest file '../../../../build/key_teleop/key_teleop.egg-info/SOURCES.txt'
[3.869s] running build
[3.870s] running build_py
[3.870s] copying key_teleop/__init__.py -> /home/f1tenth_ws/build/key_teleop/build/lib/key_teleop
[3.871s] copying key_teleop/key_teleop.py -> /home/f1tenth_ws/build/key_teleop/build/lib/key_teleop
[3.871s] running install
[3.872s] running install_lib
[3.891s] running install_data
[3.892s] copying config/key_teleop.yaml -> /home/f1tenth_ws/install/key_teleop/share/key_teleop/config
[3.893s] running install_egg_info
[3.924s] removing '/home/f1tenth_ws/install/key_teleop/lib/python3.8/site-packages/key_teleop-0.3.0-py3.8.egg-info' (and everything under it)
[3.925s] Copying ../../../../build/key_teleop/key_teleop.egg-info to /home/f1tenth_ws/install/key_teleop/lib/python3.8/site-packages/key_teleop-0.3.0-py3.8.egg-info
[3.928s] running install_scripts
[3.997s] Installing key_teleop script to /home/f1tenth_ws/install/key_teleop/lib/key_teleop
[3.998s] writing list of installed files to '/home/f1tenth_ws/build/key_teleop/install.log'
[4.415s] Invoked command in '/home/f1tenth_ws/src/f1tenth_system/teleop_tools/key_teleop' returned '0': PYTHONPATH=/home/f1tenth_ws/build/key_teleop/prefix_override:/usr/lib/python3/dist-packages/colcon_core/task/python/colcon_distutils_commands:/home/f1tenth_ws/install/key_teleop/lib/python3.8/site-packages:${PYTHONPATH} _=/usr/bin/env /usr/bin/python3 -W ignore:setup.py install is deprecated setup.py egg_info --egg-base ../../../../build/key_teleop build --build-base /home/f1tenth_ws/build/key_teleop/build install --record /home/f1tenth_ws/build/key_teleop/install.log --install-scripts $base/lib/key_teleop --single-version-externally-managed install_data
