[5.335s] Invoking command in '/home/f1tenth_ws/src/follow_gap': CONDA_PROMPT_MODIFIER=(base) PYTHONPATH=/home/f1tenth_ws/build/follow_gap/prefix_override:/usr/lib/python3/dist-packages/colcon_core/task/python/colcon_distutils_commands:/home/f1tenth_ws/install/follow_gap/lib/python3.8/site-packages:${PYTHONPATH} _=/usr/bin/env /usr/bin/python3 -W ignore:setup.py install is deprecated setup.py egg_info --egg-base ../../build/follow_gap build --build-base /home/f1tenth_ws/build/follow_gap/build install --record /home/f1tenth_ws/build/follow_gap/install.log --install-scripts $base/lib/follow_gap --single-version-externally-managed install_data
[6.443s] /usr/local/lib/python3.8/dist-packages/setuptools/dist.py:447: SetuptoolsDeprecationWarning: Invalid dash-separated options
[6.444s] !!
[6.445s] 
[6.445s]         ********************************************************************************
[6.446s]         Usage of dash-separated 'script-dir' will not be supported in future
[6.447s]         versions. Please use the underscore name 'script_dir' instead.
[6.448s] 
[6.448s]         This deprecation is overdue, please update your project and remove deprecated
[6.449s]         calls to avoid build errors in the future.
[6.450s] 
[6.450s]         See https://setuptools.pypa.io/en/latest/userguide/declarative_config.html for details.
[6.451s]         ********************************************************************************
[6.452s] 
[6.452s] !!
[6.453s]   opt = self.warn_dash_deprecation(opt, section)
[6.478s] /usr/local/lib/python3.8/dist-packages/setuptools/_distutils/dist.py:268: UserWarning: Unknown distribution option: 'tests_require'
[6.479s]   warnings.warn(msg)
[6.615s] running egg_info
[6.636s] writing ../../build/follow_gap/follow_gap.egg-info/PKG-INFO
[6.638s] writing dependency_links to ../../build/follow_gap/follow_gap.egg-info/dependency_links.txt
[6.638s] writing entry points to ../../build/follow_gap/follow_gap.egg-info/entry_points.txt
[6.639s] writing requirements to ../../build/follow_gap/follow_gap.egg-info/requires.txt
[6.639s] writing top-level names to ../../build/follow_gap/follow_gap.egg-info/top_level.txt
[6.827s] reading manifest file '../../build/follow_gap/follow_gap.egg-info/SOURCES.txt'
[6.829s] writing manifest file '../../build/follow_gap/follow_gap.egg-info/SOURCES.txt'
[6.831s] running build
[6.832s] running build_py
[6.834s] copying follow_gap/__init__.py -> /home/f1tenth_ws/build/follow_gap/build/lib/follow_gap
[6.835s] copying follow_gap/follow_gap.py -> /home/f1tenth_ws/build/follow_gap/build/lib/follow_gap
[6.837s] running install
[6.838s] running install_lib
[6.859s] running install_data
[6.859s] copying resource/follow_gap -> /home/f1tenth_ws/install/follow_gap/share/ament_index/resource_index/packages
[6.860s] copying package.xml -> /home/f1tenth_ws/install/follow_gap/share/follow_gap
[6.861s] running install_egg_info
[6.877s] removing '/home/f1tenth_ws/install/follow_gap/lib/python3.8/site-packages/follow_gap-0.0.0-py3.8.egg-info' (and everything under it)
[6.878s] Copying ../../build/follow_gap/follow_gap.egg-info to /home/f1tenth_ws/install/follow_gap/lib/python3.8/site-packages/follow_gap-0.0.0-py3.8.egg-info
[6.881s] running install_scripts
[6.962s] Installing follow_gap script to /home/f1tenth_ws/install/follow_gap/lib/follow_gap
[6.963s] writing list of installed files to '/home/f1tenth_ws/build/follow_gap/install.log'
[7.108s] Invoked command in '/home/f1tenth_ws/src/follow_gap' returned '0': CONDA_PROMPT_MODIFIER=(base) PYTHONPATH=/home/f1tenth_ws/build/follow_gap/prefix_override:/usr/lib/python3/dist-packages/colcon_core/task/python/colcon_distutils_commands:/home/f1tenth_ws/install/follow_gap/lib/python3.8/site-packages:${PYTHONPATH} _=/usr/bin/env /usr/bin/python3 -W ignore:setup.py install is deprecated setup.py egg_info --egg-base ../../build/follow_gap build --build-base /home/f1tenth_ws/build/follow_gap/build install --record /home/f1tenth_ws/build/follow_gap/install.log --install-scripts $base/lib/follow_gap --single-version-externally-managed install_data
