[4.146s] Invoking command in '/home/f1tenth_ws/src/voice_control': PYTHONPATH=/home/f1tenth_ws/build/voice_control/prefix_override:/usr/lib/python3/dist-packages/colcon_core/task/python/colcon_distutils_commands:/home/f1tenth_ws/install/voice_control/lib/python3.8/site-packages:${PYTHONPATH} _=/usr/bin/env /usr/bin/python3 -W ignore:setup.py install is deprecated setup.py egg_info --egg-base ../../build/voice_control build --build-base /home/f1tenth_ws/build/voice_control/build install --record /home/f1tenth_ws/build/voice_control/install.log --install-scripts $base/lib/voice_control --single-version-externally-managed install_data
[4.381s] /usr/local/lib/python3.8/dist-packages/setuptools/dist.py:447: SetuptoolsDeprecationWarning: Invalid dash-separated options
[4.382s] !!
[4.384s] 
[4.385s]         ********************************************************************************
[4.386s]         Usage of dash-separated 'script-dir' will not be supported in future
[4.387s]         versions. Please use the underscore name 'script_dir' instead.
[4.389s] 
[4.389s]         By 2024-Sep-26, you need to update your project and remove deprecated calls
[4.392s]         or your builds will no longer be supported.
[4.394s] 
[4.395s]         See https://setuptools.pypa.io/en/latest/userguide/declarative_config.html for details.
[4.397s]         ********************************************************************************
[4.398s] 
[4.399s] !!
[4.400s]   opt = self.warn_dash_deprecation(opt, section)
[4.406s] /usr/local/lib/python3.8/dist-packages/setuptools/_distutils/dist.py:268: UserWarning: Unknown distribution option: 'tests_require'
[4.407s]   warnings.warn(msg)
[4.528s] running egg_info
[4.540s] writing ../../build/voice_control/voice_control.egg-info/PKG-INFO
[4.541s] writing dependency_links to ../../build/voice_control/voice_control.egg-info/dependency_links.txt
[4.542s] writing entry points to ../../build/voice_control/voice_control.egg-info/entry_points.txt
[4.543s] writing requirements to ../../build/voice_control/voice_control.egg-info/requires.txt
[4.543s] writing top-level names to ../../build/voice_control/voice_control.egg-info/top_level.txt
[4.674s] reading manifest file '../../build/voice_control/voice_control.egg-info/SOURCES.txt'
[4.675s] writing manifest file '../../build/voice_control/voice_control.egg-info/SOURCES.txt'
[4.676s] running build
[4.676s] running build_py
[4.677s] copying voice_control/__init__.py -> /home/f1tenth_ws/build/voice_control/build/lib/voice_control
[4.677s] copying voice_control/voice_command_node.py -> /home/f1tenth_ws/build/voice_control/build/lib/voice_control
[4.677s] copying voice_control/to_text.py -> /home/f1tenth_ws/build/voice_control/build/lib/voice_control
[4.678s] running install
[4.681s] running install_lib
[4.698s] copying /home/f1tenth_ws/build/voice_control/build/lib/voice_control/voice_command_node.py -> /home/f1tenth_ws/install/voice_control/lib/python3.8/site-packages/voice_control
[4.699s] copying /home/f1tenth_ws/build/voice_control/build/lib/voice_control/to_text.py -> /home/f1tenth_ws/install/voice_control/lib/python3.8/site-packages/voice_control
[4.699s] byte-compiling /home/f1tenth_ws/install/voice_control/lib/python3.8/site-packages/voice_control/voice_command_node.py to voice_command_node.cpython-38.pyc
[4.700s] byte-compiling /home/f1tenth_ws/install/voice_control/lib/python3.8/site-packages/voice_control/to_text.py to to_text.cpython-38.pyc
[4.701s] running install_data
[4.701s] copying package.xml -> /home/f1tenth_ws/install/voice_control/share/voice_control
[4.702s] running install_egg_info
[4.718s] removing '/home/f1tenth_ws/install/voice_control/lib/python3.8/site-packages/voice_control-0.0.0-py3.8.egg-info' (and everything under it)
[4.719s] Copying ../../build/voice_control/voice_control.egg-info to /home/f1tenth_ws/install/voice_control/lib/python3.8/site-packages/voice_control-0.0.0-py3.8.egg-info
[4.720s] running install_scripts
[4.763s] Installing voice_command_node script to /home/f1tenth_ws/install/voice_control/lib/voice_control
[4.764s] writing list of installed files to '/home/f1tenth_ws/build/voice_control/install.log'
[4.819s] Invoked command in '/home/f1tenth_ws/src/voice_control' returned '0': PYTHONPATH=/home/f1tenth_ws/build/voice_control/prefix_override:/usr/lib/python3/dist-packages/colcon_core/task/python/colcon_distutils_commands:/home/f1tenth_ws/install/voice_control/lib/python3.8/site-packages:${PYTHONPATH} _=/usr/bin/env /usr/bin/python3 -W ignore:setup.py install is deprecated setup.py egg_info --egg-base ../../build/voice_control build --build-base /home/f1tenth_ws/build/voice_control/build install --record /home/f1tenth_ws/build/voice_control/install.log --install-scripts $base/lib/voice_control --single-version-externally-managed install_data
