[2.906s] Invoking command in '/home/f1tenth_ws/src/voice_control': PYTHONPATH=/home/f1tenth_ws/build/voice_control/prefix_override:/usr/lib/python3/dist-packages/colcon_core/task/python/colcon_distutils_commands:/home/f1tenth_ws/install/voice_control/lib/python3.8/site-packages: _=/usr/bin/env /usr/bin/python3 -W ignore:setup.py install is deprecated setup.py egg_info --egg-base ../../build/voice_control build --build-base /home/f1tenth_ws/build/voice_control/build install --record /home/f1tenth_ws/build/voice_control/install.log --install-scripts $base/lib/voice_control --single-version-externally-managed install_data
[3.259s] /usr/local/lib/python3.8/dist-packages/setuptools/dist.py:447: SetuptoolsDeprecationWarning: Invalid dash-separated options
[3.260s] !!
[3.261s] 
[3.261s]         ********************************************************************************
[3.262s]         Usage of dash-separated 'script-dir' will not be supported in future
[3.262s]         versions. Please use the underscore name 'script_dir' instead.
[3.262s] 
[3.263s]         By 2024-Sep-26, you need to update your project and remove deprecated calls
[3.263s]         or your builds will no longer be supported.
[3.264s] 
[3.264s]         See https://setuptools.pypa.io/en/latest/userguide/declarative_config.html for details.
[3.265s]         ********************************************************************************
[3.265s] 
[3.265s] !!
[3.266s]   opt = self.warn_dash_deprecation(opt, section)
[3.302s] /usr/local/lib/python3.8/dist-packages/setuptools/_distutils/dist.py:268: UserWarning: Unknown distribution option: 'tests_require'
[3.302s]   warnings.warn(msg)
[3.455s] running egg_info
[3.470s] writing ../../build/voice_control/voice_control.egg-info/PKG-INFO
[3.471s] writing dependency_links to ../../build/voice_control/voice_control.egg-info/dependency_links.txt
[3.472s] writing entry points to ../../build/voice_control/voice_control.egg-info/entry_points.txt
[3.473s] writing requirements to ../../build/voice_control/voice_control.egg-info/requires.txt
[3.473s] writing top-level names to ../../build/voice_control/voice_control.egg-info/top_level.txt
[3.607s] reading manifest file '../../build/voice_control/voice_control.egg-info/SOURCES.txt'
[3.611s] writing manifest file '../../build/voice_control/voice_control.egg-info/SOURCES.txt'
[3.613s] running build
[3.614s] running build_py
[3.615s] copying voice_control/__init__.py -> /home/f1tenth_ws/build/voice_control/build/lib/voice_control
[3.618s] copying voice_control/voice_command_node.py -> /home/f1tenth_ws/build/voice_control/build/lib/voice_control
[3.620s] copying voice_control/to_text.py -> /home/f1tenth_ws/build/voice_control/build/lib/voice_control
[3.621s] running install
[3.622s] running install_lib
[3.630s] copying /home/f1tenth_ws/build/voice_control/build/lib/voice_control/voice_command_node.py -> /home/f1tenth_ws/install/voice_control/lib/python3.8/site-packages/voice_control
[3.631s] byte-compiling /home/f1tenth_ws/install/voice_control/lib/python3.8/site-packages/voice_control/voice_command_node.py to voice_command_node.cpython-38.pyc
[3.632s] running install_data
[3.633s] copying package.xml -> /home/f1tenth_ws/install/voice_control/share/voice_control
[3.634s] running install_egg_info
[3.648s] removing '/home/f1tenth_ws/install/voice_control/lib/python3.8/site-packages/voice_control-0.0.0-py3.8.egg-info' (and everything under it)
[3.654s] Copying ../../build/voice_control/voice_control.egg-info to /home/f1tenth_ws/install/voice_control/lib/python3.8/site-packages/voice_control-0.0.0-py3.8.egg-info
[3.655s] running install_scripts
[3.679s] Installing voice_command_node script to /home/f1tenth_ws/install/voice_control/lib/voice_control
[3.679s] writing list of installed files to '/home/f1tenth_ws/build/voice_control/install.log'
[3.853s] Invoked command in '/home/f1tenth_ws/src/voice_control' returned '0': PYTHONPATH=/home/f1tenth_ws/build/voice_control/prefix_override:/usr/lib/python3/dist-packages/colcon_core/task/python/colcon_distutils_commands:/home/f1tenth_ws/install/voice_control/lib/python3.8/site-packages: _=/usr/bin/env /usr/bin/python3 -W ignore:setup.py install is deprecated setup.py egg_info --egg-base ../../build/voice_control build --build-base /home/f1tenth_ws/build/voice_control/build install --record /home/f1tenth_ws/build/voice_control/install.log --install-scripts $base/lib/voice_control --single-version-externally-managed install_data
