[0.197s] Invoking command in '/home/f1tenth_ws/build/vesc_driver': AMENT_PREFIX_PATH=/home/f1tenth_ws/install/vesc_msgs CMAKE_PREFIX_PATH=/home/f1tenth_ws/install/vesc_msgs LD_LIBRARY_PATH=/home/f1tenth_ws/install/vesc_msgs/lib PYTHONPATH=/home/f1tenth_ws/install/vesc_msgs/lib/python3.8/site-packages _=/usr/bin/env /usr/bin/cmake --build /home/f1tenth_ws/build/vesc_driver -- -j8 -l8
[0.467s] [ 20%] Built target vesc_driver_node
[0.468s] [ 70%] Built target vesc_driver
[0.564s] [100%] Built target vesc_device_namer
[0.639s] Invoked command in '/home/f1tenth_ws/build/vesc_driver' returned '0': AMENT_PREFIX_PATH=/home/f1tenth_ws/install/vesc_msgs CMAKE_PREFIX_PATH=/home/f1tenth_ws/install/vesc_msgs LD_LIBRARY_PATH=/home/f1tenth_ws/install/vesc_msgs/lib PYTHONPATH=/home/f1tenth_ws/install/vesc_msgs/lib/python3.8/site-packages _=/usr/bin/env /usr/bin/cmake --build /home/f1tenth_ws/build/vesc_driver -- -j8 -l8
[0.873s] Invoking command in '/home/f1tenth_ws/build/vesc_driver': AMENT_PREFIX_PATH=/home/f1tenth_ws/install/vesc_msgs CMAKE_PREFIX_PATH=/home/f1tenth_ws/install/vesc_msgs LD_LIBRARY_PATH=/home/f1tenth_ws/install/vesc_msgs/lib PYTHONPATH=/home/f1tenth_ws/install/vesc_msgs/lib/python3.8/site-packages _=/usr/bin/env /usr/bin/cmake --install /home/f1tenth_ws/build/vesc_driver
[0.901s] -- Install configuration: ""
[0.902s] -- Up-to-date: /home/f1tenth_ws/install/vesc_driver/lib/vesc_driver/vesc_driver_node
[0.903s] -- Up-to-date: /home/f1tenth_ws/install/vesc_driver/include
[0.904s] -- Up-to-date: /home/f1tenth_ws/install/vesc_driver/include/vesc_driver
[0.904s] -- Up-to-date: /home/f1tenth_ws/install/vesc_driver/include/vesc_driver/crc.hpp
[0.905s] -- Up-to-date: /home/f1tenth_ws/install/vesc_driver/include/vesc_driver/datatypes.hpp
[0.905s] -- Up-to-date: /home/f1tenth_ws/install/vesc_driver/include/vesc_driver/vesc_device_uuid_lookup.hpp
[0.906s] -- Up-to-date: /home/f1tenth_ws/install/vesc_driver/include/vesc_driver/vesc_driver.hpp
[0.907s] -- Up-to-date: /home/f1tenth_ws/install/vesc_driver/include/vesc_driver/vesc_interface.hpp
[0.907s] -- Up-to-date: /home/f1tenth_ws/install/vesc_driver/include/vesc_driver/vesc_packet.hpp
[0.908s] -- Up-to-date: /home/f1tenth_ws/install/vesc_driver/include/vesc_driver/vesc_packet_factory.hpp
[0.909s] -- Up-to-date: /home/f1tenth_ws/install/vesc_driver/share/vesc_driver/environment/library_path.sh
[0.909s] -- Up-to-date: /home/f1tenth_ws/install/vesc_driver/share/vesc_driver/environment/library_path.dsv
[0.909s] -- Up-to-date: /home/f1tenth_ws/install/vesc_driver/lib/libvesc_driver.so
[0.910s] -- Up-to-date: /home/f1tenth_ws/install/vesc_driver/lib/vesc_driver/vesc_device_namer
[0.910s] -- Up-to-date: /home/f1tenth_ws/install/vesc_driver/share/vesc_driver/launch
[0.911s] -- Up-to-date: /home/f1tenth_ws/install/vesc_driver/share/vesc_driver/launch/vesc_driver_node.launch.py
[0.912s] -- Up-to-date: /home/f1tenth_ws/install/vesc_driver/share/vesc_driver/params
[0.912s] -- Up-to-date: /home/f1tenth_ws/install/vesc_driver/share/vesc_driver/params/vesc_config.yaml
[0.912s] -- Up-to-date: /home/f1tenth_ws/install/vesc_driver/share/ament_index/resource_index/package_run_dependencies/vesc_driver
[0.913s] -- Up-to-date: /home/f1tenth_ws/install/vesc_driver/share/ament_index/resource_index/parent_prefix_path/vesc_driver
[0.913s] -- Up-to-date: /home/f1tenth_ws/install/vesc_driver/share/vesc_driver/environment/ament_prefix_path.sh
[0.915s] -- Up-to-date: /home/f1tenth_ws/install/vesc_driver/share/vesc_driver/environment/ament_prefix_path.dsv
[0.917s] -- Up-to-date: /home/f1tenth_ws/install/vesc_driver/share/vesc_driver/environment/path.sh
[0.923s] -- Up-to-date: /home/f1tenth_ws/install/vesc_driver/share/vesc_driver/environment/path.dsv
[0.924s] -- Up-to-date: /home/f1tenth_ws/install/vesc_driver/share/vesc_driver/local_setup.bash
[0.925s] -- Up-to-date: /home/f1tenth_ws/install/vesc_driver/share/vesc_driver/local_setup.sh
[0.926s] -- Up-to-date: /home/f1tenth_ws/install/vesc_driver/share/vesc_driver/local_setup.zsh
[0.926s] -- Up-to-date: /home/f1tenth_ws/install/vesc_driver/share/vesc_driver/local_setup.dsv
[0.927s] -- Installing: /home/f1tenth_ws/install/vesc_driver/share/vesc_driver/package.dsv
[0.928s] -- Up-to-date: /home/f1tenth_ws/install/vesc_driver/share/ament_index/resource_index/packages/vesc_driver
[0.929s] -- Up-to-date: /home/f1tenth_ws/install/vesc_driver/share/ament_index/resource_index/rclcpp_components/vesc_driver
[0.929s] -- Up-to-date: /home/f1tenth_ws/install/vesc_driver/share/vesc_driver/cmake/ament_cmake_export_dependencies-extras.cmake
[0.930s] -- Up-to-date: /home/f1tenth_ws/install/vesc_driver/share/vesc_driver/cmake/ament_cmake_export_include_directories-extras.cmake
[0.931s] -- Up-to-date: /home/f1tenth_ws/install/vesc_driver/share/vesc_driver/cmake/ament_cmake_export_libraries-extras.cmake
[0.932s] -- Up-to-date: /home/f1tenth_ws/install/vesc_driver/share/vesc_driver/cmake/vesc_driverConfig.cmake
[0.933s] -- Up-to-date: /home/f1tenth_ws/install/vesc_driver/share/vesc_driver/cmake/vesc_driverConfig-version.cmake
[0.934s] -- Up-to-date: /home/f1tenth_ws/install/vesc_driver/share/vesc_driver/package.xml
[0.935s] Invoked command in '/home/f1tenth_ws/build/vesc_driver' returned '0': AMENT_PREFIX_PATH=/home/f1tenth_ws/install/vesc_msgs CMAKE_PREFIX_PATH=/home/f1tenth_ws/install/vesc_msgs LD_LIBRARY_PATH=/home/f1tenth_ws/install/vesc_msgs/lib PYTHONPATH=/home/f1tenth_ws/install/vesc_msgs/lib/python3.8/site-packages _=/usr/bin/env /usr/bin/cmake --install /home/f1tenth_ws/build/vesc_driver
