[2.373s] Invoking command in '/home/f1tenth_ws/src/wall_following': PYTHONPATH=/home/f1tenth_ws/build/wall_following/prefix_override:/usr/lib/python3/dist-packages/colcon_core/task/python/colcon_distutils_commands:/home/f1tenth_ws/install/wall_following/lib/python3.8/site-packages:${PYTHONPATH} _=/usr/bin/env /usr/bin/python3 -W ignore:setup.py install is deprecated setup.py egg_info --egg-base ../../build/wall_following build --build-base /home/f1tenth_ws/build/wall_following/build install --record /home/f1tenth_ws/build/wall_following/install.log --install-scripts $base/lib/wall_following --single-version-externally-managed install_data
[2.623s] /usr/local/lib/python3.8/dist-packages/setuptools/dist.py:447: SetuptoolsDeprecationWarning: Invalid dash-separated options
[2.625s] !!
[2.626s] 
[2.627s]         ********************************************************************************
[2.629s]         Usage of dash-separated 'script-dir' will not be supported in future
[2.630s]         versions. Please use the underscore name 'script_dir' instead.
[2.631s] 
[2.631s]         By 2024-Sep-26, you need to update your project and remove deprecated calls
[2.632s]         or your builds will no longer be supported.
[2.633s] 
[2.633s]         See https://setuptools.pypa.io/en/latest/userguide/declarative_config.html for details.
[2.633s]         ********************************************************************************
[2.634s] 
[2.634s] !!
[2.635s]   opt = self.warn_dash_deprecation(opt, section)
[2.646s] /usr/local/lib/python3.8/dist-packages/setuptools/_distutils/dist.py:268: UserWarning: Unknown distribution option: 'tests_require'
[2.647s]   warnings.warn(msg)
[2.803s] running egg_info
[2.835s] writing ../../build/wall_following/wall_following.egg-info/PKG-INFO
[2.836s] writing dependency_links to ../../build/wall_following/wall_following.egg-info/dependency_links.txt
[2.836s] writing entry points to ../../build/wall_following/wall_following.egg-info/entry_points.txt
[2.837s] writing requirements to ../../build/wall_following/wall_following.egg-info/requires.txt
[2.837s] writing top-level names to ../../build/wall_following/wall_following.egg-info/top_level.txt
[3.018s] reading manifest file '../../build/wall_following/wall_following.egg-info/SOURCES.txt'
[3.022s] writing manifest file '../../build/wall_following/wall_following.egg-info/SOURCES.txt'
[3.023s] running build
[3.024s] running build_py
[3.024s] copying wall_following/__init__.py -> /home/f1tenth_ws/build/wall_following/build/lib/wall_following
[3.026s] copying wall_following/wall_following.py -> /home/f1tenth_ws/build/wall_following/build/lib/wall_following
[3.027s] running install
[3.028s] running install_lib
[3.042s] running install_data
[3.044s] copying resource/wall_following -> /home/f1tenth_ws/install/wall_following/share/ament_index/resource_index/packages
[3.044s] copying package.xml -> /home/f1tenth_ws/install/wall_following/share/wall_following
[3.045s] running install_egg_info
[3.061s] removing '/home/f1tenth_ws/install/wall_following/lib/python3.8/site-packages/wall_following-0.0.0-py3.8.egg-info' (and everything under it)
[3.062s] Copying ../../build/wall_following/wall_following.egg-info to /home/f1tenth_ws/install/wall_following/lib/python3.8/site-packages/wall_following-0.0.0-py3.8.egg-info
[3.062s] running install_scripts
[3.108s] Installing wall_following script to /home/f1tenth_ws/install/wall_following/lib/wall_following
[3.109s] writing list of installed files to '/home/f1tenth_ws/build/wall_following/install.log'
[3.164s] Invoked command in '/home/f1tenth_ws/src/wall_following' returned '0': PYTHONPATH=/home/f1tenth_ws/build/wall_following/prefix_override:/usr/lib/python3/dist-packages/colcon_core/task/python/colcon_distutils_commands:/home/f1tenth_ws/install/wall_following/lib/python3.8/site-packages:${PYTHONPATH} _=/usr/bin/env /usr/bin/python3 -W ignore:setup.py install is deprecated setup.py egg_info --egg-base ../../build/wall_following build --build-base /home/f1tenth_ws/build/wall_following/build install --record /home/f1tenth_ws/build/wall_following/install.log --install-scripts $base/lib/wall_following --single-version-externally-managed install_data
