[2.564s] Invoking command in '/home/f1tenth_ws/src/person_follow': CONDA_PROMPT_MODIFIER=(base) PYTHONPATH=/home/f1tenth_ws/build/person_follow/prefix_override:/usr/lib/python3/dist-packages/colcon_core/task/python/colcon_distutils_commands:/home/f1tenth_ws/install/person_follow/lib/python3.8/site-packages:${PYTHONPATH} _=/usr/bin/env /usr/bin/python3 -W ignore:setup.py install is deprecated setup.py egg_info --egg-base ../../build/person_follow build --build-base /home/f1tenth_ws/build/person_follow/build install --record /home/f1tenth_ws/build/person_follow/install.log --install-scripts $base/lib/person_follow --single-version-externally-managed install_data
[2.829s] /usr/local/lib/python3.8/dist-packages/setuptools/dist.py:447: SetuptoolsDeprecationWarning: Invalid dash-separated options
[2.830s] !!
[2.830s] 
[2.830s]         ********************************************************************************
[2.831s]         Usage of dash-separated 'script-dir' will not be supported in future
[2.831s]         versions. Please use the underscore name 'script_dir' instead.
[2.832s] 
[2.832s]         This deprecation is overdue, please update your project and remove deprecated
[2.833s]         calls to avoid build errors in the future.
[2.835s] 
[2.837s]         See https://setuptools.pypa.io/en/latest/userguide/declarative_config.html for details.
[2.837s]         ********************************************************************************
[2.838s] 
[2.838s] !!
[2.839s]   opt = self.warn_dash_deprecation(opt, section)
[2.859s] /usr/local/lib/python3.8/dist-packages/setuptools/_distutils/dist.py:268: UserWarning: Unknown distribution option: 'tests_require'
[2.859s]   warnings.warn(msg)
[3.064s] running egg_info
[3.095s] writing ../../build/person_follow/person_follow.egg-info/PKG-INFO
[3.096s] writing dependency_links to ../../build/person_follow/person_follow.egg-info/dependency_links.txt
[3.096s] writing entry points to ../../build/person_follow/person_follow.egg-info/entry_points.txt
[3.097s] writing requirements to ../../build/person_follow/person_follow.egg-info/requires.txt
[3.097s] writing top-level names to ../../build/person_follow/person_follow.egg-info/top_level.txt
[3.297s] reading manifest file '../../build/person_follow/person_follow.egg-info/SOURCES.txt'
[3.299s] writing manifest file '../../build/person_follow/person_follow.egg-info/SOURCES.txt'
[3.300s] running build
[3.300s] running build_py
[3.301s] copying person_follow/__init__.py -> /home/f1tenth_ws/build/person_follow/build/lib/person_follow
[3.304s] copying person_follow/person_follow.py -> /home/f1tenth_ws/build/person_follow/build/lib/person_follow
[3.306s] running install
[3.306s] running install_lib
[3.328s] running install_data
[3.330s] copying resource/person_follow -> /home/f1tenth_ws/install/person_follow/share/ament_index/resource_index/packages
[3.331s] copying package.xml -> /home/f1tenth_ws/install/person_follow/share/person_follow
[3.332s] running install_egg_info
[3.350s] removing '/home/f1tenth_ws/install/person_follow/lib/python3.8/site-packages/person_follow-0.0.0-py3.8.egg-info' (and everything under it)
[3.354s] Copying ../../build/person_follow/person_follow.egg-info to /home/f1tenth_ws/install/person_follow/lib/python3.8/site-packages/person_follow-0.0.0-py3.8.egg-info
[3.354s] running install_scripts
[3.408s] Installing person_follow script to /home/f1tenth_ws/install/person_follow/lib/person_follow
[3.409s] writing list of installed files to '/home/f1tenth_ws/build/person_follow/install.log'
[3.479s] Invoked command in '/home/f1tenth_ws/src/person_follow' returned '0': CONDA_PROMPT_MODIFIER=(base) PYTHONPATH=/home/f1tenth_ws/build/person_follow/prefix_override:/usr/lib/python3/dist-packages/colcon_core/task/python/colcon_distutils_commands:/home/f1tenth_ws/install/person_follow/lib/python3.8/site-packages:${PYTHONPATH} _=/usr/bin/env /usr/bin/python3 -W ignore:setup.py install is deprecated setup.py egg_info --egg-base ../../build/person_follow build --build-base /home/f1tenth_ws/build/person_follow/build install --record /home/f1tenth_ws/build/person_follow/install.log --install-scripts $base/lib/person_follow --single-version-externally-managed install_data
