[0.121s] Invoking command in '/home/f1tenth_ws/build/ackermann_mux': _=/usr/bin/env /usr/bin/cmake /home/f1tenth_ws/src/f1tenth_system/ackermann_mux -DCMAKE_INSTALL_PREFIX=/home/f1tenth_ws/install/ackermann_mux
[0.796s] -- Found ament_cmake: 0.9.12 (/opt/ros/foxy/share/ament_cmake/cmake)
[0.797s] -- Using PYTHON_EXECUTABLE: /usr/bin/python3
[0.797s] -- Configuring incomplete, errors occurred!
[0.797s] See also "/home/f1tenth_ws/build/ackermann_mux/CMakeFiles/CMakeOutput.log".
[0.798s] See also "/home/f1tenth_ws/build/ackermann_mux/CMakeFiles/CMakeError.log".
[0.798s] Traceback (most recent call last):
[0.799s]   File "/opt/ros/foxy/share/ament_cmake_core/cmake/package_templates/templates_2_cmake.py", line 21, in <module>
[0.799s]     from ament_package.templates import get_environment_hook_template_path
[0.799s] ModuleNotFoundError: No module named 'ament_package'
[0.800s] CMake Error at /opt/ros/foxy/share/ament_cmake_core/cmake/ament_cmake_package_templates-extras.cmake:41 (message):
[0.800s]   execute_process(/usr/bin/python3
[0.801s]   /opt/ros/foxy/share/ament_cmake_core/cmake/package_templates/templates_2_cmake.py
[0.801s]   /home/f1tenth_ws/build/ackermann_mux/ament_cmake_package_templates/templates.cmake)
[0.801s]   returned error code 1
[0.804s] Call Stack (most recent call first):
[0.806s]   /opt/ros/foxy/share/ament_cmake_core/cmake/ament_cmake_coreConfig.cmake:41 (include)
[0.806s]   /opt/ros/foxy/share/ament_cmake/cmake/ament_cmake_export_dependencies-extras.cmake:15 (find_package)
[0.806s]   /opt/ros/foxy/share/ament_cmake/cmake/ament_cmakeConfig.cmake:41 (include)
[0.806s]   CMakeLists.txt:13 (find_package)
[0.806s] 
[0.806s] 
[0.807s] Invoked command in '/home/f1tenth_ws/build/ackermann_mux' returned '1': _=/usr/bin/env /usr/bin/cmake /home/f1tenth_ws/src/f1tenth_system/ackermann_mux -DCMAKE_INSTALL_PREFIX=/home/f1tenth_ws/install/ackermann_mux
