[3.624s] Invoking command in '/home/f1tenth_ws/src/person_follow': CONDA_PROMPT_MODIFIER=(base) PYTHONPATH=/home/f1tenth_ws/build/person_follow/prefix_override:/usr/lib/python3/dist-packages/colcon_core/task/python/colcon_distutils_commands:/home/f1tenth_ws/install/person_follow/lib/python3.8/site-packages:${PYTHONPATH} _=/usr/bin/env /usr/bin/python3 -W ignore:setup.py install is deprecated setup.py egg_info --egg-base ../../build/person_follow build --build-base /home/f1tenth_ws/build/person_follow/build install --record /home/f1tenth_ws/build/person_follow/install.log --install-scripts $base/lib/person_follow --single-version-externally-managed install_data
[4.029s] /usr/local/lib/python3.8/dist-packages/setuptools/dist.py:447: SetuptoolsDeprecationWarning: Invalid dash-separated options
[4.030s] !!
[4.030s] 
[4.031s]         ********************************************************************************
[4.034s]         Usage of dash-separated 'script-dir' will not be supported in future
[4.035s]         versions. Please use the underscore name 'script_dir' instead.
[4.035s] 
[4.036s]         This deprecation is overdue, please update your project and remove deprecated
[4.036s]         calls to avoid build errors in the future.
[4.037s] 
[4.037s]         See https://setuptools.pypa.io/en/latest/userguide/declarative_config.html for details.
[4.037s]         ********************************************************************************
[4.038s] 
[4.038s] !!
[4.039s]   opt = self.warn_dash_deprecation(opt, section)
[4.065s] /usr/local/lib/python3.8/dist-packages/setuptools/_distutils/dist.py:268: UserWarning: Unknown distribution option: 'tests_require'
[4.065s]   warnings.warn(msg)
[4.371s] running egg_info
[4.426s] writing ../../build/person_follow/person_follow.egg-info/PKG-INFO
[4.429s] writing dependency_links to ../../build/person_follow/person_follow.egg-info/dependency_links.txt
[4.429s] writing entry points to ../../build/person_follow/person_follow.egg-info/entry_points.txt
[4.429s] writing requirements to ../../build/person_follow/person_follow.egg-info/requires.txt
[4.430s] writing top-level names to ../../build/person_follow/person_follow.egg-info/top_level.txt
[4.690s] reading manifest file '../../build/person_follow/person_follow.egg-info/SOURCES.txt'
[4.710s] writing manifest file '../../build/person_follow/person_follow.egg-info/SOURCES.txt'
[4.711s] running build
[4.711s] running build_py
[4.730s] copying person_follow/__init__.py -> /home/f1tenth_ws/build/person_follow/build/lib/person_follow
[4.734s] copying person_follow/person_follow.py -> /home/f1tenth_ws/build/person_follow/build/lib/person_follow
[4.735s] running install
[4.736s] running install_lib
[4.783s] running install_data
[4.787s] copying resource/person_follow -> /home/f1tenth_ws/install/person_follow/share/ament_index/resource_index/packages
[4.789s] copying package.xml -> /home/f1tenth_ws/install/person_follow/share/person_follow
[4.790s] running install_egg_info
[4.806s] removing '/home/f1tenth_ws/install/person_follow/lib/python3.8/site-packages/person_follow-0.0.0-py3.8.egg-info' (and everything under it)
[4.807s] Copying ../../build/person_follow/person_follow.egg-info to /home/f1tenth_ws/install/person_follow/lib/python3.8/site-packages/person_follow-0.0.0-py3.8.egg-info
[4.808s] running install_scripts
[4.887s] Installing person_follow script to /home/f1tenth_ws/install/person_follow/lib/person_follow
[4.889s] writing list of installed files to '/home/f1tenth_ws/build/person_follow/install.log'
[5.033s] Invoked command in '/home/f1tenth_ws/src/person_follow' returned '0': CONDA_PROMPT_MODIFIER=(base) PYTHONPATH=/home/f1tenth_ws/build/person_follow/prefix_override:/usr/lib/python3/dist-packages/colcon_core/task/python/colcon_distutils_commands:/home/f1tenth_ws/install/person_follow/lib/python3.8/site-packages:${PYTHONPATH} _=/usr/bin/env /usr/bin/python3 -W ignore:setup.py install is deprecated setup.py egg_info --egg-base ../../build/person_follow build --build-base /home/f1tenth_ws/build/person_follow/build install --record /home/f1tenth_ws/build/person_follow/install.log --install-scripts $base/lib/person_follow --single-version-externally-managed install_data
