[2.799s] Invoking command in '/home/f1tenth_ws/src/person_follow': PYTHONPATH=/home/f1tenth_ws/build/person_follow/prefix_override:/usr/lib/python3/dist-packages/colcon_core/task/python/colcon_distutils_commands:/home/f1tenth_ws/install/person_follow/lib/python3.8/site-packages:${PYTHONPATH} _=/usr/bin/env /usr/bin/python3 -W ignore:setup.py install is deprecated setup.py egg_info --egg-base ../../build/person_follow build --build-base /home/f1tenth_ws/build/person_follow/build install --record /home/f1tenth_ws/build/person_follow/install.log --install-scripts $base/lib/person_follow --single-version-externally-managed install_data
[3.195s] /usr/local/lib/python3.8/dist-packages/setuptools/dist.py:447: SetuptoolsDeprecationWarning: Invalid dash-separated options
[3.197s] !!
[3.197s] 
[3.199s]         ********************************************************************************
[3.199s]         Usage of dash-separated 'script-dir' will not be supported in future
[3.199s]         versions. Please use the underscore name 'script_dir' instead.
[3.200s] 
[3.200s]         This deprecation is overdue, please update your project and remove deprecated
[3.201s]         calls to avoid build errors in the future.
[3.201s] 
[3.203s]         See https://setuptools.pypa.io/en/latest/userguide/declarative_config.html for details.
[3.204s]         ********************************************************************************
[3.204s] 
[3.205s] !!
[3.206s]   opt = self.warn_dash_deprecation(opt, section)
[3.223s] /usr/local/lib/python3.8/dist-packages/setuptools/_distutils/dist.py:268: UserWarning: Unknown distribution option: 'tests_require'
[3.224s]   warnings.warn(msg)
[3.435s] running egg_info
[3.480s] writing ../../build/person_follow/person_follow.egg-info/PKG-INFO
[3.483s] writing dependency_links to ../../build/person_follow/person_follow.egg-info/dependency_links.txt
[3.487s] writing entry points to ../../build/person_follow/person_follow.egg-info/entry_points.txt
[3.487s] writing requirements to ../../build/person_follow/person_follow.egg-info/requires.txt
[3.488s] writing top-level names to ../../build/person_follow/person_follow.egg-info/top_level.txt
[3.745s] reading manifest file '../../build/person_follow/person_follow.egg-info/SOURCES.txt'
[3.748s] writing manifest file '../../build/person_follow/person_follow.egg-info/SOURCES.txt'
[3.749s] running build
[3.750s] running build_py
[3.751s] copying person_follow/__init__.py -> /home/f1tenth_ws/build/person_follow/build/lib/person_follow
[3.752s] copying person_follow/person_follow.py -> /home/f1tenth_ws/build/person_follow/build/lib/person_follow
[3.752s] running install
[3.757s] running install_lib
[3.792s] running install_data
[3.793s] copying resource/person_follow -> /home/f1tenth_ws/install/person_follow/share/ament_index/resource_index/packages
[3.794s] copying package.xml -> /home/f1tenth_ws/install/person_follow/share/person_follow
[3.795s] running install_egg_info
[3.846s] removing '/home/f1tenth_ws/install/person_follow/lib/python3.8/site-packages/person_follow-0.0.0-py3.8.egg-info' (and everything under it)
[3.848s] Copying ../../build/person_follow/person_follow.egg-info to /home/f1tenth_ws/install/person_follow/lib/python3.8/site-packages/person_follow-0.0.0-py3.8.egg-info
[3.848s] running install_scripts
[3.917s] Installing person_follow script to /home/f1tenth_ws/install/person_follow/lib/person_follow
[3.920s] writing list of installed files to '/home/f1tenth_ws/build/person_follow/install.log'
[3.994s] Invoked command in '/home/f1tenth_ws/src/person_follow' returned '0': PYTHONPATH=/home/f1tenth_ws/build/person_follow/prefix_override:/usr/lib/python3/dist-packages/colcon_core/task/python/colcon_distutils_commands:/home/f1tenth_ws/install/person_follow/lib/python3.8/site-packages:${PYTHONPATH} _=/usr/bin/env /usr/bin/python3 -W ignore:setup.py install is deprecated setup.py egg_info --egg-base ../../build/person_follow build --build-base /home/f1tenth_ws/build/person_follow/build install --record /home/f1tenth_ws/build/person_follow/install.log --install-scripts $base/lib/person_follow --single-version-externally-managed install_data
