[0.796s] Invoking command in '/home/f1tenth_ws/build/vesc_driver': AMENT_PREFIX_PATH=/home/f1tenth_ws/install/vesc_msgs CMAKE_PREFIX_PATH=/home/f1tenth_ws/install/vesc_msgs CONDA_PROMPT_MODIFIER=(base) LD_LIBRARY_PATH=/home/f1tenth_ws/install/vesc_msgs/lib PYTHONPATH=/home/f1tenth_ws/install/vesc_msgs/lib/python3.8/site-packages _=/usr/bin/env /usr/bin/cmake --build /home/f1tenth_ws/build/vesc_driver -- -j8 -l8
[1.021s] [ 20%] Built target vesc_driver_node
[1.057s] [ 70%] Built target vesc_driver
[1.182s] [100%] Built target vesc_device_namer
[1.256s] Invoked command in '/home/f1tenth_ws/build/vesc_driver' returned '0': AMENT_PREFIX_PATH=/home/f1tenth_ws/install/vesc_msgs CMAKE_PREFIX_PATH=/home/f1tenth_ws/install/vesc_msgs CONDA_PROMPT_MODIFIER=(base) LD_LIBRARY_PATH=/home/f1tenth_ws/install/vesc_msgs/lib PYTHONPATH=/home/f1tenth_ws/install/vesc_msgs/lib/python3.8/site-packages _=/usr/bin/env /usr/bin/cmake --build /home/f1tenth_ws/build/vesc_driver -- -j8 -l8
[1.499s] Invoking command in '/home/f1tenth_ws/build/vesc_driver': AMENT_PREFIX_PATH=/home/f1tenth_ws/install/vesc_msgs CMAKE_PREFIX_PATH=/home/f1tenth_ws/install/vesc_msgs CONDA_PROMPT_MODIFIER=(base) LD_LIBRARY_PATH=/home/f1tenth_ws/install/vesc_msgs/lib PYTHONPATH=/home/f1tenth_ws/install/vesc_msgs/lib/python3.8/site-packages _=/usr/bin/env /usr/bin/cmake --install /home/f1tenth_ws/build/vesc_driver
[1.544s] -- Install configuration: ""
[1.547s] -- Up-to-date: /home/f1tenth_ws/install/vesc_driver/lib/vesc_driver/vesc_driver_node
[1.553s] -- Up-to-date: /home/f1tenth_ws/install/vesc_driver/include
[1.557s] -- Up-to-date: /home/f1tenth_ws/install/vesc_driver/include/vesc_driver
[1.558s] -- Up-to-date: /home/f1tenth_ws/install/vesc_driver/include/vesc_driver/crc.hpp
[1.559s] -- Up-to-date: /home/f1tenth_ws/install/vesc_driver/include/vesc_driver/datatypes.hpp
[1.560s] -- Up-to-date: /home/f1tenth_ws/install/vesc_driver/include/vesc_driver/vesc_device_uuid_lookup.hpp
[1.561s] -- Up-to-date: /home/f1tenth_ws/install/vesc_driver/include/vesc_driver/vesc_driver.hpp
[1.562s] -- Up-to-date: /home/f1tenth_ws/install/vesc_driver/include/vesc_driver/vesc_interface.hpp
[1.562s] -- Up-to-date: /home/f1tenth_ws/install/vesc_driver/include/vesc_driver/vesc_packet.hpp
[1.564s] -- Up-to-date: /home/f1tenth_ws/install/vesc_driver/include/vesc_driver/vesc_packet_factory.hpp
[1.565s] -- Up-to-date: /home/f1tenth_ws/install/vesc_driver/share/vesc_driver/environment/library_path.sh
[1.566s] -- Up-to-date: /home/f1tenth_ws/install/vesc_driver/share/vesc_driver/environment/library_path.dsv
[1.567s] -- Up-to-date: /home/f1tenth_ws/install/vesc_driver/lib/libvesc_driver.so
[1.568s] -- Up-to-date: /home/f1tenth_ws/install/vesc_driver/lib/vesc_driver/vesc_device_namer
[1.569s] -- Up-to-date: /home/f1tenth_ws/install/vesc_driver/share/vesc_driver/launch
[1.570s] -- Up-to-date: /home/f1tenth_ws/install/vesc_driver/share/vesc_driver/launch/vesc_driver_node.launch.py
[1.571s] -- Up-to-date: /home/f1tenth_ws/install/vesc_driver/share/vesc_driver/params
[1.572s] -- Up-to-date: /home/f1tenth_ws/install/vesc_driver/share/vesc_driver/params/vesc_config.yaml
[1.572s] -- Up-to-date: /home/f1tenth_ws/install/vesc_driver/share/ament_index/resource_index/package_run_dependencies/vesc_driver
[1.573s] -- Up-to-date: /home/f1tenth_ws/install/vesc_driver/share/ament_index/resource_index/parent_prefix_path/vesc_driver
[1.574s] -- Up-to-date: /home/f1tenth_ws/install/vesc_driver/share/vesc_driver/environment/ament_prefix_path.sh
[1.575s] -- Up-to-date: /home/f1tenth_ws/install/vesc_driver/share/vesc_driver/environment/ament_prefix_path.dsv
[1.576s] -- Up-to-date: /home/f1tenth_ws/install/vesc_driver/share/vesc_driver/environment/path.sh
[1.576s] -- Up-to-date: /home/f1tenth_ws/install/vesc_driver/share/vesc_driver/environment/path.dsv
[1.577s] -- Up-to-date: /home/f1tenth_ws/install/vesc_driver/share/vesc_driver/local_setup.bash
[1.578s] -- Up-to-date: /home/f1tenth_ws/install/vesc_driver/share/vesc_driver/local_setup.sh
[1.581s] -- Up-to-date: /home/f1tenth_ws/install/vesc_driver/share/vesc_driver/local_setup.zsh
[1.585s] -- Up-to-date: /home/f1tenth_ws/install/vesc_driver/share/vesc_driver/local_setup.dsv
[1.586s] -- Installing: /home/f1tenth_ws/install/vesc_driver/share/vesc_driver/package.dsv
[1.587s] -- Up-to-date: /home/f1tenth_ws/install/vesc_driver/share/ament_index/resource_index/packages/vesc_driver
[1.589s] -- Up-to-date: /home/f1tenth_ws/install/vesc_driver/share/ament_index/resource_index/rclcpp_components/vesc_driver
[1.590s] -- Up-to-date: /home/f1tenth_ws/install/vesc_driver/share/vesc_driver/cmake/ament_cmake_export_dependencies-extras.cmake
[1.592s] -- Up-to-date: /home/f1tenth_ws/install/vesc_driver/share/vesc_driver/cmake/ament_cmake_export_include_directories-extras.cmake
[1.594s] -- Up-to-date: /home/f1tenth_ws/install/vesc_driver/share/vesc_driver/cmake/ament_cmake_export_libraries-extras.cmake
[1.596s] -- Up-to-date: /home/f1tenth_ws/install/vesc_driver/share/vesc_driver/cmake/vesc_driverConfig.cmake
[1.597s] -- Up-to-date: /home/f1tenth_ws/install/vesc_driver/share/vesc_driver/cmake/vesc_driverConfig-version.cmake
[1.599s] -- Up-to-date: /home/f1tenth_ws/install/vesc_driver/share/vesc_driver/package.xml
[1.601s] Invoked command in '/home/f1tenth_ws/build/vesc_driver' returned '0': AMENT_PREFIX_PATH=/home/f1tenth_ws/install/vesc_msgs CMAKE_PREFIX_PATH=/home/f1tenth_ws/install/vesc_msgs CONDA_PROMPT_MODIFIER=(base) LD_LIBRARY_PATH=/home/f1tenth_ws/install/vesc_msgs/lib PYTHONPATH=/home/f1tenth_ws/install/vesc_msgs/lib/python3.8/site-packages _=/usr/bin/env /usr/bin/cmake --install /home/f1tenth_ws/build/vesc_driver
