[3.153s] Invoking command in '/home/f1tenth_ws/src/f1tenth_system/teleop_tools/key_teleop': CONDA_PROMPT_MODIFIER=(base) PYTHONPATH=/home/f1tenth_ws/build/key_teleop/prefix_override:/usr/lib/python3/dist-packages/colcon_core/task/python/colcon_distutils_commands:/home/f1tenth_ws/install/key_teleop/lib/python3.8/site-packages:${PYTHONPATH} _=/usr/bin/env /usr/bin/python3 -W ignore:setup.py install is deprecated setup.py egg_info --egg-base ../../../../build/key_teleop build --build-base /home/f1tenth_ws/build/key_teleop/build install --record /home/f1tenth_ws/build/key_teleop/install.log --install-scripts $base/lib/key_teleop --single-version-externally-managed install_data
[3.471s] /usr/local/lib/python3.8/dist-packages/setuptools/dist.py:447: SetuptoolsDeprecationWarning: Invalid dash-separated options
[3.472s] !!
[3.472s] 
[3.473s]         ********************************************************************************
[3.475s]         Usage of dash-separated 'script-dir' will not be supported in future
[3.476s]         versions. Please use the underscore name 'script_dir' instead.
[3.477s] 
[3.478s]         This deprecation is overdue, please update your project and remove deprecated
[3.479s]         calls to avoid build errors in the future.
[3.480s] 
[3.483s]         See https://setuptools.pypa.io/en/latest/userguide/declarative_config.html for details.
[3.484s]         ********************************************************************************
[3.484s] 
[3.484s] !!
[3.485s]   opt = self.warn_dash_deprecation(opt, section)
[3.499s] /usr/local/lib/python3.8/dist-packages/setuptools/_distutils/dist.py:268: UserWarning: Unknown distribution option: 'tests_require'
[3.499s]   warnings.warn(msg)
[3.691s] running egg_info
[3.700s] writing ../../../../build/key_teleop/key_teleop.egg-info/PKG-INFO
[3.701s] writing dependency_links to ../../../../build/key_teleop/key_teleop.egg-info/dependency_links.txt
[3.701s] writing entry points to ../../../../build/key_teleop/key_teleop.egg-info/entry_points.txt
[3.702s] writing requirements to ../../../../build/key_teleop/key_teleop.egg-info/requires.txt
[3.703s] writing top-level names to ../../../../build/key_teleop/key_teleop.egg-info/top_level.txt
[3.900s] reading manifest file '../../../../build/key_teleop/key_teleop.egg-info/SOURCES.txt'
[3.900s] adding license file 'LICENSE'
[3.900s] writing manifest file '../../../../build/key_teleop/key_teleop.egg-info/SOURCES.txt'
[3.901s] running build
[3.901s] running build_py
[3.901s] copying key_teleop/__init__.py -> /home/f1tenth_ws/build/key_teleop/build/lib/key_teleop
[3.901s] copying key_teleop/key_teleop.py -> /home/f1tenth_ws/build/key_teleop/build/lib/key_teleop
[3.901s] running install
[3.901s] running install_lib
[3.913s] running install_data
[3.914s] copying package.xml -> /home/f1tenth_ws/install/key_teleop/share/key_teleop
[3.914s] copying config/key_teleop.yaml -> /home/f1tenth_ws/install/key_teleop/share/key_teleop/config
[3.914s] copying resource/key_teleop -> /home/f1tenth_ws/install/key_teleop/share/ament_index/resource_index/packages
[3.914s] running install_egg_info
[3.941s] removing '/home/f1tenth_ws/install/key_teleop/lib/python3.8/site-packages/key_teleop-0.3.0-py3.8.egg-info' (and everything under it)
[3.941s] Copying ../../../../build/key_teleop/key_teleop.egg-info to /home/f1tenth_ws/install/key_teleop/lib/python3.8/site-packages/key_teleop-0.3.0-py3.8.egg-info
[3.943s] running install_scripts
[4.080s] Installing key_teleop script to /home/f1tenth_ws/install/key_teleop/lib/key_teleop
[4.082s] writing list of installed files to '/home/f1tenth_ws/build/key_teleop/install.log'
[4.991s] Invoked command in '/home/f1tenth_ws/src/f1tenth_system/teleop_tools/key_teleop' returned '0': CONDA_PROMPT_MODIFIER=(base) PYTHONPATH=/home/f1tenth_ws/build/key_teleop/prefix_override:/usr/lib/python3/dist-packages/colcon_core/task/python/colcon_distutils_commands:/home/f1tenth_ws/install/key_teleop/lib/python3.8/site-packages:${PYTHONPATH} _=/usr/bin/env /usr/bin/python3 -W ignore:setup.py install is deprecated setup.py egg_info --egg-base ../../../../build/key_teleop build --build-base /home/f1tenth_ws/build/key_teleop/build install --record /home/f1tenth_ws/build/key_teleop/install.log --install-scripts $base/lib/key_teleop --single-version-externally-managed install_data
