[0.102s] Invoking command in '/home/f1tenth_ws/build/vesc': AMENT_PREFIX_PATH=/home/f1tenth_ws/install/vesc_driver:/home/f1tenth_ws/install/vesc_ackermann:/home/f1tenth_ws/install/vesc_msgs CMAKE_PREFIX_PATH=/home/f1tenth_ws/install/vesc_driver:/home/f1tenth_ws/install/vesc_ackermann:/home/f1tenth_ws/install/vesc_msgs LD_LIBRARY_PATH=/home/f1tenth_ws/install/vesc_driver/lib:/home/f1tenth_ws/install/vesc_ackermann/lib:/home/f1tenth_ws/install/vesc_msgs/lib PYTHONPATH=/home/f1tenth_ws/install/vesc_msgs/lib/python3.8/site-packages _=/usr/bin/env /usr/bin/cmake --build /home/f1tenth_ws/build/vesc -- -j8 -l8
[0.318s] Invoked command in '/home/f1tenth_ws/build/vesc' returned '0': AMENT_PREFIX_PATH=/home/f1tenth_ws/install/vesc_driver:/home/f1tenth_ws/install/vesc_ackermann:/home/f1tenth_ws/install/vesc_msgs CMAKE_PREFIX_PATH=/home/f1tenth_ws/install/vesc_driver:/home/f1tenth_ws/install/vesc_ackermann:/home/f1tenth_ws/install/vesc_msgs LD_LIBRARY_PATH=/home/f1tenth_ws/install/vesc_driver/lib:/home/f1tenth_ws/install/vesc_ackermann/lib:/home/f1tenth_ws/install/vesc_msgs/lib PYTHONPATH=/home/f1tenth_ws/install/vesc_msgs/lib/python3.8/site-packages _=/usr/bin/env /usr/bin/cmake --build /home/f1tenth_ws/build/vesc -- -j8 -l8
[0.469s] Invoking command in '/home/f1tenth_ws/build/vesc': AMENT_PREFIX_PATH=/home/f1tenth_ws/install/vesc_driver:/home/f1tenth_ws/install/vesc_ackermann:/home/f1tenth_ws/install/vesc_msgs CMAKE_PREFIX_PATH=/home/f1tenth_ws/install/vesc_driver:/home/f1tenth_ws/install/vesc_ackermann:/home/f1tenth_ws/install/vesc_msgs LD_LIBRARY_PATH=/home/f1tenth_ws/install/vesc_driver/lib:/home/f1tenth_ws/install/vesc_ackermann/lib:/home/f1tenth_ws/install/vesc_msgs/lib PYTHONPATH=/home/f1tenth_ws/install/vesc_msgs/lib/python3.8/site-packages _=/usr/bin/env /usr/bin/cmake --install /home/f1tenth_ws/build/vesc
[0.509s] -- Install configuration: ""
[0.512s] -- Up-to-date: /home/f1tenth_ws/install/vesc/share/ament_index/resource_index/package_run_dependencies/vesc
[0.512s] -- Up-to-date: /home/f1tenth_ws/install/vesc/share/ament_index/resource_index/parent_prefix_path/vesc
[0.513s] -- Up-to-date: /home/f1tenth_ws/install/vesc/share/vesc/environment/ament_prefix_path.sh
[0.513s] -- Up-to-date: /home/f1tenth_ws/install/vesc/share/vesc/environment/ament_prefix_path.dsv
[0.514s] -- Up-to-date: /home/f1tenth_ws/install/vesc/share/vesc/environment/path.sh
[0.516s] -- Up-to-date: /home/f1tenth_ws/install/vesc/share/vesc/environment/path.dsv
[0.517s] -- Up-to-date: /home/f1tenth_ws/install/vesc/share/vesc/local_setup.bash
[0.517s] -- Up-to-date: /home/f1tenth_ws/install/vesc/share/vesc/local_setup.sh
[0.518s] -- Up-to-date: /home/f1tenth_ws/install/vesc/share/vesc/local_setup.zsh
[0.519s] -- Up-to-date: /home/f1tenth_ws/install/vesc/share/vesc/local_setup.dsv
[0.519s] -- Installing: /home/f1tenth_ws/install/vesc/share/vesc/package.dsv
[0.520s] -- Up-to-date: /home/f1tenth_ws/install/vesc/share/ament_index/resource_index/packages/vesc
[0.521s] -- Up-to-date: /home/f1tenth_ws/install/vesc/share/vesc/cmake/vescConfig.cmake
[0.521s] -- Up-to-date: /home/f1tenth_ws/install/vesc/share/vesc/cmake/vescConfig-version.cmake
[0.522s] -- Up-to-date: /home/f1tenth_ws/install/vesc/share/vesc/package.xml
[0.530s] Invoked command in '/home/f1tenth_ws/build/vesc' returned '0': AMENT_PREFIX_PATH=/home/f1tenth_ws/install/vesc_driver:/home/f1tenth_ws/install/vesc_ackermann:/home/f1tenth_ws/install/vesc_msgs CMAKE_PREFIX_PATH=/home/f1tenth_ws/install/vesc_driver:/home/f1tenth_ws/install/vesc_ackermann:/home/f1tenth_ws/install/vesc_msgs LD_LIBRARY_PATH=/home/f1tenth_ws/install/vesc_driver/lib:/home/f1tenth_ws/install/vesc_ackermann/lib:/home/f1tenth_ws/install/vesc_msgs/lib PYTHONPATH=/home/f1tenth_ws/install/vesc_msgs/lib/python3.8/site-packages _=/usr/bin/env /usr/bin/cmake --install /home/f1tenth_ws/build/vesc
