[0.325s] Invoking command in '/home/f1tenth_ws/build/teleop_tools_msgs': CMAKE_PREFIX_PATH=${CMAKE_PREFIX_PATH}:/home/f1tenth_ws/install/voice_control:/home/f1tenth_ws/install/f1tenth_stack:/home/f1tenth_ws/install/joy_teleop:/home/f1tenth_ws/install/mouse_teleop:/home/f1tenth_ws/install/key_teleop:/home/f1tenth_ws/install/joystick_ros2:/home/f1tenth_ws/install/automatic_braking:/home/f1tenth_ws/install/ament_uncrustify:/home/f1tenth_ws/install/ament_pycodestyle:/home/f1tenth_ws/install/ament_package:/home/f1tenth_ws/install/ament_lint:/home/f1tenth_ws/install/ament_cppcheck:/opt/ros/foxy _=/usr/bin/env /usr/bin/cmake --build /home/f1tenth_ws/build/teleop_tools_msgs -- -j8 -l8
[2.445s] [  9%] Built target teleop_tools_msgs__rosidl_generator_c
[2.446s] [ 12%] Built target teleop_tools_msgs__cpp
[2.446s] [ 22%] Built target teleop_tools_msgs__rosidl_typesupport_introspection_c
[2.447s] [ 32%] Built target teleop_tools_msgs__rosidl_typesupport_c
[2.447s] [ 41%] Built target teleop_tools_msgs__rosidl_typesupport_cpp
[2.448s] [ 45%] [32m[1mLinking CXX shared library libteleop_tools_msgs__rosidl_typesupport_fastrtps_cpp.so[0m
[2.448s] [ 54%] Built target teleop_tools_msgs__rosidl_typesupport_introspection_cpp
[2.449s] [ 61%] Built target teleop_tools_msgs__rosidl_typesupport_fastrtps_cpp
[2.450s] [ 64%] [32m[1mLinking CXX shared library libteleop_tools_msgs__rosidl_typesupport_fastrtps_c.so[0m
[2.450s] [ 70%] Built target teleop_tools_msgs__rosidl_typesupport_fastrtps_c
[2.451s] [ 70%] Built target teleop_tools_msgs
[2.451s] [ 74%] Built target teleop_tools_msgs__py
[2.452s] [ 77%] [32m[1mLinking C shared library rosidl_generator_py/teleop_tools_msgs/libteleop_tools_msgs__python.so[0m
[2.452s] [ 80%] Built target teleop_tools_msgs__python
[2.453s] [ 83%] [32m[1mLinking C shared library rosidl_generator_py/teleop_tools_msgs/teleop_tools_msgs_s__rosidl_typesupport_c.cpython-38-aarch64-linux-gnu.so[0m
[2.453s] [ 90%] [32m[1mLinking CXX shared library rosidl_generator_py/teleop_tools_msgs/teleop_tools_msgs_s__rosidl_typesupport_fastrtps_c.cpython-38-aarch64-linux-gnu.so[0m
[2.454s] [ 90%] [32m[1mLinking C shared library rosidl_generator_py/teleop_tools_msgs/teleop_tools_msgs_s__rosidl_typesupport_introspection_c.cpython-38-aarch64-linux-gnu.so[0m
[2.454s] [ 93%] Built target teleop_tools_msgs__rosidl_typesupport_c__pyext
[2.455s] [ 96%] Built target teleop_tools_msgs__rosidl_typesupport_introspection_c__pyext
[2.455s] [100%] Built target teleop_tools_msgs__rosidl_typesupport_fastrtps_c__pyext
