[0.179s] Invoking command in '/home/f1tenth_ws/build/vesc_msgs': CMAKE_PREFIX_PATH=${CMAKE_PREFIX_PATH}:/home/f1tenth_ws/install/wall_following:/home/f1tenth_ws/install/voice_control:/home/f1tenth_ws/install/f1tenth_stack:/home/f1tenth_ws/install/joy_teleop:/home/f1tenth_ws/install/person_follow:/home/f1tenth_ws/install/mouse_teleop:/home/f1tenth_ws/install/key_teleop:/home/f1tenth_ws/install/joystick_ros2:/home/f1tenth_ws/install/follow_gap:/home/f1tenth_ws/install/autonomous_driving_pkg:/home/f1tenth_ws/install/automatic_braking:/home/f1tenth_ws/install/ament_uncrustify:/home/f1tenth_ws/install/ament_pycodestyle:/home/f1tenth_ws/install/ament_package:/home/f1tenth_ws/install/ament_lint:/home/f1tenth_ws/install/ament_cppcheck:/opt/ros/foxy CONDA_PROMPT_MODIFIER=(base) _=/usr/bin/env /usr/bin/cmake --build /home/f1tenth_ws/build/vesc_msgs -- -j8 -l8
[1.771s] [ 10%] Built target vesc_msgs__rosidl_generator_c
[1.776s] [ 12%] Built target vesc_msgs__cpp
[1.780s] [ 23%] Built target vesc_msgs__rosidl_typesupport_introspection_c
[1.781s] [ 34%] Built target vesc_msgs__rosidl_typesupport_introspection_cpp
[1.782s] [ 45%] Built target vesc_msgs__rosidl_typesupport_c
[1.787s] [ 56%] Built target vesc_msgs__rosidl_typesupport_fastrtps_cpp
[1.788s] [ 67%] Built target vesc_msgs__rosidl_typesupport_cpp
[1.791s] [ 78%] Built target vesc_msgs__rosidl_typesupport_fastrtps_c
[1.802s] [ 78%] Built target vesc_msgs
[1.806s] [ 80%] Built target vesc_msgs__py
[1.807s] [ 89%] Built target vesc_msgs__python
[1.807s] [ 96%] Built target vesc_msgs__rosidl_typesupport_c__pyext
[1.808s] [ 96%] Built target vesc_msgs__rosidl_typesupport_introspection_c__pyext
[1.809s] [100%] Built target vesc_msgs__rosidl_typesupport_fastrtps_c__pyext
[1.832s] Invoked command in '/home/f1tenth_ws/build/vesc_msgs' returned '0': CMAKE_PREFIX_PATH=${CMAKE_PREFIX_PATH}:/home/f1tenth_ws/install/wall_following:/home/f1tenth_ws/install/voice_control:/home/f1tenth_ws/install/f1tenth_stack:/home/f1tenth_ws/install/joy_teleop:/home/f1tenth_ws/install/person_follow:/home/f1tenth_ws/install/mouse_teleop:/home/f1tenth_ws/install/key_teleop:/home/f1tenth_ws/install/joystick_ros2:/home/f1tenth_ws/install/follow_gap:/home/f1tenth_ws/install/autonomous_driving_pkg:/home/f1tenth_ws/install/automatic_braking:/home/f1tenth_ws/install/ament_uncrustify:/home/f1tenth_ws/install/ament_pycodestyle:/home/f1tenth_ws/install/ament_package:/home/f1tenth_ws/install/ament_lint:/home/f1tenth_ws/install/ament_cppcheck:/opt/ros/foxy CONDA_PROMPT_MODIFIER=(base) _=/usr/bin/env /usr/bin/cmake --build /home/f1tenth_ws/build/vesc_msgs -- -j8 -l8
[3.458s] Invoking command in '/home/f1tenth_ws/build/vesc_msgs': CMAKE_PREFIX_PATH=${CMAKE_PREFIX_PATH}:/home/f1tenth_ws/install/wall_following:/home/f1tenth_ws/install/voice_control:/home/f1tenth_ws/install/f1tenth_stack:/home/f1tenth_ws/install/joy_teleop:/home/f1tenth_ws/install/person_follow:/home/f1tenth_ws/install/mouse_teleop:/home/f1tenth_ws/install/key_teleop:/home/f1tenth_ws/install/joystick_ros2:/home/f1tenth_ws/install/follow_gap:/home/f1tenth_ws/install/autonomous_driving_pkg:/home/f1tenth_ws/install/automatic_braking:/home/f1tenth_ws/install/ament_uncrustify:/home/f1tenth_ws/install/ament_pycodestyle:/home/f1tenth_ws/install/ament_package:/home/f1tenth_ws/install/ament_lint:/home/f1tenth_ws/install/ament_cppcheck:/opt/ros/foxy CONDA_PROMPT_MODIFIER=(base) _=/usr/bin/env /usr/bin/cmake --install /home/f1tenth_ws/build/vesc_msgs
[3.532s] -- Install configuration: ""
[3.533s] -- Execute custom install script
[3.549s] -- Up-to-date symlink: /home/f1tenth_ws/install/vesc_msgs/share/ament_index/resource_index/rosidl_interfaces/vesc_msgs
[3.551s] -- Up-to-date symlink: /home/f1tenth_ws/install/vesc_msgs/include/vesc_msgs/msg/detail/vesc_imu__functions.h
[3.552s] -- Up-to-date symlink: /home/f1tenth_ws/install/vesc_msgs/include/vesc_msgs/msg/detail/vesc_imu__struct.h
[3.566s] -- Up-to-date symlink: /home/f1tenth_ws/install/vesc_msgs/include/vesc_msgs/msg/detail/vesc_imu__type_support.h
[3.569s] -- Up-to-date symlink: /home/f1tenth_ws/install/vesc_msgs/include/vesc_msgs/msg/detail/vesc_imu_stamped__functions.h
[3.570s] -- Up-to-date symlink: /home/f1tenth_ws/install/vesc_msgs/include/vesc_msgs/msg/detail/vesc_imu_stamped__struct.h
[3.571s] -- Up-to-date symlink: /home/f1tenth_ws/install/vesc_msgs/include/vesc_msgs/msg/detail/vesc_imu_stamped__type_support.h
[3.582s] -- Up-to-date symlink: /home/f1tenth_ws/install/vesc_msgs/include/vesc_msgs/msg/detail/vesc_state__functions.h
[3.584s] -- Up-to-date symlink: /home/f1tenth_ws/install/vesc_msgs/include/vesc_msgs/msg/detail/vesc_state__struct.h
[3.585s] -- Up-to-date symlink: /home/f1tenth_ws/install/vesc_msgs/include/vesc_msgs/msg/detail/vesc_state__type_support.h
[3.603s] -- Up-to-date symlink: /home/f1tenth_ws/install/vesc_msgs/include/vesc_msgs/msg/detail/vesc_state_stamped__functions.h
[3.605s] -- Up-to-date symlink: /home/f1tenth_ws/install/vesc_msgs/include/vesc_msgs/msg/detail/vesc_state_stamped__struct.h
[3.606s] -- Up-to-date symlink: /home/f1tenth_ws/install/vesc_msgs/include/vesc_msgs/msg/detail/vesc_state_stamped__type_support.h
[3.609s] -- Up-to-date symlink: /home/f1tenth_ws/install/vesc_msgs/include/vesc_msgs/msg/rosidl_generator_c__visibility_control.h
[3.610s] -- Up-to-date symlink: /home/f1tenth_ws/install/vesc_msgs/include/vesc_msgs/msg/vesc_imu.h
[3.611s] -- Up-to-date symlink: /home/f1tenth_ws/install/vesc_msgs/include/vesc_msgs/msg/vesc_imu_stamped.h
[3.615s] -- Up-to-date symlink: /home/f1tenth_ws/install/vesc_msgs/include/vesc_msgs/msg/vesc_state.h
[3.629s] -- Up-to-date symlink: /home/f1tenth_ws/install/vesc_msgs/include/vesc_msgs/msg/vesc_state_stamped.h
[3.630s] -- Up-to-date symlink: /home/f1tenth_ws/install/vesc_msgs/share/vesc_msgs/environment/library_path.sh
[3.632s] -- Up-to-date symlink: /home/f1tenth_ws/install/vesc_msgs/share/vesc_msgs/environment/library_path.dsv
[3.633s] -- Up-to-date symlink: /home/f1tenth_ws/install/vesc_msgs/include/vesc_msgs/msg/detail/vesc_imu__rosidl_typesupport_fastrtps_c.h
[3.634s] -- Up-to-date symlink: /home/f1tenth_ws/install/vesc_msgs/include/vesc_msgs/msg/detail/vesc_imu_stamped__rosidl_typesupport_fastrtps_c.h
[3.637s] -- Up-to-date symlink: /home/f1tenth_ws/install/vesc_msgs/include/vesc_msgs/msg/detail/vesc_state__rosidl_typesupport_fastrtps_c.h
[3.638s] -- Up-to-date symlink: /home/f1tenth_ws/install/vesc_msgs/include/vesc_msgs/msg/detail/vesc_state_stamped__rosidl_typesupport_fastrtps_c.h
[3.639s] -- Up-to-date symlink: /home/f1tenth_ws/install/vesc_msgs/include/vesc_msgs/msg/rosidl_typesupport_fastrtps_c__visibility_control.h
[3.640s] -- Up-to-date symlink: /home/f1tenth_ws/install/vesc_msgs/lib/libvesc_msgs__rosidl_typesupport_fastrtps_c.so
[3.642s] -- Up-to-date symlink: /home/f1tenth_ws/install/vesc_msgs/include/vesc_msgs/msg/detail/vesc_imu__rosidl_typesupport_fastrtps_cpp.hpp
[3.643s] -- Up-to-date symlink: /home/f1tenth_ws/install/vesc_msgs/include/vesc_msgs/msg/detail/vesc_imu_stamped__rosidl_typesupport_fastrtps_cpp.hpp
[3.645s] -- Up-to-date symlink: /home/f1tenth_ws/install/vesc_msgs/include/vesc_msgs/msg/detail/vesc_state__rosidl_typesupport_fastrtps_cpp.hpp
[3.646s] -- Up-to-date symlink: /home/f1tenth_ws/install/vesc_msgs/include/vesc_msgs/msg/detail/vesc_state_stamped__rosidl_typesupport_fastrtps_cpp.hpp
[3.648s] -- Up-to-date symlink: /home/f1tenth_ws/install/vesc_msgs/include/vesc_msgs/msg/rosidl_typesupport_fastrtps_cpp__visibility_control.h
[3.650s] -- Up-to-date symlink: /home/f1tenth_ws/install/vesc_msgs/lib/libvesc_msgs__rosidl_typesupport_fastrtps_cpp.so
[3.651s] -- Up-to-date symlink: /home/f1tenth_ws/install/vesc_msgs/include/vesc_msgs/msg/detail/vesc_imu__rosidl_typesupport_introspection_c.h
[3.652s] -- Up-to-date symlink: /home/f1tenth_ws/install/vesc_msgs/include/vesc_msgs/msg/detail/vesc_imu_stamped__rosidl_typesupport_introspection_c.h
[3.655s] -- Up-to-date symlink: /home/f1tenth_ws/install/vesc_msgs/include/vesc_msgs/msg/detail/vesc_state__rosidl_typesupport_introspection_c.h
[3.663s] -- Up-to-date symlink: /home/f1tenth_ws/install/vesc_msgs/include/vesc_msgs/msg/detail/vesc_state_stamped__rosidl_typesupport_introspection_c.h
[3.665s] -- Up-to-date symlink: /home/f1tenth_ws/install/vesc_msgs/include/vesc_msgs/msg/rosidl_typesupport_introspection_c__visibility_control.h
[3.667s] -- Up-to-date symlink: /home/f1tenth_ws/install/vesc_msgs/include/vesc_msgs/msg/detail/vesc_imu__builder.hpp
[3.669s] -- Up-to-date symlink: /home/f1tenth_ws/install/vesc_msgs/include/vesc_msgs/msg/detail/vesc_imu__struct.hpp
[3.670s] -- Up-to-date symlink: /home/f1tenth_ws/install/vesc_msgs/include/vesc_msgs/msg/detail/vesc_imu__traits.hpp
[3.672s] -- Up-to-date symlink: /home/f1tenth_ws/install/vesc_msgs/include/vesc_msgs/msg/detail/vesc_imu__type_support.hpp
[3.674s] -- Up-to-date symlink: /home/f1tenth_ws/install/vesc_msgs/include/vesc_msgs/msg/detail/vesc_imu_stamped__builder.hpp
[3.676s] -- Up-to-date symlink: /home/f1tenth_ws/install/vesc_msgs/include/vesc_msgs/msg/detail/vesc_imu_stamped__struct.hpp
[3.678s] -- Up-to-date symlink: /home/f1tenth_ws/install/vesc_msgs/include/vesc_msgs/msg/detail/vesc_imu_stamped__traits.hpp
[3.682s] -- Up-to-date symlink: /home/f1tenth_ws/install/vesc_msgs/include/vesc_msgs/msg/detail/vesc_imu_stamped__type_support.hpp
[3.689s] -- Up-to-date symlink: /home/f1tenth_ws/install/vesc_msgs/include/vesc_msgs/msg/detail/vesc_state__builder.hpp
[3.692s] -- Up-to-date symlink: /home/f1tenth_ws/install/vesc_msgs/include/vesc_msgs/msg/detail/vesc_state__struct.hpp
[3.693s] -- Up-to-date symlink: /home/f1tenth_ws/install/vesc_msgs/include/vesc_msgs/msg/detail/vesc_state__traits.hpp
[3.698s] -- Up-to-date symlink: /home/f1tenth_ws/install/vesc_msgs/include/vesc_msgs/msg/detail/vesc_state__type_support.hpp
[3.700s] -- Up-to-date symlink: /home/f1tenth_ws/install/vesc_msgs/include/vesc_msgs/msg/detail/vesc_state_stamped__builder.hpp
[3.701s] -- Up-to-date symlink: /home/f1tenth_ws/install/vesc_msgs/include/vesc_msgs/msg/detail/vesc_state_stamped__struct.hpp
[3.703s] -- Up-to-date symlink: /home/f1tenth_ws/install/vesc_msgs/include/vesc_msgs/msg/detail/vesc_state_stamped__traits.hpp
[3.704s] -- Up-to-date symlink: /home/f1tenth_ws/install/vesc_msgs/include/vesc_msgs/msg/detail/vesc_state_stamped__type_support.hpp
[3.706s] -- Up-to-date symlink: /home/f1tenth_ws/install/vesc_msgs/include/vesc_msgs/msg/rosidl_generator_cpp__visibility_control.hpp
[3.710s] -- Up-to-date symlink: /home/f1tenth_ws/install/vesc_msgs/include/vesc_msgs/msg/vesc_imu.hpp
[3.711s] -- Up-to-date symlink: /home/f1tenth_ws/install/vesc_msgs/include/vesc_msgs/msg/vesc_imu_stamped.hpp
[3.713s] -- Up-to-date symlink: /home/f1tenth_ws/install/vesc_msgs/include/vesc_msgs/msg/vesc_state.hpp
[3.715s] -- Up-to-date symlink: /home/f1tenth_ws/install/vesc_msgs/include/vesc_msgs/msg/vesc_state_stamped.hpp
[3.717s] -- Up-to-date symlink: /home/f1tenth_ws/install/vesc_msgs/include/vesc_msgs/msg/detail/vesc_imu__rosidl_typesupport_introspection_cpp.hpp
[3.719s] -- Up-to-date symlink: /home/f1tenth_ws/install/vesc_msgs/include/vesc_msgs/msg/detail/vesc_imu_stamped__rosidl_typesupport_introspection_cpp.hpp
[3.720s] -- Up-to-date symlink: /home/f1tenth_ws/install/vesc_msgs/include/vesc_msgs/msg/detail/vesc_state__rosidl_typesupport_introspection_cpp.hpp
[3.723s] -- Up-to-date symlink: /home/f1tenth_ws/install/vesc_msgs/include/vesc_msgs/msg/detail/vesc_state_stamped__rosidl_typesupport_introspection_cpp.hpp
[3.726s] -- Up-to-date symlink: /home/f1tenth_ws/install/vesc_msgs/share/vesc_msgs/environment/pythonpath.sh
[3.727s] -- Up-to-date symlink: /home/f1tenth_ws/install/vesc_msgs/share/vesc_msgs/environment/pythonpath.dsv
[3.732s] -- Up-to-date symlink: /home/f1tenth_ws/install/vesc_msgs/lib/python3.8/site-packages/vesc_msgs/__init__.py
[3.736s] -- Up-to-date symlink: /home/f1tenth_ws/install/vesc_msgs/lib/python3.8/site-packages/vesc_msgs/msg/__init__.py
[3.739s] -- Up-to-date symlink: /home/f1tenth_ws/install/vesc_msgs/lib/python3.8/site-packages/vesc_msgs/msg/_vesc_imu.py
[3.740s] -- Up-to-date symlink: /home/f1tenth_ws/install/vesc_msgs/lib/python3.8/site-packages/vesc_msgs/msg/_vesc_imu_stamped.py
[3.741s] -- Up-to-date symlink: /home/f1tenth_ws/install/vesc_msgs/lib/python3.8/site-packages/vesc_msgs/msg/_vesc_state.py
[3.742s] -- Up-to-date symlink: /home/f1tenth_ws/install/vesc_msgs/lib/python3.8/site-packages/vesc_msgs/msg/_vesc_state_stamped.py
[3.743s] -- Up-to-date symlink: /home/f1tenth_ws/install/vesc_msgs/lib/python3.8/site-packages/vesc_msgs/vesc_msgs_s__rosidl_typesupport_fastrtps_c.cpython-38-aarch64-linux-gnu.so
[3.745s] -- Up-to-date symlink: /home/f1tenth_ws/install/vesc_msgs/lib/python3.8/site-packages/vesc_msgs/vesc_msgs_s__rosidl_typesupport_introspection_c.cpython-38-aarch64-linux-gnu.so
[3.746s] -- Up-to-date symlink: /home/f1tenth_ws/install/vesc_msgs/lib/python3.8/site-packages/vesc_msgs/vesc_msgs_s__rosidl_typesupport_c.cpython-38-aarch64-linux-gnu.so
[3.746s] -- Up-to-date symlink: /home/f1tenth_ws/install/vesc_msgs/lib/libvesc_msgs__python.so
[3.750s] -- Up-to-date symlink: /home/f1tenth_ws/install/vesc_msgs/share/vesc_msgs/msg/VescState.idl
[3.751s] -- Up-to-date symlink: /home/f1tenth_ws/install/vesc_msgs/share/vesc_msgs/msg/VescStateStamped.idl
[3.752s] -- Up-to-date symlink: /home/f1tenth_ws/install/vesc_msgs/share/vesc_msgs/msg/VescImu.idl
[3.753s] -- Up-to-date symlink: /home/f1tenth_ws/install/vesc_msgs/share/vesc_msgs/msg/VescImuStamped.idl
[3.753s] -- Up-to-date symlink: /home/f1tenth_ws/install/vesc_msgs/share/vesc_msgs/msg/VescState.msg
[3.756s] -- Up-to-date symlink: /home/f1tenth_ws/install/vesc_msgs/share/vesc_msgs/msg/VescStateStamped.msg
[3.758s] -- Up-to-date symlink: /home/f1tenth_ws/install/vesc_msgs/share/vesc_msgs/msg/VescImu.msg
[3.759s] -- Up-to-date symlink: /home/f1tenth_ws/install/vesc_msgs/share/vesc_msgs/msg/VescImuStamped.msg
[3.759s] -- Up-to-date symlink: /home/f1tenth_ws/install/vesc_msgs/share/ament_index/resource_index/package_run_dependencies/vesc_msgs
[3.760s] -- Up-to-date symlink: /home/f1tenth_ws/install/vesc_msgs/share/ament_index/resource_index/parent_prefix_path/vesc_msgs
[3.761s] -- Up-to-date symlink: /home/f1tenth_ws/install/vesc_msgs/share/vesc_msgs/environment/ament_prefix_path.sh
[3.762s] -- Up-to-date symlink: /home/f1tenth_ws/install/vesc_msgs/share/vesc_msgs/environment/ament_prefix_path.dsv
[3.762s] -- Up-to-date symlink: /home/f1tenth_ws/install/vesc_msgs/share/vesc_msgs/environment/path.sh
[3.763s] -- Up-to-date symlink: /home/f1tenth_ws/install/vesc_msgs/share/vesc_msgs/environment/path.dsv
[3.764s] -- Up-to-date symlink: /home/f1tenth_ws/install/vesc_msgs/share/vesc_msgs/local_setup.bash
[3.764s] -- Up-to-date symlink: /home/f1tenth_ws/install/vesc_msgs/share/vesc_msgs/local_setup.sh
[3.765s] -- Up-to-date symlink: /home/f1tenth_ws/install/vesc_msgs/share/vesc_msgs/local_setup.zsh
[3.766s] -- Up-to-date symlink: /home/f1tenth_ws/install/vesc_msgs/share/vesc_msgs/local_setup.dsv
[3.766s] -- Symlinking: /home/f1tenth_ws/install/vesc_msgs/share/vesc_msgs/package.dsv
[3.770s] -- Up-to-date symlink: /home/f1tenth_ws/install/vesc_msgs/share/ament_index/resource_index/packages/vesc_msgs
[3.770s] -- Up-to-date symlink: /home/f1tenth_ws/install/vesc_msgs/share/vesc_msgs/cmake/rosidl_cmake-extras.cmake
[3.770s] -- Up-to-date symlink: /home/f1tenth_ws/install/vesc_msgs/share/vesc_msgs/cmake/ament_cmake_export_dependencies-extras.cmake
[3.770s] -- Up-to-date symlink: /home/f1tenth_ws/install/vesc_msgs/share/vesc_msgs/cmake/ament_cmake_export_libraries-extras.cmake
[3.770s] -- Up-to-date symlink: /home/f1tenth_ws/install/vesc_msgs/share/vesc_msgs/cmake/ament_cmake_export_targets-extras.cmake
[3.771s] -- Up-to-date symlink: /home/f1tenth_ws/install/vesc_msgs/share/vesc_msgs/cmake/ament_cmake_export_include_directories-extras.cmake
[3.771s] -- Up-to-date symlink: /home/f1tenth_ws/install/vesc_msgs/share/vesc_msgs/cmake/rosidl_cmake_export_typesupport_libraries-extras.cmake
[3.771s] -- Up-to-date symlink: /home/f1tenth_ws/install/vesc_msgs/share/vesc_msgs/cmake/rosidl_cmake_export_typesupport_targets-extras.cmake
[3.771s] -- Up-to-date symlink: /home/f1tenth_ws/install/vesc_msgs/share/vesc_msgs/cmake/vesc_msgsConfig.cmake
[3.771s] -- Up-to-date symlink: /home/f1tenth_ws/install/vesc_msgs/share/vesc_msgs/cmake/vesc_msgsConfig-version.cmake
[3.771s] -- Up-to-date symlink: /home/f1tenth_ws/install/vesc_msgs/share/vesc_msgs/package.xml
[3.772s] -- Up-to-date: /home/f1tenth_ws/install/vesc_msgs/lib/libvesc_msgs__rosidl_generator_c.so
[3.772s] -- Up-to-date: /home/f1tenth_ws/install/vesc_msgs/lib/libvesc_msgs__rosidl_typesupport_introspection_c.so
[3.772s] -- Up-to-date: /home/f1tenth_ws/install/vesc_msgs/lib/libvesc_msgs__rosidl_typesupport_c.so
[3.772s] -- Up-to-date: /home/f1tenth_ws/install/vesc_msgs/lib/libvesc_msgs__rosidl_typesupport_introspection_cpp.so
[3.772s] -- Up-to-date: /home/f1tenth_ws/install/vesc_msgs/lib/libvesc_msgs__rosidl_typesupport_cpp.so
[3.827s] -- Up-to-date: /home/f1tenth_ws/install/vesc_msgs/share/vesc_msgs/cmake/vesc_msgs__rosidl_generator_cExport.cmake
[3.829s] -- Up-to-date: /home/f1tenth_ws/install/vesc_msgs/share/vesc_msgs/cmake/vesc_msgs__rosidl_generator_cExport-noconfig.cmake
[3.829s] -- Up-to-date: /home/f1tenth_ws/install/vesc_msgs/share/vesc_msgs/cmake/vesc_msgs__rosidl_typesupport_introspection_cExport.cmake
[3.830s] -- Up-to-date: /home/f1tenth_ws/install/vesc_msgs/share/vesc_msgs/cmake/vesc_msgs__rosidl_typesupport_introspection_cExport-noconfig.cmake
[3.830s] -- Up-to-date: /home/f1tenth_ws/install/vesc_msgs/share/vesc_msgs/cmake/vesc_msgs__rosidl_typesupport_cExport.cmake
[3.830s] -- Up-to-date: /home/f1tenth_ws/install/vesc_msgs/share/vesc_msgs/cmake/vesc_msgs__rosidl_typesupport_cExport-noconfig.cmake
[3.842s] -- Up-to-date: /home/f1tenth_ws/install/vesc_msgs/share/vesc_msgs/cmake/vesc_msgs__rosidl_generator_cppExport.cmake
[3.843s] -- Up-to-date: /home/f1tenth_ws/install/vesc_msgs/share/vesc_msgs/cmake/vesc_msgs__rosidl_typesupport_introspection_cppExport.cmake
[3.844s] -- Up-to-date: /home/f1tenth_ws/install/vesc_msgs/share/vesc_msgs/cmake/vesc_msgs__rosidl_typesupport_introspection_cppExport-noconfig.cmake
[3.844s] -- Up-to-date: /home/f1tenth_ws/install/vesc_msgs/share/vesc_msgs/cmake/vesc_msgs__rosidl_typesupport_cppExport.cmake
[3.849s] -- Up-to-date: /home/f1tenth_ws/install/vesc_msgs/share/vesc_msgs/cmake/vesc_msgs__rosidl_typesupport_cppExport-noconfig.cmake
[3.940s] Invoked command in '/home/f1tenth_ws/build/vesc_msgs' returned '0': CMAKE_PREFIX_PATH=${CMAKE_PREFIX_PATH}:/home/f1tenth_ws/install/wall_following:/home/f1tenth_ws/install/voice_control:/home/f1tenth_ws/install/f1tenth_stack:/home/f1tenth_ws/install/joy_teleop:/home/f1tenth_ws/install/person_follow:/home/f1tenth_ws/install/mouse_teleop:/home/f1tenth_ws/install/key_teleop:/home/f1tenth_ws/install/joystick_ros2:/home/f1tenth_ws/install/follow_gap:/home/f1tenth_ws/install/autonomous_driving_pkg:/home/f1tenth_ws/install/automatic_braking:/home/f1tenth_ws/install/ament_uncrustify:/home/f1tenth_ws/install/ament_pycodestyle:/home/f1tenth_ws/install/ament_package:/home/f1tenth_ws/install/ament_lint:/home/f1tenth_ws/install/ament_cppcheck:/opt/ros/foxy CONDA_PROMPT_MODIFIER=(base) _=/usr/bin/env /usr/bin/cmake --install /home/f1tenth_ws/build/vesc_msgs
