[0.200s] Invoking command in '/home/f1tenth_ws/build/vesc_msgs': CONDA_PROMPT_MODIFIER=(base) _=/usr/bin/env /usr/bin/cmake --build /home/f1tenth_ws/build/vesc_msgs -- -j8 -l8
[1.639s] [ 10%] Built target vesc_msgs__rosidl_generator_c
[1.641s] [ 12%] Built target vesc_msgs__cpp
[1.643s] [ 34%] Built target vesc_msgs__rosidl_typesupport_cpp
[1.644s] [ 34%] Built target vesc_msgs__rosidl_typesupport_fastrtps_cpp
[1.645s] [ 45%] Built target vesc_msgs__rosidl_typesupport_introspection_c
[1.646s] [ 56%] Built target vesc_msgs__rosidl_typesupport_c
[1.647s] [ 67%] Built target vesc_msgs__rosidl_typesupport_introspection_cpp
[1.647s] [ 78%] Built target vesc_msgs__rosidl_typesupport_fastrtps_c
[1.648s] [ 78%] Built target vesc_msgs
[1.650s] [ 80%] Built target vesc_msgs__py
[1.652s] [ 89%] Built target vesc_msgs__python
[1.660s] [ 92%] Built target vesc_msgs__rosidl_typesupport_c__pyext
[1.663s] [ 96%] Built target vesc_msgs__rosidl_typesupport_introspection_c__pyext
[1.663s] [100%] Built target vesc_msgs__rosidl_typesupport_fastrtps_c__pyext
[1.681s] Invoked command in '/home/f1tenth_ws/build/vesc_msgs' returned '0': CONDA_PROMPT_MODIFIER=(base) _=/usr/bin/env /usr/bin/cmake --build /home/f1tenth_ws/build/vesc_msgs -- -j8 -l8
[2.887s] Invoking command in '/home/f1tenth_ws/build/vesc_msgs': CONDA_PROMPT_MODIFIER=(base) _=/usr/bin/env /usr/bin/cmake --install /home/f1tenth_ws/build/vesc_msgs
[3.339s] -- Install configuration: ""
[3.340s] -- Execute custom install script
[3.341s] -- Up-to-date symlink: /home/f1tenth_ws/install/vesc_msgs/share/ament_index/resource_index/rosidl_interfaces/vesc_msgs
[3.342s] -- Up-to-date symlink: /home/f1tenth_ws/install/vesc_msgs/include/vesc_msgs/msg/detail/vesc_imu__functions.h
[3.343s] -- Up-to-date symlink: /home/f1tenth_ws/install/vesc_msgs/include/vesc_msgs/msg/detail/vesc_imu__struct.h
[3.345s] -- Up-to-date symlink: /home/f1tenth_ws/install/vesc_msgs/include/vesc_msgs/msg/detail/vesc_imu__type_support.h
[3.346s] -- Up-to-date symlink: /home/f1tenth_ws/install/vesc_msgs/include/vesc_msgs/msg/detail/vesc_imu_stamped__functions.h
[3.347s] -- Up-to-date symlink: /home/f1tenth_ws/install/vesc_msgs/include/vesc_msgs/msg/detail/vesc_imu_stamped__struct.h
[3.348s] -- Up-to-date symlink: /home/f1tenth_ws/install/vesc_msgs/include/vesc_msgs/msg/detail/vesc_imu_stamped__type_support.h
[3.349s] -- Up-to-date symlink: /home/f1tenth_ws/install/vesc_msgs/include/vesc_msgs/msg/detail/vesc_state__functions.h
[3.350s] -- Up-to-date symlink: /home/f1tenth_ws/install/vesc_msgs/include/vesc_msgs/msg/detail/vesc_state__struct.h
[3.351s] -- Up-to-date symlink: /home/f1tenth_ws/install/vesc_msgs/include/vesc_msgs/msg/detail/vesc_state__type_support.h
[3.351s] -- Up-to-date symlink: /home/f1tenth_ws/install/vesc_msgs/include/vesc_msgs/msg/detail/vesc_state_stamped__functions.h
[3.352s] -- Up-to-date symlink: /home/f1tenth_ws/install/vesc_msgs/include/vesc_msgs/msg/detail/vesc_state_stamped__struct.h
[3.353s] -- Up-to-date symlink: /home/f1tenth_ws/install/vesc_msgs/include/vesc_msgs/msg/detail/vesc_state_stamped__type_support.h
[3.354s] -- Up-to-date symlink: /home/f1tenth_ws/install/vesc_msgs/include/vesc_msgs/msg/rosidl_generator_c__visibility_control.h
[3.356s] -- Up-to-date symlink: /home/f1tenth_ws/install/vesc_msgs/include/vesc_msgs/msg/vesc_imu.h
[3.357s] -- Up-to-date symlink: /home/f1tenth_ws/install/vesc_msgs/include/vesc_msgs/msg/vesc_imu_stamped.h
[3.358s] -- Up-to-date symlink: /home/f1tenth_ws/install/vesc_msgs/include/vesc_msgs/msg/vesc_state.h
[3.360s] -- Up-to-date symlink: /home/f1tenth_ws/install/vesc_msgs/include/vesc_msgs/msg/vesc_state_stamped.h
[3.361s] -- Up-to-date symlink: /home/f1tenth_ws/install/vesc_msgs/share/vesc_msgs/environment/library_path.sh
[3.362s] -- Up-to-date symlink: /home/f1tenth_ws/install/vesc_msgs/share/vesc_msgs/environment/library_path.dsv
[3.370s] -- Up-to-date symlink: /home/f1tenth_ws/install/vesc_msgs/include/vesc_msgs/msg/detail/vesc_imu__rosidl_typesupport_fastrtps_c.h
[3.372s] -- Up-to-date symlink: /home/f1tenth_ws/install/vesc_msgs/include/vesc_msgs/msg/detail/vesc_imu_stamped__rosidl_typesupport_fastrtps_c.h
[3.374s] -- Up-to-date symlink: /home/f1tenth_ws/install/vesc_msgs/include/vesc_msgs/msg/detail/vesc_state__rosidl_typesupport_fastrtps_c.h
[3.376s] -- Up-to-date symlink: /home/f1tenth_ws/install/vesc_msgs/include/vesc_msgs/msg/detail/vesc_state_stamped__rosidl_typesupport_fastrtps_c.h
[3.377s] -- Up-to-date symlink: /home/f1tenth_ws/install/vesc_msgs/include/vesc_msgs/msg/rosidl_typesupport_fastrtps_c__visibility_control.h
[3.378s] -- Up-to-date symlink: /home/f1tenth_ws/install/vesc_msgs/lib/libvesc_msgs__rosidl_typesupport_fastrtps_c.so
[3.379s] -- Up-to-date symlink: /home/f1tenth_ws/install/vesc_msgs/include/vesc_msgs/msg/detail/vesc_imu__rosidl_typesupport_fastrtps_cpp.hpp
[3.382s] -- Up-to-date symlink: /home/f1tenth_ws/install/vesc_msgs/include/vesc_msgs/msg/detail/vesc_imu_stamped__rosidl_typesupport_fastrtps_cpp.hpp
[3.384s] -- Up-to-date symlink: /home/f1tenth_ws/install/vesc_msgs/include/vesc_msgs/msg/detail/vesc_state__rosidl_typesupport_fastrtps_cpp.hpp
[3.386s] -- Up-to-date symlink: /home/f1tenth_ws/install/vesc_msgs/include/vesc_msgs/msg/detail/vesc_state_stamped__rosidl_typesupport_fastrtps_cpp.hpp
[3.390s] -- Up-to-date symlink: /home/f1tenth_ws/install/vesc_msgs/include/vesc_msgs/msg/rosidl_typesupport_fastrtps_cpp__visibility_control.h
[3.392s] -- Up-to-date symlink: /home/f1tenth_ws/install/vesc_msgs/lib/libvesc_msgs__rosidl_typesupport_fastrtps_cpp.so
[3.395s] -- Up-to-date symlink: /home/f1tenth_ws/install/vesc_msgs/include/vesc_msgs/msg/detail/vesc_imu__rosidl_typesupport_introspection_c.h
[3.397s] -- Up-to-date symlink: /home/f1tenth_ws/install/vesc_msgs/include/vesc_msgs/msg/detail/vesc_imu_stamped__rosidl_typesupport_introspection_c.h
[3.398s] -- Up-to-date symlink: /home/f1tenth_ws/install/vesc_msgs/include/vesc_msgs/msg/detail/vesc_state__rosidl_typesupport_introspection_c.h
[3.399s] -- Up-to-date symlink: /home/f1tenth_ws/install/vesc_msgs/include/vesc_msgs/msg/detail/vesc_state_stamped__rosidl_typesupport_introspection_c.h
[3.400s] -- Up-to-date symlink: /home/f1tenth_ws/install/vesc_msgs/include/vesc_msgs/msg/rosidl_typesupport_introspection_c__visibility_control.h
[3.401s] -- Up-to-date symlink: /home/f1tenth_ws/install/vesc_msgs/include/vesc_msgs/msg/detail/vesc_imu__builder.hpp
[3.403s] -- Up-to-date symlink: /home/f1tenth_ws/install/vesc_msgs/include/vesc_msgs/msg/detail/vesc_imu__struct.hpp
[3.405s] -- Up-to-date symlink: /home/f1tenth_ws/install/vesc_msgs/include/vesc_msgs/msg/detail/vesc_imu__traits.hpp
[3.406s] -- Up-to-date symlink: /home/f1tenth_ws/install/vesc_msgs/include/vesc_msgs/msg/detail/vesc_imu__type_support.hpp
[3.408s] -- Up-to-date symlink: /home/f1tenth_ws/install/vesc_msgs/include/vesc_msgs/msg/detail/vesc_imu_stamped__builder.hpp
[3.410s] -- Up-to-date symlink: /home/f1tenth_ws/install/vesc_msgs/include/vesc_msgs/msg/detail/vesc_imu_stamped__struct.hpp
[3.411s] -- Up-to-date symlink: /home/f1tenth_ws/install/vesc_msgs/include/vesc_msgs/msg/detail/vesc_imu_stamped__traits.hpp
[3.414s] -- Up-to-date symlink: /home/f1tenth_ws/install/vesc_msgs/include/vesc_msgs/msg/detail/vesc_imu_stamped__type_support.hpp
[3.417s] -- Up-to-date symlink: /home/f1tenth_ws/install/vesc_msgs/include/vesc_msgs/msg/detail/vesc_state__builder.hpp
[3.422s] -- Up-to-date symlink: /home/f1tenth_ws/install/vesc_msgs/include/vesc_msgs/msg/detail/vesc_state__struct.hpp
[3.424s] -- Up-to-date symlink: /home/f1tenth_ws/install/vesc_msgs/include/vesc_msgs/msg/detail/vesc_state__traits.hpp
[3.425s] -- Up-to-date symlink: /home/f1tenth_ws/install/vesc_msgs/include/vesc_msgs/msg/detail/vesc_state__type_support.hpp
[3.426s] -- Up-to-date symlink: /home/f1tenth_ws/install/vesc_msgs/include/vesc_msgs/msg/detail/vesc_state_stamped__builder.hpp
[3.428s] -- Up-to-date symlink: /home/f1tenth_ws/install/vesc_msgs/include/vesc_msgs/msg/detail/vesc_state_stamped__struct.hpp
[3.429s] -- Up-to-date symlink: /home/f1tenth_ws/install/vesc_msgs/include/vesc_msgs/msg/detail/vesc_state_stamped__traits.hpp
[3.430s] -- Up-to-date symlink: /home/f1tenth_ws/install/vesc_msgs/include/vesc_msgs/msg/detail/vesc_state_stamped__type_support.hpp
[3.431s] -- Up-to-date symlink: /home/f1tenth_ws/install/vesc_msgs/include/vesc_msgs/msg/rosidl_generator_cpp__visibility_control.hpp
[3.437s] -- Up-to-date symlink: /home/f1tenth_ws/install/vesc_msgs/include/vesc_msgs/msg/vesc_imu.hpp
[3.441s] -- Up-to-date symlink: /home/f1tenth_ws/install/vesc_msgs/include/vesc_msgs/msg/vesc_imu_stamped.hpp
[3.442s] -- Up-to-date symlink: /home/f1tenth_ws/install/vesc_msgs/include/vesc_msgs/msg/vesc_state.hpp
[3.443s] -- Up-to-date symlink: /home/f1tenth_ws/install/vesc_msgs/include/vesc_msgs/msg/vesc_state_stamped.hpp
[3.444s] -- Up-to-date symlink: /home/f1tenth_ws/install/vesc_msgs/include/vesc_msgs/msg/detail/vesc_imu__rosidl_typesupport_introspection_cpp.hpp
[3.448s] -- Up-to-date symlink: /home/f1tenth_ws/install/vesc_msgs/include/vesc_msgs/msg/detail/vesc_imu_stamped__rosidl_typesupport_introspection_cpp.hpp
[3.450s] -- Up-to-date symlink: /home/f1tenth_ws/install/vesc_msgs/include/vesc_msgs/msg/detail/vesc_state__rosidl_typesupport_introspection_cpp.hpp
[3.453s] -- Up-to-date symlink: /home/f1tenth_ws/install/vesc_msgs/include/vesc_msgs/msg/detail/vesc_state_stamped__rosidl_typesupport_introspection_cpp.hpp
[3.454s] -- Up-to-date symlink: /home/f1tenth_ws/install/vesc_msgs/share/vesc_msgs/environment/pythonpath.sh
[3.457s] -- Up-to-date symlink: /home/f1tenth_ws/install/vesc_msgs/share/vesc_msgs/environment/pythonpath.dsv
[3.458s] -- Up-to-date symlink: /home/f1tenth_ws/install/vesc_msgs/lib/python3.8/site-packages/vesc_msgs/__init__.py
[3.460s] -- Up-to-date symlink: /home/f1tenth_ws/install/vesc_msgs/lib/python3.8/site-packages/vesc_msgs/msg/__init__.py
[3.462s] -- Up-to-date symlink: /home/f1tenth_ws/install/vesc_msgs/lib/python3.8/site-packages/vesc_msgs/msg/_vesc_imu.py
[3.463s] -- Up-to-date symlink: /home/f1tenth_ws/install/vesc_msgs/lib/python3.8/site-packages/vesc_msgs/msg/_vesc_imu_stamped.py
[3.465s] -- Up-to-date symlink: /home/f1tenth_ws/install/vesc_msgs/lib/python3.8/site-packages/vesc_msgs/msg/_vesc_state.py
[3.466s] -- Up-to-date symlink: /home/f1tenth_ws/install/vesc_msgs/lib/python3.8/site-packages/vesc_msgs/msg/_vesc_state_stamped.py
[3.467s] -- Up-to-date symlink: /home/f1tenth_ws/install/vesc_msgs/lib/python3.8/site-packages/vesc_msgs/vesc_msgs_s__rosidl_typesupport_fastrtps_c.cpython-38-aarch64-linux-gnu.so
[3.470s] -- Up-to-date symlink: /home/f1tenth_ws/install/vesc_msgs/lib/python3.8/site-packages/vesc_msgs/vesc_msgs_s__rosidl_typesupport_introspection_c.cpython-38-aarch64-linux-gnu.so
[3.482s] -- Up-to-date symlink: /home/f1tenth_ws/install/vesc_msgs/lib/python3.8/site-packages/vesc_msgs/vesc_msgs_s__rosidl_typesupport_c.cpython-38-aarch64-linux-gnu.so
[3.487s] -- Up-to-date symlink: /home/f1tenth_ws/install/vesc_msgs/lib/libvesc_msgs__python.so
[3.488s] -- Up-to-date symlink: /home/f1tenth_ws/install/vesc_msgs/share/vesc_msgs/msg/VescState.idl
[3.489s] -- Up-to-date symlink: /home/f1tenth_ws/install/vesc_msgs/share/vesc_msgs/msg/VescStateStamped.idl
[3.490s] -- Up-to-date symlink: /home/f1tenth_ws/install/vesc_msgs/share/vesc_msgs/msg/VescImu.idl
[3.490s] -- Up-to-date symlink: /home/f1tenth_ws/install/vesc_msgs/share/vesc_msgs/msg/VescImuStamped.idl
[3.491s] -- Up-to-date symlink: /home/f1tenth_ws/install/vesc_msgs/share/vesc_msgs/msg/VescState.msg
[3.492s] -- Up-to-date symlink: /home/f1tenth_ws/install/vesc_msgs/share/vesc_msgs/msg/VescStateStamped.msg
[3.493s] -- Up-to-date symlink: /home/f1tenth_ws/install/vesc_msgs/share/vesc_msgs/msg/VescImu.msg
[3.494s] -- Up-to-date symlink: /home/f1tenth_ws/install/vesc_msgs/share/vesc_msgs/msg/VescImuStamped.msg
[3.494s] -- Up-to-date symlink: /home/f1tenth_ws/install/vesc_msgs/share/ament_index/resource_index/package_run_dependencies/vesc_msgs
[3.495s] -- Up-to-date symlink: /home/f1tenth_ws/install/vesc_msgs/share/ament_index/resource_index/parent_prefix_path/vesc_msgs
[3.501s] -- Up-to-date symlink: /home/f1tenth_ws/install/vesc_msgs/share/vesc_msgs/environment/ament_prefix_path.sh
[3.505s] -- Up-to-date symlink: /home/f1tenth_ws/install/vesc_msgs/share/vesc_msgs/environment/ament_prefix_path.dsv
[3.505s] -- Up-to-date symlink: /home/f1tenth_ws/install/vesc_msgs/share/vesc_msgs/environment/path.sh
[3.506s] -- Up-to-date symlink: /home/f1tenth_ws/install/vesc_msgs/share/vesc_msgs/environment/path.dsv
[3.507s] -- Up-to-date symlink: /home/f1tenth_ws/install/vesc_msgs/share/vesc_msgs/local_setup.bash
[3.508s] -- Up-to-date symlink: /home/f1tenth_ws/install/vesc_msgs/share/vesc_msgs/local_setup.sh
[3.509s] -- Up-to-date symlink: /home/f1tenth_ws/install/vesc_msgs/share/vesc_msgs/local_setup.zsh
[3.510s] -- Up-to-date symlink: /home/f1tenth_ws/install/vesc_msgs/share/vesc_msgs/local_setup.dsv
[3.510s] -- Symlinking: /home/f1tenth_ws/install/vesc_msgs/share/vesc_msgs/package.dsv
[3.511s] -- Up-to-date symlink: /home/f1tenth_ws/install/vesc_msgs/share/ament_index/resource_index/packages/vesc_msgs
[3.512s] -- Up-to-date symlink: /home/f1tenth_ws/install/vesc_msgs/share/vesc_msgs/cmake/rosidl_cmake-extras.cmake
[3.512s] -- Up-to-date symlink: /home/f1tenth_ws/install/vesc_msgs/share/vesc_msgs/cmake/ament_cmake_export_dependencies-extras.cmake
[3.513s] -- Up-to-date symlink: /home/f1tenth_ws/install/vesc_msgs/share/vesc_msgs/cmake/ament_cmake_export_libraries-extras.cmake
[3.514s] -- Up-to-date symlink: /home/f1tenth_ws/install/vesc_msgs/share/vesc_msgs/cmake/ament_cmake_export_targets-extras.cmake
[3.515s] -- Up-to-date symlink: /home/f1tenth_ws/install/vesc_msgs/share/vesc_msgs/cmake/ament_cmake_export_include_directories-extras.cmake
[3.516s] -- Up-to-date symlink: /home/f1tenth_ws/install/vesc_msgs/share/vesc_msgs/cmake/rosidl_cmake_export_typesupport_libraries-extras.cmake
[3.517s] -- Up-to-date symlink: /home/f1tenth_ws/install/vesc_msgs/share/vesc_msgs/cmake/rosidl_cmake_export_typesupport_targets-extras.cmake
[3.518s] -- Up-to-date symlink: /home/f1tenth_ws/install/vesc_msgs/share/vesc_msgs/cmake/vesc_msgsConfig.cmake
[3.519s] -- Up-to-date symlink: /home/f1tenth_ws/install/vesc_msgs/share/vesc_msgs/cmake/vesc_msgsConfig-version.cmake
[3.521s] -- Up-to-date symlink: /home/f1tenth_ws/install/vesc_msgs/share/vesc_msgs/package.xml
[3.522s] -- Up-to-date: /home/f1tenth_ws/install/vesc_msgs/lib/libvesc_msgs__rosidl_generator_c.so
[3.523s] -- Up-to-date: /home/f1tenth_ws/install/vesc_msgs/lib/libvesc_msgs__rosidl_typesupport_introspection_c.so
[3.524s] -- Up-to-date: /home/f1tenth_ws/install/vesc_msgs/lib/libvesc_msgs__rosidl_typesupport_c.so
[3.527s] -- Up-to-date: /home/f1tenth_ws/install/vesc_msgs/lib/libvesc_msgs__rosidl_typesupport_introspection_cpp.so
[3.529s] -- Up-to-date: /home/f1tenth_ws/install/vesc_msgs/lib/libvesc_msgs__rosidl_typesupport_cpp.so
[3.530s] -- Up-to-date: /home/f1tenth_ws/install/vesc_msgs/share/vesc_msgs/cmake/vesc_msgs__rosidl_generator_cExport.cmake
[3.532s] -- Up-to-date: /home/f1tenth_ws/install/vesc_msgs/share/vesc_msgs/cmake/vesc_msgs__rosidl_generator_cExport-noconfig.cmake
[3.534s] -- Up-to-date: /home/f1tenth_ws/install/vesc_msgs/share/vesc_msgs/cmake/vesc_msgs__rosidl_typesupport_introspection_cExport.cmake
[3.535s] -- Up-to-date: /home/f1tenth_ws/install/vesc_msgs/share/vesc_msgs/cmake/vesc_msgs__rosidl_typesupport_introspection_cExport-noconfig.cmake
[3.536s] -- Up-to-date: /home/f1tenth_ws/install/vesc_msgs/share/vesc_msgs/cmake/vesc_msgs__rosidl_typesupport_cExport.cmake
[3.538s] -- Up-to-date: /home/f1tenth_ws/install/vesc_msgs/share/vesc_msgs/cmake/vesc_msgs__rosidl_typesupport_cExport-noconfig.cmake
[3.540s] -- Up-to-date: /home/f1tenth_ws/install/vesc_msgs/share/vesc_msgs/cmake/vesc_msgs__rosidl_generator_cppExport.cmake
[3.541s] -- Up-to-date: /home/f1tenth_ws/install/vesc_msgs/share/vesc_msgs/cmake/vesc_msgs__rosidl_typesupport_introspection_cppExport.cmake
[3.541s] -- Up-to-date: /home/f1tenth_ws/install/vesc_msgs/share/vesc_msgs/cmake/vesc_msgs__rosidl_typesupport_introspection_cppExport-noconfig.cmake
[3.544s] -- Up-to-date: /home/f1tenth_ws/install/vesc_msgs/share/vesc_msgs/cmake/vesc_msgs__rosidl_typesupport_cppExport.cmake
[3.546s] -- Up-to-date: /home/f1tenth_ws/install/vesc_msgs/share/vesc_msgs/cmake/vesc_msgs__rosidl_typesupport_cppExport-noconfig.cmake
[3.579s] Invoked command in '/home/f1tenth_ws/build/vesc_msgs' returned '0': CONDA_PROMPT_MODIFIER=(base) _=/usr/bin/env /usr/bin/cmake --install /home/f1tenth_ws/build/vesc_msgs
