[1.187s] Invoking command in '/home/f1tenth_ws/build/autonomous_driving_pkg': PYTHONPATH=/home/f1tenth_ws/build/autonomous_driving_pkg/prefix_override:/usr/lib/python3/dist-packages/colcon_core/task/python/colcon_distutils_commands:/home/f1tenth_ws/install/autonomous_driving_pkg/lib/python3.8/site-packages:${PYTHONPATH} _=/usr/bin/env /usr/bin/python3 -W ignore:setup.py install is deprecated setup.py develop --editable --build-directory /home/f1tenth_ws/build/autonomous_driving_pkg/build --no-deps symlink_data
[1.463s] /usr/local/lib/python3.8/dist-packages/setuptools/dist.py:447: SetuptoolsDeprecationWarning: Invalid dash-separated options
[1.465s] !!
[1.466s] 
[1.467s]         ********************************************************************************
[1.469s]         Usage of dash-separated 'script-dir' will not be supported in future
[1.471s]         versions. Please use the underscore name 'script_dir' instead.
[1.472s] 
[1.473s]         This deprecation is overdue, please update your project and remove deprecated
[1.474s]         calls to avoid build errors in the future.
[1.475s] 
[1.477s]         See https://setuptools.pypa.io/en/latest/userguide/declarative_config.html for details.
[1.478s]         ********************************************************************************
[1.479s] 
[1.480s] !!
[1.481s]   opt = self.warn_dash_deprecation(opt, section)
[1.481s] /usr/local/lib/python3.8/dist-packages/setuptools/_distutils/dist.py:268: UserWarning: Unknown distribution option: 'tests_require'
[1.482s]   warnings.warn(msg)
[1.649s] running develop
[1.650s] /usr/local/lib/python3.8/dist-packages/setuptools/command/develop.py:42: EasyInstallDeprecationWarning: easy_install command is deprecated.
[1.651s] !!
[1.653s] 
[1.654s]         ********************************************************************************
[1.655s]         Please avoid running ``setup.py`` and ``easy_install``.
[1.656s]         Instead, use pypa/build, pypa/installer or other
[1.661s]         standards-based tools.
[1.663s] 
[1.664s]         See https://github.com/pypa/setuptools/issues/917 for details.
[1.665s]         ********************************************************************************
[1.666s] 
[1.667s] !!
[1.668s]   easy_install.initialize_options(self)
[1.849s] running egg_info
[1.865s] writing autonomous_driving_pkg.egg-info/PKG-INFO
[1.867s] writing dependency_links to autonomous_driving_pkg.egg-info/dependency_links.txt
[1.868s] writing entry points to autonomous_driving_pkg.egg-info/entry_points.txt
[1.869s] writing requirements to autonomous_driving_pkg.egg-info/requires.txt
[1.871s] writing top-level names to autonomous_driving_pkg.egg-info/top_level.txt
[1.905s] reading manifest file 'autonomous_driving_pkg.egg-info/SOURCES.txt'
[1.906s] writing manifest file 'autonomous_driving_pkg.egg-info/SOURCES.txt'
[1.964s] running build_ext
[1.965s] Creating /home/f1tenth_ws/install/autonomous_driving_pkg/lib/python3.8/site-packages/autonomous-driving-pkg.egg-link (link to .)
[1.966s] Installing altrnate_waypoint_follower script to /home/f1tenth_ws/install/autonomous_driving_pkg/lib/autonomous_driving_pkg
[1.968s] Installing follow_the_gap script to /home/f1tenth_ws/install/autonomous_driving_pkg/lib/autonomous_driving_pkg
[1.969s] Installing pp_node script to /home/f1tenth_ws/install/autonomous_driving_pkg/lib/autonomous_driving_pkg
[1.970s] 
[1.971s] Installed /home/f1tenth_ws/build/autonomous_driving_pkg
[1.973s] running symlink_data
[2.023s] Invoked command in '/home/f1tenth_ws/build/autonomous_driving_pkg' returned '0': PYTHONPATH=/home/f1tenth_ws/build/autonomous_driving_pkg/prefix_override:/usr/lib/python3/dist-packages/colcon_core/task/python/colcon_distutils_commands:/home/f1tenth_ws/install/autonomous_driving_pkg/lib/python3.8/site-packages:${PYTHONPATH} _=/usr/bin/env /usr/bin/python3 -W ignore:setup.py install is deprecated setup.py develop --editable --build-directory /home/f1tenth_ws/build/autonomous_driving_pkg/build --no-deps symlink_data
