[1.873s] Invoking command in '/home/f1tenth_ws/src/wall_following': PYTHONPATH=/home/f1tenth_ws/build/wall_following/prefix_override:/usr/lib/python3/dist-packages/colcon_core/task/python/colcon_distutils_commands:/home/f1tenth_ws/install/wall_following/lib/python3.8/site-packages:${PYTHONPATH} _=/usr/bin/env /usr/bin/python3 -W ignore:setup.py install is deprecated setup.py egg_info --egg-base ../../build/wall_following build --build-base /home/f1tenth_ws/build/wall_following/build install --record /home/f1tenth_ws/build/wall_following/install.log --install-scripts $base/lib/wall_following --single-version-externally-managed install_data
[2.103s] /usr/local/lib/python3.8/dist-packages/setuptools/dist.py:447: SetuptoolsDeprecationWarning: Invalid dash-separated options
[2.104s] !!
[2.104s] 
[2.105s]         ********************************************************************************
[2.105s]         Usage of dash-separated 'script-dir' will not be supported in future
[2.106s]         versions. Please use the underscore name 'script_dir' instead.
[2.107s] 
[2.107s]         By 2024-Sep-26, you need to update your project and remove deprecated calls
[2.108s]         or your builds will no longer be supported.
[2.109s] 
[2.110s]         See https://setuptools.pypa.io/en/latest/userguide/declarative_config.html for details.
[2.111s]         ********************************************************************************
[2.111s] 
[2.112s] !!
[2.113s]   opt = self.warn_dash_deprecation(opt, section)
[2.124s] /usr/local/lib/python3.8/dist-packages/setuptools/_distutils/dist.py:268: UserWarning: Unknown distribution option: 'tests_require'
[2.125s]   warnings.warn(msg)
[2.242s] running egg_info
[2.261s] writing ../../build/wall_following/wall_following.egg-info/PKG-INFO
[2.262s] writing dependency_links to ../../build/wall_following/wall_following.egg-info/dependency_links.txt
[2.262s] writing entry points to ../../build/wall_following/wall_following.egg-info/entry_points.txt
[2.263s] writing requirements to ../../build/wall_following/wall_following.egg-info/requires.txt
[2.267s] writing top-level names to ../../build/wall_following/wall_following.egg-info/top_level.txt
[2.418s] reading manifest file '../../build/wall_following/wall_following.egg-info/SOURCES.txt'
[2.418s] writing manifest file '../../build/wall_following/wall_following.egg-info/SOURCES.txt'
[2.419s] running build
[2.420s] running build_py
[2.420s] copying wall_following/__init__.py -> /home/f1tenth_ws/build/wall_following/build/lib/wall_following
[2.421s] copying wall_following/wall_following.py -> /home/f1tenth_ws/build/wall_following/build/lib/wall_following
[2.421s] running install
[2.422s] running install_lib
[2.438s] running install_data
[2.440s] copying resource/wall_following -> /home/f1tenth_ws/install/wall_following/share/ament_index/resource_index/packages
[2.440s] copying package.xml -> /home/f1tenth_ws/install/wall_following/share/wall_following
[2.441s] running install_egg_info
[2.456s] removing '/home/f1tenth_ws/install/wall_following/lib/python3.8/site-packages/wall_following-0.0.0-py3.8.egg-info' (and everything under it)
[2.458s] Copying ../../build/wall_following/wall_following.egg-info to /home/f1tenth_ws/install/wall_following/lib/python3.8/site-packages/wall_following-0.0.0-py3.8.egg-info
[2.458s] running install_scripts
[2.502s] Installing wall_following script to /home/f1tenth_ws/install/wall_following/lib/wall_following
[2.502s] writing list of installed files to '/home/f1tenth_ws/build/wall_following/install.log'
[2.663s] Invoked command in '/home/f1tenth_ws/src/wall_following' returned '0': PYTHONPATH=/home/f1tenth_ws/build/wall_following/prefix_override:/usr/lib/python3/dist-packages/colcon_core/task/python/colcon_distutils_commands:/home/f1tenth_ws/install/wall_following/lib/python3.8/site-packages:${PYTHONPATH} _=/usr/bin/env /usr/bin/python3 -W ignore:setup.py install is deprecated setup.py egg_info --egg-base ../../build/wall_following build --build-base /home/f1tenth_ws/build/wall_following/build install --record /home/f1tenth_ws/build/wall_following/install.log --install-scripts $base/lib/wall_following --single-version-externally-managed install_data
