[1.808s] Invoking command in '/home/f1tenth_ws/src/wall_following': PYTHONPATH=/home/f1tenth_ws/build/wall_following/prefix_override:/usr/lib/python3/dist-packages/colcon_core/task/python/colcon_distutils_commands:/home/f1tenth_ws/install/wall_following/lib/python3.8/site-packages:${PYTHONPATH} _=/usr/bin/env /usr/bin/python3 -W ignore:setup.py install is deprecated setup.py egg_info --egg-base ../../build/wall_following build --build-base /home/f1tenth_ws/build/wall_following/build install --record /home/f1tenth_ws/build/wall_following/install.log --install-scripts $base/lib/wall_following --single-version-externally-managed install_data
[2.032s] /usr/local/lib/python3.8/dist-packages/setuptools/dist.py:447: SetuptoolsDeprecationWarning: Invalid dash-separated options
[2.032s] !!
[2.033s] 
[2.033s]         ********************************************************************************
[2.034s]         Usage of dash-separated 'script-dir' will not be supported in future
[2.037s]         versions. Please use the underscore name 'script_dir' instead.
[2.038s] 
[2.039s]         By 2024-Sep-26, you need to update your project and remove deprecated calls
[2.039s]         or your builds will no longer be supported.
[2.039s] 
[2.040s]         See https://setuptools.pypa.io/en/latest/userguide/declarative_config.html for details.
[2.040s]         ********************************************************************************
[2.041s] 
[2.041s] !!
[2.042s]   opt = self.warn_dash_deprecation(opt, section)
[2.051s] /usr/local/lib/python3.8/dist-packages/setuptools/_distutils/dist.py:268: UserWarning: Unknown distribution option: 'tests_require'
[2.051s]   warnings.warn(msg)
[2.179s] running egg_info
[2.183s] writing ../../build/wall_following/wall_following.egg-info/PKG-INFO
[2.184s] writing dependency_links to ../../build/wall_following/wall_following.egg-info/dependency_links.txt
[2.184s] writing entry points to ../../build/wall_following/wall_following.egg-info/entry_points.txt
[2.184s] writing requirements to ../../build/wall_following/wall_following.egg-info/requires.txt
[2.185s] writing top-level names to ../../build/wall_following/wall_following.egg-info/top_level.txt
[2.315s] reading manifest file '../../build/wall_following/wall_following.egg-info/SOURCES.txt'
[2.317s] writing manifest file '../../build/wall_following/wall_following.egg-info/SOURCES.txt'
[2.317s] running build
[2.318s] running build_py
[2.318s] copying wall_following/__init__.py -> /home/f1tenth_ws/build/wall_following/build/lib/wall_following
[2.319s] copying wall_following/wall_following.py -> /home/f1tenth_ws/build/wall_following/build/lib/wall_following
[2.319s] running install
[2.323s] running install_lib
[2.342s] running install_data
[2.343s] copying resource/wall_following -> /home/f1tenth_ws/install/wall_following/share/ament_index/resource_index/packages
[2.343s] copying package.xml -> /home/f1tenth_ws/install/wall_following/share/wall_following
[2.343s] running install_egg_info
[2.361s] removing '/home/f1tenth_ws/install/wall_following/lib/python3.8/site-packages/wall_following-0.0.0-py3.8.egg-info' (and everything under it)
[2.362s] Copying ../../build/wall_following/wall_following.egg-info to /home/f1tenth_ws/install/wall_following/lib/python3.8/site-packages/wall_following-0.0.0-py3.8.egg-info
[2.364s] running install_scripts
[2.408s] Installing wall_following script to /home/f1tenth_ws/install/wall_following/lib/wall_following
[2.408s] writing list of installed files to '/home/f1tenth_ws/build/wall_following/install.log'
[2.786s] Invoked command in '/home/f1tenth_ws/src/wall_following' returned '0': PYTHONPATH=/home/f1tenth_ws/build/wall_following/prefix_override:/usr/lib/python3/dist-packages/colcon_core/task/python/colcon_distutils_commands:/home/f1tenth_ws/install/wall_following/lib/python3.8/site-packages:${PYTHONPATH} _=/usr/bin/env /usr/bin/python3 -W ignore:setup.py install is deprecated setup.py egg_info --egg-base ../../build/wall_following build --build-base /home/f1tenth_ws/build/wall_following/build install --record /home/f1tenth_ws/build/wall_following/install.log --install-scripts $base/lib/wall_following --single-version-externally-managed install_data
