[2.162s] Invoking command in '/home/f1tenth_ws/src/voice_control': PYTHONPATH=/home/f1tenth_ws/build/voice_control/prefix_override:/usr/lib/python3/dist-packages/colcon_core/task/python/colcon_distutils_commands:/home/f1tenth_ws/install/voice_control/lib/python3.8/site-packages: _=/usr/bin/env /usr/bin/python3 -W ignore:setup.py install is deprecated setup.py egg_info --egg-base ../../build/voice_control build --build-base /home/f1tenth_ws/build/voice_control/build install --record /home/f1tenth_ws/build/voice_control/install.log --install-scripts $base/lib/voice_control --single-version-externally-managed install_data
[2.376s] /usr/local/lib/python3.8/dist-packages/setuptools/dist.py:447: SetuptoolsDeprecationWarning: Invalid dash-separated options
[2.379s] !!
[2.380s] 
[2.382s]         ********************************************************************************
[2.383s]         Usage of dash-separated 'script-dir' will not be supported in future
[2.384s]         versions. Please use the underscore name 'script_dir' instead.
[2.386s] 
[2.387s]         By 2024-Sep-26, you need to update your project and remove deprecated calls
[2.389s]         or your builds will no longer be supported.
[2.391s] 
[2.392s]         See https://setuptools.pypa.io/en/latest/userguide/declarative_config.html for details.
[2.393s]         ********************************************************************************
[2.394s] 
[2.395s] !!
[2.396s]   opt = self.warn_dash_deprecation(opt, section)
[2.397s] /usr/local/lib/python3.8/dist-packages/setuptools/_distutils/dist.py:268: UserWarning: Unknown distribution option: 'tests_require'
[2.398s]   warnings.warn(msg)
[2.476s] running egg_info
[2.489s] writing ../../build/voice_control/voice_control.egg-info/PKG-INFO
[2.490s] writing dependency_links to ../../build/voice_control/voice_control.egg-info/dependency_links.txt
[2.491s] writing entry points to ../../build/voice_control/voice_control.egg-info/entry_points.txt
[2.492s] writing requirements to ../../build/voice_control/voice_control.egg-info/requires.txt
[2.493s] writing top-level names to ../../build/voice_control/voice_control.egg-info/top_level.txt
[2.597s] reading manifest file '../../build/voice_control/voice_control.egg-info/SOURCES.txt'
[2.601s] writing manifest file '../../build/voice_control/voice_control.egg-info/SOURCES.txt'
[2.602s] running build
[2.603s] running build_py
[2.604s] copying voice_control/__init__.py -> /home/f1tenth_ws/build/voice_control/build/lib/voice_control
[2.606s] copying voice_control/voice_command_node.py -> /home/f1tenth_ws/build/voice_control/build/lib/voice_control
[2.607s] copying voice_control/to_text.py -> /home/f1tenth_ws/build/voice_control/build/lib/voice_control
[2.608s] running install
[2.609s] running install_lib
[2.644s] running install_data
[2.644s] copying package.xml -> /home/f1tenth_ws/install/voice_control/share/voice_control
[2.645s] running install_egg_info
[2.647s] removing '/home/f1tenth_ws/install/voice_control/lib/python3.8/site-packages/voice_control-0.0.0-py3.8.egg-info' (and everything under it)
[2.648s] Copying ../../build/voice_control/voice_control.egg-info to /home/f1tenth_ws/install/voice_control/lib/python3.8/site-packages/voice_control-0.0.0-py3.8.egg-info
[2.650s] running install_scripts
[2.690s] Installing voice_command_node script to /home/f1tenth_ws/install/voice_control/lib/voice_control
[2.692s] writing list of installed files to '/home/f1tenth_ws/build/voice_control/install.log'
[2.752s] Invoked command in '/home/f1tenth_ws/src/voice_control' returned '0': PYTHONPATH=/home/f1tenth_ws/build/voice_control/prefix_override:/usr/lib/python3/dist-packages/colcon_core/task/python/colcon_distutils_commands:/home/f1tenth_ws/install/voice_control/lib/python3.8/site-packages: _=/usr/bin/env /usr/bin/python3 -W ignore:setup.py install is deprecated setup.py egg_info --egg-base ../../build/voice_control build --build-base /home/f1tenth_ws/build/voice_control/build install --record /home/f1tenth_ws/build/voice_control/install.log --install-scripts $base/lib/voice_control --single-version-externally-managed install_data
