[0.308s] Invoking command in '/home/f1tenth_ws/build/vesc_msgs': CMAKE_PREFIX_PATH=${CMAKE_PREFIX_PATH}:/home/f1tenth_ws/install/voice_control:/home/f1tenth_ws/install/f1tenth_stack:/home/f1tenth_ws/install/joy_teleop:/home/f1tenth_ws/install/mouse_teleop:/home/f1tenth_ws/install/key_teleop:/home/f1tenth_ws/install/joystick_ros2:/home/f1tenth_ws/install/ament_uncrustify:/home/f1tenth_ws/install/ament_pycodestyle:/home/f1tenth_ws/install/ament_package:/home/f1tenth_ws/install/ament_lint:/home/f1tenth_ws/install/ament_cppcheck:/opt/ros/foxy _=/usr/bin/env /usr/bin/cmake --build /home/f1tenth_ws/build/vesc_msgs -- -j8 -l8
[1.552s] [  1%] Built target vesc_msgs__cpp
[1.554s] [ 12%] Built target vesc_msgs__rosidl_generator_c
[1.556s] [ 34%] Built target vesc_msgs__rosidl_typesupport_cpp
[1.557s] [ 34%] Built target vesc_msgs__rosidl_typesupport_introspection_cpp
[1.559s] [ 45%] Built target vesc_msgs__rosidl_typesupport_c
[1.562s] [ 56%] Built target vesc_msgs__rosidl_typesupport_fastrtps_cpp
[1.563s] [ 67%] Built target vesc_msgs__rosidl_typesupport_introspection_c
[1.570s] [ 78%] Built target vesc_msgs__rosidl_typesupport_fastrtps_c
[1.573s] [ 78%] Built target vesc_msgs
[1.573s] [ 80%] Built target vesc_msgs__py
[1.574s] [ 89%] Built target vesc_msgs__python
[1.574s] [ 92%] Built target vesc_msgs__rosidl_typesupport_c__pyext
[1.574s] [ 96%] Built target vesc_msgs__rosidl_typesupport_introspection_c__pyext
[1.575s] [100%] Built target vesc_msgs__rosidl_typesupport_fastrtps_c__pyext
[1.947s] Invoked command in '/home/f1tenth_ws/build/vesc_msgs' returned '0': CMAKE_PREFIX_PATH=${CMAKE_PREFIX_PATH}:/home/f1tenth_ws/install/voice_control:/home/f1tenth_ws/install/f1tenth_stack:/home/f1tenth_ws/install/joy_teleop:/home/f1tenth_ws/install/mouse_teleop:/home/f1tenth_ws/install/key_teleop:/home/f1tenth_ws/install/joystick_ros2:/home/f1tenth_ws/install/ament_uncrustify:/home/f1tenth_ws/install/ament_pycodestyle:/home/f1tenth_ws/install/ament_package:/home/f1tenth_ws/install/ament_lint:/home/f1tenth_ws/install/ament_cppcheck:/opt/ros/foxy _=/usr/bin/env /usr/bin/cmake --build /home/f1tenth_ws/build/vesc_msgs -- -j8 -l8
[3.125s] Invoking command in '/home/f1tenth_ws/build/vesc_msgs': CMAKE_PREFIX_PATH=${CMAKE_PREFIX_PATH}:/home/f1tenth_ws/install/voice_control:/home/f1tenth_ws/install/f1tenth_stack:/home/f1tenth_ws/install/joy_teleop:/home/f1tenth_ws/install/mouse_teleop:/home/f1tenth_ws/install/key_teleop:/home/f1tenth_ws/install/joystick_ros2:/home/f1tenth_ws/install/ament_uncrustify:/home/f1tenth_ws/install/ament_pycodestyle:/home/f1tenth_ws/install/ament_package:/home/f1tenth_ws/install/ament_lint:/home/f1tenth_ws/install/ament_cppcheck:/opt/ros/foxy _=/usr/bin/env /usr/bin/cmake --install /home/f1tenth_ws/build/vesc_msgs
[3.184s] -- Install configuration: ""
[3.186s] -- Up-to-date: /home/f1tenth_ws/install/vesc_msgs/share/ament_index/resource_index/rosidl_interfaces/vesc_msgs
[3.186s] -- Up-to-date: /home/f1tenth_ws/install/vesc_msgs/include/vesc_msgs
[3.187s] -- Up-to-date: /home/f1tenth_ws/install/vesc_msgs/include/vesc_msgs/msg
[3.188s] -- Up-to-date: /home/f1tenth_ws/install/vesc_msgs/include/vesc_msgs/msg/vesc_state.h
[3.190s] -- Up-to-date: /home/f1tenth_ws/install/vesc_msgs/include/vesc_msgs/msg/detail
[3.191s] -- Up-to-date: /home/f1tenth_ws/install/vesc_msgs/include/vesc_msgs/msg/detail/vesc_state__functions.c
[3.191s] -- Up-to-date: /home/f1tenth_ws/install/vesc_msgs/include/vesc_msgs/msg/detail/vesc_state__functions.h
[3.192s] -- Up-to-date: /home/f1tenth_ws/install/vesc_msgs/include/vesc_msgs/msg/detail/vesc_state__struct.h
[3.192s] -- Up-to-date: /home/f1tenth_ws/install/vesc_msgs/include/vesc_msgs/msg/detail/vesc_state__type_support.h
[3.193s] -- Up-to-date: /home/f1tenth_ws/install/vesc_msgs/include/vesc_msgs/msg/detail/vesc_state_stamped__functions.c
[3.193s] -- Up-to-date: /home/f1tenth_ws/install/vesc_msgs/include/vesc_msgs/msg/detail/vesc_state_stamped__functions.h
[3.194s] -- Up-to-date: /home/f1tenth_ws/install/vesc_msgs/include/vesc_msgs/msg/detail/vesc_state_stamped__struct.h
[3.194s] -- Up-to-date: /home/f1tenth_ws/install/vesc_msgs/include/vesc_msgs/msg/detail/vesc_state_stamped__type_support.h
[3.195s] -- Up-to-date: /home/f1tenth_ws/install/vesc_msgs/include/vesc_msgs/msg/detail/vesc_imu__functions.c
[3.196s] -- Up-to-date: /home/f1tenth_ws/install/vesc_msgs/include/vesc_msgs/msg/detail/vesc_imu__functions.h
[3.198s] -- Up-to-date: /home/f1tenth_ws/install/vesc_msgs/include/vesc_msgs/msg/detail/vesc_imu__struct.h
[3.199s] -- Up-to-date: /home/f1tenth_ws/install/vesc_msgs/include/vesc_msgs/msg/detail/vesc_imu__type_support.h
[3.199s] -- Up-to-date: /home/f1tenth_ws/install/vesc_msgs/include/vesc_msgs/msg/detail/vesc_imu_stamped__functions.c
[3.200s] -- Up-to-date: /home/f1tenth_ws/install/vesc_msgs/include/vesc_msgs/msg/detail/vesc_imu_stamped__functions.h
[3.202s] -- Up-to-date: /home/f1tenth_ws/install/vesc_msgs/include/vesc_msgs/msg/detail/vesc_imu_stamped__struct.h
[3.203s] -- Up-to-date: /home/f1tenth_ws/install/vesc_msgs/include/vesc_msgs/msg/detail/vesc_imu_stamped__type_support.h
[3.203s] -- Up-to-date: /home/f1tenth_ws/install/vesc_msgs/include/vesc_msgs/msg/rosidl_generator_c__visibility_control.h
[3.204s] -- Up-to-date: /home/f1tenth_ws/install/vesc_msgs/include/vesc_msgs/msg/vesc_state_stamped.h
[3.204s] -- Up-to-date: /home/f1tenth_ws/install/vesc_msgs/include/vesc_msgs/msg/vesc_imu.h
[3.211s] -- Up-to-date: /home/f1tenth_ws/install/vesc_msgs/include/vesc_msgs/msg/vesc_imu_stamped.h
[3.211s] -- Up-to-date: /home/f1tenth_ws/install/vesc_msgs/share/vesc_msgs/environment/library_path.sh
[3.211s] -- Up-to-date: /home/f1tenth_ws/install/vesc_msgs/share/vesc_msgs/environment/library_path.dsv
[3.212s] -- Up-to-date: /home/f1tenth_ws/install/vesc_msgs/lib/libvesc_msgs__rosidl_generator_c.so
[3.212s] -- Up-to-date: /home/f1tenth_ws/install/vesc_msgs/include/vesc_msgs
[3.212s] -- Up-to-date: /home/f1tenth_ws/install/vesc_msgs/include/vesc_msgs/msg
[3.212s] -- Up-to-date: /home/f1tenth_ws/install/vesc_msgs/include/vesc_msgs/msg/detail
[3.213s] -- Up-to-date: /home/f1tenth_ws/install/vesc_msgs/include/vesc_msgs/msg/detail/vesc_state__rosidl_typesupport_fastrtps_c.h
[3.213s] -- Up-to-date: /home/f1tenth_ws/install/vesc_msgs/include/vesc_msgs/msg/detail/vesc_state_stamped__rosidl_typesupport_fastrtps_c.h
[3.213s] -- Up-to-date: /home/f1tenth_ws/install/vesc_msgs/include/vesc_msgs/msg/detail/vesc_imu__rosidl_typesupport_fastrtps_c.h
[3.213s] -- Up-to-date: /home/f1tenth_ws/install/vesc_msgs/include/vesc_msgs/msg/detail/vesc_imu_stamped__rosidl_typesupport_fastrtps_c.h
[3.213s] -- Up-to-date: /home/f1tenth_ws/install/vesc_msgs/include/vesc_msgs/msg/rosidl_typesupport_fastrtps_c__visibility_control.h
[3.213s] -- Up-to-date: /home/f1tenth_ws/install/vesc_msgs/lib/libvesc_msgs__rosidl_typesupport_fastrtps_c.so
[3.213s] -- Up-to-date: /home/f1tenth_ws/install/vesc_msgs/include/vesc_msgs
[3.213s] -- Up-to-date: /home/f1tenth_ws/install/vesc_msgs/include/vesc_msgs/msg
[3.214s] -- Up-to-date: /home/f1tenth_ws/install/vesc_msgs/include/vesc_msgs/msg/detail
[3.214s] -- Up-to-date: /home/f1tenth_ws/install/vesc_msgs/include/vesc_msgs/msg/detail/vesc_state__rosidl_typesupport_fastrtps_cpp.hpp
[3.214s] -- Up-to-date: /home/f1tenth_ws/install/vesc_msgs/include/vesc_msgs/msg/detail/dds_fastrtps
[3.214s] -- Up-to-date: /home/f1tenth_ws/install/vesc_msgs/include/vesc_msgs/msg/detail/vesc_state_stamped__rosidl_typesupport_fastrtps_cpp.hpp
[3.214s] -- Up-to-date: /home/f1tenth_ws/install/vesc_msgs/include/vesc_msgs/msg/detail/vesc_imu__rosidl_typesupport_fastrtps_cpp.hpp
[3.214s] -- Up-to-date: /home/f1tenth_ws/install/vesc_msgs/include/vesc_msgs/msg/detail/vesc_imu_stamped__rosidl_typesupport_fastrtps_cpp.hpp
[3.214s] -- Up-to-date: /home/f1tenth_ws/install/vesc_msgs/include/vesc_msgs/msg/rosidl_typesupport_fastrtps_cpp__visibility_control.h
[3.214s] -- Up-to-date: /home/f1tenth_ws/install/vesc_msgs/lib/libvesc_msgs__rosidl_typesupport_fastrtps_cpp.so
[3.214s] -- Up-to-date: /home/f1tenth_ws/install/vesc_msgs/include/vesc_msgs
[3.215s] -- Up-to-date: /home/f1tenth_ws/install/vesc_msgs/include/vesc_msgs/msg
[3.215s] -- Up-to-date: /home/f1tenth_ws/install/vesc_msgs/include/vesc_msgs/msg/detail
[3.215s] -- Up-to-date: /home/f1tenth_ws/install/vesc_msgs/include/vesc_msgs/msg/detail/vesc_state__rosidl_typesupport_introspection_c.h
[3.215s] -- Up-to-date: /home/f1tenth_ws/install/vesc_msgs/include/vesc_msgs/msg/detail/vesc_state__type_support.c
[3.215s] -- Up-to-date: /home/f1tenth_ws/install/vesc_msgs/include/vesc_msgs/msg/detail/vesc_state_stamped__rosidl_typesupport_introspection_c.h
[3.215s] -- Up-to-date: /home/f1tenth_ws/install/vesc_msgs/include/vesc_msgs/msg/detail/vesc_state_stamped__type_support.c
[3.215s] -- Up-to-date: /home/f1tenth_ws/install/vesc_msgs/include/vesc_msgs/msg/detail/vesc_imu__rosidl_typesupport_introspection_c.h
[3.216s] -- Up-to-date: /home/f1tenth_ws/install/vesc_msgs/include/vesc_msgs/msg/detail/vesc_imu__type_support.c
[3.217s] -- Up-to-date: /home/f1tenth_ws/install/vesc_msgs/include/vesc_msgs/msg/detail/vesc_imu_stamped__rosidl_typesupport_introspection_c.h
[3.217s] -- Up-to-date: /home/f1tenth_ws/install/vesc_msgs/include/vesc_msgs/msg/detail/vesc_imu_stamped__type_support.c
[3.217s] -- Up-to-date: /home/f1tenth_ws/install/vesc_msgs/include/vesc_msgs/msg/rosidl_typesupport_introspection_c__visibility_control.h
[3.217s] -- Up-to-date: /home/f1tenth_ws/install/vesc_msgs/lib/libvesc_msgs__rosidl_typesupport_introspection_c.so
[3.217s] -- Up-to-date: /home/f1tenth_ws/install/vesc_msgs/lib/libvesc_msgs__rosidl_typesupport_c.so
[3.218s] -- Up-to-date: /home/f1tenth_ws/install/vesc_msgs/include/vesc_msgs
[3.218s] -- Up-to-date: /home/f1tenth_ws/install/vesc_msgs/include/vesc_msgs/msg
[3.218s] -- Up-to-date: /home/f1tenth_ws/install/vesc_msgs/include/vesc_msgs/msg/vesc_state.hpp
[3.218s] -- Up-to-date: /home/f1tenth_ws/install/vesc_msgs/include/vesc_msgs/msg/detail
[3.218s] -- Up-to-date: /home/f1tenth_ws/install/vesc_msgs/include/vesc_msgs/msg/detail/vesc_state__builder.hpp
[3.218s] -- Up-to-date: /home/f1tenth_ws/install/vesc_msgs/include/vesc_msgs/msg/detail/vesc_state__struct.hpp
[3.218s] -- Up-to-date: /home/f1tenth_ws/install/vesc_msgs/include/vesc_msgs/msg/detail/vesc_state__traits.hpp
[3.218s] -- Up-to-date: /home/f1tenth_ws/install/vesc_msgs/include/vesc_msgs/msg/detail/vesc_state__type_support.hpp
[3.218s] -- Up-to-date: /home/f1tenth_ws/install/vesc_msgs/include/vesc_msgs/msg/detail/vesc_state_stamped__builder.hpp
[3.218s] -- Up-to-date: /home/f1tenth_ws/install/vesc_msgs/include/vesc_msgs/msg/detail/vesc_state_stamped__struct.hpp
[3.218s] -- Up-to-date: /home/f1tenth_ws/install/vesc_msgs/include/vesc_msgs/msg/detail/vesc_state_stamped__traits.hpp
[3.219s] -- Up-to-date: /home/f1tenth_ws/install/vesc_msgs/include/vesc_msgs/msg/detail/vesc_state_stamped__type_support.hpp
[3.219s] -- Up-to-date: /home/f1tenth_ws/install/vesc_msgs/include/vesc_msgs/msg/detail/vesc_imu__builder.hpp
[3.219s] -- Up-to-date: /home/f1tenth_ws/install/vesc_msgs/include/vesc_msgs/msg/detail/vesc_imu__struct.hpp
[3.219s] -- Up-to-date: /home/f1tenth_ws/install/vesc_msgs/include/vesc_msgs/msg/detail/vesc_imu__traits.hpp
[3.219s] -- Up-to-date: /home/f1tenth_ws/install/vesc_msgs/include/vesc_msgs/msg/detail/vesc_imu__type_support.hpp
[3.219s] -- Up-to-date: /home/f1tenth_ws/install/vesc_msgs/include/vesc_msgs/msg/detail/vesc_imu_stamped__builder.hpp
[3.219s] -- Up-to-date: /home/f1tenth_ws/install/vesc_msgs/include/vesc_msgs/msg/detail/vesc_imu_stamped__struct.hpp
[3.220s] -- Up-to-date: /home/f1tenth_ws/install/vesc_msgs/include/vesc_msgs/msg/detail/vesc_imu_stamped__traits.hpp
[3.220s] -- Up-to-date: /home/f1tenth_ws/install/vesc_msgs/include/vesc_msgs/msg/detail/vesc_imu_stamped__type_support.hpp
[3.220s] -- Up-to-date: /home/f1tenth_ws/install/vesc_msgs/include/vesc_msgs/msg/rosidl_generator_cpp__visibility_control.hpp
[3.220s] -- Up-to-date: /home/f1tenth_ws/install/vesc_msgs/include/vesc_msgs/msg/vesc_state_stamped.hpp
[3.220s] -- Up-to-date: /home/f1tenth_ws/install/vesc_msgs/include/vesc_msgs/msg/vesc_imu.hpp
[3.220s] -- Up-to-date: /home/f1tenth_ws/install/vesc_msgs/include/vesc_msgs/msg/vesc_imu_stamped.hpp
[3.220s] -- Up-to-date: /home/f1tenth_ws/install/vesc_msgs/include/vesc_msgs
[3.220s] -- Up-to-date: /home/f1tenth_ws/install/vesc_msgs/include/vesc_msgs/msg
[3.220s] -- Up-to-date: /home/f1tenth_ws/install/vesc_msgs/include/vesc_msgs/msg/detail
[3.220s] -- Up-to-date: /home/f1tenth_ws/install/vesc_msgs/include/vesc_msgs/msg/detail/vesc_state__rosidl_typesupport_introspection_cpp.hpp
[3.220s] -- Up-to-date: /home/f1tenth_ws/install/vesc_msgs/include/vesc_msgs/msg/detail/vesc_state__type_support.cpp
[3.221s] -- Up-to-date: /home/f1tenth_ws/install/vesc_msgs/include/vesc_msgs/msg/detail/vesc_state_stamped__rosidl_typesupport_introspection_cpp.hpp
[3.221s] -- Up-to-date: /home/f1tenth_ws/install/vesc_msgs/include/vesc_msgs/msg/detail/vesc_state_stamped__type_support.cpp
[3.221s] -- Up-to-date: /home/f1tenth_ws/install/vesc_msgs/include/vesc_msgs/msg/detail/vesc_imu__rosidl_typesupport_introspection_cpp.hpp
[3.221s] -- Up-to-date: /home/f1tenth_ws/install/vesc_msgs/include/vesc_msgs/msg/detail/vesc_imu__type_support.cpp
[3.221s] -- Up-to-date: /home/f1tenth_ws/install/vesc_msgs/include/vesc_msgs/msg/detail/vesc_imu_stamped__rosidl_typesupport_introspection_cpp.hpp
[3.221s] -- Up-to-date: /home/f1tenth_ws/install/vesc_msgs/include/vesc_msgs/msg/detail/vesc_imu_stamped__type_support.cpp
[3.221s] -- Up-to-date: /home/f1tenth_ws/install/vesc_msgs/lib/libvesc_msgs__rosidl_typesupport_introspection_cpp.so
[3.221s] -- Up-to-date: /home/f1tenth_ws/install/vesc_msgs/lib/libvesc_msgs__rosidl_typesupport_cpp.so
[3.221s] -- Up-to-date: /home/f1tenth_ws/install/vesc_msgs/share/vesc_msgs/environment/pythonpath.sh
[3.222s] -- Up-to-date: /home/f1tenth_ws/install/vesc_msgs/share/vesc_msgs/environment/pythonpath.dsv
[3.222s] -- Up-to-date: /home/f1tenth_ws/install/vesc_msgs/lib/python3.8/site-packages/vesc_msgs/__init__.py
[3.296s] -- Up-to-date: /home/f1tenth_ws/install/vesc_msgs/lib/python3.8/site-packages/vesc_msgs/msg
[3.296s] -- Up-to-date: /home/f1tenth_ws/install/vesc_msgs/lib/python3.8/site-packages/vesc_msgs/msg/_vesc_state.py
[3.299s] -- Up-to-date: /home/f1tenth_ws/install/vesc_msgs/lib/python3.8/site-packages/vesc_msgs/msg/_vesc_state_s.c
[3.300s] -- Up-to-date: /home/f1tenth_ws/install/vesc_msgs/lib/python3.8/site-packages/vesc_msgs/msg/_vesc_state_stamped.py
[3.301s] -- Up-to-date: /home/f1tenth_ws/install/vesc_msgs/lib/python3.8/site-packages/vesc_msgs/msg/_vesc_state_stamped_s.c
[3.302s] -- Up-to-date: /home/f1tenth_ws/install/vesc_msgs/lib/python3.8/site-packages/vesc_msgs/msg/_vesc_imu.py
[3.303s] -- Up-to-date: /home/f1tenth_ws/install/vesc_msgs/lib/python3.8/site-packages/vesc_msgs/msg/_vesc_imu_s.c
[3.304s] -- Up-to-date: /home/f1tenth_ws/install/vesc_msgs/lib/python3.8/site-packages/vesc_msgs/msg/_vesc_imu_stamped.py
[3.304s] -- Up-to-date: /home/f1tenth_ws/install/vesc_msgs/lib/python3.8/site-packages/vesc_msgs/msg/_vesc_imu_stamped_s.c
[3.305s] -- Up-to-date: /home/f1tenth_ws/install/vesc_msgs/lib/python3.8/site-packages/vesc_msgs/msg/__init__.py
[3.306s] -- Up-to-date: /home/f1tenth_ws/install/vesc_msgs/lib/python3.8/site-packages/vesc_msgs/vesc_msgs_s__rosidl_typesupport_fastrtps_c.cpython-38-aarch64-linux-gnu.so
[3.306s] -- Up-to-date: /home/f1tenth_ws/install/vesc_msgs/lib/python3.8/site-packages/vesc_msgs/vesc_msgs_s__rosidl_typesupport_introspection_c.cpython-38-aarch64-linux-gnu.so
[3.307s] -- Up-to-date: /home/f1tenth_ws/install/vesc_msgs/lib/python3.8/site-packages/vesc_msgs/vesc_msgs_s__rosidl_typesupport_c.cpython-38-aarch64-linux-gnu.so
[3.307s] -- Up-to-date: /home/f1tenth_ws/install/vesc_msgs/lib/libvesc_msgs__python.so
[3.311s] -- Up-to-date: /home/f1tenth_ws/install/vesc_msgs/share/vesc_msgs/msg/VescState.idl
[3.312s] -- Up-to-date: /home/f1tenth_ws/install/vesc_msgs/share/vesc_msgs/msg/VescStateStamped.idl
[3.313s] -- Up-to-date: /home/f1tenth_ws/install/vesc_msgs/share/vesc_msgs/msg/VescImu.idl
[3.316s] -- Up-to-date: /home/f1tenth_ws/install/vesc_msgs/share/vesc_msgs/msg/VescImuStamped.idl
[3.318s] -- Up-to-date: /home/f1tenth_ws/install/vesc_msgs/share/vesc_msgs/msg/VescState.msg
[3.318s] -- Up-to-date: /home/f1tenth_ws/install/vesc_msgs/share/vesc_msgs/msg/VescStateStamped.msg
[3.319s] -- Up-to-date: /home/f1tenth_ws/install/vesc_msgs/share/vesc_msgs/msg/VescImu.msg
[3.320s] -- Up-to-date: /home/f1tenth_ws/install/vesc_msgs/share/vesc_msgs/msg/VescImuStamped.msg
[3.322s] -- Up-to-date: /home/f1tenth_ws/install/vesc_msgs/share/ament_index/resource_index/package_run_dependencies/vesc_msgs
[3.322s] -- Up-to-date: /home/f1tenth_ws/install/vesc_msgs/share/ament_index/resource_index/parent_prefix_path/vesc_msgs
[3.323s] -- Up-to-date: /home/f1tenth_ws/install/vesc_msgs/share/vesc_msgs/environment/ament_prefix_path.sh
[3.325s] -- Up-to-date: /home/f1tenth_ws/install/vesc_msgs/share/vesc_msgs/environment/ament_prefix_path.dsv
[3.325s] -- Up-to-date: /home/f1tenth_ws/install/vesc_msgs/share/vesc_msgs/environment/path.sh
[3.327s] -- Up-to-date: /home/f1tenth_ws/install/vesc_msgs/share/vesc_msgs/environment/path.dsv
[3.332s] -- Up-to-date: /home/f1tenth_ws/install/vesc_msgs/share/vesc_msgs/local_setup.bash
[3.333s] -- Up-to-date: /home/f1tenth_ws/install/vesc_msgs/share/vesc_msgs/local_setup.sh
[3.334s] -- Up-to-date: /home/f1tenth_ws/install/vesc_msgs/share/vesc_msgs/local_setup.zsh
[3.335s] -- Up-to-date: /home/f1tenth_ws/install/vesc_msgs/share/vesc_msgs/local_setup.dsv
[3.337s] -- Installing: /home/f1tenth_ws/install/vesc_msgs/share/vesc_msgs/package.dsv
[3.338s] -- Up-to-date: /home/f1tenth_ws/install/vesc_msgs/share/ament_index/resource_index/packages/vesc_msgs
[3.338s] -- Up-to-date: /home/f1tenth_ws/install/vesc_msgs/share/vesc_msgs/cmake/vesc_msgs__rosidl_generator_cExport.cmake
[3.339s] -- Up-to-date: /home/f1tenth_ws/install/vesc_msgs/share/vesc_msgs/cmake/vesc_msgs__rosidl_generator_cExport-noconfig.cmake
[3.341s] -- Up-to-date: /home/f1tenth_ws/install/vesc_msgs/share/vesc_msgs/cmake/vesc_msgs__rosidl_typesupport_introspection_cExport.cmake
[3.341s] -- Up-to-date: /home/f1tenth_ws/install/vesc_msgs/share/vesc_msgs/cmake/vesc_msgs__rosidl_typesupport_introspection_cExport-noconfig.cmake
[3.342s] -- Up-to-date: /home/f1tenth_ws/install/vesc_msgs/share/vesc_msgs/cmake/vesc_msgs__rosidl_typesupport_cExport.cmake
[3.343s] -- Up-to-date: /home/f1tenth_ws/install/vesc_msgs/share/vesc_msgs/cmake/vesc_msgs__rosidl_typesupport_cExport-noconfig.cmake
[3.344s] -- Up-to-date: /home/f1tenth_ws/install/vesc_msgs/share/vesc_msgs/cmake/vesc_msgs__rosidl_generator_cppExport.cmake
[3.345s] -- Up-to-date: /home/f1tenth_ws/install/vesc_msgs/share/vesc_msgs/cmake/vesc_msgs__rosidl_typesupport_introspection_cppExport.cmake
[3.346s] -- Up-to-date: /home/f1tenth_ws/install/vesc_msgs/share/vesc_msgs/cmake/vesc_msgs__rosidl_typesupport_introspection_cppExport-noconfig.cmake
[3.347s] -- Up-to-date: /home/f1tenth_ws/install/vesc_msgs/share/vesc_msgs/cmake/vesc_msgs__rosidl_typesupport_cppExport.cmake
[3.348s] -- Up-to-date: /home/f1tenth_ws/install/vesc_msgs/share/vesc_msgs/cmake/vesc_msgs__rosidl_typesupport_cppExport-noconfig.cmake
[3.348s] -- Up-to-date: /home/f1tenth_ws/install/vesc_msgs/share/vesc_msgs/cmake/rosidl_cmake-extras.cmake
[3.349s] -- Up-to-date: /home/f1tenth_ws/install/vesc_msgs/share/vesc_msgs/cmake/ament_cmake_export_dependencies-extras.cmake
[3.350s] -- Up-to-date: /home/f1tenth_ws/install/vesc_msgs/share/vesc_msgs/cmake/ament_cmake_export_libraries-extras.cmake
[3.352s] -- Up-to-date: /home/f1tenth_ws/install/vesc_msgs/share/vesc_msgs/cmake/ament_cmake_export_targets-extras.cmake
[3.356s] -- Up-to-date: /home/f1tenth_ws/install/vesc_msgs/share/vesc_msgs/cmake/ament_cmake_export_include_directories-extras.cmake
[3.359s] -- Up-to-date: /home/f1tenth_ws/install/vesc_msgs/share/vesc_msgs/cmake/rosidl_cmake_export_typesupport_libraries-extras.cmake
[3.365s] -- Up-to-date: /home/f1tenth_ws/install/vesc_msgs/share/vesc_msgs/cmake/rosidl_cmake_export_typesupport_targets-extras.cmake
[3.366s] -- Up-to-date: /home/f1tenth_ws/install/vesc_msgs/share/vesc_msgs/cmake/vesc_msgsConfig.cmake
[3.367s] -- Up-to-date: /home/f1tenth_ws/install/vesc_msgs/share/vesc_msgs/cmake/vesc_msgsConfig-version.cmake
[3.367s] -- Up-to-date: /home/f1tenth_ws/install/vesc_msgs/share/vesc_msgs/package.xml
[3.419s] Invoked command in '/home/f1tenth_ws/build/vesc_msgs' returned '0': CMAKE_PREFIX_PATH=${CMAKE_PREFIX_PATH}:/home/f1tenth_ws/install/voice_control:/home/f1tenth_ws/install/f1tenth_stack:/home/f1tenth_ws/install/joy_teleop:/home/f1tenth_ws/install/mouse_teleop:/home/f1tenth_ws/install/key_teleop:/home/f1tenth_ws/install/joystick_ros2:/home/f1tenth_ws/install/ament_uncrustify:/home/f1tenth_ws/install/ament_pycodestyle:/home/f1tenth_ws/install/ament_package:/home/f1tenth_ws/install/ament_lint:/home/f1tenth_ws/install/ament_cppcheck:/opt/ros/foxy _=/usr/bin/env /usr/bin/cmake --install /home/f1tenth_ws/build/vesc_msgs
