[3.258s] Invoking command in '/home/f1tenth_ws/src/voice_control': PYTHONPATH=/home/f1tenth_ws/src/build/voice_control/prefix_override:/usr/lib/python3/dist-packages/colcon_core/task/python/colcon_distutils_commands:/home/f1tenth_ws/src/install/voice_control/lib/python3.8/site-packages:${PYTHONPATH} _=/usr/bin/env /usr/bin/python3 -W ignore:setup.py install is deprecated setup.py egg_info --egg-base ../build/voice_control build --build-base /home/f1tenth_ws/src/build/voice_control/build install --record /home/f1tenth_ws/src/build/voice_control/install.log --install-scripts $base/lib/voice_control --single-version-externally-managed install_data
[3.549s] /usr/local/lib/python3.8/dist-packages/setuptools/_distutils/dist.py:268: UserWarning: Unknown distribution option: 'tests_require'
[3.550s]   warnings.warn(msg)
[3.594s] /usr/local/lib/python3.8/dist-packages/setuptools/dist.py:447: SetuptoolsDeprecationWarning: Invalid dash-separated options
[3.594s] !!
[3.595s] 
[3.602s]         ********************************************************************************
[3.603s]         Usage of dash-separated 'script-dir' will not be supported in future
[3.603s]         versions. Please use the underscore name 'script_dir' instead.
[3.607s] 
[3.608s]         By 2024-Sep-26, you need to update your project and remove deprecated calls
[3.608s]         or your builds will no longer be supported.
[3.609s] 
[3.609s]         See https://setuptools.pypa.io/en/latest/userguide/declarative_config.html for details.
[3.610s]         ********************************************************************************
[3.610s] 
[3.610s] !!
[3.611s]   opt = self.warn_dash_deprecation(opt, section)
[3.974s] Sorry: TabError: inconsistent use of tabs and spaces in indentation (voice_command_node.py, line 54)
[4.163s] Invoked command in '/home/f1tenth_ws/src/voice_control' returned '0': PYTHONPATH=/home/f1tenth_ws/src/build/voice_control/prefix_override:/usr/lib/python3/dist-packages/colcon_core/task/python/colcon_distutils_commands:/home/f1tenth_ws/src/install/voice_control/lib/python3.8/site-packages:${PYTHONPATH} _=/usr/bin/env /usr/bin/python3 -W ignore:setup.py install is deprecated setup.py egg_info --egg-base ../build/voice_control build --build-base /home/f1tenth_ws/src/build/voice_control/build install --record /home/f1tenth_ws/src/build/voice_control/install.log --install-scripts $base/lib/voice_control --single-version-externally-managed install_data
