[3.177s] Invoking command in '/home/f1tenth_ws/src/f1tenth_system/teleop_tools/key_teleop': PYTHONPATH=/home/f1tenth_ws/build/key_teleop/prefix_override:/usr/lib/python3/dist-packages/colcon_core/task/python/colcon_distutils_commands:/home/f1tenth_ws/install/key_teleop/lib/python3.8/site-packages: _=/usr/bin/env /usr/bin/python3 -W ignore:setup.py install is deprecated setup.py egg_info --egg-base ../../../../build/key_teleop build --build-base /home/f1tenth_ws/build/key_teleop/build install --record /home/f1tenth_ws/build/key_teleop/install.log --install-scripts $base/lib/key_teleop --single-version-externally-managed install_data
[3.406s] /usr/local/lib/python3.8/dist-packages/setuptools/dist.py:447: SetuptoolsDeprecationWarning: Invalid dash-separated options
[3.413s] !!
[3.414s] 
[3.415s]         ********************************************************************************
[3.417s]         Usage of dash-separated 'script-dir' will not be supported in future
[3.418s]         versions. Please use the underscore name 'script_dir' instead.
[3.418s] 
[3.435s]         By 2024-Sep-26, you need to update your project and remove deprecated calls
[3.446s]         or your builds will no longer be supported.
[3.447s] 
[3.448s]         See https://setuptools.pypa.io/en/latest/userguide/declarative_config.html for details.
[3.448s]         ********************************************************************************
[3.448s] 
[3.449s] !!
[3.449s]   opt = self.warn_dash_deprecation(opt, section)
[3.470s] /usr/local/lib/python3.8/dist-packages/setuptools/_distutils/dist.py:268: UserWarning: Unknown distribution option: 'tests_require'
[3.470s]   warnings.warn(msg)
[3.610s] running egg_info
[3.669s] writing ../../../../build/key_teleop/key_teleop.egg-info/PKG-INFO
[3.678s] writing dependency_links to ../../../../build/key_teleop/key_teleop.egg-info/dependency_links.txt
[3.678s] writing entry points to ../../../../build/key_teleop/key_teleop.egg-info/entry_points.txt
[3.679s] writing requirements to ../../../../build/key_teleop/key_teleop.egg-info/requires.txt
[3.680s] writing top-level names to ../../../../build/key_teleop/key_teleop.egg-info/top_level.txt
[4.231s] reading manifest file '../../../../build/key_teleop/key_teleop.egg-info/SOURCES.txt'
[4.233s] adding license file 'LICENSE'
[4.236s] writing manifest file '../../../../build/key_teleop/key_teleop.egg-info/SOURCES.txt'
[4.237s] running build
[4.237s] running build_py
[4.237s] copying key_teleop/__init__.py -> /home/f1tenth_ws/build/key_teleop/build/lib/key_teleop
[4.237s] copying key_teleop/key_teleop.py -> /home/f1tenth_ws/build/key_teleop/build/lib/key_teleop
[4.238s] running install
[4.238s] running install_lib
[4.240s] running install_data
[4.240s] copying config/key_teleop.yaml -> /home/f1tenth_ws/install/key_teleop/share/key_teleop/config
[4.240s] running install_egg_info
[4.277s] removing '/home/f1tenth_ws/install/key_teleop/lib/python3.8/site-packages/key_teleop-0.3.0-py3.8.egg-info' (and everything under it)
[4.279s] Copying ../../../../build/key_teleop/key_teleop.egg-info to /home/f1tenth_ws/install/key_teleop/lib/python3.8/site-packages/key_teleop-0.3.0-py3.8.egg-info
[4.282s] running install_scripts
[4.329s] Installing key_teleop script to /home/f1tenth_ws/install/key_teleop/lib/key_teleop
[4.330s] writing list of installed files to '/home/f1tenth_ws/build/key_teleop/install.log'
[5.039s] Invoked command in '/home/f1tenth_ws/src/f1tenth_system/teleop_tools/key_teleop' returned '0': PYTHONPATH=/home/f1tenth_ws/build/key_teleop/prefix_override:/usr/lib/python3/dist-packages/colcon_core/task/python/colcon_distutils_commands:/home/f1tenth_ws/install/key_teleop/lib/python3.8/site-packages: _=/usr/bin/env /usr/bin/python3 -W ignore:setup.py install is deprecated setup.py egg_info --egg-base ../../../../build/key_teleop build --build-base /home/f1tenth_ws/build/key_teleop/build install --record /home/f1tenth_ws/build/key_teleop/install.log --install-scripts $base/lib/key_teleop --single-version-externally-managed install_data
