[2.761s] Invoking command in '/home/f1tenth_ws/src/wall_following': CONDA_PROMPT_MODIFIER=(base) PYTHONPATH=/home/f1tenth_ws/build/wall_following/prefix_override:/usr/lib/python3/dist-packages/colcon_core/task/python/colcon_distutils_commands:/home/f1tenth_ws/install/wall_following/lib/python3.8/site-packages:${PYTHONPATH} _=/usr/bin/env /usr/bin/python3 -W ignore:setup.py install is deprecated setup.py egg_info --egg-base ../../build/wall_following build --build-base /home/f1tenth_ws/build/wall_following/build install --record /home/f1tenth_ws/build/wall_following/install.log --install-scripts $base/lib/wall_following --single-version-externally-managed install_data
[2.987s] /usr/local/lib/python3.8/dist-packages/setuptools/dist.py:447: SetuptoolsDeprecationWarning: Invalid dash-separated options
[2.988s] !!
[2.988s] 
[2.988s]         ********************************************************************************
[2.989s]         Usage of dash-separated 'script-dir' will not be supported in future
[2.989s]         versions. Please use the underscore name 'script_dir' instead.
[2.990s] 
[2.990s]         This deprecation is overdue, please update your project and remove deprecated
[2.990s]         calls to avoid build errors in the future.
[2.991s] 
[2.991s]         See https://setuptools.pypa.io/en/latest/userguide/declarative_config.html for details.
[2.992s]         ********************************************************************************
[2.992s] 
[2.992s] !!
[2.993s]   opt = self.warn_dash_deprecation(opt, section)
[3.024s] /usr/local/lib/python3.8/dist-packages/setuptools/_distutils/dist.py:268: UserWarning: Unknown distribution option: 'tests_require'
[3.025s]   warnings.warn(msg)
[3.177s] running egg_info
[3.207s] writing ../../build/wall_following/wall_following.egg-info/PKG-INFO
[3.210s] writing dependency_links to ../../build/wall_following/wall_following.egg-info/dependency_links.txt
[3.213s] writing entry points to ../../build/wall_following/wall_following.egg-info/entry_points.txt
[3.215s] writing requirements to ../../build/wall_following/wall_following.egg-info/requires.txt
[3.216s] writing top-level names to ../../build/wall_following/wall_following.egg-info/top_level.txt
[3.384s] reading manifest file '../../build/wall_following/wall_following.egg-info/SOURCES.txt'
[3.385s] writing manifest file '../../build/wall_following/wall_following.egg-info/SOURCES.txt'
[3.386s] running build
[3.387s] running build_py
[3.387s] copying wall_following/__init__.py -> /home/f1tenth_ws/build/wall_following/build/lib/wall_following
[3.387s] copying wall_following/wall_following.py -> /home/f1tenth_ws/build/wall_following/build/lib/wall_following
[3.388s] running install
[3.393s] running install_lib
[3.422s] running install_data
[3.423s] copying resource/wall_following -> /home/f1tenth_ws/install/wall_following/share/ament_index/resource_index/packages
[3.424s] copying package.xml -> /home/f1tenth_ws/install/wall_following/share/wall_following
[3.426s] running install_egg_info
[3.445s] removing '/home/f1tenth_ws/install/wall_following/lib/python3.8/site-packages/wall_following-0.0.0-py3.8.egg-info' (and everything under it)
[3.445s] Copying ../../build/wall_following/wall_following.egg-info to /home/f1tenth_ws/install/wall_following/lib/python3.8/site-packages/wall_following-0.0.0-py3.8.egg-info
[3.447s] running install_scripts
[3.489s] Installing wall_following script to /home/f1tenth_ws/install/wall_following/lib/wall_following
[3.489s] writing list of installed files to '/home/f1tenth_ws/build/wall_following/install.log'
[3.554s] Invoked command in '/home/f1tenth_ws/src/wall_following' returned '0': CONDA_PROMPT_MODIFIER=(base) PYTHONPATH=/home/f1tenth_ws/build/wall_following/prefix_override:/usr/lib/python3/dist-packages/colcon_core/task/python/colcon_distutils_commands:/home/f1tenth_ws/install/wall_following/lib/python3.8/site-packages:${PYTHONPATH} _=/usr/bin/env /usr/bin/python3 -W ignore:setup.py install is deprecated setup.py egg_info --egg-base ../../build/wall_following build --build-base /home/f1tenth_ws/build/wall_following/build install --record /home/f1tenth_ws/build/wall_following/install.log --install-scripts $base/lib/wall_following --single-version-externally-managed install_data
