[3.287s] Invoking command in '/home/f1tenth_ws/src/person_follow': PYTHONPATH=/home/f1tenth_ws/build/person_follow/prefix_override:/usr/lib/python3/dist-packages/colcon_core/task/python/colcon_distutils_commands:/home/f1tenth_ws/install/person_follow/lib/python3.8/site-packages:${PYTHONPATH} _=/usr/bin/env /usr/bin/python3 -W ignore:setup.py install is deprecated setup.py egg_info --egg-base ../../build/person_follow build --build-base /home/f1tenth_ws/build/person_follow/build install --record /home/f1tenth_ws/build/person_follow/install.log --install-scripts $base/lib/person_follow --single-version-externally-managed install_data
[3.499s] /usr/local/lib/python3.8/dist-packages/setuptools/dist.py:447: SetuptoolsDeprecationWarning: Invalid dash-separated options
[3.499s] !!
[3.500s] 
[3.501s]         ********************************************************************************
[3.501s]         Usage of dash-separated 'script-dir' will not be supported in future
[3.502s]         versions. Please use the underscore name 'script_dir' instead.
[3.502s] 
[3.502s]         By 2024-Sep-26, you need to update your project and remove deprecated calls
[3.503s]         or your builds will no longer be supported.
[3.503s] 
[3.504s]         See https://setuptools.pypa.io/en/latest/userguide/declarative_config.html for details.
[3.504s]         ********************************************************************************
[3.505s] 
[3.505s] !!
[3.505s]   opt = self.warn_dash_deprecation(opt, section)
[3.523s] /usr/local/lib/python3.8/dist-packages/setuptools/_distutils/dist.py:268: UserWarning: Unknown distribution option: 'tests_require'
[3.525s]   warnings.warn(msg)
[3.684s] running egg_info
[3.737s] writing ../../build/person_follow/person_follow.egg-info/PKG-INFO
[3.738s] writing dependency_links to ../../build/person_follow/person_follow.egg-info/dependency_links.txt
[3.739s] writing entry points to ../../build/person_follow/person_follow.egg-info/entry_points.txt
[3.739s] writing requirements to ../../build/person_follow/person_follow.egg-info/requires.txt
[3.741s] writing top-level names to ../../build/person_follow/person_follow.egg-info/top_level.txt
[3.995s] reading manifest file '../../build/person_follow/person_follow.egg-info/SOURCES.txt'
[3.995s] writing manifest file '../../build/person_follow/person_follow.egg-info/SOURCES.txt'
[3.996s] running build
[3.996s] running build_py
[3.997s] copying person_follow/__init__.py -> /home/f1tenth_ws/build/person_follow/build/lib/person_follow
[3.998s] copying person_follow/person_follow.py -> /home/f1tenth_ws/build/person_follow/build/lib/person_follow
[3.998s] running install
[4.005s] running install_lib
[4.029s] running install_data
[4.030s] copying resource/person_follow -> /home/f1tenth_ws/install/person_follow/share/ament_index/resource_index/packages
[4.030s] copying package.xml -> /home/f1tenth_ws/install/person_follow/share/person_follow
[4.030s] running install_egg_info
[4.077s] removing '/home/f1tenth_ws/install/person_follow/lib/python3.8/site-packages/person_follow-0.0.0-py3.8.egg-info' (and everything under it)
[4.078s] Copying ../../build/person_follow/person_follow.egg-info to /home/f1tenth_ws/install/person_follow/lib/python3.8/site-packages/person_follow-0.0.0-py3.8.egg-info
[4.078s] running install_scripts
[4.140s] Installing person_follow script to /home/f1tenth_ws/install/person_follow/lib/person_follow
[4.141s] writing list of installed files to '/home/f1tenth_ws/build/person_follow/install.log'
[4.216s] Invoked command in '/home/f1tenth_ws/src/person_follow' returned '0': PYTHONPATH=/home/f1tenth_ws/build/person_follow/prefix_override:/usr/lib/python3/dist-packages/colcon_core/task/python/colcon_distutils_commands:/home/f1tenth_ws/install/person_follow/lib/python3.8/site-packages:${PYTHONPATH} _=/usr/bin/env /usr/bin/python3 -W ignore:setup.py install is deprecated setup.py egg_info --egg-base ../../build/person_follow build --build-base /home/f1tenth_ws/build/person_follow/build install --record /home/f1tenth_ws/build/person_follow/install.log --install-scripts $base/lib/person_follow --single-version-externally-managed install_data
