[2.468s] Invoking command in '/home/f1tenth_ws/src/f1tenth_system/teleop_tools/key_teleop': CONDA_PROMPT_MODIFIER=(base) PYTHONPATH=/home/f1tenth_ws/build/key_teleop/prefix_override:/usr/lib/python3/dist-packages/colcon_core/task/python/colcon_distutils_commands:/home/f1tenth_ws/install/key_teleop/lib/python3.8/site-packages: _=/usr/bin/env /usr/bin/python3 -W ignore:setup.py install is deprecated setup.py egg_info --egg-base ../../../../build/key_teleop build --build-base /home/f1tenth_ws/build/key_teleop/build install --record /home/f1tenth_ws/build/key_teleop/install.log --install-scripts $base/lib/key_teleop --single-version-externally-managed install_data
[2.867s] /usr/local/lib/python3.8/dist-packages/setuptools/dist.py:447: SetuptoolsDeprecationWarning: Invalid dash-separated options
[2.867s] !!
[2.868s] 
[2.868s]         ********************************************************************************
[2.869s]         Usage of dash-separated 'script-dir' will not be supported in future
[2.870s]         versions. Please use the underscore name 'script_dir' instead.
[2.870s] 
[2.871s]         This deprecation is overdue, please update your project and remove deprecated
[2.871s]         calls to avoid build errors in the future.
[2.872s] 
[2.872s]         See https://setuptools.pypa.io/en/latest/userguide/declarative_config.html for details.
[2.872s]         ********************************************************************************
[2.873s] 
[2.874s] !!
[2.874s]   opt = self.warn_dash_deprecation(opt, section)
[2.888s] /usr/local/lib/python3.8/dist-packages/setuptools/_distutils/dist.py:268: UserWarning: Unknown distribution option: 'tests_require'
[2.888s]   warnings.warn(msg)
[3.034s] running egg_info
[3.064s] writing ../../../../build/key_teleop/key_teleop.egg-info/PKG-INFO
[3.066s] writing dependency_links to ../../../../build/key_teleop/key_teleop.egg-info/dependency_links.txt
[3.066s] writing entry points to ../../../../build/key_teleop/key_teleop.egg-info/entry_points.txt
[3.067s] writing requirements to ../../../../build/key_teleop/key_teleop.egg-info/requires.txt
[3.067s] writing top-level names to ../../../../build/key_teleop/key_teleop.egg-info/top_level.txt
[3.232s] reading manifest file '../../../../build/key_teleop/key_teleop.egg-info/SOURCES.txt'
[3.234s] adding license file 'LICENSE'
[3.235s] writing manifest file '../../../../build/key_teleop/key_teleop.egg-info/SOURCES.txt'
[3.235s] running build
[3.238s] running build_py
[3.250s] copying key_teleop/__init__.py -> /home/f1tenth_ws/build/key_teleop/build/lib/key_teleop
[3.251s] copying key_teleop/key_teleop.py -> /home/f1tenth_ws/build/key_teleop/build/lib/key_teleop
[3.252s] running install
[3.254s] running install_lib
[3.286s] running install_data
[3.287s] copying config/key_teleop.yaml -> /home/f1tenth_ws/install/key_teleop/share/key_teleop/config
[3.288s] running install_egg_info
[3.531s] removing '/home/f1tenth_ws/install/key_teleop/lib/python3.8/site-packages/key_teleop-0.3.0-py3.8.egg-info' (and everything under it)
[3.532s] Copying ../../../../build/key_teleop/key_teleop.egg-info to /home/f1tenth_ws/install/key_teleop/lib/python3.8/site-packages/key_teleop-0.3.0-py3.8.egg-info
[3.534s] running install_scripts
[3.542s] Installing key_teleop script to /home/f1tenth_ws/install/key_teleop/lib/key_teleop
[3.542s] writing list of installed files to '/home/f1tenth_ws/build/key_teleop/install.log'
[3.655s] Invoked command in '/home/f1tenth_ws/src/f1tenth_system/teleop_tools/key_teleop' returned '0': CONDA_PROMPT_MODIFIER=(base) PYTHONPATH=/home/f1tenth_ws/build/key_teleop/prefix_override:/usr/lib/python3/dist-packages/colcon_core/task/python/colcon_distutils_commands:/home/f1tenth_ws/install/key_teleop/lib/python3.8/site-packages: _=/usr/bin/env /usr/bin/python3 -W ignore:setup.py install is deprecated setup.py egg_info --egg-base ../../../../build/key_teleop build --build-base /home/f1tenth_ws/build/key_teleop/build install --record /home/f1tenth_ws/build/key_teleop/install.log --install-scripts $base/lib/key_teleop --single-version-externally-managed install_data
