[2.966s] Invoking command in '/home/f1tenth_ws/src/f1tenth_system/teleop_tools/key_teleop': CONDA_PROMPT_MODIFIER=(base) PYTHONPATH=/home/f1tenth_ws/build/key_teleop/prefix_override:/usr/lib/python3/dist-packages/colcon_core/task/python/colcon_distutils_commands:/home/f1tenth_ws/install/key_teleop/lib/python3.8/site-packages: _=/usr/bin/env /usr/bin/python3 -W ignore:setup.py install is deprecated setup.py egg_info --egg-base ../../../../build/key_teleop build --build-base /home/f1tenth_ws/build/key_teleop/build install --record /home/f1tenth_ws/build/key_teleop/install.log --install-scripts $base/lib/key_teleop --single-version-externally-managed install_data
[3.295s] /usr/local/lib/python3.8/dist-packages/setuptools/dist.py:447: SetuptoolsDeprecationWarning: Invalid dash-separated options
[3.296s] !!
[3.296s] 
[3.297s]         ********************************************************************************
[3.297s]         Usage of dash-separated 'script-dir' will not be supported in future
[3.298s]         versions. Please use the underscore name 'script_dir' instead.
[3.298s] 
[3.299s]         This deprecation is overdue, please update your project and remove deprecated
[3.302s]         calls to avoid build errors in the future.
[3.303s] 
[3.305s]         See https://setuptools.pypa.io/en/latest/userguide/declarative_config.html for details.
[3.305s]         ********************************************************************************
[3.306s] 
[3.306s] !!
[3.307s]   opt = self.warn_dash_deprecation(opt, section)
[3.343s] /usr/local/lib/python3.8/dist-packages/setuptools/_distutils/dist.py:268: UserWarning: Unknown distribution option: 'tests_require'
[3.343s]   warnings.warn(msg)
[3.462s] running egg_info
[3.482s] writing ../../../../build/key_teleop/key_teleop.egg-info/PKG-INFO
[3.482s] writing dependency_links to ../../../../build/key_teleop/key_teleop.egg-info/dependency_links.txt
[3.482s] writing entry points to ../../../../build/key_teleop/key_teleop.egg-info/entry_points.txt
[3.483s] writing requirements to ../../../../build/key_teleop/key_teleop.egg-info/requires.txt
[3.489s] writing top-level names to ../../../../build/key_teleop/key_teleop.egg-info/top_level.txt
[3.601s] reading manifest file '../../../../build/key_teleop/key_teleop.egg-info/SOURCES.txt'
[3.602s] adding license file 'LICENSE'
[3.603s] writing manifest file '../../../../build/key_teleop/key_teleop.egg-info/SOURCES.txt'
[3.605s] running build
[3.606s] running build_py
[3.606s] copying key_teleop/__init__.py -> /home/f1tenth_ws/build/key_teleop/build/lib/key_teleop
[3.607s] copying key_teleop/key_teleop.py -> /home/f1tenth_ws/build/key_teleop/build/lib/key_teleop
[3.607s] running install
[3.611s] running install_lib
[3.630s] running install_data
[3.631s] copying config/key_teleop.yaml -> /home/f1tenth_ws/install/key_teleop/share/key_teleop/config
[3.632s] running install_egg_info
[3.649s] removing '/home/f1tenth_ws/install/key_teleop/lib/python3.8/site-packages/key_teleop-0.3.0-py3.8.egg-info' (and everything under it)
[3.650s] Copying ../../../../build/key_teleop/key_teleop.egg-info to /home/f1tenth_ws/install/key_teleop/lib/python3.8/site-packages/key_teleop-0.3.0-py3.8.egg-info
[3.654s] running install_scripts
[3.690s] Installing key_teleop script to /home/f1tenth_ws/install/key_teleop/lib/key_teleop
[3.690s] writing list of installed files to '/home/f1tenth_ws/build/key_teleop/install.log'
[4.086s] Invoked command in '/home/f1tenth_ws/src/f1tenth_system/teleop_tools/key_teleop' returned '0': CONDA_PROMPT_MODIFIER=(base) PYTHONPATH=/home/f1tenth_ws/build/key_teleop/prefix_override:/usr/lib/python3/dist-packages/colcon_core/task/python/colcon_distutils_commands:/home/f1tenth_ws/install/key_teleop/lib/python3.8/site-packages: _=/usr/bin/env /usr/bin/python3 -W ignore:setup.py install is deprecated setup.py egg_info --egg-base ../../../../build/key_teleop build --build-base /home/f1tenth_ws/build/key_teleop/build install --record /home/f1tenth_ws/build/key_teleop/install.log --install-scripts $base/lib/key_teleop --single-version-externally-managed install_data
