[2.953s] Invoking command in '/home/f1tenth_ws/src/f1tenth_system/teleop_tools/key_teleop': PYTHONPATH=/home/f1tenth_ws/build/key_teleop/prefix_override:/usr/lib/python3/dist-packages/colcon_core/task/python/colcon_distutils_commands:/home/f1tenth_ws/install/key_teleop/lib/python3.8/site-packages:${PYTHONPATH} _=/usr/bin/env /usr/bin/python3 -W ignore:setup.py install is deprecated setup.py egg_info --egg-base ../../../../build/key_teleop build --build-base /home/f1tenth_ws/build/key_teleop/build install --record /home/f1tenth_ws/build/key_teleop/install.log --install-scripts $base/lib/key_teleop --single-version-externally-managed install_data
[3.387s] /usr/local/lib/python3.8/dist-packages/setuptools/dist.py:447: SetuptoolsDeprecationWarning: Invalid dash-separated options
[3.387s] !!
[3.394s] 
[3.395s]         ********************************************************************************
[3.407s]         Usage of dash-separated 'script-dir' will not be supported in future
[3.407s]         versions. Please use the underscore name 'script_dir' instead.
[3.408s] 
[3.412s]         By 2024-Sep-26, you need to update your project and remove deprecated calls
[3.414s]         or your builds will no longer be supported.
[3.417s] 
[3.421s]         See https://setuptools.pypa.io/en/latest/userguide/declarative_config.html for details.
[3.422s]         ********************************************************************************
[3.423s] 
[3.424s] !!
[3.425s]   opt = self.warn_dash_deprecation(opt, section)
[3.448s] /usr/local/lib/python3.8/dist-packages/setuptools/_distutils/dist.py:268: UserWarning: Unknown distribution option: 'tests_require'
[3.448s]   warnings.warn(msg)
[3.580s] running egg_info
[3.619s] writing ../../../../build/key_teleop/key_teleop.egg-info/PKG-INFO
[3.619s] writing dependency_links to ../../../../build/key_teleop/key_teleop.egg-info/dependency_links.txt
[3.620s] writing entry points to ../../../../build/key_teleop/key_teleop.egg-info/entry_points.txt
[3.620s] writing requirements to ../../../../build/key_teleop/key_teleop.egg-info/requires.txt
[3.621s] writing top-level names to ../../../../build/key_teleop/key_teleop.egg-info/top_level.txt
[3.882s] reading manifest file '../../../../build/key_teleop/key_teleop.egg-info/SOURCES.txt'
[3.883s] adding license file 'LICENSE'
[3.883s] writing manifest file '../../../../build/key_teleop/key_teleop.egg-info/SOURCES.txt'
[3.884s] running build
[3.885s] running build_py
[3.885s] copying key_teleop/__init__.py -> /home/f1tenth_ws/build/key_teleop/build/lib/key_teleop
[3.887s] copying key_teleop/key_teleop.py -> /home/f1tenth_ws/build/key_teleop/build/lib/key_teleop
[3.887s] running install
[3.891s] running install_lib
[3.920s] running install_data
[3.920s] copying config/key_teleop.yaml -> /home/f1tenth_ws/install/key_teleop/share/key_teleop/config
[3.921s] running install_egg_info
[3.951s] removing '/home/f1tenth_ws/install/key_teleop/lib/python3.8/site-packages/key_teleop-0.3.0-py3.8.egg-info' (and everything under it)
[3.953s] Copying ../../../../build/key_teleop/key_teleop.egg-info to /home/f1tenth_ws/install/key_teleop/lib/python3.8/site-packages/key_teleop-0.3.0-py3.8.egg-info
[3.961s] running install_scripts
[4.019s] Installing key_teleop script to /home/f1tenth_ws/install/key_teleop/lib/key_teleop
[4.031s] writing list of installed files to '/home/f1tenth_ws/build/key_teleop/install.log'
[4.425s] Invoked command in '/home/f1tenth_ws/src/f1tenth_system/teleop_tools/key_teleop' returned '0': PYTHONPATH=/home/f1tenth_ws/build/key_teleop/prefix_override:/usr/lib/python3/dist-packages/colcon_core/task/python/colcon_distutils_commands:/home/f1tenth_ws/install/key_teleop/lib/python3.8/site-packages:${PYTHONPATH} _=/usr/bin/env /usr/bin/python3 -W ignore:setup.py install is deprecated setup.py egg_info --egg-base ../../../../build/key_teleop build --build-base /home/f1tenth_ws/build/key_teleop/build install --record /home/f1tenth_ws/build/key_teleop/install.log --install-scripts $base/lib/key_teleop --single-version-externally-managed install_data
