[3.659s] Invoking command in '/home/f1tenth_ws/src/wall_following': PYTHONPATH=/home/f1tenth_ws/src/build/wall_following/prefix_override:/usr/lib/python3/dist-packages/colcon_core/task/python/colcon_distutils_commands:/home/f1tenth_ws/src/install/wall_following/lib/python3.8/site-packages:${PYTHONPATH} _=/usr/bin/env /usr/bin/python3 -W ignore:setup.py install is deprecated setup.py egg_info --egg-base ../build/wall_following build --build-base /home/f1tenth_ws/src/build/wall_following/build install --record /home/f1tenth_ws/src/build/wall_following/install.log --install-scripts $base/lib/wall_following --single-version-externally-managed install_data
[3.990s] /usr/local/lib/python3.8/dist-packages/setuptools/dist.py:447: SetuptoolsDeprecationWarning: Invalid dash-separated options
[3.992s] !!
[3.993s] 
[3.993s]         ********************************************************************************
[3.993s]         Usage of dash-separated 'script-dir' will not be supported in future
[3.994s]         versions. Please use the underscore name 'script_dir' instead.
[3.994s] 
[3.995s]         By 2024-Sep-26, you need to update your project and remove deprecated calls
[3.996s]         or your builds will no longer be supported.
[3.997s] 
[3.997s]         See https://setuptools.pypa.io/en/latest/userguide/declarative_config.html for details.
[3.998s]         ********************************************************************************
[3.998s] 
[3.999s] !!
[3.999s]   opt = self.warn_dash_deprecation(opt, section)
[4.012s] /usr/local/lib/python3.8/dist-packages/setuptools/_distutils/dist.py:268: UserWarning: Unknown distribution option: 'tests_require'
[4.013s]   warnings.warn(msg)
[4.166s] running egg_info
[4.167s] creating ../build/wall_following/wall_following.egg-info
[4.198s] writing ../build/wall_following/wall_following.egg-info/PKG-INFO
[4.199s] writing dependency_links to ../build/wall_following/wall_following.egg-info/dependency_links.txt
[4.202s] writing entry points to ../build/wall_following/wall_following.egg-info/entry_points.txt
[4.209s] writing requirements to ../build/wall_following/wall_following.egg-info/requires.txt
[4.211s] writing top-level names to ../build/wall_following/wall_following.egg-info/top_level.txt
[4.412s] writing manifest file '../build/wall_following/wall_following.egg-info/SOURCES.txt'
[4.465s] reading manifest file '../build/wall_following/wall_following.egg-info/SOURCES.txt'
[4.476s] writing manifest file '../build/wall_following/wall_following.egg-info/SOURCES.txt'
[4.476s] running build
[4.476s] running build_py
[4.476s] creating /home/f1tenth_ws/src/build/wall_following/build
[4.476s] creating /home/f1tenth_ws/src/build/wall_following/build/lib
[4.476s] creating /home/f1tenth_ws/src/build/wall_following/build/lib/wall_following
[4.476s] copying wall_following/__init__.py -> /home/f1tenth_ws/src/build/wall_following/build/lib/wall_following
[4.477s] copying wall_following/wall_following.py -> /home/f1tenth_ws/src/build/wall_following/build/lib/wall_following
[4.477s] running install
[4.477s] running install_lib
[4.512s] creating /home/f1tenth_ws/src/install/wall_following/lib/python3.8/site-packages/wall_following
[4.513s] copying /home/f1tenth_ws/src/build/wall_following/build/lib/wall_following/__init__.py -> /home/f1tenth_ws/src/install/wall_following/lib/python3.8/site-packages/wall_following
[4.517s] copying /home/f1tenth_ws/src/build/wall_following/build/lib/wall_following/wall_following.py -> /home/f1tenth_ws/src/install/wall_following/lib/python3.8/site-packages/wall_following
[4.518s] byte-compiling /home/f1tenth_ws/src/install/wall_following/lib/python3.8/site-packages/wall_following/__init__.py to __init__.cpython-38.pyc
[4.518s] byte-compiling /home/f1tenth_ws/src/install/wall_following/lib/python3.8/site-packages/wall_following/wall_following.py to wall_following.cpython-38.pyc
[4.519s] running install_data
[4.520s] creating /home/f1tenth_ws/src/install/wall_following/share/ament_index
[4.521s] creating /home/f1tenth_ws/src/install/wall_following/share/ament_index/resource_index
[4.521s] creating /home/f1tenth_ws/src/install/wall_following/share/ament_index/resource_index/packages
[4.522s] copying resource/wall_following -> /home/f1tenth_ws/src/install/wall_following/share/ament_index/resource_index/packages
[4.522s] copying package.xml -> /home/f1tenth_ws/src/install/wall_following/share/wall_following
[4.522s] running install_egg_info
[4.540s] Copying ../build/wall_following/wall_following.egg-info to /home/f1tenth_ws/src/install/wall_following/lib/python3.8/site-packages/wall_following-0.0.0-py3.8.egg-info
[4.543s] running install_scripts
[4.633s] Installing wall_following script to /home/f1tenth_ws/src/install/wall_following/lib/wall_following
[4.633s] writing list of installed files to '/home/f1tenth_ws/src/build/wall_following/install.log'
[4.775s] Invoked command in '/home/f1tenth_ws/src/wall_following' returned '0': PYTHONPATH=/home/f1tenth_ws/src/build/wall_following/prefix_override:/usr/lib/python3/dist-packages/colcon_core/task/python/colcon_distutils_commands:/home/f1tenth_ws/src/install/wall_following/lib/python3.8/site-packages:${PYTHONPATH} _=/usr/bin/env /usr/bin/python3 -W ignore:setup.py install is deprecated setup.py egg_info --egg-base ../build/wall_following build --build-base /home/f1tenth_ws/src/build/wall_following/build install --record /home/f1tenth_ws/src/build/wall_following/install.log --install-scripts $base/lib/wall_following --single-version-externally-managed install_data
