[1.169s] Invoking command in '/home/f1tenth_ws/build/autonomous_driving_pkg': PYTHONPATH=/home/f1tenth_ws/build/autonomous_driving_pkg/prefix_override:/usr/lib/python3/dist-packages/colcon_core/task/python/colcon_distutils_commands:/home/f1tenth_ws/install/autonomous_driving_pkg/lib/python3.8/site-packages:${PYTHONPATH} _=/usr/bin/env /usr/bin/python3 -W ignore:setup.py install is deprecated setup.py develop --editable --build-directory /home/f1tenth_ws/build/autonomous_driving_pkg/build --no-deps symlink_data
[1.375s] /usr/local/lib/python3.8/dist-packages/setuptools/dist.py:447: SetuptoolsDeprecationWarning: Invalid dash-separated options
[1.377s] !!
[1.378s] 
[1.379s]         ********************************************************************************
[1.380s]         Usage of dash-separated 'script-dir' will not be supported in future
[1.381s]         versions. Please use the underscore name 'script_dir' instead.
[1.383s] 
[1.384s]         This deprecation is overdue, please update your project and remove deprecated
[1.385s]         calls to avoid build errors in the future.
[1.386s] 
[1.386s]         See https://setuptools.pypa.io/en/latest/userguide/declarative_config.html for details.
[1.387s]         ********************************************************************************
[1.387s] 
[1.388s] !!
[1.388s]   opt = self.warn_dash_deprecation(opt, section)
[1.389s] /usr/local/lib/python3.8/dist-packages/setuptools/_distutils/dist.py:268: UserWarning: Unknown distribution option: 'tests_require'
[1.390s]   warnings.warn(msg)
[1.560s] running develop
[1.561s] /usr/local/lib/python3.8/dist-packages/setuptools/command/develop.py:42: EasyInstallDeprecationWarning: easy_install command is deprecated.
[1.562s] !!
[1.562s] 
[1.563s]         ********************************************************************************
[1.563s]         Please avoid running ``setup.py`` and ``easy_install``.
[1.564s]         Instead, use pypa/build, pypa/installer or other
[1.564s]         standards-based tools.
[1.565s] 
[1.566s]         See https://github.com/pypa/setuptools/issues/917 for details.
[1.566s]         ********************************************************************************
[1.567s] 
[1.567s] !!
[1.568s]   easy_install.initialize_options(self)
[1.759s] running egg_info
[1.776s] writing autonomous_driving_pkg.egg-info/PKG-INFO
[1.778s] writing dependency_links to autonomous_driving_pkg.egg-info/dependency_links.txt
[1.779s] writing entry points to autonomous_driving_pkg.egg-info/entry_points.txt
[1.780s] writing requirements to autonomous_driving_pkg.egg-info/requires.txt
[1.783s] writing top-level names to autonomous_driving_pkg.egg-info/top_level.txt
[1.809s] reading manifest file 'autonomous_driving_pkg.egg-info/SOURCES.txt'
[1.810s] writing manifest file 'autonomous_driving_pkg.egg-info/SOURCES.txt'
[1.869s] running build_ext
[1.870s] Creating /home/f1tenth_ws/install/autonomous_driving_pkg/lib/python3.8/site-packages/autonomous-driving-pkg.egg-link (link to .)
[1.871s] Installing follow_the_gap script to /home/f1tenth_ws/install/autonomous_driving_pkg/lib/autonomous_driving_pkg
[1.871s] Installing pp_node script to /home/f1tenth_ws/install/autonomous_driving_pkg/lib/autonomous_driving_pkg
[1.872s] Installing waypoint_follower script to /home/f1tenth_ws/install/autonomous_driving_pkg/lib/autonomous_driving_pkg
[1.872s] 
[1.873s] Installed /home/f1tenth_ws/build/autonomous_driving_pkg
[1.873s] running symlink_data
[1.928s] Invoked command in '/home/f1tenth_ws/build/autonomous_driving_pkg' returned '0': PYTHONPATH=/home/f1tenth_ws/build/autonomous_driving_pkg/prefix_override:/usr/lib/python3/dist-packages/colcon_core/task/python/colcon_distutils_commands:/home/f1tenth_ws/install/autonomous_driving_pkg/lib/python3.8/site-packages:${PYTHONPATH} _=/usr/bin/env /usr/bin/python3 -W ignore:setup.py install is deprecated setup.py develop --editable --build-directory /home/f1tenth_ws/build/autonomous_driving_pkg/build --no-deps symlink_data
