[2.483s] Invoking command in '/home/f1tenth_ws/src/f1tenth_system/teleop_tools/mouse_teleop': PYTHONPATH=/home/f1tenth_ws/build/mouse_teleop/prefix_override:/usr/lib/python3/dist-packages/colcon_core/task/python/colcon_distutils_commands:/home/f1tenth_ws/install/mouse_teleop/lib/python3.8/site-packages:${PYTHONPATH} _=/usr/bin/env /usr/bin/python3 -W ignore:setup.py install is deprecated setup.py egg_info --egg-base ../../../../build/mouse_teleop build --build-base /home/f1tenth_ws/build/mouse_teleop/build install --record /home/f1tenth_ws/build/mouse_teleop/install.log --install-scripts $base/lib/mouse_teleop --single-version-externally-managed install_data
[2.841s] running egg_info
[2.842s] writing ../../../../build/mouse_teleop/mouse_teleop.egg-info/PKG-INFO
[2.843s] writing dependency_links to ../../../../build/mouse_teleop/mouse_teleop.egg-info/dependency_links.txt
[2.845s] writing entry points to ../../../../build/mouse_teleop/mouse_teleop.egg-info/entry_points.txt
[2.846s] writing requirements to ../../../../build/mouse_teleop/mouse_teleop.egg-info/requires.txt
[2.846s] writing top-level names to ../../../../build/mouse_teleop/mouse_teleop.egg-info/top_level.txt
[2.909s] reading manifest file '../../../../build/mouse_teleop/mouse_teleop.egg-info/SOURCES.txt'
[2.910s] writing manifest file '../../../../build/mouse_teleop/mouse_teleop.egg-info/SOURCES.txt'
[2.910s] running build
[2.911s] running build_py
[2.912s] running install
[2.912s] running install_lib
[2.913s] running install_data
[2.914s] running install_egg_info
[2.915s] removing '/home/f1tenth_ws/install/mouse_teleop/lib/python3.8/site-packages/mouse_teleop-0.3.0-py3.8.egg-info' (and everything under it)
[2.915s] Copying ../../../../build/mouse_teleop/mouse_teleop.egg-info to /home/f1tenth_ws/install/mouse_teleop/lib/python3.8/site-packages/mouse_teleop-0.3.0-py3.8.egg-info
[2.978s] running install_scripts
[2.979s] Installing mouse_teleop script to /home/f1tenth_ws/install/mouse_teleop/lib/mouse_teleop
[2.980s] writing list of installed files to '/home/f1tenth_ws/build/mouse_teleop/install.log'
[3.187s] Invoked command in '/home/f1tenth_ws/src/f1tenth_system/teleop_tools/mouse_teleop' returned '0': PYTHONPATH=/home/f1tenth_ws/build/mouse_teleop/prefix_override:/usr/lib/python3/dist-packages/colcon_core/task/python/colcon_distutils_commands:/home/f1tenth_ws/install/mouse_teleop/lib/python3.8/site-packages:${PYTHONPATH} _=/usr/bin/env /usr/bin/python3 -W ignore:setup.py install is deprecated setup.py egg_info --egg-base ../../../../build/mouse_teleop build --build-base /home/f1tenth_ws/build/mouse_teleop/build install --record /home/f1tenth_ws/build/mouse_teleop/install.log --install-scripts $base/lib/mouse_teleop --single-version-externally-managed install_data
