[2.356s] Invoking command in '/home/f1tenth_ws/src/voice_control': CONDA_PROMPT_MODIFIER=(base) PYTHONPATH=/home/f1tenth_ws/build/voice_control/prefix_override:/usr/lib/python3/dist-packages/colcon_core/task/python/colcon_distutils_commands:/home/f1tenth_ws/install/voice_control/lib/python3.8/site-packages:${PYTHONPATH} _=/usr/bin/env /usr/bin/python3 -W ignore:setup.py install is deprecated setup.py egg_info --egg-base ../../build/voice_control build --build-base /home/f1tenth_ws/build/voice_control/build install --record /home/f1tenth_ws/build/voice_control/install.log --install-scripts $base/lib/voice_control --single-version-externally-managed install_data
[2.610s] /usr/local/lib/python3.8/dist-packages/setuptools/dist.py:447: SetuptoolsDeprecationWarning: Invalid dash-separated options
[2.612s] !!
[2.613s] 
[2.613s]         ********************************************************************************
[2.613s]         Usage of dash-separated 'script-dir' will not be supported in future
[2.614s]         versions. Please use the underscore name 'script_dir' instead.
[2.614s] 
[2.615s]         This deprecation is overdue, please update your project and remove deprecated
[2.615s]         calls to avoid build errors in the future.
[2.615s] 
[2.616s]         See https://setuptools.pypa.io/en/latest/userguide/declarative_config.html for details.
[2.616s]         ********************************************************************************
[2.617s] 
[2.617s] !!
[2.617s]   opt = self.warn_dash_deprecation(opt, section)
[2.629s] /usr/local/lib/python3.8/dist-packages/setuptools/_distutils/dist.py:268: UserWarning: Unknown distribution option: 'tests_require'
[2.629s]   warnings.warn(msg)
[2.788s] running egg_info
[2.851s] writing ../../build/voice_control/voice_control.egg-info/PKG-INFO
[2.854s] writing dependency_links to ../../build/voice_control/voice_control.egg-info/dependency_links.txt
[2.856s] writing entry points to ../../build/voice_control/voice_control.egg-info/entry_points.txt
[2.857s] writing requirements to ../../build/voice_control/voice_control.egg-info/requires.txt
[2.858s] writing top-level names to ../../build/voice_control/voice_control.egg-info/top_level.txt
[3.013s] reading manifest file '../../build/voice_control/voice_control.egg-info/SOURCES.txt'
[3.014s] writing manifest file '../../build/voice_control/voice_control.egg-info/SOURCES.txt'
[3.015s] running build
[3.016s] running build_py
[3.017s] copying voice_control/__init__.py -> /home/f1tenth_ws/build/voice_control/build/lib/voice_control
[3.018s] copying voice_control/voice_command_node.py -> /home/f1tenth_ws/build/voice_control/build/lib/voice_control
[3.019s] copying voice_control/to_text.py -> /home/f1tenth_ws/build/voice_control/build/lib/voice_control
[3.020s] running install
[3.057s] running install_lib
[3.062s] running install_data
[3.063s] copying package.xml -> /home/f1tenth_ws/install/voice_control/share/voice_control
[3.063s] running install_egg_info
[3.076s] removing '/home/f1tenth_ws/install/voice_control/lib/python3.8/site-packages/voice_control-0.0.0-py3.8.egg-info' (and everything under it)
[3.077s] Copying ../../build/voice_control/voice_control.egg-info to /home/f1tenth_ws/install/voice_control/lib/python3.8/site-packages/voice_control-0.0.0-py3.8.egg-info
[3.078s] running install_scripts
[3.143s] Installing voice_command_node script to /home/f1tenth_ws/install/voice_control/lib/voice_control
[3.146s] writing list of installed files to '/home/f1tenth_ws/build/voice_control/install.log'
[3.213s] Invoked command in '/home/f1tenth_ws/src/voice_control' returned '0': CONDA_PROMPT_MODIFIER=(base) PYTHONPATH=/home/f1tenth_ws/build/voice_control/prefix_override:/usr/lib/python3/dist-packages/colcon_core/task/python/colcon_distutils_commands:/home/f1tenth_ws/install/voice_control/lib/python3.8/site-packages:${PYTHONPATH} _=/usr/bin/env /usr/bin/python3 -W ignore:setup.py install is deprecated setup.py egg_info --egg-base ../../build/voice_control build --build-base /home/f1tenth_ws/build/voice_control/build install --record /home/f1tenth_ws/build/voice_control/install.log --install-scripts $base/lib/voice_control --single-version-externally-managed install_data
