[3.480s] Invoking command in '/home/f1tenth_ws/build/autonomous_driving_pkg': CONDA_PROMPT_MODIFIER=(base) PYTHONPATH=/home/f1tenth_ws/build/autonomous_driving_pkg/prefix_override:/usr/lib/python3/dist-packages/colcon_core/task/python/colcon_distutils_commands:/home/f1tenth_ws/install/autonomous_driving_pkg/lib/python3.8/site-packages:${PYTHONPATH} _=/usr/bin/env /usr/bin/python3 -W ignore:setup.py install is deprecated setup.py develop --uninstall --editable --build-directory /home/f1tenth_ws/build/autonomous_driving_pkg/build
[3.747s] /usr/local/lib/python3.8/dist-packages/setuptools/dist.py:447: SetuptoolsDeprecationWarning: Invalid dash-separated options
[3.750s] !!
[3.750s] 
[3.751s]         ********************************************************************************
[3.751s]         Usage of dash-separated 'script-dir' will not be supported in future
[3.751s]         versions. Please use the underscore name 'script_dir' instead.
[3.752s] 
[3.752s]         This deprecation is overdue, please update your project and remove deprecated
[3.753s]         calls to avoid build errors in the future.
[3.753s] 
[3.753s]         See https://setuptools.pypa.io/en/latest/userguide/declarative_config.html for details.
[3.754s]         ********************************************************************************
[3.754s] 
[3.755s] !!
[3.755s]   opt = self.warn_dash_deprecation(opt, section)
[3.787s] /usr/local/lib/python3.8/dist-packages/setuptools/_distutils/dist.py:268: UserWarning: Unknown distribution option: 'tests_require'
[3.799s]   warnings.warn(msg)
[4.067s] running develop
[4.070s] /usr/local/lib/python3.8/dist-packages/setuptools/command/develop.py:42: EasyInstallDeprecationWarning: easy_install command is deprecated.
[4.072s] !!
[4.072s] 
[4.080s]         ********************************************************************************
[4.081s]         Please avoid running ``setup.py`` and ``easy_install``.
[4.081s]         Instead, use pypa/build, pypa/installer or other
[4.082s]         standards-based tools.
[4.082s] 
[4.082s]         See https://github.com/pypa/setuptools/issues/917 for details.
[4.083s]         ********************************************************************************
[4.083s] 
[4.084s] !!
[4.084s]   easy_install.initialize_options(self)
[4.444s] Removing /home/f1tenth_ws/install/autonomous_driving_pkg/lib/python3.8/site-packages/autonomous-driving-pkg.egg-link (link to .)
[4.659s] Invoked command in '/home/f1tenth_ws/build/autonomous_driving_pkg' returned '0': CONDA_PROMPT_MODIFIER=(base) PYTHONPATH=/home/f1tenth_ws/build/autonomous_driving_pkg/prefix_override:/usr/lib/python3/dist-packages/colcon_core/task/python/colcon_distutils_commands:/home/f1tenth_ws/install/autonomous_driving_pkg/lib/python3.8/site-packages:${PYTHONPATH} _=/usr/bin/env /usr/bin/python3 -W ignore:setup.py install is deprecated setup.py develop --uninstall --editable --build-directory /home/f1tenth_ws/build/autonomous_driving_pkg/build
[4.765s] Invoking command in '/home/f1tenth_ws/src/autonomous_driving_pkg': CONDA_PROMPT_MODIFIER=(base) PYTHONPATH=/home/f1tenth_ws/build/autonomous_driving_pkg/prefix_override:/usr/lib/python3/dist-packages/colcon_core/task/python/colcon_distutils_commands:/home/f1tenth_ws/install/autonomous_driving_pkg/lib/python3.8/site-packages:${PYTHONPATH} _=/usr/bin/env /usr/bin/python3 -W ignore:setup.py install is deprecated setup.py egg_info --egg-base ../../build/autonomous_driving_pkg build --build-base /home/f1tenth_ws/build/autonomous_driving_pkg/build install --record /home/f1tenth_ws/build/autonomous_driving_pkg/install.log --install-scripts $base/lib/autonomous_driving_pkg --single-version-externally-managed install_data --force
[4.906s] /usr/local/lib/python3.8/dist-packages/setuptools/dist.py:447: SetuptoolsDeprecationWarning: Invalid dash-separated options
[4.907s] !!
[4.907s] 
[4.908s]         ********************************************************************************
[4.908s]         Usage of dash-separated 'script-dir' will not be supported in future
[4.913s]         versions. Please use the underscore name 'script_dir' instead.
[4.914s] 
[4.914s]         This deprecation is overdue, please update your project and remove deprecated
[4.915s]         calls to avoid build errors in the future.
[4.916s] 
[4.916s]         See https://setuptools.pypa.io/en/latest/userguide/declarative_config.html for details.
[4.917s]         ********************************************************************************
[4.918s] 
[4.918s] !!
[4.919s]   opt = self.warn_dash_deprecation(opt, section)
[4.927s] /usr/local/lib/python3.8/dist-packages/setuptools/_distutils/dist.py:268: UserWarning: Unknown distribution option: 'tests_require'
[4.927s]   warnings.warn(msg)
[5.052s] running egg_info
[5.074s] writing ../../build/autonomous_driving_pkg/autonomous_driving_pkg.egg-info/PKG-INFO
[5.075s] writing dependency_links to ../../build/autonomous_driving_pkg/autonomous_driving_pkg.egg-info/dependency_links.txt
[5.076s] writing entry points to ../../build/autonomous_driving_pkg/autonomous_driving_pkg.egg-info/entry_points.txt
[5.077s] writing requirements to ../../build/autonomous_driving_pkg/autonomous_driving_pkg.egg-info/requires.txt
[5.078s] writing top-level names to ../../build/autonomous_driving_pkg/autonomous_driving_pkg.egg-info/top_level.txt
[5.253s] reading manifest file '../../build/autonomous_driving_pkg/autonomous_driving_pkg.egg-info/SOURCES.txt'
[5.254s] writing manifest file '../../build/autonomous_driving_pkg/autonomous_driving_pkg.egg-info/SOURCES.txt'
[5.255s] running build
[5.256s] running build_py
[5.258s] copying autonomous_driving_pkg/__init__.py -> /home/f1tenth_ws/build/autonomous_driving_pkg/build/lib/autonomous_driving_pkg
[5.259s] copying autonomous_driving_pkg/euler_transform.py -> /home/f1tenth_ws/build/autonomous_driving_pkg/build/lib/autonomous_driving_pkg
[5.259s] copying autonomous_driving_pkg/pure_pursuit_controller.py -> /home/f1tenth_ws/build/autonomous_driving_pkg/build/lib/autonomous_driving_pkg
[5.260s] copying autonomous_driving_pkg/controller_node.py -> /home/f1tenth_ws/build/autonomous_driving_pkg/build/lib/autonomous_driving_pkg
[5.261s] copying autonomous_driving_pkg/person_follow.py -> /home/f1tenth_ws/build/autonomous_driving_pkg/build/lib/autonomous_driving_pkg
[5.261s] copying autonomous_driving_pkg/follow_the_gap.py -> /home/f1tenth_ws/build/autonomous_driving_pkg/build/lib/autonomous_driving_pkg
[5.262s] copying autonomous_driving_pkg/altrnate_waypoint_follower.py -> /home/f1tenth_ws/build/autonomous_driving_pkg/build/lib/autonomous_driving_pkg
[5.263s] copying autonomous_driving_pkg/waypoint_follower.py -> /home/f1tenth_ws/build/autonomous_driving_pkg/build/lib/autonomous_driving_pkg
[5.263s] copying autonomous_driving_pkg/return_to_origin.py -> /home/f1tenth_ws/build/autonomous_driving_pkg/build/lib/autonomous_driving_pkg
[5.264s] running install
[5.264s] running install_lib
[5.277s] creating /home/f1tenth_ws/install/autonomous_driving_pkg/lib/python3.8/site-packages/autonomous_driving_pkg
[5.278s] copying /home/f1tenth_ws/build/autonomous_driving_pkg/build/lib/autonomous_driving_pkg/__init__.py -> /home/f1tenth_ws/install/autonomous_driving_pkg/lib/python3.8/site-packages/autonomous_driving_pkg
[5.279s] copying /home/f1tenth_ws/build/autonomous_driving_pkg/build/lib/autonomous_driving_pkg/euler_transform.py -> /home/f1tenth_ws/install/autonomous_driving_pkg/lib/python3.8/site-packages/autonomous_driving_pkg
[5.280s] copying /home/f1tenth_ws/build/autonomous_driving_pkg/build/lib/autonomous_driving_pkg/pure_pursuit_controller.py -> /home/f1tenth_ws/install/autonomous_driving_pkg/lib/python3.8/site-packages/autonomous_driving_pkg
[5.281s] copying /home/f1tenth_ws/build/autonomous_driving_pkg/build/lib/autonomous_driving_pkg/controller_node.py -> /home/f1tenth_ws/install/autonomous_driving_pkg/lib/python3.8/site-packages/autonomous_driving_pkg
[5.282s] copying /home/f1tenth_ws/build/autonomous_driving_pkg/build/lib/autonomous_driving_pkg/follow_the_gap.py -> /home/f1tenth_ws/install/autonomous_driving_pkg/lib/python3.8/site-packages/autonomous_driving_pkg
[5.282s] copying /home/f1tenth_ws/build/autonomous_driving_pkg/build/lib/autonomous_driving_pkg/person_follow.py -> /home/f1tenth_ws/install/autonomous_driving_pkg/lib/python3.8/site-packages/autonomous_driving_pkg
[5.284s] copying /home/f1tenth_ws/build/autonomous_driving_pkg/build/lib/autonomous_driving_pkg/altrnate_waypoint_follower.py -> /home/f1tenth_ws/install/autonomous_driving_pkg/lib/python3.8/site-packages/autonomous_driving_pkg
[5.285s] copying /home/f1tenth_ws/build/autonomous_driving_pkg/build/lib/autonomous_driving_pkg/waypoint_follower.py -> /home/f1tenth_ws/install/autonomous_driving_pkg/lib/python3.8/site-packages/autonomous_driving_pkg
[5.286s] copying /home/f1tenth_ws/build/autonomous_driving_pkg/build/lib/autonomous_driving_pkg/return_to_origin.py -> /home/f1tenth_ws/install/autonomous_driving_pkg/lib/python3.8/site-packages/autonomous_driving_pkg
[5.287s] byte-compiling /home/f1tenth_ws/install/autonomous_driving_pkg/lib/python3.8/site-packages/autonomous_driving_pkg/__init__.py to __init__.cpython-38.pyc
[5.292s] byte-compiling /home/f1tenth_ws/install/autonomous_driving_pkg/lib/python3.8/site-packages/autonomous_driving_pkg/euler_transform.py to euler_transform.cpython-38.pyc
[5.293s] byte-compiling /home/f1tenth_ws/install/autonomous_driving_pkg/lib/python3.8/site-packages/autonomous_driving_pkg/pure_pursuit_controller.py to pure_pursuit_controller.cpython-38.pyc
[5.294s] byte-compiling /home/f1tenth_ws/install/autonomous_driving_pkg/lib/python3.8/site-packages/autonomous_driving_pkg/controller_node.py to controller_node.cpython-38.pyc
[5.295s] byte-compiling /home/f1tenth_ws/install/autonomous_driving_pkg/lib/python3.8/site-packages/autonomous_driving_pkg/follow_the_gap.py to follow_the_gap.cpython-38.pyc
[5.296s] byte-compiling /home/f1tenth_ws/install/autonomous_driving_pkg/lib/python3.8/site-packages/autonomous_driving_pkg/person_follow.py to person_follow.cpython-38.pyc
[5.297s] byte-compiling /home/f1tenth_ws/install/autonomous_driving_pkg/lib/python3.8/site-packages/autonomous_driving_pkg/altrnate_waypoint_follower.py to altrnate_waypoint_follower.cpython-38.pyc
[5.297s] byte-compiling /home/f1tenth_ws/install/autonomous_driving_pkg/lib/python3.8/site-packages/autonomous_driving_pkg/waypoint_follower.py to waypoint_follower.cpython-38.pyc
[5.298s] byte-compiling /home/f1tenth_ws/install/autonomous_driving_pkg/lib/python3.8/site-packages/autonomous_driving_pkg/return_to_origin.py to return_to_origin.cpython-38.pyc
[5.299s] running install_data
[5.300s] copying resource/autonomous_driving_pkg -> /home/f1tenth_ws/install/autonomous_driving_pkg/share/ament_index/resource_index/packages
[5.301s] copying package.xml -> /home/f1tenth_ws/install/autonomous_driving_pkg/share/autonomous_driving_pkg
[5.302s] running install_egg_info
[5.316s] Copying ../../build/autonomous_driving_pkg/autonomous_driving_pkg.egg-info to /home/f1tenth_ws/install/autonomous_driving_pkg/lib/python3.8/site-packages/autonomous_driving_pkg-0.0.0-py3.8.egg-info
[5.320s] running install_scripts
[5.384s] Installing follow_the_gap script to /home/f1tenth_ws/install/autonomous_driving_pkg/lib/autonomous_driving_pkg
[5.389s] Installing person_follow script to /home/f1tenth_ws/install/autonomous_driving_pkg/lib/autonomous_driving_pkg
[5.390s] Installing pp_node script to /home/f1tenth_ws/install/autonomous_driving_pkg/lib/autonomous_driving_pkg
[5.395s] Installing return_to_origin script to /home/f1tenth_ws/install/autonomous_driving_pkg/lib/autonomous_driving_pkg
[5.396s] Installing waypoint_follower script to /home/f1tenth_ws/install/autonomous_driving_pkg/lib/autonomous_driving_pkg
[5.399s] writing list of installed files to '/home/f1tenth_ws/build/autonomous_driving_pkg/install.log'
[5.977s] Invoked command in '/home/f1tenth_ws/src/autonomous_driving_pkg' returned '0': CONDA_PROMPT_MODIFIER=(base) PYTHONPATH=/home/f1tenth_ws/build/autonomous_driving_pkg/prefix_override:/usr/lib/python3/dist-packages/colcon_core/task/python/colcon_distutils_commands:/home/f1tenth_ws/install/autonomous_driving_pkg/lib/python3.8/site-packages:${PYTHONPATH} _=/usr/bin/env /usr/bin/python3 -W ignore:setup.py install is deprecated setup.py egg_info --egg-base ../../build/autonomous_driving_pkg build --build-base /home/f1tenth_ws/build/autonomous_driving_pkg/build install --record /home/f1tenth_ws/build/autonomous_driving_pkg/install.log --install-scripts $base/lib/autonomous_driving_pkg --single-version-externally-managed install_data --force
