[1.856s] Invoking command in '/home/f1tenth_ws/src/person_follow': CONDA_PROMPT_MODIFIER=(base) PYTHONPATH=/home/f1tenth_ws/build/person_follow/prefix_override:/usr/lib/python3/dist-packages/colcon_core/task/python/colcon_distutils_commands:/home/f1tenth_ws/install/person_follow/lib/python3.8/site-packages:${PYTHONPATH} _=/usr/bin/env /usr/bin/python3 -W ignore:setup.py install is deprecated setup.py egg_info --egg-base ../../build/person_follow build --build-base /home/f1tenth_ws/build/person_follow/build install --record /home/f1tenth_ws/build/person_follow/install.log --install-scripts $base/lib/person_follow --single-version-externally-managed install_data
[2.160s] /usr/local/lib/python3.8/dist-packages/setuptools/dist.py:447: SetuptoolsDeprecationWarning: Invalid dash-separated options
[2.162s] !!
[2.166s] 
[2.168s]         ********************************************************************************
[2.168s]         Usage of dash-separated 'script-dir' will not be supported in future
[2.169s]         versions. Please use the underscore name 'script_dir' instead.
[2.169s] 
[2.170s]         This deprecation is overdue, please update your project and remove deprecated
[2.170s]         calls to avoid build errors in the future.
[2.171s] 
[2.171s]         See https://setuptools.pypa.io/en/latest/userguide/declarative_config.html for details.
[2.172s]         ********************************************************************************
[2.172s] 
[2.173s] !!
[2.173s]   opt = self.warn_dash_deprecation(opt, section)
[2.211s] /usr/local/lib/python3.8/dist-packages/setuptools/_distutils/dist.py:268: UserWarning: Unknown distribution option: 'tests_require'
[2.213s]   warnings.warn(msg)
[2.396s] running egg_info
[2.409s] writing ../../build/person_follow/person_follow.egg-info/PKG-INFO
[2.411s] writing dependency_links to ../../build/person_follow/person_follow.egg-info/dependency_links.txt
[2.413s] writing entry points to ../../build/person_follow/person_follow.egg-info/entry_points.txt
[2.416s] writing requirements to ../../build/person_follow/person_follow.egg-info/requires.txt
[2.417s] writing top-level names to ../../build/person_follow/person_follow.egg-info/top_level.txt
[2.430s] error: [Errno 2] No such file or directory: '/home/f1tenth_ws/install/joy_teleop/lib/python3.8/site-packages/joy_teleop-0.3.0-py3.8.egg-info/PKG-INFO'
[2.489s] Invoked command in '/home/f1tenth_ws/src/person_follow' returned '1': CONDA_PROMPT_MODIFIER=(base) PYTHONPATH=/home/f1tenth_ws/build/person_follow/prefix_override:/usr/lib/python3/dist-packages/colcon_core/task/python/colcon_distutils_commands:/home/f1tenth_ws/install/person_follow/lib/python3.8/site-packages:${PYTHONPATH} _=/usr/bin/env /usr/bin/python3 -W ignore:setup.py install is deprecated setup.py egg_info --egg-base ../../build/person_follow build --build-base /home/f1tenth_ws/build/person_follow/build install --record /home/f1tenth_ws/build/person_follow/install.log --install-scripts $base/lib/person_follow --single-version-externally-managed install_data
