[3.641s] Invoking command in '/home/f1tenth_ws/src/f1tenth_system/teleop_tools/key_teleop': PYTHONPATH=/home/f1tenth_ws/build/key_teleop/prefix_override:/usr/lib/python3/dist-packages/colcon_core/task/python/colcon_distutils_commands:/home/f1tenth_ws/install/key_teleop/lib/python3.8/site-packages:${PYTHONPATH} _=/usr/bin/env /usr/bin/python3 -W ignore:setup.py install is deprecated setup.py egg_info --egg-base ../../../../build/key_teleop build --build-base /home/f1tenth_ws/build/key_teleop/build install --record /home/f1tenth_ws/build/key_teleop/install.log --install-scripts $base/lib/key_teleop --single-version-externally-managed install_data
[3.968s] /usr/local/lib/python3.8/dist-packages/setuptools/dist.py:447: SetuptoolsDeprecationWarning: Invalid dash-separated options
[3.969s] !!
[3.969s] 
[3.969s]         ********************************************************************************
[3.970s]         Usage of dash-separated 'script-dir' will not be supported in future
[3.970s]         versions. Please use the underscore name 'script_dir' instead.
[3.970s] 
[3.971s]         By 2024-Sep-26, you need to update your project and remove deprecated calls
[3.971s]         or your builds will no longer be supported.
[3.972s] 
[3.972s]         See https://setuptools.pypa.io/en/latest/userguide/declarative_config.html for details.
[3.973s]         ********************************************************************************
[3.973s] 
[3.973s] !!
[3.975s]   opt = self.warn_dash_deprecation(opt, section)
[3.993s] /usr/local/lib/python3.8/dist-packages/setuptools/_distutils/dist.py:268: UserWarning: Unknown distribution option: 'tests_require'
[3.994s]   warnings.warn(msg)
[4.222s] running egg_info
[4.268s] writing ../../../../build/key_teleop/key_teleop.egg-info/PKG-INFO
[4.269s] writing dependency_links to ../../../../build/key_teleop/key_teleop.egg-info/dependency_links.txt
[4.270s] writing entry points to ../../../../build/key_teleop/key_teleop.egg-info/entry_points.txt
[4.270s] writing requirements to ../../../../build/key_teleop/key_teleop.egg-info/requires.txt
[4.271s] writing top-level names to ../../../../build/key_teleop/key_teleop.egg-info/top_level.txt
[4.598s] reading manifest file '../../../../build/key_teleop/key_teleop.egg-info/SOURCES.txt'
[4.599s] adding license file 'LICENSE'
[4.601s] writing manifest file '../../../../build/key_teleop/key_teleop.egg-info/SOURCES.txt'
[4.602s] running build
[4.602s] running build_py
[4.602s] copying key_teleop/__init__.py -> /home/f1tenth_ws/build/key_teleop/build/lib/key_teleop
[4.603s] copying key_teleop/key_teleop.py -> /home/f1tenth_ws/build/key_teleop/build/lib/key_teleop
[4.603s] running install
[4.609s] running install_lib
[4.658s] running install_data
[4.658s] copying config/key_teleop.yaml -> /home/f1tenth_ws/install/key_teleop/share/key_teleop/config
[4.658s] running install_egg_info
[4.725s] removing '/home/f1tenth_ws/install/key_teleop/lib/python3.8/site-packages/key_teleop-0.3.0-py3.8.egg-info' (and everything under it)
[4.729s] Copying ../../../../build/key_teleop/key_teleop.egg-info to /home/f1tenth_ws/install/key_teleop/lib/python3.8/site-packages/key_teleop-0.3.0-py3.8.egg-info
[4.734s] running install_scripts
[4.841s] Installing key_teleop script to /home/f1tenth_ws/install/key_teleop/lib/key_teleop
[4.843s] writing list of installed files to '/home/f1tenth_ws/build/key_teleop/install.log'
[4.996s] Invoked command in '/home/f1tenth_ws/src/f1tenth_system/teleop_tools/key_teleop' returned '0': PYTHONPATH=/home/f1tenth_ws/build/key_teleop/prefix_override:/usr/lib/python3/dist-packages/colcon_core/task/python/colcon_distutils_commands:/home/f1tenth_ws/install/key_teleop/lib/python3.8/site-packages:${PYTHONPATH} _=/usr/bin/env /usr/bin/python3 -W ignore:setup.py install is deprecated setup.py egg_info --egg-base ../../../../build/key_teleop build --build-base /home/f1tenth_ws/build/key_teleop/build install --record /home/f1tenth_ws/build/key_teleop/install.log --install-scripts $base/lib/key_teleop --single-version-externally-managed install_data
