[0.275s] Invoking command in '/home/f1tenth_ws/src/build/teleop_tools_msgs': CMAKE_PREFIX_PATH=${CMAKE_PREFIX_PATH}:/home/f1tenth_ws/install/wall_following:/home/f1tenth_ws/install/voice_control:/home/f1tenth_ws/install/f1tenth_stack:/home/f1tenth_ws/install/joy_teleop:/home/f1tenth_ws/install/person_follow:/home/f1tenth_ws/install/mouse_teleop:/home/f1tenth_ws/install/key_teleop:/home/f1tenth_ws/install/joystick_ros2:/home/f1tenth_ws/install/follow_gap:/home/f1tenth_ws/install/autonomous_driving_pkg:/home/f1tenth_ws/install/automatic_braking:/home/f1tenth_ws/install/ament_uncrustify:/home/f1tenth_ws/install/ament_pycodestyle:/home/f1tenth_ws/install/ament_package:/home/f1tenth_ws/install/ament_lint:/home/f1tenth_ws/install/ament_cppcheck:/opt/ros/foxy CONDA_PROMPT_MODIFIER=(base) _=/usr/bin/env /usr/bin/cmake --build /home/f1tenth_ws/src/build/teleop_tools_msgs -- -j8 -l8
[2.197s] [  9%] Built target teleop_tools_msgs__rosidl_generator_c
[2.198s] [ 12%] Built target teleop_tools_msgs__cpp
[2.198s] [ 22%] Built target teleop_tools_msgs__rosidl_typesupport_c
[2.199s] [ 32%] Built target teleop_tools_msgs__rosidl_typesupport_introspection_c
[2.200s] [ 41%] Built target teleop_tools_msgs__rosidl_typesupport_fastrtps_cpp
[2.200s] [ 51%] Built target teleop_tools_msgs__rosidl_typesupport_cpp
[2.200s] [ 61%] Built target teleop_tools_msgs__rosidl_typesupport_introspection_cpp
[2.201s] [ 70%] Built target teleop_tools_msgs__rosidl_typesupport_fastrtps_c
[2.201s] [ 70%] Built target teleop_tools_msgs
[2.204s] [ 74%] Built target teleop_tools_msgs__py
[2.207s] [ 80%] Built target teleop_tools_msgs__python
[2.218s] [ 87%] Built target teleop_tools_msgs__rosidl_typesupport_fastrtps_c__pyext
[2.219s] [ 93%] Built target teleop_tools_msgs__rosidl_typesupport_c__pyext
[2.219s] [100%] Built target teleop_tools_msgs__rosidl_typesupport_introspection_c__pyext
[2.222s] Invoked command in '/home/f1tenth_ws/src/build/teleop_tools_msgs' returned '0': CMAKE_PREFIX_PATH=${CMAKE_PREFIX_PATH}:/home/f1tenth_ws/install/wall_following:/home/f1tenth_ws/install/voice_control:/home/f1tenth_ws/install/f1tenth_stack:/home/f1tenth_ws/install/joy_teleop:/home/f1tenth_ws/install/person_follow:/home/f1tenth_ws/install/mouse_teleop:/home/f1tenth_ws/install/key_teleop:/home/f1tenth_ws/install/joystick_ros2:/home/f1tenth_ws/install/follow_gap:/home/f1tenth_ws/install/autonomous_driving_pkg:/home/f1tenth_ws/install/automatic_braking:/home/f1tenth_ws/install/ament_uncrustify:/home/f1tenth_ws/install/ament_pycodestyle:/home/f1tenth_ws/install/ament_package:/home/f1tenth_ws/install/ament_lint:/home/f1tenth_ws/install/ament_cppcheck:/opt/ros/foxy CONDA_PROMPT_MODIFIER=(base) _=/usr/bin/env /usr/bin/cmake --build /home/f1tenth_ws/src/build/teleop_tools_msgs -- -j8 -l8
[2.895s] Invoking command in '/home/f1tenth_ws/src/build/teleop_tools_msgs': CMAKE_PREFIX_PATH=${CMAKE_PREFIX_PATH}:/home/f1tenth_ws/install/wall_following:/home/f1tenth_ws/install/voice_control:/home/f1tenth_ws/install/f1tenth_stack:/home/f1tenth_ws/install/joy_teleop:/home/f1tenth_ws/install/person_follow:/home/f1tenth_ws/install/mouse_teleop:/home/f1tenth_ws/install/key_teleop:/home/f1tenth_ws/install/joystick_ros2:/home/f1tenth_ws/install/follow_gap:/home/f1tenth_ws/install/autonomous_driving_pkg:/home/f1tenth_ws/install/automatic_braking:/home/f1tenth_ws/install/ament_uncrustify:/home/f1tenth_ws/install/ament_pycodestyle:/home/f1tenth_ws/install/ament_package:/home/f1tenth_ws/install/ament_lint:/home/f1tenth_ws/install/ament_cppcheck:/opt/ros/foxy CONDA_PROMPT_MODIFIER=(base) _=/usr/bin/env /usr/bin/cmake --install /home/f1tenth_ws/src/build/teleop_tools_msgs
[2.968s] -- Install configuration: ""
[2.980s] -- Up-to-date: /home/f1tenth_ws/src/install/teleop_tools_msgs/share/ament_index/resource_index/rosidl_interfaces/teleop_tools_msgs
[2.992s] -- Up-to-date: /home/f1tenth_ws/src/install/teleop_tools_msgs/include/teleop_tools_msgs
[2.993s] -- Up-to-date: /home/f1tenth_ws/src/install/teleop_tools_msgs/include/teleop_tools_msgs/msg
[2.994s] -- Up-to-date: /home/f1tenth_ws/src/install/teleop_tools_msgs/include/teleop_tools_msgs/msg/rosidl_generator_c__visibility_control.h
[2.995s] -- Up-to-date: /home/f1tenth_ws/src/install/teleop_tools_msgs/include/teleop_tools_msgs/action
[2.996s] -- Up-to-date: /home/f1tenth_ws/src/install/teleop_tools_msgs/include/teleop_tools_msgs/action/increment.h
[2.997s] -- Up-to-date: /home/f1tenth_ws/src/install/teleop_tools_msgs/include/teleop_tools_msgs/action/detail
[2.998s] -- Up-to-date: /home/f1tenth_ws/src/install/teleop_tools_msgs/include/teleop_tools_msgs/action/detail/increment__functions.c
[3.000s] -- Up-to-date: /home/f1tenth_ws/src/install/teleop_tools_msgs/include/teleop_tools_msgs/action/detail/increment__functions.h
[3.001s] -- Up-to-date: /home/f1tenth_ws/src/install/teleop_tools_msgs/include/teleop_tools_msgs/action/detail/increment__struct.h
[3.001s] -- Up-to-date: /home/f1tenth_ws/src/install/teleop_tools_msgs/include/teleop_tools_msgs/action/detail/increment__type_support.h
[3.002s] -- Up-to-date: /home/f1tenth_ws/src/install/teleop_tools_msgs/share/teleop_tools_msgs/environment/library_path.sh
[3.002s] -- Up-to-date: /home/f1tenth_ws/src/install/teleop_tools_msgs/share/teleop_tools_msgs/environment/library_path.dsv
[3.003s] -- Up-to-date: /home/f1tenth_ws/src/install/teleop_tools_msgs/lib/libteleop_tools_msgs__rosidl_generator_c.so
[3.004s] -- Up-to-date: /home/f1tenth_ws/src/install/teleop_tools_msgs/include/teleop_tools_msgs
[3.004s] -- Up-to-date: /home/f1tenth_ws/src/install/teleop_tools_msgs/include/teleop_tools_msgs/msg
[3.005s] -- Up-to-date: /home/f1tenth_ws/src/install/teleop_tools_msgs/include/teleop_tools_msgs/msg/rosidl_typesupport_fastrtps_c__visibility_control.h
[3.006s] -- Up-to-date: /home/f1tenth_ws/src/install/teleop_tools_msgs/include/teleop_tools_msgs/action
[3.006s] -- Up-to-date: /home/f1tenth_ws/src/install/teleop_tools_msgs/include/teleop_tools_msgs/action/detail
[3.007s] -- Up-to-date: /home/f1tenth_ws/src/install/teleop_tools_msgs/include/teleop_tools_msgs/action/detail/increment__rosidl_typesupport_fastrtps_c.h
[3.007s] -- Up-to-date: /home/f1tenth_ws/src/install/teleop_tools_msgs/lib/libteleop_tools_msgs__rosidl_typesupport_fastrtps_c.so
[3.008s] -- Up-to-date: /home/f1tenth_ws/src/install/teleop_tools_msgs/include/teleop_tools_msgs
[3.008s] -- Up-to-date: /home/f1tenth_ws/src/install/teleop_tools_msgs/include/teleop_tools_msgs/msg
[3.009s] -- Up-to-date: /home/f1tenth_ws/src/install/teleop_tools_msgs/include/teleop_tools_msgs/msg/rosidl_typesupport_fastrtps_cpp__visibility_control.h
[3.009s] -- Up-to-date: /home/f1tenth_ws/src/install/teleop_tools_msgs/include/teleop_tools_msgs/action
[3.010s] -- Up-to-date: /home/f1tenth_ws/src/install/teleop_tools_msgs/include/teleop_tools_msgs/action/detail
[3.010s] -- Up-to-date: /home/f1tenth_ws/src/install/teleop_tools_msgs/include/teleop_tools_msgs/action/detail/increment__rosidl_typesupport_fastrtps_cpp.hpp
[3.011s] -- Up-to-date: /home/f1tenth_ws/src/install/teleop_tools_msgs/include/teleop_tools_msgs/action/detail/dds_fastrtps
[3.011s] -- Up-to-date: /home/f1tenth_ws/src/install/teleop_tools_msgs/lib/libteleop_tools_msgs__rosidl_typesupport_fastrtps_cpp.so
[3.012s] -- Up-to-date: /home/f1tenth_ws/src/install/teleop_tools_msgs/include/teleop_tools_msgs
[3.012s] -- Up-to-date: /home/f1tenth_ws/src/install/teleop_tools_msgs/include/teleop_tools_msgs/msg
[3.013s] -- Up-to-date: /home/f1tenth_ws/src/install/teleop_tools_msgs/include/teleop_tools_msgs/msg/rosidl_typesupport_introspection_c__visibility_control.h
[3.013s] -- Up-to-date: /home/f1tenth_ws/src/install/teleop_tools_msgs/include/teleop_tools_msgs/action
[3.014s] -- Up-to-date: /home/f1tenth_ws/src/install/teleop_tools_msgs/include/teleop_tools_msgs/action/detail
[3.014s] -- Up-to-date: /home/f1tenth_ws/src/install/teleop_tools_msgs/include/teleop_tools_msgs/action/detail/increment__rosidl_typesupport_introspection_c.h
[3.015s] -- Up-to-date: /home/f1tenth_ws/src/install/teleop_tools_msgs/include/teleop_tools_msgs/action/detail/increment__type_support.c
[3.015s] -- Up-to-date: /home/f1tenth_ws/src/install/teleop_tools_msgs/lib/libteleop_tools_msgs__rosidl_typesupport_introspection_c.so
[3.016s] -- Up-to-date: /home/f1tenth_ws/src/install/teleop_tools_msgs/lib/libteleop_tools_msgs__rosidl_typesupport_c.so
[3.016s] -- Up-to-date: /home/f1tenth_ws/src/install/teleop_tools_msgs/include/teleop_tools_msgs
[3.017s] -- Up-to-date: /home/f1tenth_ws/src/install/teleop_tools_msgs/include/teleop_tools_msgs/msg
[3.017s] -- Up-to-date: /home/f1tenth_ws/src/install/teleop_tools_msgs/include/teleop_tools_msgs/msg/rosidl_generator_cpp__visibility_control.hpp
[3.018s] -- Up-to-date: /home/f1tenth_ws/src/install/teleop_tools_msgs/include/teleop_tools_msgs/action
[3.018s] -- Up-to-date: /home/f1tenth_ws/src/install/teleop_tools_msgs/include/teleop_tools_msgs/action/increment.hpp
[3.018s] -- Up-to-date: /home/f1tenth_ws/src/install/teleop_tools_msgs/include/teleop_tools_msgs/action/detail
[3.019s] -- Up-to-date: /home/f1tenth_ws/src/install/teleop_tools_msgs/include/teleop_tools_msgs/action/detail/increment__builder.hpp
[3.019s] -- Up-to-date: /home/f1tenth_ws/src/install/teleop_tools_msgs/include/teleop_tools_msgs/action/detail/increment__struct.hpp
[3.020s] -- Up-to-date: /home/f1tenth_ws/src/install/teleop_tools_msgs/include/teleop_tools_msgs/action/detail/increment__traits.hpp
[3.020s] -- Up-to-date: /home/f1tenth_ws/src/install/teleop_tools_msgs/include/teleop_tools_msgs/action/detail/increment__type_support.hpp
[3.022s] -- Up-to-date: /home/f1tenth_ws/src/install/teleop_tools_msgs/include/teleop_tools_msgs
[3.022s] -- Up-to-date: /home/f1tenth_ws/src/install/teleop_tools_msgs/include/teleop_tools_msgs/action
[3.023s] -- Up-to-date: /home/f1tenth_ws/src/install/teleop_tools_msgs/include/teleop_tools_msgs/action/detail
[3.023s] -- Up-to-date: /home/f1tenth_ws/src/install/teleop_tools_msgs/include/teleop_tools_msgs/action/detail/increment__rosidl_typesupport_introspection_cpp.hpp
[3.024s] -- Up-to-date: /home/f1tenth_ws/src/install/teleop_tools_msgs/include/teleop_tools_msgs/action/detail/increment__type_support.cpp
[3.025s] -- Up-to-date: /home/f1tenth_ws/src/install/teleop_tools_msgs/lib/libteleop_tools_msgs__rosidl_typesupport_introspection_cpp.so
[3.025s] -- Up-to-date: /home/f1tenth_ws/src/install/teleop_tools_msgs/lib/libteleop_tools_msgs__rosidl_typesupport_cpp.so
[3.025s] -- Up-to-date: /home/f1tenth_ws/src/install/teleop_tools_msgs/share/teleop_tools_msgs/environment/pythonpath.sh
[3.026s] -- Up-to-date: /home/f1tenth_ws/src/install/teleop_tools_msgs/share/teleop_tools_msgs/environment/pythonpath.dsv
[3.026s] -- Up-to-date: /home/f1tenth_ws/src/install/teleop_tools_msgs/lib/python3.8/site-packages/teleop_tools_msgs/__init__.py
[3.173s] -- Up-to-date: /home/f1tenth_ws/src/install/teleop_tools_msgs/lib/python3.8/site-packages/teleop_tools_msgs/action
[3.174s] -- Up-to-date: /home/f1tenth_ws/src/install/teleop_tools_msgs/lib/python3.8/site-packages/teleop_tools_msgs/action/_increment.py
[3.175s] -- Up-to-date: /home/f1tenth_ws/src/install/teleop_tools_msgs/lib/python3.8/site-packages/teleop_tools_msgs/action/_increment_s.c
[3.175s] -- Up-to-date: /home/f1tenth_ws/src/install/teleop_tools_msgs/lib/python3.8/site-packages/teleop_tools_msgs/action/__init__.py
[3.176s] -- Up-to-date: /home/f1tenth_ws/src/install/teleop_tools_msgs/lib/python3.8/site-packages/teleop_tools_msgs/teleop_tools_msgs_s__rosidl_typesupport_fastrtps_c.cpython-38-aarch64-linux-gnu.so
[3.177s] -- Up-to-date: /home/f1tenth_ws/src/install/teleop_tools_msgs/lib/python3.8/site-packages/teleop_tools_msgs/teleop_tools_msgs_s__rosidl_typesupport_introspection_c.cpython-38-aarch64-linux-gnu.so
[3.178s] -- Up-to-date: /home/f1tenth_ws/src/install/teleop_tools_msgs/lib/python3.8/site-packages/teleop_tools_msgs/teleop_tools_msgs_s__rosidl_typesupport_c.cpython-38-aarch64-linux-gnu.so
[3.179s] -- Up-to-date: /home/f1tenth_ws/src/install/teleop_tools_msgs/lib/libteleop_tools_msgs__python.so
[3.182s] -- Up-to-date: /home/f1tenth_ws/src/install/teleop_tools_msgs/share/teleop_tools_msgs/action/Increment.idl
[3.183s] -- Up-to-date: /home/f1tenth_ws/src/install/teleop_tools_msgs/share/teleop_tools_msgs/action/Increment.action
[3.184s] -- Up-to-date: /home/f1tenth_ws/src/install/teleop_tools_msgs/share/ament_index/resource_index/package_run_dependencies/teleop_tools_msgs
[3.185s] -- Up-to-date: /home/f1tenth_ws/src/install/teleop_tools_msgs/share/ament_index/resource_index/parent_prefix_path/teleop_tools_msgs
[3.185s] -- Up-to-date: /home/f1tenth_ws/src/install/teleop_tools_msgs/share/teleop_tools_msgs/environment/ament_prefix_path.sh
[3.186s] -- Up-to-date: /home/f1tenth_ws/src/install/teleop_tools_msgs/share/teleop_tools_msgs/environment/ament_prefix_path.dsv
[3.186s] -- Up-to-date: /home/f1tenth_ws/src/install/teleop_tools_msgs/share/teleop_tools_msgs/environment/path.sh
[3.187s] -- Up-to-date: /home/f1tenth_ws/src/install/teleop_tools_msgs/share/teleop_tools_msgs/environment/path.dsv
[3.187s] -- Up-to-date: /home/f1tenth_ws/src/install/teleop_tools_msgs/share/teleop_tools_msgs/local_setup.bash
[3.188s] -- Up-to-date: /home/f1tenth_ws/src/install/teleop_tools_msgs/share/teleop_tools_msgs/local_setup.sh
[3.188s] -- Up-to-date: /home/f1tenth_ws/src/install/teleop_tools_msgs/share/teleop_tools_msgs/local_setup.zsh
[3.189s] -- Up-to-date: /home/f1tenth_ws/src/install/teleop_tools_msgs/share/teleop_tools_msgs/local_setup.dsv
[3.197s] -- Installing: /home/f1tenth_ws/src/install/teleop_tools_msgs/share/teleop_tools_msgs/package.dsv
[3.197s] -- Up-to-date: /home/f1tenth_ws/src/install/teleop_tools_msgs/share/ament_index/resource_index/packages/teleop_tools_msgs
[3.198s] -- Up-to-date: /home/f1tenth_ws/src/install/teleop_tools_msgs/share/teleop_tools_msgs/cmake/teleop_tools_msgs__rosidl_generator_cExport.cmake
[3.199s] -- Up-to-date: /home/f1tenth_ws/src/install/teleop_tools_msgs/share/teleop_tools_msgs/cmake/teleop_tools_msgs__rosidl_generator_cExport-noconfig.cmake
[3.200s] -- Up-to-date: /home/f1tenth_ws/src/install/teleop_tools_msgs/share/teleop_tools_msgs/cmake/teleop_tools_msgs__rosidl_typesupport_introspection_cExport.cmake
[3.201s] -- Up-to-date: /home/f1tenth_ws/src/install/teleop_tools_msgs/share/teleop_tools_msgs/cmake/teleop_tools_msgs__rosidl_typesupport_introspection_cExport-noconfig.cmake
[3.201s] -- Up-to-date: /home/f1tenth_ws/src/install/teleop_tools_msgs/share/teleop_tools_msgs/cmake/teleop_tools_msgs__rosidl_typesupport_cExport.cmake
[3.201s] -- Up-to-date: /home/f1tenth_ws/src/install/teleop_tools_msgs/share/teleop_tools_msgs/cmake/teleop_tools_msgs__rosidl_typesupport_cExport-noconfig.cmake
[3.202s] -- Up-to-date: /home/f1tenth_ws/src/install/teleop_tools_msgs/share/teleop_tools_msgs/cmake/teleop_tools_msgs__rosidl_generator_cppExport.cmake
[3.202s] -- Up-to-date: /home/f1tenth_ws/src/install/teleop_tools_msgs/share/teleop_tools_msgs/cmake/teleop_tools_msgs__rosidl_typesupport_introspection_cppExport.cmake
[3.203s] -- Up-to-date: /home/f1tenth_ws/src/install/teleop_tools_msgs/share/teleop_tools_msgs/cmake/teleop_tools_msgs__rosidl_typesupport_introspection_cppExport-noconfig.cmake
[3.203s] -- Up-to-date: /home/f1tenth_ws/src/install/teleop_tools_msgs/share/teleop_tools_msgs/cmake/teleop_tools_msgs__rosidl_typesupport_cppExport.cmake
[3.203s] -- Up-to-date: /home/f1tenth_ws/src/install/teleop_tools_msgs/share/teleop_tools_msgs/cmake/teleop_tools_msgs__rosidl_typesupport_cppExport-noconfig.cmake
[3.203s] -- Up-to-date: /home/f1tenth_ws/src/install/teleop_tools_msgs/share/teleop_tools_msgs/cmake/rosidl_cmake-extras.cmake
[3.204s] -- Up-to-date: /home/f1tenth_ws/src/install/teleop_tools_msgs/share/teleop_tools_msgs/cmake/ament_cmake_export_dependencies-extras.cmake
[3.221s] -- Up-to-date: /home/f1tenth_ws/src/install/teleop_tools_msgs/share/teleop_tools_msgs/cmake/ament_cmake_export_libraries-extras.cmake
[3.224s] -- Up-to-date: /home/f1tenth_ws/src/install/teleop_tools_msgs/share/teleop_tools_msgs/cmake/ament_cmake_export_targets-extras.cmake
[3.226s] -- Up-to-date: /home/f1tenth_ws/src/install/teleop_tools_msgs/share/teleop_tools_msgs/cmake/ament_cmake_export_include_directories-extras.cmake
[3.228s] -- Up-to-date: /home/f1tenth_ws/src/install/teleop_tools_msgs/share/teleop_tools_msgs/cmake/rosidl_cmake_export_typesupport_libraries-extras.cmake
[3.229s] -- Up-to-date: /home/f1tenth_ws/src/install/teleop_tools_msgs/share/teleop_tools_msgs/cmake/rosidl_cmake_export_typesupport_targets-extras.cmake
[3.230s] -- Up-to-date: /home/f1tenth_ws/src/install/teleop_tools_msgs/share/teleop_tools_msgs/cmake/teleop_tools_msgsConfig.cmake
[3.230s] -- Up-to-date: /home/f1tenth_ws/src/install/teleop_tools_msgs/share/teleop_tools_msgs/cmake/teleop_tools_msgsConfig-version.cmake
[3.231s] -- Up-to-date: /home/f1tenth_ws/src/install/teleop_tools_msgs/share/teleop_tools_msgs/package.xml
[3.232s] Invoked command in '/home/f1tenth_ws/src/build/teleop_tools_msgs' returned '0': CMAKE_PREFIX_PATH=${CMAKE_PREFIX_PATH}:/home/f1tenth_ws/install/wall_following:/home/f1tenth_ws/install/voice_control:/home/f1tenth_ws/install/f1tenth_stack:/home/f1tenth_ws/install/joy_teleop:/home/f1tenth_ws/install/person_follow:/home/f1tenth_ws/install/mouse_teleop:/home/f1tenth_ws/install/key_teleop:/home/f1tenth_ws/install/joystick_ros2:/home/f1tenth_ws/install/follow_gap:/home/f1tenth_ws/install/autonomous_driving_pkg:/home/f1tenth_ws/install/automatic_braking:/home/f1tenth_ws/install/ament_uncrustify:/home/f1tenth_ws/install/ament_pycodestyle:/home/f1tenth_ws/install/ament_package:/home/f1tenth_ws/install/ament_lint:/home/f1tenth_ws/install/ament_cppcheck:/opt/ros/foxy CONDA_PROMPT_MODIFIER=(base) _=/usr/bin/env /usr/bin/cmake --install /home/f1tenth_ws/src/build/teleop_tools_msgs
