[3.508s] Invoking command in '/home/f1tenth_ws/src/wall_following': CONDA_PROMPT_MODIFIER=(base) PYTHONPATH=/home/f1tenth_ws/build/wall_following/prefix_override:/usr/lib/python3/dist-packages/colcon_core/task/python/colcon_distutils_commands:/home/f1tenth_ws/install/wall_following/lib/python3.8/site-packages:${PYTHONPATH} _=/usr/bin/env /usr/bin/python3 -W ignore:setup.py install is deprecated setup.py egg_info --egg-base ../../build/wall_following build --build-base /home/f1tenth_ws/build/wall_following/build install --record /home/f1tenth_ws/build/wall_following/install.log --install-scripts $base/lib/wall_following --single-version-externally-managed install_data
[3.769s] /usr/local/lib/python3.8/dist-packages/setuptools/dist.py:447: SetuptoolsDeprecationWarning: Invalid dash-separated options
[3.771s] !!
[3.772s] 
[3.773s]         ********************************************************************************
[3.774s]         Usage of dash-separated 'script-dir' will not be supported in future
[3.774s]         versions. Please use the underscore name 'script_dir' instead.
[3.774s] 
[3.775s]         This deprecation is overdue, please update your project and remove deprecated
[3.775s]         calls to avoid build errors in the future.
[3.776s] 
[3.776s]         See https://setuptools.pypa.io/en/latest/userguide/declarative_config.html for details.
[3.776s]         ********************************************************************************
[3.778s] 
[3.778s] !!
[3.778s]   opt = self.warn_dash_deprecation(opt, section)
[3.793s] /usr/local/lib/python3.8/dist-packages/setuptools/_distutils/dist.py:268: UserWarning: Unknown distribution option: 'tests_require'
[3.793s]   warnings.warn(msg)
[3.958s] running egg_info
[3.984s] writing ../../build/wall_following/wall_following.egg-info/PKG-INFO
[3.985s] writing dependency_links to ../../build/wall_following/wall_following.egg-info/dependency_links.txt
[3.986s] writing entry points to ../../build/wall_following/wall_following.egg-info/entry_points.txt
[3.986s] writing requirements to ../../build/wall_following/wall_following.egg-info/requires.txt
[3.987s] writing top-level names to ../../build/wall_following/wall_following.egg-info/top_level.txt
[4.211s] reading manifest file '../../build/wall_following/wall_following.egg-info/SOURCES.txt'
[4.212s] writing manifest file '../../build/wall_following/wall_following.egg-info/SOURCES.txt'
[4.213s] running build
[4.214s] running build_py
[4.215s] copying wall_following/__init__.py -> /home/f1tenth_ws/build/wall_following/build/lib/wall_following
[4.217s] copying wall_following/wall_following.py -> /home/f1tenth_ws/build/wall_following/build/lib/wall_following
[4.218s] running install
[4.220s] running install_lib
[4.239s] running install_data
[4.240s] copying resource/wall_following -> /home/f1tenth_ws/install/wall_following/share/ament_index/resource_index/packages
[4.241s] copying package.xml -> /home/f1tenth_ws/install/wall_following/share/wall_following
[4.241s] running install_egg_info
[4.259s] removing '/home/f1tenth_ws/install/wall_following/lib/python3.8/site-packages/wall_following-0.0.0-py3.8.egg-info' (and everything under it)
[4.260s] Copying ../../build/wall_following/wall_following.egg-info to /home/f1tenth_ws/install/wall_following/lib/python3.8/site-packages/wall_following-0.0.0-py3.8.egg-info
[4.262s] running install_scripts
[4.325s] Installing wall_following script to /home/f1tenth_ws/install/wall_following/lib/wall_following
[4.327s] writing list of installed files to '/home/f1tenth_ws/build/wall_following/install.log'
[4.368s] Invoked command in '/home/f1tenth_ws/src/wall_following' returned '0': CONDA_PROMPT_MODIFIER=(base) PYTHONPATH=/home/f1tenth_ws/build/wall_following/prefix_override:/usr/lib/python3/dist-packages/colcon_core/task/python/colcon_distutils_commands:/home/f1tenth_ws/install/wall_following/lib/python3.8/site-packages:${PYTHONPATH} _=/usr/bin/env /usr/bin/python3 -W ignore:setup.py install is deprecated setup.py egg_info --egg-base ../../build/wall_following build --build-base /home/f1tenth_ws/build/wall_following/build install --record /home/f1tenth_ws/build/wall_following/install.log --install-scripts $base/lib/wall_following --single-version-externally-managed install_data
