[4.325s] Invoking command in '/home/f1tenth_ws/src/voice_control': CONDA_PROMPT_MODIFIER=(base) PYTHONPATH=/home/f1tenth_ws/build/voice_control/prefix_override:/usr/lib/python3/dist-packages/colcon_core/task/python/colcon_distutils_commands:/home/f1tenth_ws/install/voice_control/lib/python3.8/site-packages:${PYTHONPATH} _=/usr/bin/env /usr/bin/python3 -W ignore:setup.py install is deprecated setup.py egg_info --egg-base ../../build/voice_control build --build-base /home/f1tenth_ws/build/voice_control/build install --record /home/f1tenth_ws/build/voice_control/install.log --install-scripts $base/lib/voice_control --single-version-externally-managed install_data
[4.809s] /usr/local/lib/python3.8/dist-packages/setuptools/dist.py:447: SetuptoolsDeprecationWarning: Invalid dash-separated options
[4.809s] !!
[4.809s] 
[4.810s]         ********************************************************************************
[4.810s]         Usage of dash-separated 'script-dir' will not be supported in future
[4.810s]         versions. Please use the underscore name 'script_dir' instead.
[4.810s] 
[4.810s]         This deprecation is overdue, please update your project and remove deprecated
[4.810s]         calls to avoid build errors in the future.
[4.810s] 
[4.810s]         See https://setuptools.pypa.io/en/latest/userguide/declarative_config.html for details.
[4.810s]         ********************************************************************************
[4.810s] 
[4.810s] !!
[4.811s]   opt = self.warn_dash_deprecation(opt, section)
[4.870s] /usr/local/lib/python3.8/dist-packages/setuptools/_distutils/dist.py:268: UserWarning: Unknown distribution option: 'tests_require'
[4.870s]   warnings.warn(msg)
[5.109s] running egg_info
[5.129s] writing ../../build/voice_control/voice_control.egg-info/PKG-INFO
[5.130s] writing dependency_links to ../../build/voice_control/voice_control.egg-info/dependency_links.txt
[5.131s] writing entry points to ../../build/voice_control/voice_control.egg-info/entry_points.txt
[5.131s] writing requirements to ../../build/voice_control/voice_control.egg-info/requires.txt
[5.132s] writing top-level names to ../../build/voice_control/voice_control.egg-info/top_level.txt
[5.308s] reading manifest file '../../build/voice_control/voice_control.egg-info/SOURCES.txt'
[5.308s] writing manifest file '../../build/voice_control/voice_control.egg-info/SOURCES.txt'
[5.309s] running build
[5.309s] running build_py
[5.309s] copying voice_control/__init__.py -> /home/f1tenth_ws/build/voice_control/build/lib/voice_control
[5.310s] copying voice_control/voice_command_node.py -> /home/f1tenth_ws/build/voice_control/build/lib/voice_control
[5.311s] copying voice_control/to_text.py -> /home/f1tenth_ws/build/voice_control/build/lib/voice_control
[5.311s] running install
[5.313s] running install_lib
[5.336s] running install_data
[5.337s] copying resource/voice_control -> /home/f1tenth_ws/install/voice_control/share/ament_index/resource_index/packages
[5.337s] copying package.xml -> /home/f1tenth_ws/install/voice_control/share/voice_control
[5.338s] running install_egg_info
[5.361s] removing '/home/f1tenth_ws/install/voice_control/lib/python3.8/site-packages/voice_control-0.0.0-py3.8.egg-info' (and everything under it)
[5.362s] Copying ../../build/voice_control/voice_control.egg-info to /home/f1tenth_ws/install/voice_control/lib/python3.8/site-packages/voice_control-0.0.0-py3.8.egg-info
[5.362s] running install_scripts
[5.430s] Installing voice_command_node script to /home/f1tenth_ws/install/voice_control/lib/voice_control
[5.433s] writing list of installed files to '/home/f1tenth_ws/build/voice_control/install.log'
[5.551s] Invoked command in '/home/f1tenth_ws/src/voice_control' returned '0': CONDA_PROMPT_MODIFIER=(base) PYTHONPATH=/home/f1tenth_ws/build/voice_control/prefix_override:/usr/lib/python3/dist-packages/colcon_core/task/python/colcon_distutils_commands:/home/f1tenth_ws/install/voice_control/lib/python3.8/site-packages:${PYTHONPATH} _=/usr/bin/env /usr/bin/python3 -W ignore:setup.py install is deprecated setup.py egg_info --egg-base ../../build/voice_control build --build-base /home/f1tenth_ws/build/voice_control/build install --record /home/f1tenth_ws/build/voice_control/install.log --install-scripts $base/lib/voice_control --single-version-externally-managed install_data
