/usr/local/lib/python3.8/dist-packages/setuptools/_distutils/dist.py:268: UserWarning: Unknown distribution option: 'tests_require'
  warnings.warn(msg)
running egg_info
creating ../../build/camera_nav/camera_nav.egg-info
writing ../../build/camera_nav/camera_nav.egg-info/PKG-INFO
writing dependency_links to ../../build/camera_nav/camera_nav.egg-info/dependency_links.txt
writing entry points to ../../build/camera_nav/camera_nav.egg-info/entry_points.txt
writing requirements to ../../build/camera_nav/camera_nav.egg-info/requires.txt
writing top-level names to ../../build/camera_nav/camera_nav.egg-info/top_level.txt
writing manifest file '../../build/camera_nav/camera_nav.egg-info/SOURCES.txt'
reading manifest file '../../build/camera_nav/camera_nav.egg-info/SOURCES.txt'
writing manifest file '../../build/camera_nav/camera_nav.egg-info/SOURCES.txt'
running build
running build_py
creating /home/f1tenth_ws/build/camera_nav/build
creating /home/f1tenth_ws/build/camera_nav/build/lib
creating /home/f1tenth_ws/build/camera_nav/build/lib/camera_nav
copying camera_nav/camera_nav_node.py -> /home/f1tenth_ws/build/camera_nav/build/lib/camera_nav
copying camera_nav/__init__.py -> /home/f1tenth_ws/build/camera_nav/build/lib/camera_nav
running install
running install_lib
creating /home/f1tenth_ws/install/camera_nav/lib/python3.8/site-packages/camera_nav
copying /home/f1tenth_ws/build/camera_nav/build/lib/camera_nav/camera_nav_node.py -> /home/f1tenth_ws/install/camera_nav/lib/python3.8/site-packages/camera_nav
copying /home/f1tenth_ws/build/camera_nav/build/lib/camera_nav/__init__.py -> /home/f1tenth_ws/install/camera_nav/lib/python3.8/site-packages/camera_nav
byte-compiling /home/f1tenth_ws/install/camera_nav/lib/python3.8/site-packages/camera_nav/camera_nav_node.py to camera_nav_node.cpython-38.pyc
byte-compiling /home/f1tenth_ws/install/camera_nav/lib/python3.8/site-packages/camera_nav/__init__.py to __init__.cpython-38.pyc
running install_data
creating /home/f1tenth_ws/install/camera_nav/share/ament_index
creating /home/f1tenth_ws/install/camera_nav/share/ament_index/resource_index
creating /home/f1tenth_ws/install/camera_nav/share/ament_index/resource_index/packages
copying resource/camera_nav -> /home/f1tenth_ws/install/camera_nav/share/ament_index/resource_index/packages
copying package.xml -> /home/f1tenth_ws/install/camera_nav/share/camera_nav
running install_egg_info
Copying ../../build/camera_nav/camera_nav.egg-info to /home/f1tenth_ws/install/camera_nav/lib/python3.8/site-packages/camera_nav-0.0.0-py3.8.egg-info
running install_scripts
Installing camera_nav script to /home/f1tenth_ws/install/camera_nav/lib/camera_nav
writing list of installed files to '/home/f1tenth_ws/build/camera_nav/install.log'
