[0.352s] Invoking command in '/home/f1tenth_ws/build/ackermann_mux': CMAKE_PREFIX_PATH=${CMAKE_PREFIX_PATH}:/home/f1tenth_ws/install/voice_control:/home/f1tenth_ws/install/f1tenth_stack:/home/f1tenth_ws/install/joy_teleop:/home/f1tenth_ws/install/person_follow:/home/f1tenth_ws/install/mouse_teleop:/home/f1tenth_ws/install/key_teleop:/home/f1tenth_ws/install/joystick_ros2:/home/f1tenth_ws/install/automatic_braking:/home/f1tenth_ws/install/ament_uncrustify:/home/f1tenth_ws/install/ament_pycodestyle:/home/f1tenth_ws/install/ament_package:/home/f1tenth_ws/install/ament_lint:/home/f1tenth_ws/install/ament_cppcheck:/opt/ros/foxy _=/usr/bin/env /usr/bin/cmake --build /home/f1tenth_ws/build/ackermann_mux -- -j8 -l8
[2.228s] [100%] Built target ackermann_mux
[2.254s] Invoked command in '/home/f1tenth_ws/build/ackermann_mux' returned '0': CMAKE_PREFIX_PATH=${CMAKE_PREFIX_PATH}:/home/f1tenth_ws/install/voice_control:/home/f1tenth_ws/install/f1tenth_stack:/home/f1tenth_ws/install/joy_teleop:/home/f1tenth_ws/install/person_follow:/home/f1tenth_ws/install/mouse_teleop:/home/f1tenth_ws/install/key_teleop:/home/f1tenth_ws/install/joystick_ros2:/home/f1tenth_ws/install/automatic_braking:/home/f1tenth_ws/install/ament_uncrustify:/home/f1tenth_ws/install/ament_pycodestyle:/home/f1tenth_ws/install/ament_package:/home/f1tenth_ws/install/ament_lint:/home/f1tenth_ws/install/ament_cppcheck:/opt/ros/foxy _=/usr/bin/env /usr/bin/cmake --build /home/f1tenth_ws/build/ackermann_mux -- -j8 -l8
[2.587s] Invoking command in '/home/f1tenth_ws/build/ackermann_mux': CMAKE_PREFIX_PATH=${CMAKE_PREFIX_PATH}:/home/f1tenth_ws/install/voice_control:/home/f1tenth_ws/install/f1tenth_stack:/home/f1tenth_ws/install/joy_teleop:/home/f1tenth_ws/install/person_follow:/home/f1tenth_ws/install/mouse_teleop:/home/f1tenth_ws/install/key_teleop:/home/f1tenth_ws/install/joystick_ros2:/home/f1tenth_ws/install/automatic_braking:/home/f1tenth_ws/install/ament_uncrustify:/home/f1tenth_ws/install/ament_pycodestyle:/home/f1tenth_ws/install/ament_package:/home/f1tenth_ws/install/ament_lint:/home/f1tenth_ws/install/ament_cppcheck:/opt/ros/foxy _=/usr/bin/env /usr/bin/cmake --install /home/f1tenth_ws/build/ackermann_mux
[2.655s] -- Install configuration: ""
[2.656s] -- Execute custom install script
[2.659s] -- Up-to-date symlink: /home/f1tenth_ws/install/ackermann_mux/lib/ackermann_mux/ackermann_mux
[2.661s] -- Up-to-date symlink: /home/f1tenth_ws/install/ackermann_mux/share/ackermann_mux/launch/ackermann_mux_launch.py
[2.666s] -- Up-to-date symlink: /home/f1tenth_ws/install/ackermann_mux/share/ackermann_mux/config/ackermann_mux_locks.yaml
[2.668s] -- Up-to-date symlink: /home/f1tenth_ws/install/ackermann_mux/share/ackermann_mux/config/ackermann_mux_topics.yaml
[2.668s] -- Up-to-date symlink: /home/f1tenth_ws/install/ackermann_mux/share/ackermann_mux/config/joystick.yaml
[2.669s] -- Up-to-date symlink: /home/f1tenth_ws/install/ackermann_mux/include/ackermann_mux/ackermann_mux.hpp
[2.670s] -- Up-to-date symlink: /home/f1tenth_ws/install/ackermann_mux/include/ackermann_mux/ackermann_mux_diagnostics.hpp
[2.672s] -- Up-to-date symlink: /home/f1tenth_ws/install/ackermann_mux/include/ackermann_mux/ackermann_mux_diagnostics_status.hpp
[2.676s] -- Up-to-date symlink: /home/f1tenth_ws/install/ackermann_mux/include/ackermann_mux/params_helpers.hpp
[2.677s] -- Up-to-date symlink: /home/f1tenth_ws/install/ackermann_mux/include/ackermann_mux/topic_handle.hpp
[2.677s] -- Up-to-date symlink: /home/f1tenth_ws/install/ackermann_mux/include/ackermann_mux/utils.hpp
[2.678s] -- Up-to-date symlink: /home/f1tenth_ws/install/ackermann_mux/share/ament_index/resource_index/package_run_dependencies/ackermann_mux
[2.678s] -- Up-to-date symlink: /home/f1tenth_ws/install/ackermann_mux/share/ament_index/resource_index/parent_prefix_path/ackermann_mux
[2.680s] -- Up-to-date symlink: /home/f1tenth_ws/install/ackermann_mux/share/ackermann_mux/environment/ament_prefix_path.sh
[2.682s] -- Up-to-date symlink: /home/f1tenth_ws/install/ackermann_mux/share/ackermann_mux/environment/ament_prefix_path.dsv
[2.683s] -- Up-to-date symlink: /home/f1tenth_ws/install/ackermann_mux/share/ackermann_mux/environment/path.sh
[2.687s] -- Up-to-date symlink: /home/f1tenth_ws/install/ackermann_mux/share/ackermann_mux/environment/path.dsv
[2.688s] -- Up-to-date symlink: /home/f1tenth_ws/install/ackermann_mux/share/ackermann_mux/local_setup.bash
[2.689s] -- Up-to-date symlink: /home/f1tenth_ws/install/ackermann_mux/share/ackermann_mux/local_setup.sh
[2.689s] -- Up-to-date symlink: /home/f1tenth_ws/install/ackermann_mux/share/ackermann_mux/local_setup.zsh
[2.691s] -- Up-to-date symlink: /home/f1tenth_ws/install/ackermann_mux/share/ackermann_mux/local_setup.dsv
[2.692s] -- Symlinking: /home/f1tenth_ws/install/ackermann_mux/share/ackermann_mux/package.dsv
[2.762s] -- Up-to-date symlink: /home/f1tenth_ws/install/ackermann_mux/share/ament_index/resource_index/packages/ackermann_mux
[2.764s] -- Up-to-date symlink: /home/f1tenth_ws/install/ackermann_mux/share/ackermann_mux/cmake/ament_cmake_export_include_directories-extras.cmake
[2.767s] -- Up-to-date symlink: /home/f1tenth_ws/install/ackermann_mux/share/ackermann_mux/cmake/ament_cmake_export_dependencies-extras.cmake
[2.769s] -- Up-to-date symlink: /home/f1tenth_ws/install/ackermann_mux/share/ackermann_mux/cmake/ackermann_muxConfig.cmake
[2.771s] -- Up-to-date symlink: /home/f1tenth_ws/install/ackermann_mux/share/ackermann_mux/cmake/ackermann_muxConfig-version.cmake
[2.772s] -- Up-to-date symlink: /home/f1tenth_ws/install/ackermann_mux/share/ackermann_mux/package.xml
[2.799s] Invoked command in '/home/f1tenth_ws/build/ackermann_mux' returned '0': CMAKE_PREFIX_PATH=${CMAKE_PREFIX_PATH}:/home/f1tenth_ws/install/voice_control:/home/f1tenth_ws/install/f1tenth_stack:/home/f1tenth_ws/install/joy_teleop:/home/f1tenth_ws/install/person_follow:/home/f1tenth_ws/install/mouse_teleop:/home/f1tenth_ws/install/key_teleop:/home/f1tenth_ws/install/joystick_ros2:/home/f1tenth_ws/install/automatic_braking:/home/f1tenth_ws/install/ament_uncrustify:/home/f1tenth_ws/install/ament_pycodestyle:/home/f1tenth_ws/install/ament_package:/home/f1tenth_ws/install/ament_lint:/home/f1tenth_ws/install/ament_cppcheck:/opt/ros/foxy _=/usr/bin/env /usr/bin/cmake --install /home/f1tenth_ws/build/ackermann_mux
