[3.960s] Invoking command in '/home/f1tenth_ws/src/follow_gap': PYTHONPATH=/home/f1tenth_ws/build/follow_gap/prefix_override:/usr/lib/python3/dist-packages/colcon_core/task/python/colcon_distutils_commands:/home/f1tenth_ws/install/follow_gap/lib/python3.8/site-packages:${PYTHONPATH} _=/usr/bin/env /usr/bin/python3 -W ignore:setup.py install is deprecated setup.py egg_info --egg-base ../../build/follow_gap build --build-base /home/f1tenth_ws/build/follow_gap/build install --record /home/f1tenth_ws/build/follow_gap/install.log --install-scripts $base/lib/follow_gap --single-version-externally-managed install_data
[4.360s] /usr/local/lib/python3.8/dist-packages/setuptools/dist.py:447: SetuptoolsDeprecationWarning: Invalid dash-separated options
[4.361s] !!
[4.361s] 
[4.362s]         ********************************************************************************
[4.362s]         Usage of dash-separated 'script-dir' will not be supported in future
[4.363s]         versions. Please use the underscore name 'script_dir' instead.
[4.364s] 
[4.365s]         By 2024-Sep-26, you need to update your project and remove deprecated calls
[4.366s]         or your builds will no longer be supported.
[4.366s] 
[4.367s]         See https://setuptools.pypa.io/en/latest/userguide/declarative_config.html for details.
[4.367s]         ********************************************************************************
[4.368s] 
[4.369s] !!
[4.370s]   opt = self.warn_dash_deprecation(opt, section)
[4.379s] /usr/local/lib/python3.8/dist-packages/setuptools/_distutils/dist.py:268: UserWarning: Unknown distribution option: 'tests_require'
[4.379s]   warnings.warn(msg)
[4.653s] running egg_info
[4.753s] writing ../../build/follow_gap/follow_gap.egg-info/PKG-INFO
[4.757s] writing dependency_links to ../../build/follow_gap/follow_gap.egg-info/dependency_links.txt
[4.757s] writing entry points to ../../build/follow_gap/follow_gap.egg-info/entry_points.txt
[4.758s] writing requirements to ../../build/follow_gap/follow_gap.egg-info/requires.txt
[4.758s] writing top-level names to ../../build/follow_gap/follow_gap.egg-info/top_level.txt
[5.051s] reading manifest file '../../build/follow_gap/follow_gap.egg-info/SOURCES.txt'
[5.052s] writing manifest file '../../build/follow_gap/follow_gap.egg-info/SOURCES.txt'
[5.053s] running build
[5.060s] running build_py
[5.061s] copying follow_gap/__init__.py -> /home/f1tenth_ws/build/follow_gap/build/lib/follow_gap
[5.062s] copying follow_gap/follow_gap.py -> /home/f1tenth_ws/build/follow_gap/build/lib/follow_gap
[5.063s] running install
[5.064s] running install_lib
[5.085s] running install_data
[5.086s] copying resource/follow_gap -> /home/f1tenth_ws/install/follow_gap/share/ament_index/resource_index/packages
[5.087s] copying package.xml -> /home/f1tenth_ws/install/follow_gap/share/follow_gap
[5.088s] running install_egg_info
[5.106s] removing '/home/f1tenth_ws/install/follow_gap/lib/python3.8/site-packages/follow_gap-0.0.0-py3.8.egg-info' (and everything under it)
[5.107s] Copying ../../build/follow_gap/follow_gap.egg-info to /home/f1tenth_ws/install/follow_gap/lib/python3.8/site-packages/follow_gap-0.0.0-py3.8.egg-info
[5.108s] running install_scripts
[5.158s] Installing follow_gap script to /home/f1tenth_ws/install/follow_gap/lib/follow_gap
[5.159s] writing list of installed files to '/home/f1tenth_ws/build/follow_gap/install.log'
[6.009s] Invoked command in '/home/f1tenth_ws/src/follow_gap' returned '0': PYTHONPATH=/home/f1tenth_ws/build/follow_gap/prefix_override:/usr/lib/python3/dist-packages/colcon_core/task/python/colcon_distutils_commands:/home/f1tenth_ws/install/follow_gap/lib/python3.8/site-packages:${PYTHONPATH} _=/usr/bin/env /usr/bin/python3 -W ignore:setup.py install is deprecated setup.py egg_info --egg-base ../../build/follow_gap build --build-base /home/f1tenth_ws/build/follow_gap/build install --record /home/f1tenth_ws/build/follow_gap/install.log --install-scripts $base/lib/follow_gap --single-version-externally-managed install_data
