[2.760s] Invoking command in '/home/f1tenth_ws/src/voice_control': CONDA_PROMPT_MODIFIER=(base) PYTHONPATH=/home/f1tenth_ws/build/voice_control/prefix_override:/usr/lib/python3/dist-packages/colcon_core/task/python/colcon_distutils_commands:/home/f1tenth_ws/install/voice_control/lib/python3.8/site-packages:${PYTHONPATH} _=/usr/bin/env /usr/bin/python3 -W ignore:setup.py install is deprecated setup.py egg_info --egg-base ../../build/voice_control build --build-base /home/f1tenth_ws/build/voice_control/build install --record /home/f1tenth_ws/build/voice_control/install.log --install-scripts $base/lib/voice_control --single-version-externally-managed install_data
[3.014s] /usr/local/lib/python3.8/dist-packages/setuptools/dist.py:447: SetuptoolsDeprecationWarning: Invalid dash-separated options
[3.015s] !!
[3.016s] 
[3.016s]         ********************************************************************************
[3.017s]         Usage of dash-separated 'script-dir' will not be supported in future
[3.018s]         versions. Please use the underscore name 'script_dir' instead.
[3.019s] 
[3.020s]         This deprecation is overdue, please update your project and remove deprecated
[3.020s]         calls to avoid build errors in the future.
[3.021s] 
[3.021s]         See https://setuptools.pypa.io/en/latest/userguide/declarative_config.html for details.
[3.022s]         ********************************************************************************
[3.022s] 
[3.023s] !!
[3.023s]   opt = self.warn_dash_deprecation(opt, section)
[3.041s] /usr/local/lib/python3.8/dist-packages/setuptools/_distutils/dist.py:268: UserWarning: Unknown distribution option: 'tests_require'
[3.041s]   warnings.warn(msg)
[3.204s] running egg_info
[3.244s] writing ../../build/voice_control/voice_control.egg-info/PKG-INFO
[3.244s] writing dependency_links to ../../build/voice_control/voice_control.egg-info/dependency_links.txt
[3.245s] writing entry points to ../../build/voice_control/voice_control.egg-info/entry_points.txt
[3.245s] writing requirements to ../../build/voice_control/voice_control.egg-info/requires.txt
[3.246s] writing top-level names to ../../build/voice_control/voice_control.egg-info/top_level.txt
[3.422s] reading manifest file '../../build/voice_control/voice_control.egg-info/SOURCES.txt'
[3.423s] writing manifest file '../../build/voice_control/voice_control.egg-info/SOURCES.txt'
[3.424s] running build
[3.424s] running build_py
[3.427s] copying voice_control/__init__.py -> /home/f1tenth_ws/build/voice_control/build/lib/voice_control
[3.428s] copying voice_control/voice_command_node.py -> /home/f1tenth_ws/build/voice_control/build/lib/voice_control
[3.430s] copying voice_control/to_text.py -> /home/f1tenth_ws/build/voice_control/build/lib/voice_control
[3.431s] running install
[3.437s] running install_lib
[3.460s] running install_data
[3.462s] copying resource/voice_control -> /home/f1tenth_ws/install/voice_control/share/ament_index/resource_index/packages
[3.462s] copying package.xml -> /home/f1tenth_ws/install/voice_control/share/voice_control
[3.463s] running install_egg_info
[3.486s] removing '/home/f1tenth_ws/install/voice_control/lib/python3.8/site-packages/voice_control-0.0.0-py3.8.egg-info' (and everything under it)
[3.488s] Copying ../../build/voice_control/voice_control.egg-info to /home/f1tenth_ws/install/voice_control/lib/python3.8/site-packages/voice_control-0.0.0-py3.8.egg-info
[3.490s] running install_scripts
[3.570s] Installing voice_command_node script to /home/f1tenth_ws/install/voice_control/lib/voice_control
[3.571s] writing list of installed files to '/home/f1tenth_ws/build/voice_control/install.log'
[3.610s] Invoked command in '/home/f1tenth_ws/src/voice_control' returned '0': CONDA_PROMPT_MODIFIER=(base) PYTHONPATH=/home/f1tenth_ws/build/voice_control/prefix_override:/usr/lib/python3/dist-packages/colcon_core/task/python/colcon_distutils_commands:/home/f1tenth_ws/install/voice_control/lib/python3.8/site-packages:${PYTHONPATH} _=/usr/bin/env /usr/bin/python3 -W ignore:setup.py install is deprecated setup.py egg_info --egg-base ../../build/voice_control build --build-base /home/f1tenth_ws/build/voice_control/build install --record /home/f1tenth_ws/build/voice_control/install.log --install-scripts $base/lib/voice_control --single-version-externally-managed install_data
