[3.320s] Invoking command in '/home/f1tenth_ws/src/f1tenth_system/teleop_tools/key_teleop': PYTHONPATH=/home/f1tenth_ws/build/key_teleop/prefix_override:/usr/lib/python3/dist-packages/colcon_core/task/python/colcon_distutils_commands:/home/f1tenth_ws/install/key_teleop/lib/python3.8/site-packages:${PYTHONPATH} _=/usr/bin/env /usr/bin/python3 -W ignore:setup.py install is deprecated setup.py egg_info --egg-base ../../../../build/key_teleop build --build-base /home/f1tenth_ws/build/key_teleop/build install --record /home/f1tenth_ws/build/key_teleop/install.log --install-scripts $base/lib/key_teleop --single-version-externally-managed install_data
[4.035s] /usr/local/lib/python3.8/dist-packages/setuptools/dist.py:447: SetuptoolsDeprecationWarning: Invalid dash-separated options
[4.036s] !!
[4.037s] 
[4.037s]         ********************************************************************************
[4.037s]         Usage of dash-separated 'script-dir' will not be supported in future
[4.038s]         versions. Please use the underscore name 'script_dir' instead.
[4.039s] 
[4.039s]         By 2024-Sep-26, you need to update your project and remove deprecated calls
[4.040s]         or your builds will no longer be supported.
[4.040s] 
[4.041s]         See https://setuptools.pypa.io/en/latest/userguide/declarative_config.html for details.
[4.041s]         ********************************************************************************
[4.042s] 
[4.042s] !!
[4.043s]   opt = self.warn_dash_deprecation(opt, section)
[4.060s] /usr/local/lib/python3.8/dist-packages/setuptools/_distutils/dist.py:268: UserWarning: Unknown distribution option: 'tests_require'
[4.061s]   warnings.warn(msg)
[4.231s] running egg_info
[4.267s] writing ../../../../build/key_teleop/key_teleop.egg-info/PKG-INFO
[4.267s] writing dependency_links to ../../../../build/key_teleop/key_teleop.egg-info/dependency_links.txt
[4.268s] writing entry points to ../../../../build/key_teleop/key_teleop.egg-info/entry_points.txt
[4.268s] writing requirements to ../../../../build/key_teleop/key_teleop.egg-info/requires.txt
[4.269s] writing top-level names to ../../../../build/key_teleop/key_teleop.egg-info/top_level.txt
[4.400s] reading manifest file '../../../../build/key_teleop/key_teleop.egg-info/SOURCES.txt'
[4.401s] adding license file 'LICENSE'
[4.401s] writing manifest file '../../../../build/key_teleop/key_teleop.egg-info/SOURCES.txt'
[4.401s] running build
[4.402s] running build_py
[4.402s] copying key_teleop/__init__.py -> /home/f1tenth_ws/build/key_teleop/build/lib/key_teleop
[4.404s] copying key_teleop/key_teleop.py -> /home/f1tenth_ws/build/key_teleop/build/lib/key_teleop
[4.406s] running install
[4.410s] running install_lib
[4.460s] running install_data
[4.461s] copying config/key_teleop.yaml -> /home/f1tenth_ws/install/key_teleop/share/key_teleop/config
[4.461s] running install_egg_info
[4.499s] removing '/home/f1tenth_ws/install/key_teleop/lib/python3.8/site-packages/key_teleop-0.3.0-py3.8.egg-info' (and everything under it)
[4.503s] Copying ../../../../build/key_teleop/key_teleop.egg-info to /home/f1tenth_ws/install/key_teleop/lib/python3.8/site-packages/key_teleop-0.3.0-py3.8.egg-info
[4.524s] running install_scripts
[4.553s] Installing key_teleop script to /home/f1tenth_ws/install/key_teleop/lib/key_teleop
[4.554s] writing list of installed files to '/home/f1tenth_ws/build/key_teleop/install.log'
[4.604s] Invoked command in '/home/f1tenth_ws/src/f1tenth_system/teleop_tools/key_teleop' returned '0': PYTHONPATH=/home/f1tenth_ws/build/key_teleop/prefix_override:/usr/lib/python3/dist-packages/colcon_core/task/python/colcon_distutils_commands:/home/f1tenth_ws/install/key_teleop/lib/python3.8/site-packages:${PYTHONPATH} _=/usr/bin/env /usr/bin/python3 -W ignore:setup.py install is deprecated setup.py egg_info --egg-base ../../../../build/key_teleop build --build-base /home/f1tenth_ws/build/key_teleop/build install --record /home/f1tenth_ws/build/key_teleop/install.log --install-scripts $base/lib/key_teleop --single-version-externally-managed install_data
