[3.858s] Invoking command in '/home/f1tenth_ws/src/f1tenth_system/teleop_tools/key_teleop': PYTHONPATH=/home/f1tenth_ws/build/key_teleop/prefix_override:/usr/lib/python3/dist-packages/colcon_core/task/python/colcon_distutils_commands:/home/f1tenth_ws/install/key_teleop/lib/python3.8/site-packages:${PYTHONPATH} _=/usr/bin/env /usr/bin/python3 -W ignore:setup.py install is deprecated setup.py egg_info --egg-base ../../../../build/key_teleop build --build-base /home/f1tenth_ws/build/key_teleop/build install --record /home/f1tenth_ws/build/key_teleop/install.log --install-scripts $base/lib/key_teleop --single-version-externally-managed install_data
[4.166s] /usr/local/lib/python3.8/dist-packages/setuptools/dist.py:447: SetuptoolsDeprecationWarning: Invalid dash-separated options
[4.167s] !!
[4.168s] 
[4.168s]         ********************************************************************************
[4.169s]         Usage of dash-separated 'script-dir' will not be supported in future
[4.169s]         versions. Please use the underscore name 'script_dir' instead.
[4.170s] 
[4.171s]         By 2024-Sep-26, you need to update your project and remove deprecated calls
[4.171s]         or your builds will no longer be supported.
[4.172s] 
[4.172s]         See https://setuptools.pypa.io/en/latest/userguide/declarative_config.html for details.
[4.173s]         ********************************************************************************
[4.174s] 
[4.174s] !!
[4.175s]   opt = self.warn_dash_deprecation(opt, section)
[4.177s] /usr/local/lib/python3.8/dist-packages/setuptools/_distutils/dist.py:268: UserWarning: Unknown distribution option: 'tests_require'
[4.177s]   warnings.warn(msg)
[4.352s] running egg_info
[4.399s] writing ../../../../build/key_teleop/key_teleop.egg-info/PKG-INFO
[4.399s] writing dependency_links to ../../../../build/key_teleop/key_teleop.egg-info/dependency_links.txt
[4.400s] writing entry points to ../../../../build/key_teleop/key_teleop.egg-info/entry_points.txt
[4.400s] writing requirements to ../../../../build/key_teleop/key_teleop.egg-info/requires.txt
[4.400s] writing top-level names to ../../../../build/key_teleop/key_teleop.egg-info/top_level.txt
[4.808s] reading manifest file '../../../../build/key_teleop/key_teleop.egg-info/SOURCES.txt'
[4.809s] adding license file 'LICENSE'
[4.811s] writing manifest file '../../../../build/key_teleop/key_teleop.egg-info/SOURCES.txt'
[4.811s] running build
[4.812s] running build_py
[4.813s] copying key_teleop/__init__.py -> /home/f1tenth_ws/build/key_teleop/build/lib/key_teleop
[4.814s] copying key_teleop/key_teleop.py -> /home/f1tenth_ws/build/key_teleop/build/lib/key_teleop
[4.815s] running install
[4.820s] running install_lib
[4.911s] running install_data
[4.914s] copying config/key_teleop.yaml -> /home/f1tenth_ws/install/key_teleop/share/key_teleop/config
[4.919s] running install_egg_info
[4.943s] removing '/home/f1tenth_ws/install/key_teleop/lib/python3.8/site-packages/key_teleop-0.3.0-py3.8.egg-info' (and everything under it)
[4.944s] Copying ../../../../build/key_teleop/key_teleop.egg-info to /home/f1tenth_ws/install/key_teleop/lib/python3.8/site-packages/key_teleop-0.3.0-py3.8.egg-info
[4.945s] running install_scripts
[5.032s] Installing key_teleop script to /home/f1tenth_ws/install/key_teleop/lib/key_teleop
[5.034s] writing list of installed files to '/home/f1tenth_ws/build/key_teleop/install.log'
[5.218s] Invoked command in '/home/f1tenth_ws/src/f1tenth_system/teleop_tools/key_teleop' returned '0': PYTHONPATH=/home/f1tenth_ws/build/key_teleop/prefix_override:/usr/lib/python3/dist-packages/colcon_core/task/python/colcon_distutils_commands:/home/f1tenth_ws/install/key_teleop/lib/python3.8/site-packages:${PYTHONPATH} _=/usr/bin/env /usr/bin/python3 -W ignore:setup.py install is deprecated setup.py egg_info --egg-base ../../../../build/key_teleop build --build-base /home/f1tenth_ws/build/key_teleop/build install --record /home/f1tenth_ws/build/key_teleop/install.log --install-scripts $base/lib/key_teleop --single-version-externally-managed install_data
